ARM GAS  C:\Users\KHJTON~1\AppData\Local\Temp\ccL0a94v.s 			page 1


   1              		.syntax unified
   2              		.cpu cortex-m3
   3              		.fpu softvfp
   4              		.eabi_attribute 20, 1
   5              		.eabi_attribute 21, 1
   6              		.eabi_attribute 23, 3
   7              		.eabi_attribute 24, 1
   8              		.eabi_attribute 25, 1
   9              		.eabi_attribute 26, 1
  10              		.eabi_attribute 30, 6
  11              		.eabi_attribute 34, 1
  12              		.eabi_attribute 18, 4
  13              		.thumb
  14              		.file	"button_sw2.c"
  15              		.text
  16              	.Ltext0:
  17              		.cfi_sections	.debug_frame
  18              		.section	.text.button_sw2_Write,"ax",%progbits
  19              		.align	2
  20              		.global	button_sw2_Write
  21              		.thumb
  22              		.thumb_func
  23              		.type	button_sw2_Write, %function
  24              	button_sw2_Write:
  25              	.LFB0:
  26              		.file 1 ".\\Generated_Source\\PSoC5\\button_sw2.c"
   1:.\Generated_Source\PSoC5/button_sw2.c **** /*******************************************************************************
   2:.\Generated_Source\PSoC5/button_sw2.c **** * File Name: button_sw2.c  
   3:.\Generated_Source\PSoC5/button_sw2.c **** * Version 2.10
   4:.\Generated_Source\PSoC5/button_sw2.c **** *
   5:.\Generated_Source\PSoC5/button_sw2.c **** * Description:
   6:.\Generated_Source\PSoC5/button_sw2.c **** *  This file contains API to enable firmware control of a Pins component.
   7:.\Generated_Source\PSoC5/button_sw2.c **** *
   8:.\Generated_Source\PSoC5/button_sw2.c **** * Note:
   9:.\Generated_Source\PSoC5/button_sw2.c **** *
  10:.\Generated_Source\PSoC5/button_sw2.c **** ********************************************************************************
  11:.\Generated_Source\PSoC5/button_sw2.c **** * Copyright 2008-2014, Cypress Semiconductor Corporation.  All rights reserved.
  12:.\Generated_Source\PSoC5/button_sw2.c **** * You may use this file only in accordance with the license, terms, conditions, 
  13:.\Generated_Source\PSoC5/button_sw2.c **** * disclaimers, and limitations in the end user license agreement accompanying 
  14:.\Generated_Source\PSoC5/button_sw2.c **** * the software package with which this file was provided.
  15:.\Generated_Source\PSoC5/button_sw2.c **** *******************************************************************************/
  16:.\Generated_Source\PSoC5/button_sw2.c **** 
  17:.\Generated_Source\PSoC5/button_sw2.c **** #include "cytypes.h"
  18:.\Generated_Source\PSoC5/button_sw2.c **** #include "button_sw2.h"
  19:.\Generated_Source\PSoC5/button_sw2.c **** 
  20:.\Generated_Source\PSoC5/button_sw2.c **** /* APIs are not generated for P15[7:6] on PSoC 5 */
  21:.\Generated_Source\PSoC5/button_sw2.c **** #if !(CY_PSOC5A &&\
  22:.\Generated_Source\PSoC5/button_sw2.c **** 	 button_sw2__PORT == 15 && ((button_sw2__MASK & 0xC0) != 0))
  23:.\Generated_Source\PSoC5/button_sw2.c **** 
  24:.\Generated_Source\PSoC5/button_sw2.c **** 
  25:.\Generated_Source\PSoC5/button_sw2.c **** /*******************************************************************************
  26:.\Generated_Source\PSoC5/button_sw2.c **** * Function Name: button_sw2_Write
  27:.\Generated_Source\PSoC5/button_sw2.c **** ********************************************************************************
  28:.\Generated_Source\PSoC5/button_sw2.c **** *
  29:.\Generated_Source\PSoC5/button_sw2.c **** * Summary:
  30:.\Generated_Source\PSoC5/button_sw2.c **** *  Assign a new value to the digital port's data output register.  
  31:.\Generated_Source\PSoC5/button_sw2.c **** *
ARM GAS  C:\Users\KHJTON~1\AppData\Local\Temp\ccL0a94v.s 			page 2


  32:.\Generated_Source\PSoC5/button_sw2.c **** * Parameters:  
  33:.\Generated_Source\PSoC5/button_sw2.c **** *  prtValue:  The value to be assigned to the Digital Port. 
  34:.\Generated_Source\PSoC5/button_sw2.c **** *
  35:.\Generated_Source\PSoC5/button_sw2.c **** * Return: 
  36:.\Generated_Source\PSoC5/button_sw2.c **** *  None
  37:.\Generated_Source\PSoC5/button_sw2.c **** *  
  38:.\Generated_Source\PSoC5/button_sw2.c **** *******************************************************************************/
  39:.\Generated_Source\PSoC5/button_sw2.c **** void button_sw2_Write(uint8 value) 
  40:.\Generated_Source\PSoC5/button_sw2.c **** {
  27              		.loc 1 40 0
  28              		.cfi_startproc
  29              		@ args = 0, pretend = 0, frame = 16
  30              		@ frame_needed = 1, uses_anonymous_args = 0
  31              		@ link register save eliminated.
  32 0000 80B4     		push	{r7}
  33              		.cfi_def_cfa_offset 4
  34              		.cfi_offset 7, -4
  35 0002 85B0     		sub	sp, sp, #20
  36              		.cfi_def_cfa_offset 24
  37 0004 00AF     		add	r7, sp, #0
  38              		.cfi_def_cfa_register 7
  39 0006 0346     		mov	r3, r0
  40 0008 FB71     		strb	r3, [r7, #7]
  41:.\Generated_Source\PSoC5/button_sw2.c ****     uint8 staticBits = (button_sw2_DR & (uint8)(~button_sw2_MASK));
  41              		.loc 1 41 0
  42 000a 0B4B     		ldr	r3, .L2
  43 000c 1B78     		ldrb	r3, [r3]
  44 000e DBB2     		uxtb	r3, r3
  45 0010 23F02003 		bic	r3, r3, #32
  46 0014 FB73     		strb	r3, [r7, #15]
  42:.\Generated_Source\PSoC5/button_sw2.c ****     button_sw2_DR = staticBits | ((uint8)(value << button_sw2_SHIFT) & button_sw2_MASK);
  47              		.loc 1 42 0
  48 0016 084B     		ldr	r3, .L2
  49 0018 FA79     		ldrb	r2, [r7, #7]
  50 001a 5201     		lsls	r2, r2, #5
  51 001c D2B2     		uxtb	r2, r2
  52 001e 02F02002 		and	r2, r2, #32
  53 0022 D1B2     		uxtb	r1, r2
  54 0024 FA7B     		ldrb	r2, [r7, #15]
  55 0026 0A43     		orrs	r2, r2, r1
  56 0028 D2B2     		uxtb	r2, r2
  57 002a 1A70     		strb	r2, [r3]
  43:.\Generated_Source\PSoC5/button_sw2.c **** }
  58              		.loc 1 43 0
  59 002c 1437     		adds	r7, r7, #20
  60 002e BD46     		mov	sp, r7
  61              		@ sp needed
  62 0030 5DF8047B 		ldr	r7, [sp], #4
  63 0034 7047     		bx	lr
  64              	.L3:
  65 0036 00BF     		.align	2
  66              	.L2:
  67 0038 F0510040 		.word	1073762800
  68              		.cfi_endproc
  69              	.LFE0:
  70              		.size	button_sw2_Write, .-button_sw2_Write
  71              		.section	.text.button_sw2_SetDriveMode,"ax",%progbits
ARM GAS  C:\Users\KHJTON~1\AppData\Local\Temp\ccL0a94v.s 			page 3


  72              		.align	2
  73              		.global	button_sw2_SetDriveMode
  74              		.thumb
  75              		.thumb_func
  76              		.type	button_sw2_SetDriveMode, %function
  77              	button_sw2_SetDriveMode:
  78              	.LFB1:
  44:.\Generated_Source\PSoC5/button_sw2.c **** 
  45:.\Generated_Source\PSoC5/button_sw2.c **** 
  46:.\Generated_Source\PSoC5/button_sw2.c **** /*******************************************************************************
  47:.\Generated_Source\PSoC5/button_sw2.c **** * Function Name: button_sw2_SetDriveMode
  48:.\Generated_Source\PSoC5/button_sw2.c **** ********************************************************************************
  49:.\Generated_Source\PSoC5/button_sw2.c **** *
  50:.\Generated_Source\PSoC5/button_sw2.c **** * Summary:
  51:.\Generated_Source\PSoC5/button_sw2.c **** *  Change the drive mode on the pins of the port.
  52:.\Generated_Source\PSoC5/button_sw2.c **** * 
  53:.\Generated_Source\PSoC5/button_sw2.c **** * Parameters:  
  54:.\Generated_Source\PSoC5/button_sw2.c **** *  mode:  Change the pins to one of the following drive modes.
  55:.\Generated_Source\PSoC5/button_sw2.c **** *
  56:.\Generated_Source\PSoC5/button_sw2.c **** *  button_sw2_DM_STRONG     Strong Drive 
  57:.\Generated_Source\PSoC5/button_sw2.c **** *  button_sw2_DM_OD_HI      Open Drain, Drives High 
  58:.\Generated_Source\PSoC5/button_sw2.c **** *  button_sw2_DM_OD_LO      Open Drain, Drives Low 
  59:.\Generated_Source\PSoC5/button_sw2.c **** *  button_sw2_DM_RES_UP     Resistive Pull Up 
  60:.\Generated_Source\PSoC5/button_sw2.c **** *  button_sw2_DM_RES_DWN    Resistive Pull Down 
  61:.\Generated_Source\PSoC5/button_sw2.c **** *  button_sw2_DM_RES_UPDWN  Resistive Pull Up/Down 
  62:.\Generated_Source\PSoC5/button_sw2.c **** *  button_sw2_DM_DIG_HIZ    High Impedance Digital 
  63:.\Generated_Source\PSoC5/button_sw2.c **** *  button_sw2_DM_ALG_HIZ    High Impedance Analog 
  64:.\Generated_Source\PSoC5/button_sw2.c **** *
  65:.\Generated_Source\PSoC5/button_sw2.c **** * Return: 
  66:.\Generated_Source\PSoC5/button_sw2.c **** *  None
  67:.\Generated_Source\PSoC5/button_sw2.c **** *
  68:.\Generated_Source\PSoC5/button_sw2.c **** *******************************************************************************/
  69:.\Generated_Source\PSoC5/button_sw2.c **** void button_sw2_SetDriveMode(uint8 mode) 
  70:.\Generated_Source\PSoC5/button_sw2.c **** {
  79              		.loc 1 70 0
  80              		.cfi_startproc
  81              		@ args = 0, pretend = 0, frame = 8
  82              		@ frame_needed = 1, uses_anonymous_args = 0
  83              		@ link register save eliminated.
  84 0000 80B4     		push	{r7}
  85              		.cfi_def_cfa_offset 4
  86              		.cfi_offset 7, -4
  87 0002 83B0     		sub	sp, sp, #12
  88              		.cfi_def_cfa_offset 16
  89 0004 00AF     		add	r7, sp, #0
  90              		.cfi_def_cfa_register 7
  91 0006 0346     		mov	r3, r0
  92 0008 FB71     		strb	r3, [r7, #7]
  71:.\Generated_Source\PSoC5/button_sw2.c **** 	CyPins_SetPinDriveMode(button_sw2_0, mode);
  93              		.loc 1 71 0
  94 000a 0A4B     		ldr	r3, .L5
  95 000c 094A     		ldr	r2, .L5
  96 000e 1278     		ldrb	r2, [r2]
  97 0010 D2B2     		uxtb	r2, r2
  98 0012 D2B2     		uxtb	r2, r2
  99 0014 22F00E02 		bic	r2, r2, #14
 100 0018 D1B2     		uxtb	r1, r2
ARM GAS  C:\Users\KHJTON~1\AppData\Local\Temp\ccL0a94v.s 			page 4


 101 001a FA79     		ldrb	r2, [r7, #7]	@ zero_extendqisi2
 102 001c 02F00E02 		and	r2, r2, #14
 103 0020 D2B2     		uxtb	r2, r2
 104 0022 0A43     		orrs	r2, r2, r1
 105 0024 D2B2     		uxtb	r2, r2
 106 0026 D2B2     		uxtb	r2, r2
 107 0028 1A70     		strb	r2, [r3]
  72:.\Generated_Source\PSoC5/button_sw2.c **** }
 108              		.loc 1 72 0
 109 002a 0C37     		adds	r7, r7, #12
 110 002c BD46     		mov	sp, r7
 111              		@ sp needed
 112 002e 5DF8047B 		ldr	r7, [sp], #4
 113 0032 7047     		bx	lr
 114              	.L6:
 115              		.align	2
 116              	.L5:
 117 0034 7D500040 		.word	1073762429
 118              		.cfi_endproc
 119              	.LFE1:
 120              		.size	button_sw2_SetDriveMode, .-button_sw2_SetDriveMode
 121              		.section	.text.button_sw2_Read,"ax",%progbits
 122              		.align	2
 123              		.global	button_sw2_Read
 124              		.thumb
 125              		.thumb_func
 126              		.type	button_sw2_Read, %function
 127              	button_sw2_Read:
 128              	.LFB2:
  73:.\Generated_Source\PSoC5/button_sw2.c **** 
  74:.\Generated_Source\PSoC5/button_sw2.c **** 
  75:.\Generated_Source\PSoC5/button_sw2.c **** /*******************************************************************************
  76:.\Generated_Source\PSoC5/button_sw2.c **** * Function Name: button_sw2_Read
  77:.\Generated_Source\PSoC5/button_sw2.c **** ********************************************************************************
  78:.\Generated_Source\PSoC5/button_sw2.c **** *
  79:.\Generated_Source\PSoC5/button_sw2.c **** * Summary:
  80:.\Generated_Source\PSoC5/button_sw2.c **** *  Read the current value on the pins of the Digital Port in right justified 
  81:.\Generated_Source\PSoC5/button_sw2.c **** *  form.
  82:.\Generated_Source\PSoC5/button_sw2.c **** *
  83:.\Generated_Source\PSoC5/button_sw2.c **** * Parameters:  
  84:.\Generated_Source\PSoC5/button_sw2.c **** *  None
  85:.\Generated_Source\PSoC5/button_sw2.c **** *
  86:.\Generated_Source\PSoC5/button_sw2.c **** * Return: 
  87:.\Generated_Source\PSoC5/button_sw2.c **** *  Returns the current value of the Digital Port as a right justified number
  88:.\Generated_Source\PSoC5/button_sw2.c **** *  
  89:.\Generated_Source\PSoC5/button_sw2.c **** * Note:
  90:.\Generated_Source\PSoC5/button_sw2.c **** *  Macro button_sw2_ReadPS calls this function. 
  91:.\Generated_Source\PSoC5/button_sw2.c **** *  
  92:.\Generated_Source\PSoC5/button_sw2.c **** *******************************************************************************/
  93:.\Generated_Source\PSoC5/button_sw2.c **** uint8 button_sw2_Read(void) 
  94:.\Generated_Source\PSoC5/button_sw2.c **** {
 129              		.loc 1 94 0
 130              		.cfi_startproc
 131              		@ args = 0, pretend = 0, frame = 0
 132              		@ frame_needed = 1, uses_anonymous_args = 0
 133              		@ link register save eliminated.
 134 0000 80B4     		push	{r7}
ARM GAS  C:\Users\KHJTON~1\AppData\Local\Temp\ccL0a94v.s 			page 5


 135              		.cfi_def_cfa_offset 4
 136              		.cfi_offset 7, -4
 137 0002 00AF     		add	r7, sp, #0
 138              		.cfi_def_cfa_register 7
  95:.\Generated_Source\PSoC5/button_sw2.c ****     return (button_sw2_PS & button_sw2_MASK) >> button_sw2_SHIFT;
 139              		.loc 1 95 0
 140 0004 054B     		ldr	r3, .L9
 141 0006 1B78     		ldrb	r3, [r3]
 142 0008 DBB2     		uxtb	r3, r3
 143 000a 03F02003 		and	r3, r3, #32
 144 000e 5B09     		lsrs	r3, r3, #5
 145 0010 DBB2     		uxtb	r3, r3
  96:.\Generated_Source\PSoC5/button_sw2.c **** }
 146              		.loc 1 96 0
 147 0012 1846     		mov	r0, r3
 148 0014 BD46     		mov	sp, r7
 149              		@ sp needed
 150 0016 5DF8047B 		ldr	r7, [sp], #4
 151 001a 7047     		bx	lr
 152              	.L10:
 153              		.align	2
 154              	.L9:
 155 001c F1510040 		.word	1073762801
 156              		.cfi_endproc
 157              	.LFE2:
 158              		.size	button_sw2_Read, .-button_sw2_Read
 159              		.section	.text.button_sw2_ReadDataReg,"ax",%progbits
 160              		.align	2
 161              		.global	button_sw2_ReadDataReg
 162              		.thumb
 163              		.thumb_func
 164              		.type	button_sw2_ReadDataReg, %function
 165              	button_sw2_ReadDataReg:
 166              	.LFB3:
  97:.\Generated_Source\PSoC5/button_sw2.c **** 
  98:.\Generated_Source\PSoC5/button_sw2.c **** 
  99:.\Generated_Source\PSoC5/button_sw2.c **** /*******************************************************************************
 100:.\Generated_Source\PSoC5/button_sw2.c **** * Function Name: button_sw2_ReadDataReg
 101:.\Generated_Source\PSoC5/button_sw2.c **** ********************************************************************************
 102:.\Generated_Source\PSoC5/button_sw2.c **** *
 103:.\Generated_Source\PSoC5/button_sw2.c **** * Summary:
 104:.\Generated_Source\PSoC5/button_sw2.c **** *  Read the current value assigned to a Digital Port's data output register
 105:.\Generated_Source\PSoC5/button_sw2.c **** *
 106:.\Generated_Source\PSoC5/button_sw2.c **** * Parameters:  
 107:.\Generated_Source\PSoC5/button_sw2.c **** *  None 
 108:.\Generated_Source\PSoC5/button_sw2.c **** *
 109:.\Generated_Source\PSoC5/button_sw2.c **** * Return: 
 110:.\Generated_Source\PSoC5/button_sw2.c **** *  Returns the current value assigned to the Digital Port's data output register
 111:.\Generated_Source\PSoC5/button_sw2.c **** *  
 112:.\Generated_Source\PSoC5/button_sw2.c **** *******************************************************************************/
 113:.\Generated_Source\PSoC5/button_sw2.c **** uint8 button_sw2_ReadDataReg(void) 
 114:.\Generated_Source\PSoC5/button_sw2.c **** {
 167              		.loc 1 114 0
 168              		.cfi_startproc
 169              		@ args = 0, pretend = 0, frame = 0
 170              		@ frame_needed = 1, uses_anonymous_args = 0
 171              		@ link register save eliminated.
ARM GAS  C:\Users\KHJTON~1\AppData\Local\Temp\ccL0a94v.s 			page 6


 172 0000 80B4     		push	{r7}
 173              		.cfi_def_cfa_offset 4
 174              		.cfi_offset 7, -4
 175 0002 00AF     		add	r7, sp, #0
 176              		.cfi_def_cfa_register 7
 115:.\Generated_Source\PSoC5/button_sw2.c ****     return (button_sw2_DR & button_sw2_MASK) >> button_sw2_SHIFT;
 177              		.loc 1 115 0
 178 0004 054B     		ldr	r3, .L13
 179 0006 1B78     		ldrb	r3, [r3]
 180 0008 DBB2     		uxtb	r3, r3
 181 000a 03F02003 		and	r3, r3, #32
 182 000e 5B09     		lsrs	r3, r3, #5
 183 0010 DBB2     		uxtb	r3, r3
 116:.\Generated_Source\PSoC5/button_sw2.c **** }
 184              		.loc 1 116 0
 185 0012 1846     		mov	r0, r3
 186 0014 BD46     		mov	sp, r7
 187              		@ sp needed
 188 0016 5DF8047B 		ldr	r7, [sp], #4
 189 001a 7047     		bx	lr
 190              	.L14:
 191              		.align	2
 192              	.L13:
 193 001c F0510040 		.word	1073762800
 194              		.cfi_endproc
 195              	.LFE3:
 196              		.size	button_sw2_ReadDataReg, .-button_sw2_ReadDataReg
 197              		.section	.text.button_sw2_ClearInterrupt,"ax",%progbits
 198              		.align	2
 199              		.global	button_sw2_ClearInterrupt
 200              		.thumb
 201              		.thumb_func
 202              		.type	button_sw2_ClearInterrupt, %function
 203              	button_sw2_ClearInterrupt:
 204              	.LFB4:
 117:.\Generated_Source\PSoC5/button_sw2.c **** 
 118:.\Generated_Source\PSoC5/button_sw2.c **** 
 119:.\Generated_Source\PSoC5/button_sw2.c **** /* If Interrupts Are Enabled for this Pins component */ 
 120:.\Generated_Source\PSoC5/button_sw2.c **** #if defined(button_sw2_INTSTAT) 
 121:.\Generated_Source\PSoC5/button_sw2.c **** 
 122:.\Generated_Source\PSoC5/button_sw2.c ****     /*******************************************************************************
 123:.\Generated_Source\PSoC5/button_sw2.c ****     * Function Name: button_sw2_ClearInterrupt
 124:.\Generated_Source\PSoC5/button_sw2.c ****     ********************************************************************************
 125:.\Generated_Source\PSoC5/button_sw2.c ****     * Summary:
 126:.\Generated_Source\PSoC5/button_sw2.c ****     *  Clears any active interrupts attached to port and returns the value of the 
 127:.\Generated_Source\PSoC5/button_sw2.c ****     *  interrupt status register.
 128:.\Generated_Source\PSoC5/button_sw2.c ****     *
 129:.\Generated_Source\PSoC5/button_sw2.c ****     * Parameters:  
 130:.\Generated_Source\PSoC5/button_sw2.c ****     *  None 
 131:.\Generated_Source\PSoC5/button_sw2.c ****     *
 132:.\Generated_Source\PSoC5/button_sw2.c ****     * Return: 
 133:.\Generated_Source\PSoC5/button_sw2.c ****     *  Returns the value of the interrupt status register
 134:.\Generated_Source\PSoC5/button_sw2.c ****     *  
 135:.\Generated_Source\PSoC5/button_sw2.c ****     *******************************************************************************/
 136:.\Generated_Source\PSoC5/button_sw2.c ****     uint8 button_sw2_ClearInterrupt(void) 
 137:.\Generated_Source\PSoC5/button_sw2.c ****     {
 205              		.loc 1 137 0
ARM GAS  C:\Users\KHJTON~1\AppData\Local\Temp\ccL0a94v.s 			page 7


 206              		.cfi_startproc
 207              		@ args = 0, pretend = 0, frame = 0
 208              		@ frame_needed = 1, uses_anonymous_args = 0
 209              		@ link register save eliminated.
 210 0000 80B4     		push	{r7}
 211              		.cfi_def_cfa_offset 4
 212              		.cfi_offset 7, -4
 213 0002 00AF     		add	r7, sp, #0
 214              		.cfi_def_cfa_register 7
 138:.\Generated_Source\PSoC5/button_sw2.c ****         return (button_sw2_INTSTAT & button_sw2_MASK) >> button_sw2_SHIFT;
 215              		.loc 1 138 0
 216 0004 054B     		ldr	r3, .L17
 217 0006 1B78     		ldrb	r3, [r3]
 218 0008 DBB2     		uxtb	r3, r3
 219 000a 03F02003 		and	r3, r3, #32
 220 000e 5B09     		lsrs	r3, r3, #5
 221 0010 DBB2     		uxtb	r3, r3
 139:.\Generated_Source\PSoC5/button_sw2.c ****     }
 222              		.loc 1 139 0
 223 0012 1846     		mov	r0, r3
 224 0014 BD46     		mov	sp, r7
 225              		@ sp needed
 226 0016 5DF8047B 		ldr	r7, [sp], #4
 227 001a 7047     		bx	lr
 228              	.L18:
 229              		.align	2
 230              	.L17:
 231 001c 8F450040 		.word	1073759631
 232              		.cfi_endproc
 233              	.LFE4:
 234              		.size	button_sw2_ClearInterrupt, .-button_sw2_ClearInterrupt
 235              		.text
 236              	.Letext0:
 237              		.file 2 ".\\Generated_Source\\PSoC5\\cytypes.h"
 238              		.section	.debug_info,"",%progbits
 239              	.Ldebug_info0:
 240 0000 2E010000 		.4byte	0x12e
 241 0004 0400     		.2byte	0x4
 242 0006 00000000 		.4byte	.Ldebug_abbrev0
 243 000a 04       		.byte	0x4
 244 000b 01       		.uleb128 0x1
 245 000c F2000000 		.4byte	.LASF21
 246 0010 01       		.byte	0x1
 247 0011 00000000 		.4byte	.LASF22
 248 0015 C3010000 		.4byte	.LASF23
 249 0019 00000000 		.4byte	.Ldebug_ranges0+0
 250 001d 00000000 		.4byte	0
 251 0021 00000000 		.4byte	.Ldebug_line0
 252 0025 02       		.uleb128 0x2
 253 0026 01       		.byte	0x1
 254 0027 06       		.byte	0x6
 255 0028 57000000 		.4byte	.LASF0
 256 002c 02       		.uleb128 0x2
 257 002d 01       		.byte	0x1
 258 002e 08       		.byte	0x8
 259 002f 73000000 		.4byte	.LASF1
 260 0033 02       		.uleb128 0x2
ARM GAS  C:\Users\KHJTON~1\AppData\Local\Temp\ccL0a94v.s 			page 8


 261 0034 02       		.byte	0x2
 262 0035 05       		.byte	0x5
 263 0036 81010000 		.4byte	.LASF2
 264 003a 02       		.uleb128 0x2
 265 003b 02       		.byte	0x2
 266 003c 07       		.byte	0x7
 267 003d 98000000 		.4byte	.LASF3
 268 0041 02       		.uleb128 0x2
 269 0042 04       		.byte	0x4
 270 0043 05       		.byte	0x5
 271 0044 BA010000 		.4byte	.LASF4
 272 0048 02       		.uleb128 0x2
 273 0049 04       		.byte	0x4
 274 004a 07       		.byte	0x7
 275 004b 86000000 		.4byte	.LASF5
 276 004f 02       		.uleb128 0x2
 277 0050 08       		.byte	0x8
 278 0051 05       		.byte	0x5
 279 0052 6E010000 		.4byte	.LASF6
 280 0056 02       		.uleb128 0x2
 281 0057 08       		.byte	0x8
 282 0058 07       		.byte	0x7
 283 0059 D6000000 		.4byte	.LASF7
 284 005d 03       		.uleb128 0x3
 285 005e 04       		.byte	0x4
 286 005f 05       		.byte	0x5
 287 0060 696E7400 		.ascii	"int\000"
 288 0064 02       		.uleb128 0x2
 289 0065 04       		.byte	0x4
 290 0066 07       		.byte	0x7
 291 0067 C9000000 		.4byte	.LASF8
 292 006b 04       		.uleb128 0x4
 293 006c 8B010000 		.4byte	.LASF12
 294 0070 02       		.byte	0x2
 295 0071 A1       		.byte	0xa1
 296 0072 2C000000 		.4byte	0x2c
 297 0076 02       		.uleb128 0x2
 298 0077 04       		.byte	0x4
 299 0078 04       		.byte	0x4
 300 0079 51000000 		.4byte	.LASF9
 301 007d 02       		.uleb128 0x2
 302 007e 08       		.byte	0x8
 303 007f 04       		.byte	0x4
 304 0080 C2000000 		.4byte	.LASF10
 305 0084 02       		.uleb128 0x2
 306 0085 01       		.byte	0x1
 307 0086 08       		.byte	0x8
 308 0087 7C010000 		.4byte	.LASF11
 309 008b 05       		.uleb128 0x5
 310 008c 81000000 		.4byte	.LASF13
 311 0090 02       		.byte	0x2
 312 0091 4B01     		.2byte	0x14b
 313 0093 97000000 		.4byte	0x97
 314 0097 06       		.uleb128 0x6
 315 0098 6B000000 		.4byte	0x6b
 316 009c 07       		.uleb128 0x7
 317 009d 91010000 		.4byte	.LASF14
ARM GAS  C:\Users\KHJTON~1\AppData\Local\Temp\ccL0a94v.s 			page 9


 318 00a1 01       		.byte	0x1
 319 00a2 27       		.byte	0x27
 320 00a3 00000000 		.4byte	.LFB0
 321 00a7 3C000000 		.4byte	.LFE0-.LFB0
 322 00ab 01       		.uleb128 0x1
 323 00ac 9C       		.byte	0x9c
 324 00ad CE000000 		.4byte	0xce
 325 00b1 08       		.uleb128 0x8
 326 00b2 40000000 		.4byte	.LASF16
 327 00b6 01       		.byte	0x1
 328 00b7 27       		.byte	0x27
 329 00b8 6B000000 		.4byte	0x6b
 330 00bc 02       		.uleb128 0x2
 331 00bd 91       		.byte	0x91
 332 00be 6F       		.sleb128 -17
 333 00bf 09       		.uleb128 0x9
 334 00c0 46000000 		.4byte	.LASF24
 335 00c4 01       		.byte	0x1
 336 00c5 29       		.byte	0x29
 337 00c6 6B000000 		.4byte	0x6b
 338 00ca 02       		.uleb128 0x2
 339 00cb 91       		.byte	0x91
 340 00cc 77       		.sleb128 -9
 341 00cd 00       		.byte	0
 342 00ce 07       		.uleb128 0x7
 343 00cf A2010000 		.4byte	.LASF15
 344 00d3 01       		.byte	0x1
 345 00d4 45       		.byte	0x45
 346 00d5 00000000 		.4byte	.LFB1
 347 00d9 38000000 		.4byte	.LFE1-.LFB1
 348 00dd 01       		.uleb128 0x1
 349 00de 9C       		.byte	0x9c
 350 00df F2000000 		.4byte	0xf2
 351 00e3 08       		.uleb128 0x8
 352 00e4 ED000000 		.4byte	.LASF17
 353 00e8 01       		.byte	0x1
 354 00e9 45       		.byte	0x45
 355 00ea 6B000000 		.4byte	0x6b
 356 00ee 02       		.uleb128 0x2
 357 00ef 91       		.byte	0x91
 358 00f0 77       		.sleb128 -9
 359 00f1 00       		.byte	0
 360 00f2 0A       		.uleb128 0xa
 361 00f3 63000000 		.4byte	.LASF18
 362 00f7 01       		.byte	0x1
 363 00f8 5D       		.byte	0x5d
 364 00f9 6B000000 		.4byte	0x6b
 365 00fd 00000000 		.4byte	.LFB2
 366 0101 20000000 		.4byte	.LFE2-.LFB2
 367 0105 01       		.uleb128 0x1
 368 0106 9C       		.byte	0x9c
 369 0107 0A       		.uleb128 0xa
 370 0108 AB000000 		.4byte	.LASF19
 371 010c 01       		.byte	0x1
 372 010d 71       		.byte	0x71
 373 010e 6B000000 		.4byte	0x6b
 374 0112 00000000 		.4byte	.LFB3
ARM GAS  C:\Users\KHJTON~1\AppData\Local\Temp\ccL0a94v.s 			page 10


 375 0116 20000000 		.4byte	.LFE3-.LFB3
 376 011a 01       		.uleb128 0x1
 377 011b 9C       		.byte	0x9c
 378 011c 0A       		.uleb128 0xa
 379 011d 26000000 		.4byte	.LASF20
 380 0121 01       		.byte	0x1
 381 0122 88       		.byte	0x88
 382 0123 6B000000 		.4byte	0x6b
 383 0127 00000000 		.4byte	.LFB4
 384 012b 20000000 		.4byte	.LFE4-.LFB4
 385 012f 01       		.uleb128 0x1
 386 0130 9C       		.byte	0x9c
 387 0131 00       		.byte	0
 388              		.section	.debug_abbrev,"",%progbits
 389              	.Ldebug_abbrev0:
 390 0000 01       		.uleb128 0x1
 391 0001 11       		.uleb128 0x11
 392 0002 01       		.byte	0x1
 393 0003 25       		.uleb128 0x25
 394 0004 0E       		.uleb128 0xe
 395 0005 13       		.uleb128 0x13
 396 0006 0B       		.uleb128 0xb
 397 0007 03       		.uleb128 0x3
 398 0008 0E       		.uleb128 0xe
 399 0009 1B       		.uleb128 0x1b
 400 000a 0E       		.uleb128 0xe
 401 000b 55       		.uleb128 0x55
 402 000c 17       		.uleb128 0x17
 403 000d 11       		.uleb128 0x11
 404 000e 01       		.uleb128 0x1
 405 000f 10       		.uleb128 0x10
 406 0010 17       		.uleb128 0x17
 407 0011 00       		.byte	0
 408 0012 00       		.byte	0
 409 0013 02       		.uleb128 0x2
 410 0014 24       		.uleb128 0x24
 411 0015 00       		.byte	0
 412 0016 0B       		.uleb128 0xb
 413 0017 0B       		.uleb128 0xb
 414 0018 3E       		.uleb128 0x3e
 415 0019 0B       		.uleb128 0xb
 416 001a 03       		.uleb128 0x3
 417 001b 0E       		.uleb128 0xe
 418 001c 00       		.byte	0
 419 001d 00       		.byte	0
 420 001e 03       		.uleb128 0x3
 421 001f 24       		.uleb128 0x24
 422 0020 00       		.byte	0
 423 0021 0B       		.uleb128 0xb
 424 0022 0B       		.uleb128 0xb
 425 0023 3E       		.uleb128 0x3e
 426 0024 0B       		.uleb128 0xb
 427 0025 03       		.uleb128 0x3
 428 0026 08       		.uleb128 0x8
 429 0027 00       		.byte	0
 430 0028 00       		.byte	0
 431 0029 04       		.uleb128 0x4
ARM GAS  C:\Users\KHJTON~1\AppData\Local\Temp\ccL0a94v.s 			page 11


 432 002a 16       		.uleb128 0x16
 433 002b 00       		.byte	0
 434 002c 03       		.uleb128 0x3
 435 002d 0E       		.uleb128 0xe
 436 002e 3A       		.uleb128 0x3a
 437 002f 0B       		.uleb128 0xb
 438 0030 3B       		.uleb128 0x3b
 439 0031 0B       		.uleb128 0xb
 440 0032 49       		.uleb128 0x49
 441 0033 13       		.uleb128 0x13
 442 0034 00       		.byte	0
 443 0035 00       		.byte	0
 444 0036 05       		.uleb128 0x5
 445 0037 16       		.uleb128 0x16
 446 0038 00       		.byte	0
 447 0039 03       		.uleb128 0x3
 448 003a 0E       		.uleb128 0xe
 449 003b 3A       		.uleb128 0x3a
 450 003c 0B       		.uleb128 0xb
 451 003d 3B       		.uleb128 0x3b
 452 003e 05       		.uleb128 0x5
 453 003f 49       		.uleb128 0x49
 454 0040 13       		.uleb128 0x13
 455 0041 00       		.byte	0
 456 0042 00       		.byte	0
 457 0043 06       		.uleb128 0x6
 458 0044 35       		.uleb128 0x35
 459 0045 00       		.byte	0
 460 0046 49       		.uleb128 0x49
 461 0047 13       		.uleb128 0x13
 462 0048 00       		.byte	0
 463 0049 00       		.byte	0
 464 004a 07       		.uleb128 0x7
 465 004b 2E       		.uleb128 0x2e
 466 004c 01       		.byte	0x1
 467 004d 3F       		.uleb128 0x3f
 468 004e 19       		.uleb128 0x19
 469 004f 03       		.uleb128 0x3
 470 0050 0E       		.uleb128 0xe
 471 0051 3A       		.uleb128 0x3a
 472 0052 0B       		.uleb128 0xb
 473 0053 3B       		.uleb128 0x3b
 474 0054 0B       		.uleb128 0xb
 475 0055 27       		.uleb128 0x27
 476 0056 19       		.uleb128 0x19
 477 0057 11       		.uleb128 0x11
 478 0058 01       		.uleb128 0x1
 479 0059 12       		.uleb128 0x12
 480 005a 06       		.uleb128 0x6
 481 005b 40       		.uleb128 0x40
 482 005c 18       		.uleb128 0x18
 483 005d 9742     		.uleb128 0x2117
 484 005f 19       		.uleb128 0x19
 485 0060 01       		.uleb128 0x1
 486 0061 13       		.uleb128 0x13
 487 0062 00       		.byte	0
 488 0063 00       		.byte	0
ARM GAS  C:\Users\KHJTON~1\AppData\Local\Temp\ccL0a94v.s 			page 12


 489 0064 08       		.uleb128 0x8
 490 0065 05       		.uleb128 0x5
 491 0066 00       		.byte	0
 492 0067 03       		.uleb128 0x3
 493 0068 0E       		.uleb128 0xe
 494 0069 3A       		.uleb128 0x3a
 495 006a 0B       		.uleb128 0xb
 496 006b 3B       		.uleb128 0x3b
 497 006c 0B       		.uleb128 0xb
 498 006d 49       		.uleb128 0x49
 499 006e 13       		.uleb128 0x13
 500 006f 02       		.uleb128 0x2
 501 0070 18       		.uleb128 0x18
 502 0071 00       		.byte	0
 503 0072 00       		.byte	0
 504 0073 09       		.uleb128 0x9
 505 0074 34       		.uleb128 0x34
 506 0075 00       		.byte	0
 507 0076 03       		.uleb128 0x3
 508 0077 0E       		.uleb128 0xe
 509 0078 3A       		.uleb128 0x3a
 510 0079 0B       		.uleb128 0xb
 511 007a 3B       		.uleb128 0x3b
 512 007b 0B       		.uleb128 0xb
 513 007c 49       		.uleb128 0x49
 514 007d 13       		.uleb128 0x13
 515 007e 02       		.uleb128 0x2
 516 007f 18       		.uleb128 0x18
 517 0080 00       		.byte	0
 518 0081 00       		.byte	0
 519 0082 0A       		.uleb128 0xa
 520 0083 2E       		.uleb128 0x2e
 521 0084 00       		.byte	0
 522 0085 3F       		.uleb128 0x3f
 523 0086 19       		.uleb128 0x19
 524 0087 03       		.uleb128 0x3
 525 0088 0E       		.uleb128 0xe
 526 0089 3A       		.uleb128 0x3a
 527 008a 0B       		.uleb128 0xb
 528 008b 3B       		.uleb128 0x3b
 529 008c 0B       		.uleb128 0xb
 530 008d 27       		.uleb128 0x27
 531 008e 19       		.uleb128 0x19
 532 008f 49       		.uleb128 0x49
 533 0090 13       		.uleb128 0x13
 534 0091 11       		.uleb128 0x11
 535 0092 01       		.uleb128 0x1
 536 0093 12       		.uleb128 0x12
 537 0094 06       		.uleb128 0x6
 538 0095 40       		.uleb128 0x40
 539 0096 18       		.uleb128 0x18
 540 0097 9742     		.uleb128 0x2117
 541 0099 19       		.uleb128 0x19
 542 009a 00       		.byte	0
 543 009b 00       		.byte	0
 544 009c 00       		.byte	0
 545              		.section	.debug_aranges,"",%progbits
ARM GAS  C:\Users\KHJTON~1\AppData\Local\Temp\ccL0a94v.s 			page 13


 546 0000 3C000000 		.4byte	0x3c
 547 0004 0200     		.2byte	0x2
 548 0006 00000000 		.4byte	.Ldebug_info0
 549 000a 04       		.byte	0x4
 550 000b 00       		.byte	0
 551 000c 0000     		.2byte	0
 552 000e 0000     		.2byte	0
 553 0010 00000000 		.4byte	.LFB0
 554 0014 3C000000 		.4byte	.LFE0-.LFB0
 555 0018 00000000 		.4byte	.LFB1
 556 001c 38000000 		.4byte	.LFE1-.LFB1
 557 0020 00000000 		.4byte	.LFB2
 558 0024 20000000 		.4byte	.LFE2-.LFB2
 559 0028 00000000 		.4byte	.LFB3
 560 002c 20000000 		.4byte	.LFE3-.LFB3
 561 0030 00000000 		.4byte	.LFB4
 562 0034 20000000 		.4byte	.LFE4-.LFB4
 563 0038 00000000 		.4byte	0
 564 003c 00000000 		.4byte	0
 565              		.section	.debug_ranges,"",%progbits
 566              	.Ldebug_ranges0:
 567 0000 00000000 		.4byte	.LFB0
 568 0004 3C000000 		.4byte	.LFE0
 569 0008 00000000 		.4byte	.LFB1
 570 000c 38000000 		.4byte	.LFE1
 571 0010 00000000 		.4byte	.LFB2
 572 0014 20000000 		.4byte	.LFE2
 573 0018 00000000 		.4byte	.LFB3
 574 001c 20000000 		.4byte	.LFE3
 575 0020 00000000 		.4byte	.LFB4
 576 0024 20000000 		.4byte	.LFE4
 577 0028 00000000 		.4byte	0
 578 002c 00000000 		.4byte	0
 579              		.section	.debug_line,"",%progbits
 580              	.Ldebug_line0:
 581 0000 A9000000 		.section	.debug_str,"MS",%progbits,1
 581      02004900 
 581      00000201 
 581      FB0E0D00 
 581      01010101 
 582              	.LASF22:
 583 0000 2E5C4765 		.ascii	".\\Generated_Source\\PSoC5\\button_sw2.c\000"
 583      6E657261 
 583      7465645F 
 583      536F7572 
 583      63655C50 
 584              	.LASF20:
 585 0026 62757474 		.ascii	"button_sw2_ClearInterrupt\000"
 585      6F6E5F73 
 585      77325F43 
 585      6C656172 
 585      496E7465 
 586              	.LASF16:
 587 0040 76616C75 		.ascii	"value\000"
 587      6500
 588              	.LASF24:
 589 0046 73746174 		.ascii	"staticBits\000"
ARM GAS  C:\Users\KHJTON~1\AppData\Local\Temp\ccL0a94v.s 			page 14


 589      69634269 
 589      747300
 590              	.LASF9:
 591 0051 666C6F61 		.ascii	"float\000"
 591      7400
 592              	.LASF0:
 593 0057 7369676E 		.ascii	"signed char\000"
 593      65642063 
 593      68617200 
 594              	.LASF18:
 595 0063 62757474 		.ascii	"button_sw2_Read\000"
 595      6F6E5F73 
 595      77325F52 
 595      65616400 
 596              	.LASF1:
 597 0073 756E7369 		.ascii	"unsigned char\000"
 597      676E6564 
 597      20636861 
 597      7200
 598              	.LASF13:
 599 0081 72656738 		.ascii	"reg8\000"
 599      00
 600              	.LASF5:
 601 0086 6C6F6E67 		.ascii	"long unsigned int\000"
 601      20756E73 
 601      69676E65 
 601      6420696E 
 601      7400
 602              	.LASF3:
 603 0098 73686F72 		.ascii	"short unsigned int\000"
 603      7420756E 
 603      7369676E 
 603      65642069 
 603      6E7400
 604              	.LASF19:
 605 00ab 62757474 		.ascii	"button_sw2_ReadDataReg\000"
 605      6F6E5F73 
 605      77325F52 
 605      65616444 
 605      61746152 
 606              	.LASF10:
 607 00c2 646F7562 		.ascii	"double\000"
 607      6C6500
 608              	.LASF8:
 609 00c9 756E7369 		.ascii	"unsigned int\000"
 609      676E6564 
 609      20696E74 
 609      00
 610              	.LASF7:
 611 00d6 6C6F6E67 		.ascii	"long long unsigned int\000"
 611      206C6F6E 
 611      6720756E 
 611      7369676E 
 611      65642069 
 612              	.LASF17:
 613 00ed 6D6F6465 		.ascii	"mode\000"
 613      00
ARM GAS  C:\Users\KHJTON~1\AppData\Local\Temp\ccL0a94v.s 			page 15


 614              	.LASF21:
 615 00f2 474E5520 		.ascii	"GNU C 4.8.4 20140526 (release) [ARM/embedded-4_8-br"
 615      4320342E 
 615      382E3420 
 615      32303134 
 615      30353236 
 616 0125 616E6368 		.ascii	"anch revision 211358] -mcpu=cortex-m3 -mthumb -g -O"
 616      20726576 
 616      6973696F 
 616      6E203231 
 616      31333538 
 617 0158 30202D66 		.ascii	"0 -ffunction-sections\000"
 617      66756E63 
 617      74696F6E 
 617      2D736563 
 617      74696F6E 
 618              	.LASF6:
 619 016e 6C6F6E67 		.ascii	"long long int\000"
 619      206C6F6E 
 619      6720696E 
 619      7400
 620              	.LASF11:
 621 017c 63686172 		.ascii	"char\000"
 621      00
 622              	.LASF2:
 623 0181 73686F72 		.ascii	"short int\000"
 623      7420696E 
 623      7400
 624              	.LASF12:
 625 018b 75696E74 		.ascii	"uint8\000"
 625      3800
 626              	.LASF14:
 627 0191 62757474 		.ascii	"button_sw2_Write\000"
 627      6F6E5F73 
 627      77325F57 
 627      72697465 
 627      00
 628              	.LASF15:
 629 01a2 62757474 		.ascii	"button_sw2_SetDriveMode\000"
 629      6F6E5F73 
 629      77325F53 
 629      65744472 
 629      6976654D 
 630              	.LASF4:
 631 01ba 6C6F6E67 		.ascii	"long int\000"
 631      20696E74 
 631      00
 632              	.LASF23:
 633 01c3 443A5C77 		.ascii	"D:\\workspace\\super-eagle\\Super-Eagle\\Super-Eagl"
 633      6F726B73 
 633      70616365 
 633      5C737570 
 633      65722D65 
 634 01f2 652E6379 		.ascii	"e.cydsn\000"
 634      64736E00 
 635              		.ident	"GCC: (GNU Tools for ARM Embedded Processors) 4.8.4 20140526 (release) [ARM/embedded-4_8-br
