ARM GAS  C:\Users\KHJTON~1\AppData\Local\Temp\ccRDKTIQ.s 			page 1


   1              		.syntax unified
   2              		.cpu cortex-m3
   3              		.fpu softvfp
   4              		.eabi_attribute 20, 1
   5              		.eabi_attribute 21, 1
   6              		.eabi_attribute 23, 3
   7              		.eabi_attribute 24, 1
   8              		.eabi_attribute 25, 1
   9              		.eabi_attribute 26, 1
  10              		.eabi_attribute 30, 6
  11              		.eabi_attribute 34, 1
  12              		.eabi_attribute 18, 4
  13              		.thumb
  14              		.file	"Button_Status.c"
  15              		.text
  16              	.Ltext0:
  17              		.cfi_sections	.debug_frame
  18              		.section	.text.Button_Status_Read,"ax",%progbits
  19              		.align	2
  20              		.global	Button_Status_Read
  21              		.thumb
  22              		.thumb_func
  23              		.type	Button_Status_Read, %function
  24              	Button_Status_Read:
  25              	.LFB0:
  26              		.file 1 ".\\Generated_Source\\PSoC5\\Button_Status.c"
   1:.\Generated_Source\PSoC5/Button_Status.c **** /*******************************************************************************
   2:.\Generated_Source\PSoC5/Button_Status.c **** * File Name: Button_Status.c  
   3:.\Generated_Source\PSoC5/Button_Status.c **** * Version 1.80
   4:.\Generated_Source\PSoC5/Button_Status.c **** *
   5:.\Generated_Source\PSoC5/Button_Status.c **** * Description:
   6:.\Generated_Source\PSoC5/Button_Status.c **** *  This file contains API to enable firmware to read the value of a Status 
   7:.\Generated_Source\PSoC5/Button_Status.c **** *  Register.
   8:.\Generated_Source\PSoC5/Button_Status.c **** *
   9:.\Generated_Source\PSoC5/Button_Status.c **** * Note:
  10:.\Generated_Source\PSoC5/Button_Status.c **** *
  11:.\Generated_Source\PSoC5/Button_Status.c **** ********************************************************************************
  12:.\Generated_Source\PSoC5/Button_Status.c **** * Copyright 2008-2012, Cypress Semiconductor Corporation.  All rights reserved.
  13:.\Generated_Source\PSoC5/Button_Status.c **** * You may use this file only in accordance with the license, terms, conditions, 
  14:.\Generated_Source\PSoC5/Button_Status.c **** * disclaimers, and limitations in the end user license agreement accompanying 
  15:.\Generated_Source\PSoC5/Button_Status.c **** * the software package with which this file was provided.
  16:.\Generated_Source\PSoC5/Button_Status.c **** *******************************************************************************/
  17:.\Generated_Source\PSoC5/Button_Status.c **** 
  18:.\Generated_Source\PSoC5/Button_Status.c **** #include "Button_Status.h"
  19:.\Generated_Source\PSoC5/Button_Status.c **** 
  20:.\Generated_Source\PSoC5/Button_Status.c **** #if !defined(Button_Status_sts_sts_reg__REMOVED) /* Check for removal by optimization */
  21:.\Generated_Source\PSoC5/Button_Status.c **** 
  22:.\Generated_Source\PSoC5/Button_Status.c **** 
  23:.\Generated_Source\PSoC5/Button_Status.c **** /*******************************************************************************
  24:.\Generated_Source\PSoC5/Button_Status.c **** * Function Name: Button_Status_Read
  25:.\Generated_Source\PSoC5/Button_Status.c **** ********************************************************************************
  26:.\Generated_Source\PSoC5/Button_Status.c **** *
  27:.\Generated_Source\PSoC5/Button_Status.c **** * Summary:
  28:.\Generated_Source\PSoC5/Button_Status.c **** *  Reads the current value assigned to the Status Register.
  29:.\Generated_Source\PSoC5/Button_Status.c **** *
  30:.\Generated_Source\PSoC5/Button_Status.c **** * Parameters:
  31:.\Generated_Source\PSoC5/Button_Status.c **** *  None.
ARM GAS  C:\Users\KHJTON~1\AppData\Local\Temp\ccRDKTIQ.s 			page 2


  32:.\Generated_Source\PSoC5/Button_Status.c **** *
  33:.\Generated_Source\PSoC5/Button_Status.c **** * Return:
  34:.\Generated_Source\PSoC5/Button_Status.c **** *  The current value in the Status Register.
  35:.\Generated_Source\PSoC5/Button_Status.c **** *
  36:.\Generated_Source\PSoC5/Button_Status.c **** *******************************************************************************/
  37:.\Generated_Source\PSoC5/Button_Status.c **** uint8 Button_Status_Read(void) 
  38:.\Generated_Source\PSoC5/Button_Status.c **** { 
  27              		.loc 1 38 0
  28              		.cfi_startproc
  29              		@ args = 0, pretend = 0, frame = 0
  30              		@ frame_needed = 1, uses_anonymous_args = 0
  31              		@ link register save eliminated.
  32 0000 80B4     		push	{r7}
  33              		.cfi_def_cfa_offset 4
  34              		.cfi_offset 7, -4
  35 0002 00AF     		add	r7, sp, #0
  36              		.cfi_def_cfa_register 7
  39:.\Generated_Source\PSoC5/Button_Status.c ****     return Button_Status_Status;
  37              		.loc 1 39 0
  38 0004 034B     		ldr	r3, .L3
  39 0006 1B78     		ldrb	r3, [r3]
  40 0008 DBB2     		uxtb	r3, r3
  40:.\Generated_Source\PSoC5/Button_Status.c **** }
  41              		.loc 1 40 0
  42 000a 1846     		mov	r0, r3
  43 000c BD46     		mov	sp, r7
  44              		@ sp needed
  45 000e 5DF8047B 		ldr	r7, [sp], #4
  46 0012 7047     		bx	lr
  47              	.L4:
  48              		.align	2
  49              	.L3:
  50 0014 64650040 		.word	1073767780
  51              		.cfi_endproc
  52              	.LFE0:
  53              		.size	Button_Status_Read, .-Button_Status_Read
  54              		.section	.text.Button_Status_InterruptEnable,"ax",%progbits
  55              		.align	2
  56              		.global	Button_Status_InterruptEnable
  57              		.thumb
  58              		.thumb_func
  59              		.type	Button_Status_InterruptEnable, %function
  60              	Button_Status_InterruptEnable:
  61              	.LFB1:
  41:.\Generated_Source\PSoC5/Button_Status.c **** 
  42:.\Generated_Source\PSoC5/Button_Status.c **** 
  43:.\Generated_Source\PSoC5/Button_Status.c **** /*******************************************************************************
  44:.\Generated_Source\PSoC5/Button_Status.c **** * Function Name: Button_Status_InterruptEnable
  45:.\Generated_Source\PSoC5/Button_Status.c **** ********************************************************************************
  46:.\Generated_Source\PSoC5/Button_Status.c **** *
  47:.\Generated_Source\PSoC5/Button_Status.c **** * Summary:
  48:.\Generated_Source\PSoC5/Button_Status.c **** *  Enables the Status Register interrupt.
  49:.\Generated_Source\PSoC5/Button_Status.c **** *
  50:.\Generated_Source\PSoC5/Button_Status.c **** * Parameters:
  51:.\Generated_Source\PSoC5/Button_Status.c **** *  None.
  52:.\Generated_Source\PSoC5/Button_Status.c **** *
  53:.\Generated_Source\PSoC5/Button_Status.c **** * Return:
ARM GAS  C:\Users\KHJTON~1\AppData\Local\Temp\ccRDKTIQ.s 			page 3


  54:.\Generated_Source\PSoC5/Button_Status.c **** *  None.
  55:.\Generated_Source\PSoC5/Button_Status.c **** *
  56:.\Generated_Source\PSoC5/Button_Status.c **** *******************************************************************************/
  57:.\Generated_Source\PSoC5/Button_Status.c **** void Button_Status_InterruptEnable(void) 
  58:.\Generated_Source\PSoC5/Button_Status.c **** {
  62              		.loc 1 58 0
  63              		.cfi_startproc
  64              		@ args = 0, pretend = 0, frame = 8
  65              		@ frame_needed = 1, uses_anonymous_args = 0
  66 0000 80B5     		push	{r7, lr}
  67              		.cfi_def_cfa_offset 8
  68              		.cfi_offset 7, -8
  69              		.cfi_offset 14, -4
  70 0002 82B0     		sub	sp, sp, #8
  71              		.cfi_def_cfa_offset 16
  72 0004 00AF     		add	r7, sp, #0
  73              		.cfi_def_cfa_register 7
  59:.\Generated_Source\PSoC5/Button_Status.c ****     uint8 interruptState;
  60:.\Generated_Source\PSoC5/Button_Status.c ****     interruptState = CyEnterCriticalSection();
  74              		.loc 1 60 0
  75 0006 FFF7FEFF 		bl	CyEnterCriticalSection
  76 000a 0346     		mov	r3, r0
  77 000c FB71     		strb	r3, [r7, #7]
  61:.\Generated_Source\PSoC5/Button_Status.c ****     Button_Status_Status_Aux_Ctrl |= Button_Status_STATUS_INTR_ENBL;
  78              		.loc 1 61 0
  79 000e 074B     		ldr	r3, .L6
  80 0010 064A     		ldr	r2, .L6
  81 0012 1278     		ldrb	r2, [r2]
  82 0014 D2B2     		uxtb	r2, r2
  83 0016 42F01002 		orr	r2, r2, #16
  84 001a D2B2     		uxtb	r2, r2
  85 001c 1A70     		strb	r2, [r3]
  62:.\Generated_Source\PSoC5/Button_Status.c ****     CyExitCriticalSection(interruptState);
  86              		.loc 1 62 0
  87 001e FB79     		ldrb	r3, [r7, #7]	@ zero_extendqisi2
  88 0020 1846     		mov	r0, r3
  89 0022 FFF7FEFF 		bl	CyExitCriticalSection
  63:.\Generated_Source\PSoC5/Button_Status.c **** }
  90              		.loc 1 63 0
  91 0026 0837     		adds	r7, r7, #8
  92 0028 BD46     		mov	sp, r7
  93              		@ sp needed
  94 002a 80BD     		pop	{r7, pc}
  95              	.L7:
  96              		.align	2
  97              	.L6:
  98 002c 94650040 		.word	1073767828
  99              		.cfi_endproc
 100              	.LFE1:
 101              		.size	Button_Status_InterruptEnable, .-Button_Status_InterruptEnable
 102              		.section	.text.Button_Status_InterruptDisable,"ax",%progbits
 103              		.align	2
 104              		.global	Button_Status_InterruptDisable
 105              		.thumb
 106              		.thumb_func
 107              		.type	Button_Status_InterruptDisable, %function
 108              	Button_Status_InterruptDisable:
ARM GAS  C:\Users\KHJTON~1\AppData\Local\Temp\ccRDKTIQ.s 			page 4


 109              	.LFB2:
  64:.\Generated_Source\PSoC5/Button_Status.c **** 
  65:.\Generated_Source\PSoC5/Button_Status.c **** 
  66:.\Generated_Source\PSoC5/Button_Status.c **** /*******************************************************************************
  67:.\Generated_Source\PSoC5/Button_Status.c **** * Function Name: Button_Status_InterruptDisable
  68:.\Generated_Source\PSoC5/Button_Status.c **** ********************************************************************************
  69:.\Generated_Source\PSoC5/Button_Status.c **** *
  70:.\Generated_Source\PSoC5/Button_Status.c **** * Summary:
  71:.\Generated_Source\PSoC5/Button_Status.c **** *  Disables the Status Register interrupt.
  72:.\Generated_Source\PSoC5/Button_Status.c **** *
  73:.\Generated_Source\PSoC5/Button_Status.c **** * Parameters:
  74:.\Generated_Source\PSoC5/Button_Status.c **** *  None.
  75:.\Generated_Source\PSoC5/Button_Status.c **** *
  76:.\Generated_Source\PSoC5/Button_Status.c **** * Return:
  77:.\Generated_Source\PSoC5/Button_Status.c **** *  None.
  78:.\Generated_Source\PSoC5/Button_Status.c **** *
  79:.\Generated_Source\PSoC5/Button_Status.c **** *******************************************************************************/
  80:.\Generated_Source\PSoC5/Button_Status.c **** void Button_Status_InterruptDisable(void) 
  81:.\Generated_Source\PSoC5/Button_Status.c **** {
 110              		.loc 1 81 0
 111              		.cfi_startproc
 112              		@ args = 0, pretend = 0, frame = 8
 113              		@ frame_needed = 1, uses_anonymous_args = 0
 114 0000 80B5     		push	{r7, lr}
 115              		.cfi_def_cfa_offset 8
 116              		.cfi_offset 7, -8
 117              		.cfi_offset 14, -4
 118 0002 82B0     		sub	sp, sp, #8
 119              		.cfi_def_cfa_offset 16
 120 0004 00AF     		add	r7, sp, #0
 121              		.cfi_def_cfa_register 7
  82:.\Generated_Source\PSoC5/Button_Status.c ****     uint8 interruptState;
  83:.\Generated_Source\PSoC5/Button_Status.c ****     interruptState = CyEnterCriticalSection();
 122              		.loc 1 83 0
 123 0006 FFF7FEFF 		bl	CyEnterCriticalSection
 124 000a 0346     		mov	r3, r0
 125 000c FB71     		strb	r3, [r7, #7]
  84:.\Generated_Source\PSoC5/Button_Status.c ****     Button_Status_Status_Aux_Ctrl &= (uint8)(~Button_Status_STATUS_INTR_ENBL);
 126              		.loc 1 84 0
 127 000e 074B     		ldr	r3, .L9
 128 0010 064A     		ldr	r2, .L9
 129 0012 1278     		ldrb	r2, [r2]
 130 0014 D2B2     		uxtb	r2, r2
 131 0016 22F01002 		bic	r2, r2, #16
 132 001a D2B2     		uxtb	r2, r2
 133 001c 1A70     		strb	r2, [r3]
  85:.\Generated_Source\PSoC5/Button_Status.c ****     CyExitCriticalSection(interruptState);
 134              		.loc 1 85 0
 135 001e FB79     		ldrb	r3, [r7, #7]	@ zero_extendqisi2
 136 0020 1846     		mov	r0, r3
 137 0022 FFF7FEFF 		bl	CyExitCriticalSection
  86:.\Generated_Source\PSoC5/Button_Status.c **** }
 138              		.loc 1 86 0
 139 0026 0837     		adds	r7, r7, #8
 140 0028 BD46     		mov	sp, r7
 141              		@ sp needed
 142 002a 80BD     		pop	{r7, pc}
ARM GAS  C:\Users\KHJTON~1\AppData\Local\Temp\ccRDKTIQ.s 			page 5


 143              	.L10:
 144              		.align	2
 145              	.L9:
 146 002c 94650040 		.word	1073767828
 147              		.cfi_endproc
 148              	.LFE2:
 149              		.size	Button_Status_InterruptDisable, .-Button_Status_InterruptDisable
 150              		.section	.text.Button_Status_WriteMask,"ax",%progbits
 151              		.align	2
 152              		.global	Button_Status_WriteMask
 153              		.thumb
 154              		.thumb_func
 155              		.type	Button_Status_WriteMask, %function
 156              	Button_Status_WriteMask:
 157              	.LFB3:
  87:.\Generated_Source\PSoC5/Button_Status.c **** 
  88:.\Generated_Source\PSoC5/Button_Status.c **** 
  89:.\Generated_Source\PSoC5/Button_Status.c **** /*******************************************************************************
  90:.\Generated_Source\PSoC5/Button_Status.c **** * Function Name: Button_Status_WriteMask
  91:.\Generated_Source\PSoC5/Button_Status.c **** ********************************************************************************
  92:.\Generated_Source\PSoC5/Button_Status.c **** *
  93:.\Generated_Source\PSoC5/Button_Status.c **** * Summary:
  94:.\Generated_Source\PSoC5/Button_Status.c **** *  Writes the current mask value assigned to the Status Register.
  95:.\Generated_Source\PSoC5/Button_Status.c **** *
  96:.\Generated_Source\PSoC5/Button_Status.c **** * Parameters:
  97:.\Generated_Source\PSoC5/Button_Status.c **** *  mask:  Value to write into the mask register.
  98:.\Generated_Source\PSoC5/Button_Status.c **** *
  99:.\Generated_Source\PSoC5/Button_Status.c **** * Return:
 100:.\Generated_Source\PSoC5/Button_Status.c **** *  None.
 101:.\Generated_Source\PSoC5/Button_Status.c **** *
 102:.\Generated_Source\PSoC5/Button_Status.c **** *******************************************************************************/
 103:.\Generated_Source\PSoC5/Button_Status.c **** void Button_Status_WriteMask(uint8 mask) 
 104:.\Generated_Source\PSoC5/Button_Status.c **** {
 158              		.loc 1 104 0
 159              		.cfi_startproc
 160              		@ args = 0, pretend = 0, frame = 8
 161              		@ frame_needed = 1, uses_anonymous_args = 0
 162              		@ link register save eliminated.
 163 0000 80B4     		push	{r7}
 164              		.cfi_def_cfa_offset 4
 165              		.cfi_offset 7, -4
 166 0002 83B0     		sub	sp, sp, #12
 167              		.cfi_def_cfa_offset 16
 168 0004 00AF     		add	r7, sp, #0
 169              		.cfi_def_cfa_register 7
 170 0006 0346     		mov	r3, r0
 171 0008 FB71     		strb	r3, [r7, #7]
 105:.\Generated_Source\PSoC5/Button_Status.c ****     #if(Button_Status_INPUTS < 8u)
 106:.\Generated_Source\PSoC5/Button_Status.c ****     	mask &= (uint8)((((uint8)1u) << Button_Status_INPUTS) - 1u);
 172              		.loc 1 106 0
 173 000a FB79     		ldrb	r3, [r7, #7]
 174 000c 03F00303 		and	r3, r3, #3
 175 0010 FB71     		strb	r3, [r7, #7]
 107:.\Generated_Source\PSoC5/Button_Status.c **** 	#endif /* End Button_Status_INPUTS < 8u */
 108:.\Generated_Source\PSoC5/Button_Status.c ****     Button_Status_Status_Mask = mask;
 176              		.loc 1 108 0
 177 0012 044B     		ldr	r3, .L12
ARM GAS  C:\Users\KHJTON~1\AppData\Local\Temp\ccRDKTIQ.s 			page 6


 178 0014 FA79     		ldrb	r2, [r7, #7]
 179 0016 1A70     		strb	r2, [r3]
 109:.\Generated_Source\PSoC5/Button_Status.c **** }
 180              		.loc 1 109 0
 181 0018 0C37     		adds	r7, r7, #12
 182 001a BD46     		mov	sp, r7
 183              		@ sp needed
 184 001c 5DF8047B 		ldr	r7, [sp], #4
 185 0020 7047     		bx	lr
 186              	.L13:
 187 0022 00BF     		.align	2
 188              	.L12:
 189 0024 84650040 		.word	1073767812
 190              		.cfi_endproc
 191              	.LFE3:
 192              		.size	Button_Status_WriteMask, .-Button_Status_WriteMask
 193              		.section	.text.Button_Status_ReadMask,"ax",%progbits
 194              		.align	2
 195              		.global	Button_Status_ReadMask
 196              		.thumb
 197              		.thumb_func
 198              		.type	Button_Status_ReadMask, %function
 199              	Button_Status_ReadMask:
 200              	.LFB4:
 110:.\Generated_Source\PSoC5/Button_Status.c **** 
 111:.\Generated_Source\PSoC5/Button_Status.c **** 
 112:.\Generated_Source\PSoC5/Button_Status.c **** /*******************************************************************************
 113:.\Generated_Source\PSoC5/Button_Status.c **** * Function Name: Button_Status_ReadMask
 114:.\Generated_Source\PSoC5/Button_Status.c **** ********************************************************************************
 115:.\Generated_Source\PSoC5/Button_Status.c **** *
 116:.\Generated_Source\PSoC5/Button_Status.c **** * Summary:
 117:.\Generated_Source\PSoC5/Button_Status.c **** *  Reads the current interrupt mask assigned to the Status Register.
 118:.\Generated_Source\PSoC5/Button_Status.c **** *
 119:.\Generated_Source\PSoC5/Button_Status.c **** * Parameters:
 120:.\Generated_Source\PSoC5/Button_Status.c **** *  None.
 121:.\Generated_Source\PSoC5/Button_Status.c **** *
 122:.\Generated_Source\PSoC5/Button_Status.c **** * Return:
 123:.\Generated_Source\PSoC5/Button_Status.c **** *  The value of the interrupt mask of the Status Register.
 124:.\Generated_Source\PSoC5/Button_Status.c **** *
 125:.\Generated_Source\PSoC5/Button_Status.c **** *******************************************************************************/
 126:.\Generated_Source\PSoC5/Button_Status.c **** uint8 Button_Status_ReadMask(void) 
 127:.\Generated_Source\PSoC5/Button_Status.c **** {
 201              		.loc 1 127 0
 202              		.cfi_startproc
 203              		@ args = 0, pretend = 0, frame = 0
 204              		@ frame_needed = 1, uses_anonymous_args = 0
 205              		@ link register save eliminated.
 206 0000 80B4     		push	{r7}
 207              		.cfi_def_cfa_offset 4
 208              		.cfi_offset 7, -4
 209 0002 00AF     		add	r7, sp, #0
 210              		.cfi_def_cfa_register 7
 128:.\Generated_Source\PSoC5/Button_Status.c ****     return Button_Status_Status_Mask;
 211              		.loc 1 128 0
 212 0004 034B     		ldr	r3, .L16
 213 0006 1B78     		ldrb	r3, [r3]
 214 0008 DBB2     		uxtb	r3, r3
ARM GAS  C:\Users\KHJTON~1\AppData\Local\Temp\ccRDKTIQ.s 			page 7


 129:.\Generated_Source\PSoC5/Button_Status.c **** }
 215              		.loc 1 129 0
 216 000a 1846     		mov	r0, r3
 217 000c BD46     		mov	sp, r7
 218              		@ sp needed
 219 000e 5DF8047B 		ldr	r7, [sp], #4
 220 0012 7047     		bx	lr
 221              	.L17:
 222              		.align	2
 223              	.L16:
 224 0014 84650040 		.word	1073767812
 225              		.cfi_endproc
 226              	.LFE4:
 227              		.size	Button_Status_ReadMask, .-Button_Status_ReadMask
 228              		.text
 229              	.Letext0:
 230              		.file 2 ".\\Generated_Source\\PSoC5\\cytypes.h"
 231              		.section	.debug_info,"",%progbits
 232              	.Ldebug_info0:
 233 0000 36010000 		.4byte	0x136
 234 0004 0400     		.2byte	0x4
 235 0006 00000000 		.4byte	.Ldebug_abbrev0
 236 000a 04       		.byte	0x4
 237 000b 01       		.uleb128 0x1
 238 000c 5C010000 		.4byte	.LASF21
 239 0010 01       		.byte	0x1
 240 0011 D8010000 		.4byte	.LASF22
 241 0015 0E000000 		.4byte	.LASF23
 242 0019 00000000 		.4byte	.Ldebug_ranges0+0
 243 001d 00000000 		.4byte	0
 244 0021 00000000 		.4byte	.Ldebug_line0
 245 0025 02       		.uleb128 0x2
 246 0026 01       		.byte	0x1
 247 0027 06       		.byte	0x6
 248 0028 29010000 		.4byte	.LASF0
 249 002c 02       		.uleb128 0x2
 250 002d 01       		.byte	0x1
 251 002e 08       		.byte	0x8
 252 002f A8000000 		.4byte	.LASF1
 253 0033 02       		.uleb128 0x2
 254 0034 02       		.byte	0x2
 255 0035 05       		.byte	0x5
 256 0036 52010000 		.4byte	.LASF2
 257 003a 02       		.uleb128 0x2
 258 003b 02       		.byte	0x2
 259 003c 07       		.byte	0x7
 260 003d 16010000 		.4byte	.LASF3
 261 0041 02       		.uleb128 0x2
 262 0042 04       		.byte	0x4
 263 0043 05       		.byte	0x5
 264 0044 F3000000 		.4byte	.LASF4
 265 0048 02       		.uleb128 0x2
 266 0049 04       		.byte	0x4
 267 004a 07       		.byte	0x7
 268 004b 75000000 		.4byte	.LASF5
 269 004f 02       		.uleb128 0x2
 270 0050 08       		.byte	0x8
ARM GAS  C:\Users\KHJTON~1\AppData\Local\Temp\ccRDKTIQ.s 			page 8


 271 0051 05       		.byte	0x5
 272 0052 00000000 		.4byte	.LASF6
 273 0056 02       		.uleb128 0x2
 274 0057 08       		.byte	0x8
 275 0058 07       		.byte	0x7
 276 0059 87000000 		.4byte	.LASF7
 277 005d 03       		.uleb128 0x3
 278 005e 04       		.byte	0x4
 279 005f 05       		.byte	0x5
 280 0060 696E7400 		.ascii	"int\000"
 281 0064 02       		.uleb128 0x2
 282 0065 04       		.byte	0x4
 283 0066 07       		.byte	0x7
 284 0067 45000000 		.4byte	.LASF8
 285 006b 04       		.uleb128 0x4
 286 006c 6F000000 		.4byte	.LASF12
 287 0070 02       		.byte	0x2
 288 0071 A1       		.byte	0xa1
 289 0072 2C000000 		.4byte	0x2c
 290 0076 02       		.uleb128 0x2
 291 0077 04       		.byte	0x4
 292 0078 04       		.byte	0x4
 293 0079 35010000 		.4byte	.LASF9
 294 007d 02       		.uleb128 0x2
 295 007e 08       		.byte	0x8
 296 007f 04       		.byte	0x4
 297 0080 0F010000 		.4byte	.LASF10
 298 0084 02       		.uleb128 0x2
 299 0085 01       		.byte	0x1
 300 0086 08       		.byte	0x8
 301 0087 9E000000 		.4byte	.LASF11
 302 008b 05       		.uleb128 0x5
 303 008c 6A000000 		.4byte	.LASF13
 304 0090 02       		.byte	0x2
 305 0091 4B01     		.2byte	0x14b
 306 0093 97000000 		.4byte	0x97
 307 0097 06       		.uleb128 0x6
 308 0098 6B000000 		.4byte	0x6b
 309 009c 02       		.uleb128 0x2
 310 009d 04       		.byte	0x4
 311 009e 07       		.byte	0x7
 312 009f 01020000 		.4byte	.LASF14
 313 00a3 07       		.uleb128 0x7
 314 00a4 FC000000 		.4byte	.LASF19
 315 00a8 01       		.byte	0x1
 316 00a9 25       		.byte	0x25
 317 00aa 6B000000 		.4byte	0x6b
 318 00ae 00000000 		.4byte	.LFB0
 319 00b2 18000000 		.4byte	.LFE0-.LFB0
 320 00b6 01       		.uleb128 0x1
 321 00b7 9C       		.byte	0x9c
 322 00b8 08       		.uleb128 0x8
 323 00b9 B6000000 		.4byte	.LASF15
 324 00bd 01       		.byte	0x1
 325 00be 39       		.byte	0x39
 326 00bf 00000000 		.4byte	.LFB1
 327 00c3 30000000 		.4byte	.LFE1-.LFB1
ARM GAS  C:\Users\KHJTON~1\AppData\Local\Temp\ccRDKTIQ.s 			page 9


 328 00c7 01       		.uleb128 0x1
 329 00c8 9C       		.byte	0x9c
 330 00c9 DC000000 		.4byte	0xdc
 331 00cd 09       		.uleb128 0x9
 332 00ce 0A020000 		.4byte	.LASF17
 333 00d2 01       		.byte	0x1
 334 00d3 3B       		.byte	0x3b
 335 00d4 6B000000 		.4byte	0x6b
 336 00d8 02       		.uleb128 0x2
 337 00d9 91       		.byte	0x91
 338 00da 77       		.sleb128 -9
 339 00db 00       		.byte	0
 340 00dc 08       		.uleb128 0x8
 341 00dd D4000000 		.4byte	.LASF16
 342 00e1 01       		.byte	0x1
 343 00e2 50       		.byte	0x50
 344 00e3 00000000 		.4byte	.LFB2
 345 00e7 30000000 		.4byte	.LFE2-.LFB2
 346 00eb 01       		.uleb128 0x1
 347 00ec 9C       		.byte	0x9c
 348 00ed 00010000 		.4byte	0x100
 349 00f1 09       		.uleb128 0x9
 350 00f2 0A020000 		.4byte	.LASF17
 351 00f6 01       		.byte	0x1
 352 00f7 52       		.byte	0x52
 353 00f8 6B000000 		.4byte	0x6b
 354 00fc 02       		.uleb128 0x2
 355 00fd 91       		.byte	0x91
 356 00fe 77       		.sleb128 -9
 357 00ff 00       		.byte	0
 358 0100 0A       		.uleb128 0xa
 359 0101 52000000 		.4byte	.LASF18
 360 0105 01       		.byte	0x1
 361 0106 67       		.byte	0x67
 362 0107 00000000 		.4byte	.LFB3
 363 010b 28000000 		.4byte	.LFE3-.LFB3
 364 010f 01       		.uleb128 0x1
 365 0110 9C       		.byte	0x9c
 366 0111 24010000 		.4byte	0x124
 367 0115 0B       		.uleb128 0xb
 368 0116 A3000000 		.4byte	.LASF24
 369 011a 01       		.byte	0x1
 370 011b 67       		.byte	0x67
 371 011c 6B000000 		.4byte	0x6b
 372 0120 02       		.uleb128 0x2
 373 0121 91       		.byte	0x91
 374 0122 77       		.sleb128 -9
 375 0123 00       		.byte	0
 376 0124 07       		.uleb128 0x7
 377 0125 3B010000 		.4byte	.LASF20
 378 0129 01       		.byte	0x1
 379 012a 7E       		.byte	0x7e
 380 012b 6B000000 		.4byte	0x6b
 381 012f 00000000 		.4byte	.LFB4
 382 0133 18000000 		.4byte	.LFE4-.LFB4
 383 0137 01       		.uleb128 0x1
 384 0138 9C       		.byte	0x9c
ARM GAS  C:\Users\KHJTON~1\AppData\Local\Temp\ccRDKTIQ.s 			page 10


 385 0139 00       		.byte	0
 386              		.section	.debug_abbrev,"",%progbits
 387              	.Ldebug_abbrev0:
 388 0000 01       		.uleb128 0x1
 389 0001 11       		.uleb128 0x11
 390 0002 01       		.byte	0x1
 391 0003 25       		.uleb128 0x25
 392 0004 0E       		.uleb128 0xe
 393 0005 13       		.uleb128 0x13
 394 0006 0B       		.uleb128 0xb
 395 0007 03       		.uleb128 0x3
 396 0008 0E       		.uleb128 0xe
 397 0009 1B       		.uleb128 0x1b
 398 000a 0E       		.uleb128 0xe
 399 000b 55       		.uleb128 0x55
 400 000c 17       		.uleb128 0x17
 401 000d 11       		.uleb128 0x11
 402 000e 01       		.uleb128 0x1
 403 000f 10       		.uleb128 0x10
 404 0010 17       		.uleb128 0x17
 405 0011 00       		.byte	0
 406 0012 00       		.byte	0
 407 0013 02       		.uleb128 0x2
 408 0014 24       		.uleb128 0x24
 409 0015 00       		.byte	0
 410 0016 0B       		.uleb128 0xb
 411 0017 0B       		.uleb128 0xb
 412 0018 3E       		.uleb128 0x3e
 413 0019 0B       		.uleb128 0xb
 414 001a 03       		.uleb128 0x3
 415 001b 0E       		.uleb128 0xe
 416 001c 00       		.byte	0
 417 001d 00       		.byte	0
 418 001e 03       		.uleb128 0x3
 419 001f 24       		.uleb128 0x24
 420 0020 00       		.byte	0
 421 0021 0B       		.uleb128 0xb
 422 0022 0B       		.uleb128 0xb
 423 0023 3E       		.uleb128 0x3e
 424 0024 0B       		.uleb128 0xb
 425 0025 03       		.uleb128 0x3
 426 0026 08       		.uleb128 0x8
 427 0027 00       		.byte	0
 428 0028 00       		.byte	0
 429 0029 04       		.uleb128 0x4
 430 002a 16       		.uleb128 0x16
 431 002b 00       		.byte	0
 432 002c 03       		.uleb128 0x3
 433 002d 0E       		.uleb128 0xe
 434 002e 3A       		.uleb128 0x3a
 435 002f 0B       		.uleb128 0xb
 436 0030 3B       		.uleb128 0x3b
 437 0031 0B       		.uleb128 0xb
 438 0032 49       		.uleb128 0x49
 439 0033 13       		.uleb128 0x13
 440 0034 00       		.byte	0
 441 0035 00       		.byte	0
ARM GAS  C:\Users\KHJTON~1\AppData\Local\Temp\ccRDKTIQ.s 			page 11


 442 0036 05       		.uleb128 0x5
 443 0037 16       		.uleb128 0x16
 444 0038 00       		.byte	0
 445 0039 03       		.uleb128 0x3
 446 003a 0E       		.uleb128 0xe
 447 003b 3A       		.uleb128 0x3a
 448 003c 0B       		.uleb128 0xb
 449 003d 3B       		.uleb128 0x3b
 450 003e 05       		.uleb128 0x5
 451 003f 49       		.uleb128 0x49
 452 0040 13       		.uleb128 0x13
 453 0041 00       		.byte	0
 454 0042 00       		.byte	0
 455 0043 06       		.uleb128 0x6
 456 0044 35       		.uleb128 0x35
 457 0045 00       		.byte	0
 458 0046 49       		.uleb128 0x49
 459 0047 13       		.uleb128 0x13
 460 0048 00       		.byte	0
 461 0049 00       		.byte	0
 462 004a 07       		.uleb128 0x7
 463 004b 2E       		.uleb128 0x2e
 464 004c 00       		.byte	0
 465 004d 3F       		.uleb128 0x3f
 466 004e 19       		.uleb128 0x19
 467 004f 03       		.uleb128 0x3
 468 0050 0E       		.uleb128 0xe
 469 0051 3A       		.uleb128 0x3a
 470 0052 0B       		.uleb128 0xb
 471 0053 3B       		.uleb128 0x3b
 472 0054 0B       		.uleb128 0xb
 473 0055 27       		.uleb128 0x27
 474 0056 19       		.uleb128 0x19
 475 0057 49       		.uleb128 0x49
 476 0058 13       		.uleb128 0x13
 477 0059 11       		.uleb128 0x11
 478 005a 01       		.uleb128 0x1
 479 005b 12       		.uleb128 0x12
 480 005c 06       		.uleb128 0x6
 481 005d 40       		.uleb128 0x40
 482 005e 18       		.uleb128 0x18
 483 005f 9742     		.uleb128 0x2117
 484 0061 19       		.uleb128 0x19
 485 0062 00       		.byte	0
 486 0063 00       		.byte	0
 487 0064 08       		.uleb128 0x8
 488 0065 2E       		.uleb128 0x2e
 489 0066 01       		.byte	0x1
 490 0067 3F       		.uleb128 0x3f
 491 0068 19       		.uleb128 0x19
 492 0069 03       		.uleb128 0x3
 493 006a 0E       		.uleb128 0xe
 494 006b 3A       		.uleb128 0x3a
 495 006c 0B       		.uleb128 0xb
 496 006d 3B       		.uleb128 0x3b
 497 006e 0B       		.uleb128 0xb
 498 006f 27       		.uleb128 0x27
ARM GAS  C:\Users\KHJTON~1\AppData\Local\Temp\ccRDKTIQ.s 			page 12


 499 0070 19       		.uleb128 0x19
 500 0071 11       		.uleb128 0x11
 501 0072 01       		.uleb128 0x1
 502 0073 12       		.uleb128 0x12
 503 0074 06       		.uleb128 0x6
 504 0075 40       		.uleb128 0x40
 505 0076 18       		.uleb128 0x18
 506 0077 9642     		.uleb128 0x2116
 507 0079 19       		.uleb128 0x19
 508 007a 01       		.uleb128 0x1
 509 007b 13       		.uleb128 0x13
 510 007c 00       		.byte	0
 511 007d 00       		.byte	0
 512 007e 09       		.uleb128 0x9
 513 007f 34       		.uleb128 0x34
 514 0080 00       		.byte	0
 515 0081 03       		.uleb128 0x3
 516 0082 0E       		.uleb128 0xe
 517 0083 3A       		.uleb128 0x3a
 518 0084 0B       		.uleb128 0xb
 519 0085 3B       		.uleb128 0x3b
 520 0086 0B       		.uleb128 0xb
 521 0087 49       		.uleb128 0x49
 522 0088 13       		.uleb128 0x13
 523 0089 02       		.uleb128 0x2
 524 008a 18       		.uleb128 0x18
 525 008b 00       		.byte	0
 526 008c 00       		.byte	0
 527 008d 0A       		.uleb128 0xa
 528 008e 2E       		.uleb128 0x2e
 529 008f 01       		.byte	0x1
 530 0090 3F       		.uleb128 0x3f
 531 0091 19       		.uleb128 0x19
 532 0092 03       		.uleb128 0x3
 533 0093 0E       		.uleb128 0xe
 534 0094 3A       		.uleb128 0x3a
 535 0095 0B       		.uleb128 0xb
 536 0096 3B       		.uleb128 0x3b
 537 0097 0B       		.uleb128 0xb
 538 0098 27       		.uleb128 0x27
 539 0099 19       		.uleb128 0x19
 540 009a 11       		.uleb128 0x11
 541 009b 01       		.uleb128 0x1
 542 009c 12       		.uleb128 0x12
 543 009d 06       		.uleb128 0x6
 544 009e 40       		.uleb128 0x40
 545 009f 18       		.uleb128 0x18
 546 00a0 9742     		.uleb128 0x2117
 547 00a2 19       		.uleb128 0x19
 548 00a3 01       		.uleb128 0x1
 549 00a4 13       		.uleb128 0x13
 550 00a5 00       		.byte	0
 551 00a6 00       		.byte	0
 552 00a7 0B       		.uleb128 0xb
 553 00a8 05       		.uleb128 0x5
 554 00a9 00       		.byte	0
 555 00aa 03       		.uleb128 0x3
ARM GAS  C:\Users\KHJTON~1\AppData\Local\Temp\ccRDKTIQ.s 			page 13


 556 00ab 0E       		.uleb128 0xe
 557 00ac 3A       		.uleb128 0x3a
 558 00ad 0B       		.uleb128 0xb
 559 00ae 3B       		.uleb128 0x3b
 560 00af 0B       		.uleb128 0xb
 561 00b0 49       		.uleb128 0x49
 562 00b1 13       		.uleb128 0x13
 563 00b2 02       		.uleb128 0x2
 564 00b3 18       		.uleb128 0x18
 565 00b4 00       		.byte	0
 566 00b5 00       		.byte	0
 567 00b6 00       		.byte	0
 568              		.section	.debug_aranges,"",%progbits
 569 0000 3C000000 		.4byte	0x3c
 570 0004 0200     		.2byte	0x2
 571 0006 00000000 		.4byte	.Ldebug_info0
 572 000a 04       		.byte	0x4
 573 000b 00       		.byte	0
 574 000c 0000     		.2byte	0
 575 000e 0000     		.2byte	0
 576 0010 00000000 		.4byte	.LFB0
 577 0014 18000000 		.4byte	.LFE0-.LFB0
 578 0018 00000000 		.4byte	.LFB1
 579 001c 30000000 		.4byte	.LFE1-.LFB1
 580 0020 00000000 		.4byte	.LFB2
 581 0024 30000000 		.4byte	.LFE2-.LFB2
 582 0028 00000000 		.4byte	.LFB3
 583 002c 28000000 		.4byte	.LFE3-.LFB3
 584 0030 00000000 		.4byte	.LFB4
 585 0034 18000000 		.4byte	.LFE4-.LFB4
 586 0038 00000000 		.4byte	0
 587 003c 00000000 		.4byte	0
 588              		.section	.debug_ranges,"",%progbits
 589              	.Ldebug_ranges0:
 590 0000 00000000 		.4byte	.LFB0
 591 0004 18000000 		.4byte	.LFE0
 592 0008 00000000 		.4byte	.LFB1
 593 000c 30000000 		.4byte	.LFE1
 594 0010 00000000 		.4byte	.LFB2
 595 0014 30000000 		.4byte	.LFE2
 596 0018 00000000 		.4byte	.LFB3
 597 001c 28000000 		.4byte	.LFE3
 598 0020 00000000 		.4byte	.LFB4
 599 0024 18000000 		.4byte	.LFE4
 600 0028 00000000 		.4byte	0
 601 002c 00000000 		.4byte	0
 602              		.section	.debug_line,"",%progbits
 603              	.Ldebug_line0:
 604 0000 AF000000 		.section	.debug_str,"MS",%progbits,1
 604      02004C00 
 604      00000201 
 604      FB0E0D00 
 604      01010101 
 605              	.LASF6:
 606 0000 6C6F6E67 		.ascii	"long long int\000"
 606      206C6F6E 
 606      6720696E 
ARM GAS  C:\Users\KHJTON~1\AppData\Local\Temp\ccRDKTIQ.s 			page 14


 606      7400
 607              	.LASF23:
 608 000e 443A5C77 		.ascii	"D:\\workspace\\super-eagle\\Super-Eagle\\Super-Eagl"
 608      6F726B73 
 608      70616365 
 608      5C737570 
 608      65722D65 
 609 003d 652E6379 		.ascii	"e.cydsn\000"
 609      64736E00 
 610              	.LASF8:
 611 0045 756E7369 		.ascii	"unsigned int\000"
 611      676E6564 
 611      20696E74 
 611      00
 612              	.LASF18:
 613 0052 42757474 		.ascii	"Button_Status_WriteMask\000"
 613      6F6E5F53 
 613      74617475 
 613      735F5772 
 613      6974654D 
 614              	.LASF13:
 615 006a 72656738 		.ascii	"reg8\000"
 615      00
 616              	.LASF12:
 617 006f 75696E74 		.ascii	"uint8\000"
 617      3800
 618              	.LASF5:
 619 0075 6C6F6E67 		.ascii	"long unsigned int\000"
 619      20756E73 
 619      69676E65 
 619      6420696E 
 619      7400
 620              	.LASF7:
 621 0087 6C6F6E67 		.ascii	"long long unsigned int\000"
 621      206C6F6E 
 621      6720756E 
 621      7369676E 
 621      65642069 
 622              	.LASF11:
 623 009e 63686172 		.ascii	"char\000"
 623      00
 624              	.LASF24:
 625 00a3 6D61736B 		.ascii	"mask\000"
 625      00
 626              	.LASF1:
 627 00a8 756E7369 		.ascii	"unsigned char\000"
 627      676E6564 
 627      20636861 
 627      7200
 628              	.LASF15:
 629 00b6 42757474 		.ascii	"Button_Status_InterruptEnable\000"
 629      6F6E5F53 
 629      74617475 
 629      735F496E 
 629      74657272 
 630              	.LASF16:
 631 00d4 42757474 		.ascii	"Button_Status_InterruptDisable\000"
ARM GAS  C:\Users\KHJTON~1\AppData\Local\Temp\ccRDKTIQ.s 			page 15


 631      6F6E5F53 
 631      74617475 
 631      735F496E 
 631      74657272 
 632              	.LASF4:
 633 00f3 6C6F6E67 		.ascii	"long int\000"
 633      20696E74 
 633      00
 634              	.LASF19:
 635 00fc 42757474 		.ascii	"Button_Status_Read\000"
 635      6F6E5F53 
 635      74617475 
 635      735F5265 
 635      616400
 636              	.LASF10:
 637 010f 646F7562 		.ascii	"double\000"
 637      6C6500
 638              	.LASF3:
 639 0116 73686F72 		.ascii	"short unsigned int\000"
 639      7420756E 
 639      7369676E 
 639      65642069 
 639      6E7400
 640              	.LASF0:
 641 0129 7369676E 		.ascii	"signed char\000"
 641      65642063 
 641      68617200 
 642              	.LASF9:
 643 0135 666C6F61 		.ascii	"float\000"
 643      7400
 644              	.LASF20:
 645 013b 42757474 		.ascii	"Button_Status_ReadMask\000"
 645      6F6E5F53 
 645      74617475 
 645      735F5265 
 645      61644D61 
 646              	.LASF2:
 647 0152 73686F72 		.ascii	"short int\000"
 647      7420696E 
 647      7400
 648              	.LASF21:
 649 015c 474E5520 		.ascii	"GNU C 4.8.4 20140526 (release) [ARM/embedded-4_8-br"
 649      4320342E 
 649      382E3420 
 649      32303134 
 649      30353236 
 650 018f 616E6368 		.ascii	"anch revision 211358] -mcpu=cortex-m3 -mthumb -g -O"
 650      20726576 
 650      6973696F 
 650      6E203231 
 650      31333538 
 651 01c2 30202D66 		.ascii	"0 -ffunction-sections\000"
 651      66756E63 
 651      74696F6E 
 651      2D736563 
 651      74696F6E 
 652              	.LASF22:
ARM GAS  C:\Users\KHJTON~1\AppData\Local\Temp\ccRDKTIQ.s 			page 16


 653 01d8 2E5C4765 		.ascii	".\\Generated_Source\\PSoC5\\Button_Status.c\000"
 653      6E657261 
 653      7465645F 
 653      536F7572 
 653      63655C50 
 654              	.LASF14:
 655 0201 73697A65 		.ascii	"sizetype\000"
 655      74797065 
 655      00
 656              	.LASF17:
 657 020a 696E7465 		.ascii	"interruptState\000"
 657      72727570 
 657      74537461 
 657      746500
 658              		.ident	"GCC: (GNU Tools for ARM Embedded Processors) 4.8.4 20140526 (release) [ARM/embedded-4_8-br
