ARM GAS  C:\Users\KHJTON~1\AppData\Local\Temp\ccMiW0KP.s 			page 1


   1              		.syntax unified
   2              		.cpu cortex-m3
   3              		.fpu softvfp
   4              		.eabi_attribute 20, 1
   5              		.eabi_attribute 21, 1
   6              		.eabi_attribute 23, 3
   7              		.eabi_attribute 24, 1
   8              		.eabi_attribute 25, 1
   9              		.eabi_attribute 26, 1
  10              		.eabi_attribute 30, 6
  11              		.eabi_attribute 34, 1
  12              		.eabi_attribute 18, 4
  13              		.thumb
  14              		.file	"CAN_INT.c"
  15              		.text
  16              	.Ltext0:
  17              		.cfi_sections	.debug_frame
  18              		.section	.text.CAN_MsgRXIsr,"ax",%progbits
  19              		.align	2
  20              		.global	CAN_MsgRXIsr
  21              		.thumb
  22              		.thumb_func
  23              		.type	CAN_MsgRXIsr, %function
  24              	CAN_MsgRXIsr:
  25              	.LFB0:
  26              		.file 1 ".\\Generated_Source\\PSoC5\\CAN_INT.c"
   1:.\Generated_Source\PSoC5/CAN_INT.c **** /*******************************************************************************
   2:.\Generated_Source\PSoC5/CAN_INT.c **** * File Name: CAN_INT.c
   3:.\Generated_Source\PSoC5/CAN_INT.c **** * Version 2.30
   4:.\Generated_Source\PSoC5/CAN_INT.c **** *
   5:.\Generated_Source\PSoC5/CAN_INT.c **** * Description:
   6:.\Generated_Source\PSoC5/CAN_INT.c **** *  This file contains the Interrupt Service Routine (ISR) for the CAN
   7:.\Generated_Source\PSoC5/CAN_INT.c **** *  Component. Interrupt handlers functions generate accordingly to PSoC Creator 
   8:.\Generated_Source\PSoC5/CAN_INT.c **** *  Customizer inputs.
   9:.\Generated_Source\PSoC5/CAN_INT.c **** *
  10:.\Generated_Source\PSoC5/CAN_INT.c **** * Note:
  11:.\Generated_Source\PSoC5/CAN_INT.c **** *  None
  12:.\Generated_Source\PSoC5/CAN_INT.c **** *
  13:.\Generated_Source\PSoC5/CAN_INT.c **** ********************************************************************************
  14:.\Generated_Source\PSoC5/CAN_INT.c **** * Copyright 2008-2012, Cypress Semiconductor Corporation.  All rights reserved.
  15:.\Generated_Source\PSoC5/CAN_INT.c **** * You may use this file only in accordance with the license, terms, conditions,
  16:.\Generated_Source\PSoC5/CAN_INT.c **** * disclaimers, and limitations in the end user license agreement accompanying
  17:.\Generated_Source\PSoC5/CAN_INT.c **** * the software package with which this file was provided.
  18:.\Generated_Source\PSoC5/CAN_INT.c **** *******************************************************************************/
  19:.\Generated_Source\PSoC5/CAN_INT.c **** 
  20:.\Generated_Source\PSoC5/CAN_INT.c **** #include "CAN.h"
  21:.\Generated_Source\PSoC5/CAN_INT.c **** 
  22:.\Generated_Source\PSoC5/CAN_INT.c **** /* `#START CAN_INT_C_CODE_DEFINITION` */
  23:.\Generated_Source\PSoC5/CAN_INT.c **** 
  24:.\Generated_Source\PSoC5/CAN_INT.c **** /* `#END` */
  25:.\Generated_Source\PSoC5/CAN_INT.c **** 
  26:.\Generated_Source\PSoC5/CAN_INT.c **** #if (CAN_ARB_LOST)
  27:.\Generated_Source\PSoC5/CAN_INT.c **** 
  28:.\Generated_Source\PSoC5/CAN_INT.c ****     /*******************************************************************************
  29:.\Generated_Source\PSoC5/CAN_INT.c ****     * FUNCTION NAME:   CAN_ArbLost
  30:.\Generated_Source\PSoC5/CAN_INT.c ****     ********************************************************************************
  31:.\Generated_Source\PSoC5/CAN_INT.c ****     *
ARM GAS  C:\Users\KHJTON~1\AppData\Local\Temp\ccMiW0KP.s 			page 2


  32:.\Generated_Source\PSoC5/CAN_INT.c ****     * Summary:
  33:.\Generated_Source\PSoC5/CAN_INT.c ****     *  This function is entry point to Arbitration Lost Interrupt. Clears
  34:.\Generated_Source\PSoC5/CAN_INT.c ****     *  Arbitration Lost interrupt flag. Only generated if Arbitration Lost
  35:.\Generated_Source\PSoC5/CAN_INT.c ****     *  Interrupt enable in Customizer.
  36:.\Generated_Source\PSoC5/CAN_INT.c ****     *
  37:.\Generated_Source\PSoC5/CAN_INT.c ****     * Parameters:
  38:.\Generated_Source\PSoC5/CAN_INT.c ****     *  None.
  39:.\Generated_Source\PSoC5/CAN_INT.c ****     *
  40:.\Generated_Source\PSoC5/CAN_INT.c ****     * Return:
  41:.\Generated_Source\PSoC5/CAN_INT.c ****     *  None.
  42:.\Generated_Source\PSoC5/CAN_INT.c ****     * 
  43:.\Generated_Source\PSoC5/CAN_INT.c ****     * Reentrant:
  44:.\Generated_Source\PSoC5/CAN_INT.c ****     *  Depends on Customer code.
  45:.\Generated_Source\PSoC5/CAN_INT.c ****     *
  46:.\Generated_Source\PSoC5/CAN_INT.c ****     *******************************************************************************/
  47:.\Generated_Source\PSoC5/CAN_INT.c ****     void CAN_ArbLostIsr(void) 
  48:.\Generated_Source\PSoC5/CAN_INT.c ****     {
  49:.\Generated_Source\PSoC5/CAN_INT.c ****         /* Clear Arbitration Lost flag */
  50:.\Generated_Source\PSoC5/CAN_INT.c ****         CAN_INT_SR_REG.byte[0u] = CAN_ARBITRATION_LOST_MASK;
  51:.\Generated_Source\PSoC5/CAN_INT.c ****     
  52:.\Generated_Source\PSoC5/CAN_INT.c ****         /* `#START ARBITRATION_LOST_ISR` */
  53:.\Generated_Source\PSoC5/CAN_INT.c **** 
  54:.\Generated_Source\PSoC5/CAN_INT.c ****         /* `#END` */
  55:.\Generated_Source\PSoC5/CAN_INT.c ****     }
  56:.\Generated_Source\PSoC5/CAN_INT.c ****     
  57:.\Generated_Source\PSoC5/CAN_INT.c **** #endif /* CAN_ARB_LOST */
  58:.\Generated_Source\PSoC5/CAN_INT.c **** 
  59:.\Generated_Source\PSoC5/CAN_INT.c **** #if (CAN_OVERLOAD)
  60:.\Generated_Source\PSoC5/CAN_INT.c **** 
  61:.\Generated_Source\PSoC5/CAN_INT.c ****     /*******************************************************************************
  62:.\Generated_Source\PSoC5/CAN_INT.c ****     * FUNCTION NAME:   CAN_OvrLdErrror
  63:.\Generated_Source\PSoC5/CAN_INT.c ****     ********************************************************************************
  64:.\Generated_Source\PSoC5/CAN_INT.c ****     *
  65:.\Generated_Source\PSoC5/CAN_INT.c ****     * Summary:
  66:.\Generated_Source\PSoC5/CAN_INT.c ****     *  This function is entry point to Overload Error Interrupt. Clears Overload
  67:.\Generated_Source\PSoC5/CAN_INT.c ****     *  Error interrupt flag. Only generated if Overload Error Interrupt enable
  68:.\Generated_Source\PSoC5/CAN_INT.c ****     *  in Customizer.
  69:.\Generated_Source\PSoC5/CAN_INT.c ****     *
  70:.\Generated_Source\PSoC5/CAN_INT.c ****     * Parameters:
  71:.\Generated_Source\PSoC5/CAN_INT.c ****     *  None.
  72:.\Generated_Source\PSoC5/CAN_INT.c ****     *
  73:.\Generated_Source\PSoC5/CAN_INT.c ****     * Return:
  74:.\Generated_Source\PSoC5/CAN_INT.c ****     *  None.        
  75:.\Generated_Source\PSoC5/CAN_INT.c ****     *
  76:.\Generated_Source\PSoC5/CAN_INT.c ****     * Reentrant:
  77:.\Generated_Source\PSoC5/CAN_INT.c ****     *  Depends on Customer code.
  78:.\Generated_Source\PSoC5/CAN_INT.c ****     *
  79:.\Generated_Source\PSoC5/CAN_INT.c ****     *******************************************************************************/
  80:.\Generated_Source\PSoC5/CAN_INT.c ****     void CAN_OvrLdErrorIsr(void) 
  81:.\Generated_Source\PSoC5/CAN_INT.c ****     {
  82:.\Generated_Source\PSoC5/CAN_INT.c ****         /* Clear Overload Error flag */
  83:.\Generated_Source\PSoC5/CAN_INT.c ****         CAN_INT_SR_REG.byte[0u] = CAN_OVERLOAD_ERROR_MASK;
  84:.\Generated_Source\PSoC5/CAN_INT.c ****     
  85:.\Generated_Source\PSoC5/CAN_INT.c ****         /* `#START OVER_LOAD_ERROR_ISR` */
  86:.\Generated_Source\PSoC5/CAN_INT.c **** 
  87:.\Generated_Source\PSoC5/CAN_INT.c ****         /* `#END` */
  88:.\Generated_Source\PSoC5/CAN_INT.c ****     }
ARM GAS  C:\Users\KHJTON~1\AppData\Local\Temp\ccMiW0KP.s 			page 3


  89:.\Generated_Source\PSoC5/CAN_INT.c ****     
  90:.\Generated_Source\PSoC5/CAN_INT.c **** #endif /* CAN_OVERLOAD */
  91:.\Generated_Source\PSoC5/CAN_INT.c **** 
  92:.\Generated_Source\PSoC5/CAN_INT.c **** #if (CAN_BIT_ERR)
  93:.\Generated_Source\PSoC5/CAN_INT.c **** 
  94:.\Generated_Source\PSoC5/CAN_INT.c ****     /*******************************************************************************
  95:.\Generated_Source\PSoC5/CAN_INT.c ****     * FUNCTION NAME:   CAN_BitError
  96:.\Generated_Source\PSoC5/CAN_INT.c ****     ********************************************************************************
  97:.\Generated_Source\PSoC5/CAN_INT.c ****     *
  98:.\Generated_Source\PSoC5/CAN_INT.c ****     * Summary:
  99:.\Generated_Source\PSoC5/CAN_INT.c ****     *  This function is entry point to Bit Error Interrupt. Clears Bit Error
 100:.\Generated_Source\PSoC5/CAN_INT.c ****     *  interrupt flag. Only generated if Bit Error Interrupt enable in Customizer.
 101:.\Generated_Source\PSoC5/CAN_INT.c ****     *
 102:.\Generated_Source\PSoC5/CAN_INT.c ****     * Parameters:
 103:.\Generated_Source\PSoC5/CAN_INT.c ****     *  None.
 104:.\Generated_Source\PSoC5/CAN_INT.c ****     *
 105:.\Generated_Source\PSoC5/CAN_INT.c ****     * Return:
 106:.\Generated_Source\PSoC5/CAN_INT.c ****     *  None.
 107:.\Generated_Source\PSoC5/CAN_INT.c ****     *
 108:.\Generated_Source\PSoC5/CAN_INT.c ****     * Reentrant:
 109:.\Generated_Source\PSoC5/CAN_INT.c ****     *  Depends on Customer code.
 110:.\Generated_Source\PSoC5/CAN_INT.c ****     *
 111:.\Generated_Source\PSoC5/CAN_INT.c ****     *******************************************************************************/
 112:.\Generated_Source\PSoC5/CAN_INT.c ****     void CAN_BitErrorIsr(void) 
 113:.\Generated_Source\PSoC5/CAN_INT.c ****     {
 114:.\Generated_Source\PSoC5/CAN_INT.c ****         /* Clear Bit Error flag */
 115:.\Generated_Source\PSoC5/CAN_INT.c ****         CAN_INT_SR_REG.byte[0u] = CAN_BIT_ERROR_MASK;
 116:.\Generated_Source\PSoC5/CAN_INT.c ****     
 117:.\Generated_Source\PSoC5/CAN_INT.c ****         /* `#START BIT_ERROR_ISR` */
 118:.\Generated_Source\PSoC5/CAN_INT.c **** 
 119:.\Generated_Source\PSoC5/CAN_INT.c ****         /* `#END` */
 120:.\Generated_Source\PSoC5/CAN_INT.c ****     }
 121:.\Generated_Source\PSoC5/CAN_INT.c ****     
 122:.\Generated_Source\PSoC5/CAN_INT.c **** #endif /* CAN_BIT_ERR */
 123:.\Generated_Source\PSoC5/CAN_INT.c **** 
 124:.\Generated_Source\PSoC5/CAN_INT.c **** #if (CAN_STUFF_ERR)
 125:.\Generated_Source\PSoC5/CAN_INT.c **** 
 126:.\Generated_Source\PSoC5/CAN_INT.c ****     /*******************************************************************************
 127:.\Generated_Source\PSoC5/CAN_INT.c ****     * FUNCTION NAME:   CAN_BitStuffError
 128:.\Generated_Source\PSoC5/CAN_INT.c ****     ********************************************************************************
 129:.\Generated_Source\PSoC5/CAN_INT.c ****     *
 130:.\Generated_Source\PSoC5/CAN_INT.c ****     * Summary:
 131:.\Generated_Source\PSoC5/CAN_INT.c ****     *  This function is entry point to Bit Stuff Error Interrupt. Clears Bit Stuff
 132:.\Generated_Source\PSoC5/CAN_INT.c ****     *  Error interrupt flag. Only generated if Bit Stuff Error Interrupt enable
 133:.\Generated_Source\PSoC5/CAN_INT.c ****     *  in Customizer.
 134:.\Generated_Source\PSoC5/CAN_INT.c ****     *
 135:.\Generated_Source\PSoC5/CAN_INT.c ****     * Parameters:
 136:.\Generated_Source\PSoC5/CAN_INT.c ****     *  None.
 137:.\Generated_Source\PSoC5/CAN_INT.c ****     *
 138:.\Generated_Source\PSoC5/CAN_INT.c ****     * Return:
 139:.\Generated_Source\PSoC5/CAN_INT.c ****     *  None.
 140:.\Generated_Source\PSoC5/CAN_INT.c ****     *
 141:.\Generated_Source\PSoC5/CAN_INT.c ****     * Reentrant:
 142:.\Generated_Source\PSoC5/CAN_INT.c ****     *  Depends on Customer code.
 143:.\Generated_Source\PSoC5/CAN_INT.c ****     *
 144:.\Generated_Source\PSoC5/CAN_INT.c ****     *******************************************************************************/
 145:.\Generated_Source\PSoC5/CAN_INT.c ****     void CAN_BitStuffErrorIsr(void) 
ARM GAS  C:\Users\KHJTON~1\AppData\Local\Temp\ccMiW0KP.s 			page 4


 146:.\Generated_Source\PSoC5/CAN_INT.c ****     {
 147:.\Generated_Source\PSoC5/CAN_INT.c ****         /* Clear Stuff Error flag */
 148:.\Generated_Source\PSoC5/CAN_INT.c ****         CAN_INT_SR_REG.byte[0u] = CAN_STUFF_ERROR_MASK;
 149:.\Generated_Source\PSoC5/CAN_INT.c ****     
 150:.\Generated_Source\PSoC5/CAN_INT.c ****         /* `#START BIT_STUFF_ERROR_ISR` */
 151:.\Generated_Source\PSoC5/CAN_INT.c **** 
 152:.\Generated_Source\PSoC5/CAN_INT.c ****         /* `#END` */
 153:.\Generated_Source\PSoC5/CAN_INT.c ****     }
 154:.\Generated_Source\PSoC5/CAN_INT.c ****     
 155:.\Generated_Source\PSoC5/CAN_INT.c **** #endif /* CAN_STUFF_ERR */
 156:.\Generated_Source\PSoC5/CAN_INT.c **** 
 157:.\Generated_Source\PSoC5/CAN_INT.c **** #if (CAN_ACK_ERR)
 158:.\Generated_Source\PSoC5/CAN_INT.c **** 
 159:.\Generated_Source\PSoC5/CAN_INT.c ****     /*******************************************************************************
 160:.\Generated_Source\PSoC5/CAN_INT.c ****     * FUNCTION NAME:   CAN_AckErrorIsr
 161:.\Generated_Source\PSoC5/CAN_INT.c ****     ********************************************************************************
 162:.\Generated_Source\PSoC5/CAN_INT.c ****     *
 163:.\Generated_Source\PSoC5/CAN_INT.c ****     * Summary:
 164:.\Generated_Source\PSoC5/CAN_INT.c ****     *  This function is entry point to Acknowledge Error Interrupt. Clears
 165:.\Generated_Source\PSoC5/CAN_INT.c ****     *  Acknowledge Error interrupt flag. Only generated if Acknowledge Error
 166:.\Generated_Source\PSoC5/CAN_INT.c ****     *  Interrupt enable in Customizer.
 167:.\Generated_Source\PSoC5/CAN_INT.c ****     *
 168:.\Generated_Source\PSoC5/CAN_INT.c ****     * Parameters:
 169:.\Generated_Source\PSoC5/CAN_INT.c ****     *  None.
 170:.\Generated_Source\PSoC5/CAN_INT.c ****     *
 171:.\Generated_Source\PSoC5/CAN_INT.c ****     * Return:
 172:.\Generated_Source\PSoC5/CAN_INT.c ****     *  None.
 173:.\Generated_Source\PSoC5/CAN_INT.c ****     *
 174:.\Generated_Source\PSoC5/CAN_INT.c ****     * Reentrant:
 175:.\Generated_Source\PSoC5/CAN_INT.c ****     *  Depends on Customer code.
 176:.\Generated_Source\PSoC5/CAN_INT.c ****     *
 177:.\Generated_Source\PSoC5/CAN_INT.c ****     *******************************************************************************/
 178:.\Generated_Source\PSoC5/CAN_INT.c ****     void CAN_AckErrorIsr(void) 
 179:.\Generated_Source\PSoC5/CAN_INT.c ****     {
 180:.\Generated_Source\PSoC5/CAN_INT.c ****         /* Clear Acknoledge Error flag */
 181:.\Generated_Source\PSoC5/CAN_INT.c ****         CAN_INT_SR_REG.byte[0u] = CAN_ACK_ERROR_MASK;
 182:.\Generated_Source\PSoC5/CAN_INT.c ****     
 183:.\Generated_Source\PSoC5/CAN_INT.c ****         /* `#START ACKNOWLEDGE_ERROR_ISR` */
 184:.\Generated_Source\PSoC5/CAN_INT.c **** 
 185:.\Generated_Source\PSoC5/CAN_INT.c ****         /* `#END` */
 186:.\Generated_Source\PSoC5/CAN_INT.c ****     }
 187:.\Generated_Source\PSoC5/CAN_INT.c ****     
 188:.\Generated_Source\PSoC5/CAN_INT.c **** #endif /* CAN_ACK_ERR */
 189:.\Generated_Source\PSoC5/CAN_INT.c **** 
 190:.\Generated_Source\PSoC5/CAN_INT.c **** #if (CAN_FORM_ERR)
 191:.\Generated_Source\PSoC5/CAN_INT.c **** 
 192:.\Generated_Source\PSoC5/CAN_INT.c ****     /*******************************************************************************
 193:.\Generated_Source\PSoC5/CAN_INT.c ****     * FUNCTION NAME:   CAN_MsgError
 194:.\Generated_Source\PSoC5/CAN_INT.c ****     ********************************************************************************
 195:.\Generated_Source\PSoC5/CAN_INT.c ****     *
 196:.\Generated_Source\PSoC5/CAN_INT.c ****     * Summary:
 197:.\Generated_Source\PSoC5/CAN_INT.c ****     *  This function is entry point to Form Error Interrupt. Clears Form Error
 198:.\Generated_Source\PSoC5/CAN_INT.c ****     *  interrupt flag. Only generated if Form Error Interrupt enable in Customizer.
 199:.\Generated_Source\PSoC5/CAN_INT.c ****     *
 200:.\Generated_Source\PSoC5/CAN_INT.c ****     * Parameters:
 201:.\Generated_Source\PSoC5/CAN_INT.c ****     *  None.
 202:.\Generated_Source\PSoC5/CAN_INT.c ****     *
ARM GAS  C:\Users\KHJTON~1\AppData\Local\Temp\ccMiW0KP.s 			page 5


 203:.\Generated_Source\PSoC5/CAN_INT.c ****     * Return:
 204:.\Generated_Source\PSoC5/CAN_INT.c ****     *  None.
 205:.\Generated_Source\PSoC5/CAN_INT.c ****     *
 206:.\Generated_Source\PSoC5/CAN_INT.c ****     * Reentrant:
 207:.\Generated_Source\PSoC5/CAN_INT.c ****     *  Depends on Customer code.
 208:.\Generated_Source\PSoC5/CAN_INT.c ****     *
 209:.\Generated_Source\PSoC5/CAN_INT.c ****     *******************************************************************************/
 210:.\Generated_Source\PSoC5/CAN_INT.c ****     void CAN_MsgErrorIsr(void) 
 211:.\Generated_Source\PSoC5/CAN_INT.c ****     {
 212:.\Generated_Source\PSoC5/CAN_INT.c ****         /* Clear Form Error flag */
 213:.\Generated_Source\PSoC5/CAN_INT.c ****         CAN_INT_SR_REG.byte[0u] = CAN_FORM_ERROR_MASK;
 214:.\Generated_Source\PSoC5/CAN_INT.c ****     
 215:.\Generated_Source\PSoC5/CAN_INT.c ****         /* `#START MESSAGE_ERROR_ISR` */
 216:.\Generated_Source\PSoC5/CAN_INT.c **** 
 217:.\Generated_Source\PSoC5/CAN_INT.c ****         /* `#END` */
 218:.\Generated_Source\PSoC5/CAN_INT.c ****     }
 219:.\Generated_Source\PSoC5/CAN_INT.c ****     
 220:.\Generated_Source\PSoC5/CAN_INT.c **** #endif /* CAN_FORM_ERR */
 221:.\Generated_Source\PSoC5/CAN_INT.c **** 
 222:.\Generated_Source\PSoC5/CAN_INT.c **** #if (CAN_CRC_ERR)
 223:.\Generated_Source\PSoC5/CAN_INT.c **** 
 224:.\Generated_Source\PSoC5/CAN_INT.c ****     /*******************************************************************************
 225:.\Generated_Source\PSoC5/CAN_INT.c ****     * FUNCTION NAME:   CAN_CrcError
 226:.\Generated_Source\PSoC5/CAN_INT.c ****     ********************************************************************************
 227:.\Generated_Source\PSoC5/CAN_INT.c ****     *
 228:.\Generated_Source\PSoC5/CAN_INT.c ****     * Summary:
 229:.\Generated_Source\PSoC5/CAN_INT.c ****     *  This function is entry point to CRC Error Interrupt. Clears CRC Error
 230:.\Generated_Source\PSoC5/CAN_INT.c ****     *  interrupt flag. Only generated if CRC Error Interrupt enable in Customizer.
 231:.\Generated_Source\PSoC5/CAN_INT.c ****     *
 232:.\Generated_Source\PSoC5/CAN_INT.c ****     * Parameters:
 233:.\Generated_Source\PSoC5/CAN_INT.c ****     *  None.
 234:.\Generated_Source\PSoC5/CAN_INT.c ****     *
 235:.\Generated_Source\PSoC5/CAN_INT.c ****     * Return:
 236:.\Generated_Source\PSoC5/CAN_INT.c ****     *  None.
 237:.\Generated_Source\PSoC5/CAN_INT.c ****     *
 238:.\Generated_Source\PSoC5/CAN_INT.c ****     * Reentrant:
 239:.\Generated_Source\PSoC5/CAN_INT.c ****     *  Depends on Customer code.
 240:.\Generated_Source\PSoC5/CAN_INT.c ****     *
 241:.\Generated_Source\PSoC5/CAN_INT.c ****     *******************************************************************************/
 242:.\Generated_Source\PSoC5/CAN_INT.c ****     void CAN_CrcErrorIsr(void) 
 243:.\Generated_Source\PSoC5/CAN_INT.c ****     {
 244:.\Generated_Source\PSoC5/CAN_INT.c ****         /* Clear CRC Error flag */
 245:.\Generated_Source\PSoC5/CAN_INT.c ****         CAN_INT_SR_REG.byte[1u] = CAN_CRC_ERROR_MASK;
 246:.\Generated_Source\PSoC5/CAN_INT.c ****     
 247:.\Generated_Source\PSoC5/CAN_INT.c ****         /* `#START CRC_ERROR_ISR` */
 248:.\Generated_Source\PSoC5/CAN_INT.c **** 
 249:.\Generated_Source\PSoC5/CAN_INT.c ****         /* `#END` */
 250:.\Generated_Source\PSoC5/CAN_INT.c ****     }
 251:.\Generated_Source\PSoC5/CAN_INT.c ****     
 252:.\Generated_Source\PSoC5/CAN_INT.c **** #endif /* CAN_CRC_ERR */
 253:.\Generated_Source\PSoC5/CAN_INT.c **** 
 254:.\Generated_Source\PSoC5/CAN_INT.c **** #if (CAN_BUS_OFF)
 255:.\Generated_Source\PSoC5/CAN_INT.c **** 
 256:.\Generated_Source\PSoC5/CAN_INT.c ****     /*******************************************************************************
 257:.\Generated_Source\PSoC5/CAN_INT.c ****     * FUNCTION NAME:   CAN_BusOff
 258:.\Generated_Source\PSoC5/CAN_INT.c ****     ********************************************************************************
 259:.\Generated_Source\PSoC5/CAN_INT.c ****     *
ARM GAS  C:\Users\KHJTON~1\AppData\Local\Temp\ccMiW0KP.s 			page 6


 260:.\Generated_Source\PSoC5/CAN_INT.c ****     * Summary:
 261:.\Generated_Source\PSoC5/CAN_INT.c ****     *  This function is entry point to Bus Off Interrupt. Places CAN Component
 262:.\Generated_Source\PSoC5/CAN_INT.c ****     *  to Stop mode. Only generated if Bus Off Interrupt enable in Customizer.
 263:.\Generated_Source\PSoC5/CAN_INT.c ****     *  Recommended setting to enable this interrupt.
 264:.\Generated_Source\PSoC5/CAN_INT.c ****     *
 265:.\Generated_Source\PSoC5/CAN_INT.c ****     * Parameters:
 266:.\Generated_Source\PSoC5/CAN_INT.c ****     *  None.
 267:.\Generated_Source\PSoC5/CAN_INT.c ****     *
 268:.\Generated_Source\PSoC5/CAN_INT.c ****     * Return:
 269:.\Generated_Source\PSoC5/CAN_INT.c ****     *  None.
 270:.\Generated_Source\PSoC5/CAN_INT.c ****     *
 271:.\Generated_Source\PSoC5/CAN_INT.c ****     * Side Effects:
 272:.\Generated_Source\PSoC5/CAN_INT.c ****     *  Disable power to the CAN Core.
 273:.\Generated_Source\PSoC5/CAN_INT.c ****     *
 274:.\Generated_Source\PSoC5/CAN_INT.c ****     *******************************************************************************/
 275:.\Generated_Source\PSoC5/CAN_INT.c ****     void CAN_BusOffIsr(void) 
 276:.\Generated_Source\PSoC5/CAN_INT.c ****     {        
 277:.\Generated_Source\PSoC5/CAN_INT.c ****         /* Clear Bus Off flag */
 278:.\Generated_Source\PSoC5/CAN_INT.c ****         CAN_INT_SR_REG.byte[1u] = CAN_BUS_OFF_MASK;
 279:.\Generated_Source\PSoC5/CAN_INT.c ****     
 280:.\Generated_Source\PSoC5/CAN_INT.c ****         /* `#START BUS_OFF_ISR` */
 281:.\Generated_Source\PSoC5/CAN_INT.c **** 
 282:.\Generated_Source\PSoC5/CAN_INT.c ****         /* `#END` */
 283:.\Generated_Source\PSoC5/CAN_INT.c ****         (void) CAN_Stop();
 284:.\Generated_Source\PSoC5/CAN_INT.c ****     }
 285:.\Generated_Source\PSoC5/CAN_INT.c ****     
 286:.\Generated_Source\PSoC5/CAN_INT.c **** #endif /* CAN_BUS_OFF */
 287:.\Generated_Source\PSoC5/CAN_INT.c **** 
 288:.\Generated_Source\PSoC5/CAN_INT.c **** #if (CAN_RX_MSG_LOST)
 289:.\Generated_Source\PSoC5/CAN_INT.c **** 
 290:.\Generated_Source\PSoC5/CAN_INT.c ****     /*******************************************************************************
 291:.\Generated_Source\PSoC5/CAN_INT.c ****     * FUNCTION NAME:   CAN_MsgLost
 292:.\Generated_Source\PSoC5/CAN_INT.c ****     ********************************************************************************
 293:.\Generated_Source\PSoC5/CAN_INT.c ****     *
 294:.\Generated_Source\PSoC5/CAN_INT.c ****     * Summary:
 295:.\Generated_Source\PSoC5/CAN_INT.c ****     *  This function is entry point to Message Lost Interrupt. Clears Message Lost
 296:.\Generated_Source\PSoC5/CAN_INT.c ****     *  interrupt flag. Only generated if Message Lost Interrupt enable in Customizer
 297:.\Generated_Source\PSoC5/CAN_INT.c ****     *
 298:.\Generated_Source\PSoC5/CAN_INT.c ****     * Parameters:
 299:.\Generated_Source\PSoC5/CAN_INT.c ****     *  None.
 300:.\Generated_Source\PSoC5/CAN_INT.c ****     *
 301:.\Generated_Source\PSoC5/CAN_INT.c ****     * Return:
 302:.\Generated_Source\PSoC5/CAN_INT.c ****     *  None.
 303:.\Generated_Source\PSoC5/CAN_INT.c ****     *
 304:.\Generated_Source\PSoC5/CAN_INT.c ****     * Reentrant:
 305:.\Generated_Source\PSoC5/CAN_INT.c ****     *  Depends on Customer code.
 306:.\Generated_Source\PSoC5/CAN_INT.c ****     *
 307:.\Generated_Source\PSoC5/CAN_INT.c ****     *******************************************************************************/
 308:.\Generated_Source\PSoC5/CAN_INT.c ****     void CAN_MsgLostIsr(void) 
 309:.\Generated_Source\PSoC5/CAN_INT.c ****     {
 310:.\Generated_Source\PSoC5/CAN_INT.c ****         /* Clear Receive Message Lost flag */
 311:.\Generated_Source\PSoC5/CAN_INT.c ****         CAN_INT_SR_REG.byte[1u] = CAN_RX_MSG_LOST_MASK;
 312:.\Generated_Source\PSoC5/CAN_INT.c ****     
 313:.\Generated_Source\PSoC5/CAN_INT.c ****         /* `#START MESSAGE_LOST_ISR` */
 314:.\Generated_Source\PSoC5/CAN_INT.c **** 
 315:.\Generated_Source\PSoC5/CAN_INT.c ****         /* `#END` */
 316:.\Generated_Source\PSoC5/CAN_INT.c ****     }
ARM GAS  C:\Users\KHJTON~1\AppData\Local\Temp\ccMiW0KP.s 			page 7


 317:.\Generated_Source\PSoC5/CAN_INT.c ****     
 318:.\Generated_Source\PSoC5/CAN_INT.c **** #endif /* CAN_RX_MSG_LOST */
 319:.\Generated_Source\PSoC5/CAN_INT.c **** 
 320:.\Generated_Source\PSoC5/CAN_INT.c **** #if (CAN_TX_MESSAGE)
 321:.\Generated_Source\PSoC5/CAN_INT.c **** 
 322:.\Generated_Source\PSoC5/CAN_INT.c ****     /*******************************************************************************
 323:.\Generated_Source\PSoC5/CAN_INT.c ****     * FUNCTION NAME:   CAN_MsgTXIsr
 324:.\Generated_Source\PSoC5/CAN_INT.c ****     ********************************************************************************
 325:.\Generated_Source\PSoC5/CAN_INT.c ****     *
 326:.\Generated_Source\PSoC5/CAN_INT.c ****     * Summary:
 327:.\Generated_Source\PSoC5/CAN_INT.c ****     *  This function is entry point to Transmit Message Interrupt. Clears Transmit
 328:.\Generated_Source\PSoC5/CAN_INT.c ****     *  Message interrupt flag. Only generated if Transmit Message Interrupt enable
 329:.\Generated_Source\PSoC5/CAN_INT.c ****     *  in Customizer.
 330:.\Generated_Source\PSoC5/CAN_INT.c ****     *
 331:.\Generated_Source\PSoC5/CAN_INT.c ****     * Parameters:
 332:.\Generated_Source\PSoC5/CAN_INT.c ****     *  None.
 333:.\Generated_Source\PSoC5/CAN_INT.c ****     *
 334:.\Generated_Source\PSoC5/CAN_INT.c ****     * Return:
 335:.\Generated_Source\PSoC5/CAN_INT.c ****     *  None.    
 336:.\Generated_Source\PSoC5/CAN_INT.c ****     *
 337:.\Generated_Source\PSoC5/CAN_INT.c ****     * Reentrant:
 338:.\Generated_Source\PSoC5/CAN_INT.c ****     *  Depends on Customer code.
 339:.\Generated_Source\PSoC5/CAN_INT.c ****     *
 340:.\Generated_Source\PSoC5/CAN_INT.c ****     *******************************************************************************/
 341:.\Generated_Source\PSoC5/CAN_INT.c ****     void CAN_MsgTXIsr(void) 
 342:.\Generated_Source\PSoC5/CAN_INT.c ****     {
 343:.\Generated_Source\PSoC5/CAN_INT.c ****         /* Clear Transmit Message flag */
 344:.\Generated_Source\PSoC5/CAN_INT.c ****         CAN_INT_SR_REG.byte[1u] = CAN_TX_MESSAGE_MASK;
 345:.\Generated_Source\PSoC5/CAN_INT.c ****         
 346:.\Generated_Source\PSoC5/CAN_INT.c ****         /* `#START MESSAGE_TRANSMITTED_ISR` */
 347:.\Generated_Source\PSoC5/CAN_INT.c **** 
 348:.\Generated_Source\PSoC5/CAN_INT.c ****         /* `#END` */
 349:.\Generated_Source\PSoC5/CAN_INT.c ****     }
 350:.\Generated_Source\PSoC5/CAN_INT.c ****     
 351:.\Generated_Source\PSoC5/CAN_INT.c **** #endif /* CAN_TX_MESSAGE */
 352:.\Generated_Source\PSoC5/CAN_INT.c **** 
 353:.\Generated_Source\PSoC5/CAN_INT.c **** #if (CAN_RX_MESSAGE)
 354:.\Generated_Source\PSoC5/CAN_INT.c **** 
 355:.\Generated_Source\PSoC5/CAN_INT.c ****     /*******************************************************************************
 356:.\Generated_Source\PSoC5/CAN_INT.c ****     * FUNCTION NAME:   CAN_MsgRXIsr
 357:.\Generated_Source\PSoC5/CAN_INT.c ****     ********************************************************************************
 358:.\Generated_Source\PSoC5/CAN_INT.c ****     *
 359:.\Generated_Source\PSoC5/CAN_INT.c ****     * Summary:
 360:.\Generated_Source\PSoC5/CAN_INT.c ****     *  This function is entry point to Receive Message Interrupt. Clears Receive
 361:.\Generated_Source\PSoC5/CAN_INT.c ****     *  Message interrupt flag and call appropriate handlers for Basic and Full
 362:.\Generated_Source\PSoC5/CAN_INT.c ****     *  interrupt based mailboxes. Only generated if Receive Message Interrupt
 363:.\Generated_Source\PSoC5/CAN_INT.c ****     *  enable in Customizer. Recommended setting to enable this interrupt.
 364:.\Generated_Source\PSoC5/CAN_INT.c ****     *
 365:.\Generated_Source\PSoC5/CAN_INT.c ****     * Parameters:
 366:.\Generated_Source\PSoC5/CAN_INT.c ****     *  None.
 367:.\Generated_Source\PSoC5/CAN_INT.c ****     *
 368:.\Generated_Source\PSoC5/CAN_INT.c ****     * Return:
 369:.\Generated_Source\PSoC5/CAN_INT.c ****     *  None.
 370:.\Generated_Source\PSoC5/CAN_INT.c ****     *
 371:.\Generated_Source\PSoC5/CAN_INT.c ****     *******************************************************************************/
 372:.\Generated_Source\PSoC5/CAN_INT.c ****     void CAN_MsgRXIsr(void) 
 373:.\Generated_Source\PSoC5/CAN_INT.c ****     {
ARM GAS  C:\Users\KHJTON~1\AppData\Local\Temp\ccMiW0KP.s 			page 8


  27              		.loc 1 373 0
  28              		.cfi_startproc
  29              		@ args = 0, pretend = 0, frame = 8
  30              		@ frame_needed = 1, uses_anonymous_args = 0
  31 0000 80B5     		push	{r7, lr}
  32              		.cfi_def_cfa_offset 8
  33              		.cfi_offset 7, -8
  34              		.cfi_offset 14, -4
  35 0002 82B0     		sub	sp, sp, #8
  36              		.cfi_def_cfa_offset 16
  37 0004 00AF     		add	r7, sp, #0
  38              		.cfi_def_cfa_register 7
 374:.\Generated_Source\PSoC5/CAN_INT.c ****         uint8 i;
 375:.\Generated_Source\PSoC5/CAN_INT.c ****         uint16 shift = 0x01u;
  39              		.loc 1 375 0
  40 0006 0123     		movs	r3, #1
  41 0008 BB80     		strh	r3, [r7, #4]	@ movhi
 376:.\Generated_Source\PSoC5/CAN_INT.c ****     
 377:.\Generated_Source\PSoC5/CAN_INT.c ****         /* Clear Receive Message flag */
 378:.\Generated_Source\PSoC5/CAN_INT.c ****         CAN_INT_SR_REG.byte[1u] = CAN_RX_MESSAGE_MASK;
  42              		.loc 1 378 0
  43 000a 174B     		ldr	r3, .L6
  44 000c 1022     		movs	r2, #16
  45 000e 5A70     		strb	r2, [r3, #1]
 379:.\Generated_Source\PSoC5/CAN_INT.c ****         
 380:.\Generated_Source\PSoC5/CAN_INT.c ****         /* `#START MESSAGE_RECEIVE_ISR` */
 381:.\Generated_Source\PSoC5/CAN_INT.c **** 
 382:.\Generated_Source\PSoC5/CAN_INT.c ****         /* `#END` */
 383:.\Generated_Source\PSoC5/CAN_INT.c ****     
 384:.\Generated_Source\PSoC5/CAN_INT.c ****         for (i = 0u; i < CAN_NUMBER_OF_RX_MAILBOXES; i++)
  46              		.loc 1 384 0
  47 0010 0023     		movs	r3, #0
  48 0012 FB71     		strb	r3, [r7, #7]
  49 0014 21E0     		b	.L2
  50              	.L5:
 385:.\Generated_Source\PSoC5/CAN_INT.c ****         {
 386:.\Generated_Source\PSoC5/CAN_INT.c ****             if ((CY_GET_REG16((reg16 *) &CAN_BUF_SR_REG.byte[0u]) & shift) == shift)
  51              		.loc 1 386 0
  52 0016 154B     		ldr	r3, .L6+4
  53 0018 1B88     		ldrh	r3, [r3]	@ movhi
  54 001a 9AB2     		uxth	r2, r3
  55 001c BB88     		ldrh	r3, [r7, #4]	@ movhi
  56 001e 1340     		ands	r3, r3, r2
  57 0020 9BB2     		uxth	r3, r3
  58 0022 BA88     		ldrh	r2, [r7, #4]
  59 0024 9A42     		cmp	r2, r3
  60 0026 12D1     		bne	.L3
 387:.\Generated_Source\PSoC5/CAN_INT.c ****             {
 388:.\Generated_Source\PSoC5/CAN_INT.c ****                 if ((CAN_RX[i].rxcmd.byte[0u] & CAN_RX_INT_ENABLE_MASK) ==
  61              		.loc 1 388 0
  62 0028 FB79     		ldrb	r3, [r7, #7]	@ zero_extendqisi2
  63 002a 5A01     		lsls	r2, r3, #5
  64 002c 104B     		ldr	r3, .L6+8
  65 002e 1344     		add	r3, r3, r2
  66 0030 1B78     		ldrb	r3, [r3]
  67 0032 DBB2     		uxtb	r3, r3
  68 0034 03F02003 		and	r3, r3, #32
ARM GAS  C:\Users\KHJTON~1\AppData\Local\Temp\ccMiW0KP.s 			page 9


  69 0038 002B     		cmp	r3, #0
  70 003a 08D0     		beq	.L3
 389:.\Generated_Source\PSoC5/CAN_INT.c ****                     CAN_RX_INT_ENABLE_MASK)
 390:.\Generated_Source\PSoC5/CAN_INT.c ****                 {
 391:.\Generated_Source\PSoC5/CAN_INT.c ****                     if ((CAN_RX_MAILBOX_TYPE & shift) == shift)
  71              		.loc 1 391 0
  72 003c BB88     		ldrh	r3, [r7, #4]
  73 003e 002B     		cmp	r3, #0
  74 0040 01D1     		bne	.L4
 392:.\Generated_Source\PSoC5/CAN_INT.c ****                     {
 393:.\Generated_Source\PSoC5/CAN_INT.c ****                         /* RX Full mailboxes handler */
 394:.\Generated_Source\PSoC5/CAN_INT.c ****                         switch(i)
 395:.\Generated_Source\PSoC5/CAN_INT.c ****                         {
 396:.\Generated_Source\PSoC5/CAN_INT.c ****                             default:
 397:.\Generated_Source\PSoC5/CAN_INT.c ****                             break;
  75              		.loc 1 397 0
  76 0042 00BF     		nop
  77 0044 03E0     		b	.L3
  78              	.L4:
 398:.\Generated_Source\PSoC5/CAN_INT.c ****                         }
 399:.\Generated_Source\PSoC5/CAN_INT.c ****                     }
 400:.\Generated_Source\PSoC5/CAN_INT.c ****                     else
 401:.\Generated_Source\PSoC5/CAN_INT.c ****                     {
 402:.\Generated_Source\PSoC5/CAN_INT.c ****                         /* RX Basic mailbox handler */
 403:.\Generated_Source\PSoC5/CAN_INT.c ****                         CAN_ReceiveMsg(i);
  79              		.loc 1 403 0
  80 0046 FB79     		ldrb	r3, [r7, #7]	@ zero_extendqisi2
  81 0048 1846     		mov	r0, r3
  82 004a FFF7FEFF 		bl	CAN_ReceiveMsg
  83              	.L3:
 404:.\Generated_Source\PSoC5/CAN_INT.c ****                     }
 405:.\Generated_Source\PSoC5/CAN_INT.c ****                 }
 406:.\Generated_Source\PSoC5/CAN_INT.c ****             }
 407:.\Generated_Source\PSoC5/CAN_INT.c ****             shift <<= 1u;
  84              		.loc 1 407 0
  85 004e BB88     		ldrh	r3, [r7, #4]	@ movhi
  86 0050 5B00     		lsls	r3, r3, #1
  87 0052 BB80     		strh	r3, [r7, #4]	@ movhi
 384:.\Generated_Source\PSoC5/CAN_INT.c ****         for (i = 0u; i < CAN_NUMBER_OF_RX_MAILBOXES; i++)
  88              		.loc 1 384 0
  89 0054 FB79     		ldrb	r3, [r7, #7]	@ zero_extendqisi2
  90 0056 0133     		adds	r3, r3, #1
  91 0058 FB71     		strb	r3, [r7, #7]
  92              	.L2:
 384:.\Generated_Source\PSoC5/CAN_INT.c ****         for (i = 0u; i < CAN_NUMBER_OF_RX_MAILBOXES; i++)
  93              		.loc 1 384 0 is_stmt 0 discriminator 1
  94 005a FB79     		ldrb	r3, [r7, #7]	@ zero_extendqisi2
  95 005c 0F2B     		cmp	r3, #15
  96 005e DAD9     		bls	.L5
 408:.\Generated_Source\PSoC5/CAN_INT.c ****         }            
 409:.\Generated_Source\PSoC5/CAN_INT.c ****     }
  97              		.loc 1 409 0 is_stmt 1
  98 0060 0837     		adds	r7, r7, #8
  99 0062 BD46     		mov	sp, r7
 100              		@ sp needed
 101 0064 80BD     		pop	{r7, pc}
 102              	.L7:
ARM GAS  C:\Users\KHJTON~1\AppData\Local\Temp\ccMiW0KP.s 			page 10


 103 0066 00BF     		.align	2
 104              	.L6:
 105 0068 00A00040 		.word	1073782784
 106 006c 08A00040 		.word	1073782792
 107 0070 A0A00040 		.word	1073782944
 108              		.cfi_endproc
 109              	.LFE0:
 110              		.size	CAN_MsgRXIsr, .-CAN_MsgRXIsr
 111              		.section	.text.CAN_ISR,"ax",%progbits
 112              		.align	2
 113              		.global	CAN_ISR
 114              		.thumb
 115              		.thumb_func
 116              		.type	CAN_ISR, %function
 117              	CAN_ISR:
 118              	.LFB1:
 410:.\Generated_Source\PSoC5/CAN_INT.c ****     
 411:.\Generated_Source\PSoC5/CAN_INT.c **** #endif /* CAN_RX_MESSAGE */
 412:.\Generated_Source\PSoC5/CAN_INT.c **** 
 413:.\Generated_Source\PSoC5/CAN_INT.c **** 
 414:.\Generated_Source\PSoC5/CAN_INT.c **** /*******************************************************************************
 415:.\Generated_Source\PSoC5/CAN_INT.c **** * Function Name: CAN_ISR
 416:.\Generated_Source\PSoC5/CAN_INT.c **** ********************************************************************************
 417:.\Generated_Source\PSoC5/CAN_INT.c **** *
 418:.\Generated_Source\PSoC5/CAN_INT.c **** * Summary:
 419:.\Generated_Source\PSoC5/CAN_INT.c **** *  This ISR is executed when CAN core generate interrupt on one of events:
 420:.\Generated_Source\PSoC5/CAN_INT.c **** *  Arb_lost, Overload, Bit_err, Stuff_err, Ack_err, Form_err, Crc_err,
 421:.\Generated_Source\PSoC5/CAN_INT.c **** *  Buss_off, Rx_msg_lost, Tx_msg or Rx_msg. The interrupt sources depends
 422:.\Generated_Source\PSoC5/CAN_INT.c **** *  on Customizer inputs.
 423:.\Generated_Source\PSoC5/CAN_INT.c **** *
 424:.\Generated_Source\PSoC5/CAN_INT.c **** * Parameters:
 425:.\Generated_Source\PSoC5/CAN_INT.c **** *  None.
 426:.\Generated_Source\PSoC5/CAN_INT.c **** *
 427:.\Generated_Source\PSoC5/CAN_INT.c **** * Return:
 428:.\Generated_Source\PSoC5/CAN_INT.c **** *  None.
 429:.\Generated_Source\PSoC5/CAN_INT.c **** *
 430:.\Generated_Source\PSoC5/CAN_INT.c **** *******************************************************************************/
 431:.\Generated_Source\PSoC5/CAN_INT.c **** CY_ISR(CAN_ISR)
 432:.\Generated_Source\PSoC5/CAN_INT.c **** {
 119              		.loc 1 432 0
 120              		.cfi_startproc
 121              		@ args = 0, pretend = 0, frame = 0
 122              		@ frame_needed = 1, uses_anonymous_args = 0
 123 0000 80B5     		push	{r7, lr}
 124              		.cfi_def_cfa_offset 8
 125              		.cfi_offset 7, -8
 126              		.cfi_offset 14, -4
 127 0002 00AF     		add	r7, sp, #0
 128              		.cfi_def_cfa_register 7
 433:.\Generated_Source\PSoC5/CAN_INT.c ****     /* Place your Interrupt code here. */
 434:.\Generated_Source\PSoC5/CAN_INT.c ****     /* `#START CAN_ISR` */
 435:.\Generated_Source\PSoC5/CAN_INT.c **** 
 436:.\Generated_Source\PSoC5/CAN_INT.c ****     /* `#END` */    
 437:.\Generated_Source\PSoC5/CAN_INT.c ****     
 438:.\Generated_Source\PSoC5/CAN_INT.c ****     /* Arbitration */
 439:.\Generated_Source\PSoC5/CAN_INT.c ****     #if (CAN_ARB_LOST && (CAN_ARB_LOST_USE_HELPER || \
 440:.\Generated_Source\PSoC5/CAN_INT.c ****         (!CAN_ADVANCED_INTERRUPT_CFG)))
ARM GAS  C:\Users\KHJTON~1\AppData\Local\Temp\ccMiW0KP.s 			page 11


 441:.\Generated_Source\PSoC5/CAN_INT.c ****         if ((CAN_INT_SR_REG.byte[0u] & CAN_ARBITRATION_LOST_MASK) ==
 442:.\Generated_Source\PSoC5/CAN_INT.c ****              CAN_ARBITRATION_LOST_MASK)
 443:.\Generated_Source\PSoC5/CAN_INT.c ****         {
 444:.\Generated_Source\PSoC5/CAN_INT.c ****             CAN_ArbLostIsr();
 445:.\Generated_Source\PSoC5/CAN_INT.c ****         } 
 446:.\Generated_Source\PSoC5/CAN_INT.c ****     #endif /* CAN_ARB_LOST && CAN_ARB_LOST_USE_HELPER */
 447:.\Generated_Source\PSoC5/CAN_INT.c ****     
 448:.\Generated_Source\PSoC5/CAN_INT.c ****     /* Overload Error */
 449:.\Generated_Source\PSoC5/CAN_INT.c ****     #if (CAN_OVERLOAD && (CAN_OVERLOAD_USE_HELPER || \
 450:.\Generated_Source\PSoC5/CAN_INT.c ****         (!CAN_ADVANCED_INTERRUPT_CFG)))
 451:.\Generated_Source\PSoC5/CAN_INT.c ****         if ((CAN_INT_SR_REG.byte[0u] & CAN_OVERLOAD_ERROR_MASK) ==
 452:.\Generated_Source\PSoC5/CAN_INT.c ****              CAN_OVERLOAD_ERROR_MASK)
 453:.\Generated_Source\PSoC5/CAN_INT.c ****         {
 454:.\Generated_Source\PSoC5/CAN_INT.c ****             CAN_OvrLdErrorIsr();
 455:.\Generated_Source\PSoC5/CAN_INT.c ****         }
 456:.\Generated_Source\PSoC5/CAN_INT.c ****     #endif /* CAN_OVERLOAD && CAN_OVERLOAD_USE_HELPER */
 457:.\Generated_Source\PSoC5/CAN_INT.c ****     
 458:.\Generated_Source\PSoC5/CAN_INT.c ****     /* Bit Error */
 459:.\Generated_Source\PSoC5/CAN_INT.c ****     #if (CAN_BIT_ERR && (CAN_BIT_ERR_USE_HELPER || \
 460:.\Generated_Source\PSoC5/CAN_INT.c ****         (!CAN_ADVANCED_INTERRUPT_CFG)))
 461:.\Generated_Source\PSoC5/CAN_INT.c ****         if ((CAN_INT_SR_REG.byte[0u] & CAN_BIT_ERROR_MASK) == CAN_BIT_ERROR_MASK)
 462:.\Generated_Source\PSoC5/CAN_INT.c ****         {
 463:.\Generated_Source\PSoC5/CAN_INT.c ****             CAN_BitErrorIsr();
 464:.\Generated_Source\PSoC5/CAN_INT.c ****         }
 465:.\Generated_Source\PSoC5/CAN_INT.c ****     #endif /* CAN_BIT_ERR && CAN_BIT_ERR_USE_HELPER */
 466:.\Generated_Source\PSoC5/CAN_INT.c ****     
 467:.\Generated_Source\PSoC5/CAN_INT.c ****     /* Bit Staff Error */
 468:.\Generated_Source\PSoC5/CAN_INT.c ****     #if (CAN_STUFF_ERR && (CAN_STUFF_ERR_USE_HELPER || \
 469:.\Generated_Source\PSoC5/CAN_INT.c ****         (!CAN_ADVANCED_INTERRUPT_CFG)))
 470:.\Generated_Source\PSoC5/CAN_INT.c ****         if ((CAN_INT_SR_REG.byte[0u] & CAN_STUFF_ERROR_MASK) ==
 471:.\Generated_Source\PSoC5/CAN_INT.c ****              CAN_STUFF_ERROR_MASK)
 472:.\Generated_Source\PSoC5/CAN_INT.c ****         {
 473:.\Generated_Source\PSoC5/CAN_INT.c ****             CAN_BitStuffErrorIsr();
 474:.\Generated_Source\PSoC5/CAN_INT.c ****         }
 475:.\Generated_Source\PSoC5/CAN_INT.c ****     #endif /* CAN_STUFF_ERR && CAN_STUFF_ERR_USE_HELPER */
 476:.\Generated_Source\PSoC5/CAN_INT.c ****     
 477:.\Generated_Source\PSoC5/CAN_INT.c ****     /* ACK Error */
 478:.\Generated_Source\PSoC5/CAN_INT.c ****     #if (CAN_ACK_ERR && (CAN_ACK_ERR_USE_HELPER || \
 479:.\Generated_Source\PSoC5/CAN_INT.c ****         (!CAN_ADVANCED_INTERRUPT_CFG)))
 480:.\Generated_Source\PSoC5/CAN_INT.c ****         if ((CAN_INT_SR_REG.byte[0u] & CAN_ACK_ERROR_MASK) ==
 481:.\Generated_Source\PSoC5/CAN_INT.c ****              CAN_ACK_ERROR_MASK)
 482:.\Generated_Source\PSoC5/CAN_INT.c ****         {
 483:.\Generated_Source\PSoC5/CAN_INT.c ****             CAN_AckErrorIsr();
 484:.\Generated_Source\PSoC5/CAN_INT.c ****         }
 485:.\Generated_Source\PSoC5/CAN_INT.c ****     #endif /* CAN_ACK_ERR && CAN_ACK_ERR_USE_HELPER */
 486:.\Generated_Source\PSoC5/CAN_INT.c ****     
 487:.\Generated_Source\PSoC5/CAN_INT.c ****     /* Form(msg) Error */
 488:.\Generated_Source\PSoC5/CAN_INT.c ****     #if (CAN_FORM_ERR && (CAN_FORM_ERR_USE_HELPER || \
 489:.\Generated_Source\PSoC5/CAN_INT.c ****         (!CAN_ADVANCED_INTERRUPT_CFG)))
 490:.\Generated_Source\PSoC5/CAN_INT.c ****         if ((CAN_INT_SR_REG.byte[0u] & CAN_FORM_ERROR_MASK) ==
 491:.\Generated_Source\PSoC5/CAN_INT.c ****              CAN_FORM_ERROR_MASK)
 492:.\Generated_Source\PSoC5/CAN_INT.c ****         {
 493:.\Generated_Source\PSoC5/CAN_INT.c ****             CAN_MsgErrorIsr();
 494:.\Generated_Source\PSoC5/CAN_INT.c ****         }
 495:.\Generated_Source\PSoC5/CAN_INT.c ****     #endif /* CAN_FORM_ERR && CAN_FORM_ERR_USE_HELPER */
 496:.\Generated_Source\PSoC5/CAN_INT.c ****     
 497:.\Generated_Source\PSoC5/CAN_INT.c ****     /* CRC Error */
ARM GAS  C:\Users\KHJTON~1\AppData\Local\Temp\ccMiW0KP.s 			page 12


 498:.\Generated_Source\PSoC5/CAN_INT.c ****     #if (CAN_CRC_ERR && (CAN_CRC_ERR_USE_HELPER || \
 499:.\Generated_Source\PSoC5/CAN_INT.c ****         (!CAN_ADVANCED_INTERRUPT_CFG)))
 500:.\Generated_Source\PSoC5/CAN_INT.c ****         if ((CAN_INT_SR_REG.byte[1u] & CAN_CRC_ERROR_MASK) == CAN_CRC_ERROR_MASK)
 501:.\Generated_Source\PSoC5/CAN_INT.c ****         {
 502:.\Generated_Source\PSoC5/CAN_INT.c ****             CAN_CrcErrorIsr();
 503:.\Generated_Source\PSoC5/CAN_INT.c ****         }
 504:.\Generated_Source\PSoC5/CAN_INT.c ****     #endif /* CAN_CRC_ERR && CAN_CRC_ERR_USE_HELPER */
 505:.\Generated_Source\PSoC5/CAN_INT.c ****     
 506:.\Generated_Source\PSoC5/CAN_INT.c ****     /* Bus Off state */
 507:.\Generated_Source\PSoC5/CAN_INT.c ****     #if (CAN_BUS_OFF && (CAN_BUS_OFF_USE_HELPER || \
 508:.\Generated_Source\PSoC5/CAN_INT.c ****         (!CAN_ADVANCED_INTERRUPT_CFG)))
 509:.\Generated_Source\PSoC5/CAN_INT.c ****         if ((CAN_INT_SR_REG.byte[1u] & CAN_BUS_OFF_MASK) == CAN_BUS_OFF_MASK)
 510:.\Generated_Source\PSoC5/CAN_INT.c ****         {
 511:.\Generated_Source\PSoC5/CAN_INT.c ****             CAN_BusOffIsr();
 512:.\Generated_Source\PSoC5/CAN_INT.c ****         }
 513:.\Generated_Source\PSoC5/CAN_INT.c ****     #endif /* CAN_BUS_OFF && CAN_BUS_OFF_USE_HELPER */
 514:.\Generated_Source\PSoC5/CAN_INT.c ****     
 515:.\Generated_Source\PSoC5/CAN_INT.c ****     /* Message Lost */
 516:.\Generated_Source\PSoC5/CAN_INT.c ****     #if (CAN_RX_MSG_LOST && (CAN_RX_MSG_LOST_USE_HELPER || \
 517:.\Generated_Source\PSoC5/CAN_INT.c ****         (!CAN_ADVANCED_INTERRUPT_CFG)))
 518:.\Generated_Source\PSoC5/CAN_INT.c ****         if ((CAN_INT_SR_REG.byte[1u] & CAN_RX_MSG_LOST_MASK) ==
 519:.\Generated_Source\PSoC5/CAN_INT.c ****              CAN_RX_MSG_LOST_MASK)
 520:.\Generated_Source\PSoC5/CAN_INT.c ****         {
 521:.\Generated_Source\PSoC5/CAN_INT.c ****             CAN_MsgLostIsr();
 522:.\Generated_Source\PSoC5/CAN_INT.c ****         }
 523:.\Generated_Source\PSoC5/CAN_INT.c ****     #endif /* CAN_RX_MSG_LOST && CAN_RX_MSG_LOST_USE_HELPER */
 524:.\Generated_Source\PSoC5/CAN_INT.c ****     
 525:.\Generated_Source\PSoC5/CAN_INT.c ****     /* TX Message Send */
 526:.\Generated_Source\PSoC5/CAN_INT.c ****     #if (CAN_TX_MESSAGE && (CAN_TX_MESSAGE_USE_HELPER || \
 527:.\Generated_Source\PSoC5/CAN_INT.c ****         (!CAN_ADVANCED_INTERRUPT_CFG)))
 528:.\Generated_Source\PSoC5/CAN_INT.c ****         if ((CAN_INT_SR_REG.byte[1u] & CAN_TX_MESSAGE_MASK) ==
 529:.\Generated_Source\PSoC5/CAN_INT.c ****              CAN_TX_MESSAGE_MASK)
 530:.\Generated_Source\PSoC5/CAN_INT.c ****         {
 531:.\Generated_Source\PSoC5/CAN_INT.c ****             CAN_MsgTXIsr();
 532:.\Generated_Source\PSoC5/CAN_INT.c ****         }
 533:.\Generated_Source\PSoC5/CAN_INT.c ****     #endif /* CAN_TX_MESSAGE && CAN_TX_MESSAGE_USE_HELPER */
 534:.\Generated_Source\PSoC5/CAN_INT.c ****     
 535:.\Generated_Source\PSoC5/CAN_INT.c ****     /* RX Message Available */
 536:.\Generated_Source\PSoC5/CAN_INT.c ****     #if (CAN_RX_MESSAGE && (CAN_RX_MESSAGE_USE_HELPER || \
 537:.\Generated_Source\PSoC5/CAN_INT.c ****         (!CAN_ADVANCED_INTERRUPT_CFG)))
 538:.\Generated_Source\PSoC5/CAN_INT.c ****         if ((CAN_INT_SR_REG.byte[1u] & CAN_RX_MESSAGE_MASK) ==
 129              		.loc 1 538 0
 130 0004 044B     		ldr	r3, .L10
 131 0006 5B78     		ldrb	r3, [r3, #1]
 132 0008 DBB2     		uxtb	r3, r3
 133 000a 03F01003 		and	r3, r3, #16
 134 000e 002B     		cmp	r3, #0
 135 0010 01D0     		beq	.L8
 539:.\Generated_Source\PSoC5/CAN_INT.c ****              CAN_RX_MESSAGE_MASK)
 540:.\Generated_Source\PSoC5/CAN_INT.c ****         {
 541:.\Generated_Source\PSoC5/CAN_INT.c ****             CAN_MsgRXIsr();
 136              		.loc 1 541 0
 137 0012 FFF7FEFF 		bl	CAN_MsgRXIsr
 138              	.L8:
 542:.\Generated_Source\PSoC5/CAN_INT.c ****         }
 543:.\Generated_Source\PSoC5/CAN_INT.c ****     #endif /* CAN_RX_MESSAGE && CAN_RX_MESSAGE_USE_HELPER */
 544:.\Generated_Source\PSoC5/CAN_INT.c **** 
ARM GAS  C:\Users\KHJTON~1\AppData\Local\Temp\ccMiW0KP.s 			page 13


 545:.\Generated_Source\PSoC5/CAN_INT.c **** 
 546:.\Generated_Source\PSoC5/CAN_INT.c **** }
 139              		.loc 1 546 0
 140 0016 80BD     		pop	{r7, pc}
 141              	.L11:
 142              		.align	2
 143              	.L10:
 144 0018 00A00040 		.word	1073782784
 145              		.cfi_endproc
 146              	.LFE1:
 147              		.size	CAN_ISR, .-CAN_ISR
 148              		.text
 149              	.Letext0:
 150              		.file 2 ".\\Generated_Source\\PSoC5\\cytypes.h"
 151              		.file 3 ".\\Generated_Source\\PSoC5\\CAN.h"
 152              		.section	.debug_info,"",%progbits
 153              	.Ldebug_info0:
 154 0000 D3010000 		.4byte	0x1d3
 155 0004 0400     		.2byte	0x4
 156 0006 00000000 		.4byte	.Ldebug_abbrev0
 157 000a 04       		.byte	0x4
 158 000b 01       		.uleb128 0x1
 159 000c D5000000 		.4byte	.LASF29
 160 0010 01       		.byte	0x1
 161 0011 C9010000 		.4byte	.LASF30
 162 0015 5F010000 		.4byte	.LASF31
 163 0019 00000000 		.4byte	.Ldebug_ranges0+0
 164 001d 00000000 		.4byte	0
 165 0021 00000000 		.4byte	.Ldebug_line0
 166 0025 02       		.uleb128 0x2
 167 0026 01       		.byte	0x1
 168 0027 06       		.byte	0x6
 169 0028 F5010000 		.4byte	.LASF0
 170 002c 02       		.uleb128 0x2
 171 002d 01       		.byte	0x1
 172 002e 08       		.byte	0x8
 173 002f 58000000 		.4byte	.LASF1
 174 0033 02       		.uleb128 0x2
 175 0034 02       		.byte	0x2
 176 0035 05       		.byte	0x5
 177 0036 B9010000 		.4byte	.LASF2
 178 003a 02       		.uleb128 0x2
 179 003b 02       		.byte	0x2
 180 003c 07       		.byte	0x7
 181 003d 2C000000 		.4byte	.LASF3
 182 0041 02       		.uleb128 0x2
 183 0042 04       		.byte	0x4
 184 0043 05       		.byte	0x5
 185 0044 EC010000 		.4byte	.LASF4
 186 0048 02       		.uleb128 0x2
 187 0049 04       		.byte	0x4
 188 004a 07       		.byte	0x7
 189 004b 76000000 		.4byte	.LASF5
 190 004f 02       		.uleb128 0x2
 191 0050 08       		.byte	0x8
 192 0051 05       		.byte	0x5
 193 0052 A6010000 		.4byte	.LASF6
ARM GAS  C:\Users\KHJTON~1\AppData\Local\Temp\ccMiW0KP.s 			page 14


 194 0056 02       		.uleb128 0x2
 195 0057 08       		.byte	0x8
 196 0058 07       		.byte	0x7
 197 0059 BE000000 		.4byte	.LASF7
 198 005d 03       		.uleb128 0x3
 199 005e 04       		.byte	0x4
 200 005f 05       		.byte	0x5
 201 0060 696E7400 		.ascii	"int\000"
 202 0064 02       		.uleb128 0x2
 203 0065 04       		.byte	0x4
 204 0066 07       		.byte	0x7
 205 0067 B1000000 		.4byte	.LASF8
 206 006b 04       		.uleb128 0x4
 207 006c 88000000 		.4byte	.LASF9
 208 0070 02       		.byte	0x2
 209 0071 A1       		.byte	0xa1
 210 0072 2C000000 		.4byte	0x2c
 211 0076 04       		.uleb128 0x4
 212 0077 9D000000 		.4byte	.LASF10
 213 007b 02       		.byte	0x2
 214 007c A2       		.byte	0xa2
 215 007d 3A000000 		.4byte	0x3a
 216 0081 02       		.uleb128 0x2
 217 0082 04       		.byte	0x4
 218 0083 04       		.byte	0x4
 219 0084 52000000 		.4byte	.LASF11
 220 0088 02       		.uleb128 0x2
 221 0089 08       		.byte	0x8
 222 008a 04       		.byte	0x4
 223 008b 96000000 		.4byte	.LASF12
 224 008f 02       		.uleb128 0x2
 225 0090 01       		.byte	0x1
 226 0091 08       		.byte	0x8
 227 0092 B4010000 		.4byte	.LASF13
 228 0096 05       		.uleb128 0x5
 229 0097 6B000000 		.4byte	.LASF14
 230 009b 02       		.byte	0x2
 231 009c 4B01     		.2byte	0x14b
 232 009e A2000000 		.4byte	0xa2
 233 00a2 06       		.uleb128 0x6
 234 00a3 6B000000 		.4byte	0x6b
 235 00a7 05       		.uleb128 0x5
 236 00a8 00000000 		.4byte	.LASF15
 237 00ac 02       		.byte	0x2
 238 00ad 4C01     		.2byte	0x14c
 239 00af B3000000 		.4byte	0xb3
 240 00b3 06       		.uleb128 0x6
 241 00b4 76000000 		.4byte	0x76
 242 00b8 02       		.uleb128 0x2
 243 00b9 04       		.byte	0x4
 244 00ba 07       		.byte	0x7
 245 00bb 96010000 		.4byte	.LASF16
 246 00bf 07       		.uleb128 0x7
 247 00c0 08       		.byte	0x8
 248 00c1 03       		.byte	0x3
 249 00c2 69       		.byte	0x69
 250 00c3 D4000000 		.4byte	0xd4
ARM GAS  C:\Users\KHJTON~1\AppData\Local\Temp\ccMiW0KP.s 			page 15


 251 00c7 08       		.uleb128 0x8
 252 00c8 3F000000 		.4byte	.LASF18
 253 00cc 03       		.byte	0x3
 254 00cd 6B       		.byte	0x6b
 255 00ce E4000000 		.4byte	0xe4
 256 00d2 00       		.byte	0
 257 00d3 00       		.byte	0
 258 00d4 09       		.uleb128 0x9
 259 00d5 96000000 		.4byte	0x96
 260 00d9 E4000000 		.4byte	0xe4
 261 00dd 0A       		.uleb128 0xa
 262 00de B8000000 		.4byte	0xb8
 263 00e2 07       		.byte	0x7
 264 00e3 00       		.byte	0
 265 00e4 06       		.uleb128 0x6
 266 00e5 D4000000 		.4byte	0xd4
 267 00e9 04       		.uleb128 0x4
 268 00ea 0C000000 		.4byte	.LASF17
 269 00ee 03       		.byte	0x3
 270 00ef 6C       		.byte	0x6c
 271 00f0 BF000000 		.4byte	0xbf
 272 00f4 07       		.uleb128 0x7
 273 00f5 04       		.byte	0x4
 274 00f6 03       		.byte	0x3
 275 00f7 6F       		.byte	0x6f
 276 00f8 09010000 		.4byte	0x109
 277 00fc 08       		.uleb128 0x8
 278 00fd 3F000000 		.4byte	.LASF18
 279 0101 03       		.byte	0x3
 280 0102 71       		.byte	0x71
 281 0103 19010000 		.4byte	0x119
 282 0107 00       		.byte	0
 283 0108 00       		.byte	0
 284 0109 09       		.uleb128 0x9
 285 010a 96000000 		.4byte	0x96
 286 010e 19010000 		.4byte	0x119
 287 0112 0A       		.uleb128 0xa
 288 0113 B8000000 		.4byte	0xb8
 289 0117 03       		.byte	0x3
 290 0118 00       		.byte	0
 291 0119 06       		.uleb128 0x6
 292 011a 09010000 		.4byte	0x109
 293 011e 04       		.uleb128 0x4
 294 011f 21000000 		.4byte	.LASF19
 295 0123 03       		.byte	0x3
 296 0124 72       		.byte	0x72
 297 0125 F4000000 		.4byte	0xf4
 298 0129 07       		.uleb128 0x7
 299 012a 20       		.byte	0x20
 300 012b 03       		.byte	0x3
 301 012c 91       		.byte	0x91
 302 012d 86010000 		.4byte	0x186
 303 0131 08       		.uleb128 0x8
 304 0132 70000000 		.4byte	.LASF20
 305 0136 03       		.byte	0x3
 306 0137 93       		.byte	0x93
 307 0138 1E010000 		.4byte	0x11e
ARM GAS  C:\Users\KHJTON~1\AppData\Local\Temp\ccMiW0KP.s 			page 16


 308 013c 00       		.byte	0
 309 013d 08       		.uleb128 0x8
 310 013e 66000000 		.4byte	.LASF21
 311 0142 03       		.byte	0x3
 312 0143 94       		.byte	0x94
 313 0144 1E010000 		.4byte	0x11e
 314 0148 04       		.byte	0x4
 315 0149 08       		.uleb128 0x8
 316 014a 44000000 		.4byte	.LASF22
 317 014e 03       		.byte	0x3
 318 014f 95       		.byte	0x95
 319 0150 E9000000 		.4byte	0xe9
 320 0154 08       		.byte	0x8
 321 0155 08       		.uleb128 0x8
 322 0156 1B000000 		.4byte	.LASF23
 323 015a 03       		.byte	0x3
 324 015b 96       		.byte	0x96
 325 015c 1E010000 		.4byte	0x11e
 326 0160 10       		.byte	0x10
 327 0161 08       		.uleb128 0x8
 328 0162 C3010000 		.4byte	.LASF24
 329 0166 03       		.byte	0x3
 330 0167 97       		.byte	0x97
 331 0168 1E010000 		.4byte	0x11e
 332 016c 14       		.byte	0x14
 333 016d 08       		.uleb128 0x8
 334 016e 9F010000 		.4byte	.LASF25
 335 0172 03       		.byte	0x3
 336 0173 98       		.byte	0x98
 337 0174 1E010000 		.4byte	0x11e
 338 0178 18       		.byte	0x18
 339 0179 08       		.uleb128 0x8
 340 017a 4B000000 		.4byte	.LASF26
 341 017e 03       		.byte	0x3
 342 017f 99       		.byte	0x99
 343 0180 1E010000 		.4byte	0x11e
 344 0184 1C       		.byte	0x1c
 345 0185 00       		.byte	0
 346 0186 04       		.uleb128 0x4
 347 0187 51010000 		.4byte	.LASF27
 348 018b 03       		.byte	0x3
 349 018c 9A       		.byte	0x9a
 350 018d 29010000 		.4byte	0x129
 351 0191 0B       		.uleb128 0xb
 352 0192 A4000000 		.4byte	.LASF32
 353 0196 01       		.byte	0x1
 354 0197 7401     		.2byte	0x174
 355 0199 00000000 		.4byte	.LFB0
 356 019d 74000000 		.4byte	.LFE0-.LFB0
 357 01a1 01       		.uleb128 0x1
 358 01a2 9C       		.byte	0x9c
 359 01a3 C4010000 		.4byte	0x1c4
 360 01a7 0C       		.uleb128 0xc
 361 01a8 6900     		.ascii	"i\000"
 362 01aa 01       		.byte	0x1
 363 01ab 7601     		.2byte	0x176
 364 01ad 6B000000 		.4byte	0x6b
ARM GAS  C:\Users\KHJTON~1\AppData\Local\Temp\ccMiW0KP.s 			page 17


 365 01b1 02       		.uleb128 0x2
 366 01b2 91       		.byte	0x91
 367 01b3 77       		.sleb128 -9
 368 01b4 0D       		.uleb128 0xd
 369 01b5 06000000 		.4byte	.LASF28
 370 01b9 01       		.byte	0x1
 371 01ba 7701     		.2byte	0x177
 372 01bc 76000000 		.4byte	0x76
 373 01c0 02       		.uleb128 0x2
 374 01c1 91       		.byte	0x91
 375 01c2 74       		.sleb128 -12
 376 01c3 00       		.byte	0
 377 01c4 0E       		.uleb128 0xe
 378 01c5 8E000000 		.4byte	.LASF33
 379 01c9 01       		.byte	0x1
 380 01ca AF01     		.2byte	0x1af
 381 01cc 00000000 		.4byte	.LFB1
 382 01d0 1C000000 		.4byte	.LFE1-.LFB1
 383 01d4 01       		.uleb128 0x1
 384 01d5 9C       		.byte	0x9c
 385 01d6 00       		.byte	0
 386              		.section	.debug_abbrev,"",%progbits
 387              	.Ldebug_abbrev0:
 388 0000 01       		.uleb128 0x1
 389 0001 11       		.uleb128 0x11
 390 0002 01       		.byte	0x1
 391 0003 25       		.uleb128 0x25
 392 0004 0E       		.uleb128 0xe
 393 0005 13       		.uleb128 0x13
 394 0006 0B       		.uleb128 0xb
 395 0007 03       		.uleb128 0x3
 396 0008 0E       		.uleb128 0xe
 397 0009 1B       		.uleb128 0x1b
 398 000a 0E       		.uleb128 0xe
 399 000b 55       		.uleb128 0x55
 400 000c 17       		.uleb128 0x17
 401 000d 11       		.uleb128 0x11
 402 000e 01       		.uleb128 0x1
 403 000f 10       		.uleb128 0x10
 404 0010 17       		.uleb128 0x17
 405 0011 00       		.byte	0
 406 0012 00       		.byte	0
 407 0013 02       		.uleb128 0x2
 408 0014 24       		.uleb128 0x24
 409 0015 00       		.byte	0
 410 0016 0B       		.uleb128 0xb
 411 0017 0B       		.uleb128 0xb
 412 0018 3E       		.uleb128 0x3e
 413 0019 0B       		.uleb128 0xb
 414 001a 03       		.uleb128 0x3
 415 001b 0E       		.uleb128 0xe
 416 001c 00       		.byte	0
 417 001d 00       		.byte	0
 418 001e 03       		.uleb128 0x3
 419 001f 24       		.uleb128 0x24
 420 0020 00       		.byte	0
 421 0021 0B       		.uleb128 0xb
ARM GAS  C:\Users\KHJTON~1\AppData\Local\Temp\ccMiW0KP.s 			page 18


 422 0022 0B       		.uleb128 0xb
 423 0023 3E       		.uleb128 0x3e
 424 0024 0B       		.uleb128 0xb
 425 0025 03       		.uleb128 0x3
 426 0026 08       		.uleb128 0x8
 427 0027 00       		.byte	0
 428 0028 00       		.byte	0
 429 0029 04       		.uleb128 0x4
 430 002a 16       		.uleb128 0x16
 431 002b 00       		.byte	0
 432 002c 03       		.uleb128 0x3
 433 002d 0E       		.uleb128 0xe
 434 002e 3A       		.uleb128 0x3a
 435 002f 0B       		.uleb128 0xb
 436 0030 3B       		.uleb128 0x3b
 437 0031 0B       		.uleb128 0xb
 438 0032 49       		.uleb128 0x49
 439 0033 13       		.uleb128 0x13
 440 0034 00       		.byte	0
 441 0035 00       		.byte	0
 442 0036 05       		.uleb128 0x5
 443 0037 16       		.uleb128 0x16
 444 0038 00       		.byte	0
 445 0039 03       		.uleb128 0x3
 446 003a 0E       		.uleb128 0xe
 447 003b 3A       		.uleb128 0x3a
 448 003c 0B       		.uleb128 0xb
 449 003d 3B       		.uleb128 0x3b
 450 003e 05       		.uleb128 0x5
 451 003f 49       		.uleb128 0x49
 452 0040 13       		.uleb128 0x13
 453 0041 00       		.byte	0
 454 0042 00       		.byte	0
 455 0043 06       		.uleb128 0x6
 456 0044 35       		.uleb128 0x35
 457 0045 00       		.byte	0
 458 0046 49       		.uleb128 0x49
 459 0047 13       		.uleb128 0x13
 460 0048 00       		.byte	0
 461 0049 00       		.byte	0
 462 004a 07       		.uleb128 0x7
 463 004b 13       		.uleb128 0x13
 464 004c 01       		.byte	0x1
 465 004d 0B       		.uleb128 0xb
 466 004e 0B       		.uleb128 0xb
 467 004f 3A       		.uleb128 0x3a
 468 0050 0B       		.uleb128 0xb
 469 0051 3B       		.uleb128 0x3b
 470 0052 0B       		.uleb128 0xb
 471 0053 01       		.uleb128 0x1
 472 0054 13       		.uleb128 0x13
 473 0055 00       		.byte	0
 474 0056 00       		.byte	0
 475 0057 08       		.uleb128 0x8
 476 0058 0D       		.uleb128 0xd
 477 0059 00       		.byte	0
 478 005a 03       		.uleb128 0x3
ARM GAS  C:\Users\KHJTON~1\AppData\Local\Temp\ccMiW0KP.s 			page 19


 479 005b 0E       		.uleb128 0xe
 480 005c 3A       		.uleb128 0x3a
 481 005d 0B       		.uleb128 0xb
 482 005e 3B       		.uleb128 0x3b
 483 005f 0B       		.uleb128 0xb
 484 0060 49       		.uleb128 0x49
 485 0061 13       		.uleb128 0x13
 486 0062 38       		.uleb128 0x38
 487 0063 0B       		.uleb128 0xb
 488 0064 00       		.byte	0
 489 0065 00       		.byte	0
 490 0066 09       		.uleb128 0x9
 491 0067 01       		.uleb128 0x1
 492 0068 01       		.byte	0x1
 493 0069 49       		.uleb128 0x49
 494 006a 13       		.uleb128 0x13
 495 006b 01       		.uleb128 0x1
 496 006c 13       		.uleb128 0x13
 497 006d 00       		.byte	0
 498 006e 00       		.byte	0
 499 006f 0A       		.uleb128 0xa
 500 0070 21       		.uleb128 0x21
 501 0071 00       		.byte	0
 502 0072 49       		.uleb128 0x49
 503 0073 13       		.uleb128 0x13
 504 0074 2F       		.uleb128 0x2f
 505 0075 0B       		.uleb128 0xb
 506 0076 00       		.byte	0
 507 0077 00       		.byte	0
 508 0078 0B       		.uleb128 0xb
 509 0079 2E       		.uleb128 0x2e
 510 007a 01       		.byte	0x1
 511 007b 3F       		.uleb128 0x3f
 512 007c 19       		.uleb128 0x19
 513 007d 03       		.uleb128 0x3
 514 007e 0E       		.uleb128 0xe
 515 007f 3A       		.uleb128 0x3a
 516 0080 0B       		.uleb128 0xb
 517 0081 3B       		.uleb128 0x3b
 518 0082 05       		.uleb128 0x5
 519 0083 27       		.uleb128 0x27
 520 0084 19       		.uleb128 0x19
 521 0085 11       		.uleb128 0x11
 522 0086 01       		.uleb128 0x1
 523 0087 12       		.uleb128 0x12
 524 0088 06       		.uleb128 0x6
 525 0089 40       		.uleb128 0x40
 526 008a 18       		.uleb128 0x18
 527 008b 9642     		.uleb128 0x2116
 528 008d 19       		.uleb128 0x19
 529 008e 01       		.uleb128 0x1
 530 008f 13       		.uleb128 0x13
 531 0090 00       		.byte	0
 532 0091 00       		.byte	0
 533 0092 0C       		.uleb128 0xc
 534 0093 34       		.uleb128 0x34
 535 0094 00       		.byte	0
ARM GAS  C:\Users\KHJTON~1\AppData\Local\Temp\ccMiW0KP.s 			page 20


 536 0095 03       		.uleb128 0x3
 537 0096 08       		.uleb128 0x8
 538 0097 3A       		.uleb128 0x3a
 539 0098 0B       		.uleb128 0xb
 540 0099 3B       		.uleb128 0x3b
 541 009a 05       		.uleb128 0x5
 542 009b 49       		.uleb128 0x49
 543 009c 13       		.uleb128 0x13
 544 009d 02       		.uleb128 0x2
 545 009e 18       		.uleb128 0x18
 546 009f 00       		.byte	0
 547 00a0 00       		.byte	0
 548 00a1 0D       		.uleb128 0xd
 549 00a2 34       		.uleb128 0x34
 550 00a3 00       		.byte	0
 551 00a4 03       		.uleb128 0x3
 552 00a5 0E       		.uleb128 0xe
 553 00a6 3A       		.uleb128 0x3a
 554 00a7 0B       		.uleb128 0xb
 555 00a8 3B       		.uleb128 0x3b
 556 00a9 05       		.uleb128 0x5
 557 00aa 49       		.uleb128 0x49
 558 00ab 13       		.uleb128 0x13
 559 00ac 02       		.uleb128 0x2
 560 00ad 18       		.uleb128 0x18
 561 00ae 00       		.byte	0
 562 00af 00       		.byte	0
 563 00b0 0E       		.uleb128 0xe
 564 00b1 2E       		.uleb128 0x2e
 565 00b2 00       		.byte	0
 566 00b3 3F       		.uleb128 0x3f
 567 00b4 19       		.uleb128 0x19
 568 00b5 03       		.uleb128 0x3
 569 00b6 0E       		.uleb128 0xe
 570 00b7 3A       		.uleb128 0x3a
 571 00b8 0B       		.uleb128 0xb
 572 00b9 3B       		.uleb128 0x3b
 573 00ba 05       		.uleb128 0x5
 574 00bb 27       		.uleb128 0x27
 575 00bc 19       		.uleb128 0x19
 576 00bd 11       		.uleb128 0x11
 577 00be 01       		.uleb128 0x1
 578 00bf 12       		.uleb128 0x12
 579 00c0 06       		.uleb128 0x6
 580 00c1 40       		.uleb128 0x40
 581 00c2 18       		.uleb128 0x18
 582 00c3 9642     		.uleb128 0x2116
 583 00c5 19       		.uleb128 0x19
 584 00c6 00       		.byte	0
 585 00c7 00       		.byte	0
 586 00c8 00       		.byte	0
 587              		.section	.debug_aranges,"",%progbits
 588 0000 24000000 		.4byte	0x24
 589 0004 0200     		.2byte	0x2
 590 0006 00000000 		.4byte	.Ldebug_info0
 591 000a 04       		.byte	0x4
 592 000b 00       		.byte	0
ARM GAS  C:\Users\KHJTON~1\AppData\Local\Temp\ccMiW0KP.s 			page 21


 593 000c 0000     		.2byte	0
 594 000e 0000     		.2byte	0
 595 0010 00000000 		.4byte	.LFB0
 596 0014 74000000 		.4byte	.LFE0-.LFB0
 597 0018 00000000 		.4byte	.LFB1
 598 001c 1C000000 		.4byte	.LFE1-.LFB1
 599 0020 00000000 		.4byte	0
 600 0024 00000000 		.4byte	0
 601              		.section	.debug_ranges,"",%progbits
 602              	.Ldebug_ranges0:
 603 0000 00000000 		.4byte	.LFB0
 604 0004 74000000 		.4byte	.LFE0
 605 0008 00000000 		.4byte	.LFB1
 606 000c 1C000000 		.4byte	.LFE1
 607 0010 00000000 		.4byte	0
 608 0014 00000000 		.4byte	0
 609              		.section	.debug_line,"",%progbits
 610              	.Ldebug_line0:
 611 0000 91000000 		.section	.debug_str,"MS",%progbits,1
 611      02004F00 
 611      00000201 
 611      FB0E0D00 
 611      01010101 
 612              	.LASF15:
 613 0000 72656731 		.ascii	"reg16\000"
 613      3600
 614              	.LASF28:
 615 0006 73686966 		.ascii	"shift\000"
 615      7400
 616              	.LASF17:
 617 000c 43414E5F 		.ascii	"CAN_DATA_BYTES\000"
 617      44415441 
 617      5F425954 
 617      455300
 618              	.LASF23:
 619 001b 7278616D 		.ascii	"rxamr\000"
 619      7200
 620              	.LASF19:
 621 0021 43414E5F 		.ascii	"CAN_REG_32\000"
 621      5245475F 
 621      333200
 622              	.LASF3:
 623 002c 73686F72 		.ascii	"short unsigned int\000"
 623      7420756E 
 623      7369676E 
 623      65642069 
 623      6E7400
 624              	.LASF18:
 625 003f 62797465 		.ascii	"byte\000"
 625      00
 626              	.LASF22:
 627 0044 72786461 		.ascii	"rxdata\000"
 627      746100
 628              	.LASF26:
 629 004b 72786163 		.ascii	"rxacrd\000"
 629      726400
 630              	.LASF11:
ARM GAS  C:\Users\KHJTON~1\AppData\Local\Temp\ccMiW0KP.s 			page 22


 631 0052 666C6F61 		.ascii	"float\000"
 631      7400
 632              	.LASF1:
 633 0058 756E7369 		.ascii	"unsigned char\000"
 633      676E6564 
 633      20636861 
 633      7200
 634              	.LASF21:
 635 0066 72786964 		.ascii	"rxid\000"
 635      00
 636              	.LASF14:
 637 006b 72656738 		.ascii	"reg8\000"
 637      00
 638              	.LASF20:
 639 0070 7278636D 		.ascii	"rxcmd\000"
 639      6400
 640              	.LASF5:
 641 0076 6C6F6E67 		.ascii	"long unsigned int\000"
 641      20756E73 
 641      69676E65 
 641      6420696E 
 641      7400
 642              	.LASF9:
 643 0088 75696E74 		.ascii	"uint8\000"
 643      3800
 644              	.LASF33:
 645 008e 43414E5F 		.ascii	"CAN_ISR\000"
 645      49535200 
 646              	.LASF12:
 647 0096 646F7562 		.ascii	"double\000"
 647      6C6500
 648              	.LASF10:
 649 009d 75696E74 		.ascii	"uint16\000"
 649      313600
 650              	.LASF32:
 651 00a4 43414E5F 		.ascii	"CAN_MsgRXIsr\000"
 651      4D736752 
 651      58497372 
 651      00
 652              	.LASF8:
 653 00b1 756E7369 		.ascii	"unsigned int\000"
 653      676E6564 
 653      20696E74 
 653      00
 654              	.LASF7:
 655 00be 6C6F6E67 		.ascii	"long long unsigned int\000"
 655      206C6F6E 
 655      6720756E 
 655      7369676E 
 655      65642069 
 656              	.LASF29:
 657 00d5 474E5520 		.ascii	"GNU C 4.8.4 20140526 (release) [ARM/embedded-4_8-br"
 657      4320342E 
 657      382E3420 
 657      32303134 
 657      30353236 
 658 0108 616E6368 		.ascii	"anch revision 211358] -mcpu=cortex-m3 -mthumb -g -O"
ARM GAS  C:\Users\KHJTON~1\AppData\Local\Temp\ccMiW0KP.s 			page 23


 658      20726576 
 658      6973696F 
 658      6E203231 
 658      31333538 
 659 013b 30202D66 		.ascii	"0 -ffunction-sections\000"
 659      66756E63 
 659      74696F6E 
 659      2D736563 
 659      74696F6E 
 660              	.LASF27:
 661 0151 43414E5F 		.ascii	"CAN_RX_STRUCT\000"
 661      52585F53 
 661      54525543 
 661      5400
 662              	.LASF31:
 663 015f 443A5C77 		.ascii	"D:\\workspace\\super-eagle\\Super-Eagle\\Super-Eagl"
 663      6F726B73 
 663      70616365 
 663      5C737570 
 663      65722D65 
 664 018e 652E6379 		.ascii	"e.cydsn\000"
 664      64736E00 
 665              	.LASF16:
 666 0196 73697A65 		.ascii	"sizetype\000"
 666      74797065 
 666      00
 667              	.LASF25:
 668 019f 7278616D 		.ascii	"rxamrd\000"
 668      726400
 669              	.LASF6:
 670 01a6 6C6F6E67 		.ascii	"long long int\000"
 670      206C6F6E 
 670      6720696E 
 670      7400
 671              	.LASF13:
 672 01b4 63686172 		.ascii	"char\000"
 672      00
 673              	.LASF2:
 674 01b9 73686F72 		.ascii	"short int\000"
 674      7420696E 
 674      7400
 675              	.LASF24:
 676 01c3 72786163 		.ascii	"rxacr\000"
 676      7200
 677              	.LASF30:
 678 01c9 2E5C4765 		.ascii	".\\Generated_Source\\PSoC5\\CAN_INT.c\000"
 678      6E657261 
 678      7465645F 
 678      536F7572 
 678      63655C50 
 679              	.LASF4:
 680 01ec 6C6F6E67 		.ascii	"long int\000"
 680      20696E74 
 680      00
 681              	.LASF0:
 682 01f5 7369676E 		.ascii	"signed char\000"
 682      65642063 
ARM GAS  C:\Users\KHJTON~1\AppData\Local\Temp\ccMiW0KP.s 			page 24


 682      68617200 
 683              		.ident	"GCC: (GNU Tools for ARM Embedded Processors) 4.8.4 20140526 (release) [ARM/embedded-4_8-br
