ARM GAS  C:\Users\KHJTON~1\AppData\Local\Temp\ccSzWEeZ.s 			page 1


   1              		.syntax unified
   2              		.cpu cortex-m3
   3              		.fpu softvfp
   4              		.eabi_attribute 20, 1
   5              		.eabi_attribute 21, 1
   6              		.eabi_attribute 23, 3
   7              		.eabi_attribute 24, 1
   8              		.eabi_attribute 25, 1
   9              		.eabi_attribute 26, 1
  10              		.eabi_attribute 30, 6
  11              		.eabi_attribute 34, 1
  12              		.eabi_attribute 18, 4
  13              		.thumb
  14              		.file	"CAN_TX_RX_func.c"
  15              		.text
  16              	.Ltext0:
  17              		.cfi_sections	.debug_frame
  18              		.section	.text.CAN_SendMsg,"ax",%progbits
  19              		.align	2
  20              		.global	CAN_SendMsg
  21              		.thumb
  22              		.thumb_func
  23              		.type	CAN_SendMsg, %function
  24              	CAN_SendMsg:
  25              	.LFB0:
  26              		.file 1 ".\\Generated_Source\\PSoC5\\CAN_TX_RX_func.c"
   1:.\Generated_Source\PSoC5/CAN_TX_RX_func.c **** /*******************************************************************************
   2:.\Generated_Source\PSoC5/CAN_TX_RX_func.c **** * File Name: CAN_TX_RX_func.c
   3:.\Generated_Source\PSoC5/CAN_TX_RX_func.c **** * Version 2.30
   4:.\Generated_Source\PSoC5/CAN_TX_RX_func.c **** *
   5:.\Generated_Source\PSoC5/CAN_TX_RX_func.c **** * Description:
   6:.\Generated_Source\PSoC5/CAN_TX_RX_func.c **** *  There are fucntions process "Full" Receive and Transmit mailboxes:
   7:.\Generated_Source\PSoC5/CAN_TX_RX_func.c **** *     - CAN_SendMsg0-7();
   8:.\Generated_Source\PSoC5/CAN_TX_RX_func.c **** *     - CAN_ReceiveMsg0-15();
   9:.\Generated_Source\PSoC5/CAN_TX_RX_func.c **** *  Transmition of message, and receive routine for "Basic" mailboxes:
  10:.\Generated_Source\PSoC5/CAN_TX_RX_func.c **** *     - CAN_SendMsg();
  11:.\Generated_Source\PSoC5/CAN_TX_RX_func.c **** *     - CAN_TxCancel();
  12:.\Generated_Source\PSoC5/CAN_TX_RX_func.c **** *     - CAN_ReceiveMsg();
  13:.\Generated_Source\PSoC5/CAN_TX_RX_func.c **** *
  14:.\Generated_Source\PSoC5/CAN_TX_RX_func.c **** *  Note:
  15:.\Generated_Source\PSoC5/CAN_TX_RX_func.c **** *   None
  16:.\Generated_Source\PSoC5/CAN_TX_RX_func.c **** *
  17:.\Generated_Source\PSoC5/CAN_TX_RX_func.c **** ********************************************************************************
  18:.\Generated_Source\PSoC5/CAN_TX_RX_func.c **** * Copyright 2008-2012, Cypress Semiconductor Corporation.  All rights reserved.
  19:.\Generated_Source\PSoC5/CAN_TX_RX_func.c **** * You may use this file only in accordance with the license, terms, conditions,
  20:.\Generated_Source\PSoC5/CAN_TX_RX_func.c **** * disclaimers, and limitations in the end user license agreement accompanying
  21:.\Generated_Source\PSoC5/CAN_TX_RX_func.c **** * the software package with which this file was provided.
  22:.\Generated_Source\PSoC5/CAN_TX_RX_func.c **** *******************************************************************************/
  23:.\Generated_Source\PSoC5/CAN_TX_RX_func.c **** 
  24:.\Generated_Source\PSoC5/CAN_TX_RX_func.c **** #include "CAN.h"
  25:.\Generated_Source\PSoC5/CAN_TX_RX_func.c **** 
  26:.\Generated_Source\PSoC5/CAN_TX_RX_func.c **** /* `#START TX_RX_FUNCTION` */
  27:.\Generated_Source\PSoC5/CAN_TX_RX_func.c **** 
  28:.\Generated_Source\PSoC5/CAN_TX_RX_func.c **** /* `#END` */
  29:.\Generated_Source\PSoC5/CAN_TX_RX_func.c **** 
  30:.\Generated_Source\PSoC5/CAN_TX_RX_func.c **** 
  31:.\Generated_Source\PSoC5/CAN_TX_RX_func.c **** /*******************************************************************************
ARM GAS  C:\Users\KHJTON~1\AppData\Local\Temp\ccSzWEeZ.s 			page 2


  32:.\Generated_Source\PSoC5/CAN_TX_RX_func.c **** * FUNCTION NAME:   CAN_SendMsg
  33:.\Generated_Source\PSoC5/CAN_TX_RX_func.c **** ********************************************************************************
  34:.\Generated_Source\PSoC5/CAN_TX_RX_func.c **** *
  35:.\Generated_Source\PSoC5/CAN_TX_RX_func.c **** * Summary:
  36:.\Generated_Source\PSoC5/CAN_TX_RX_func.c **** *  This function Send Message from one of Basic mailboxes. Function loop through
  37:.\Generated_Source\PSoC5/CAN_TX_RX_func.c **** *  the transmit message buffer designed as Basic CAN mailboxes for first free
  38:.\Generated_Source\PSoC5/CAN_TX_RX_func.c **** *  available and send from it. The number of retries is limited.
  39:.\Generated_Source\PSoC5/CAN_TX_RX_func.c **** *
  40:.\Generated_Source\PSoC5/CAN_TX_RX_func.c **** * Parameters:
  41:.\Generated_Source\PSoC5/CAN_TX_RX_func.c **** *  message: Pointer to structure that contain all required data to send message.
  42:.\Generated_Source\PSoC5/CAN_TX_RX_func.c **** *
  43:.\Generated_Source\PSoC5/CAN_TX_RX_func.c **** * Return:
  44:.\Generated_Source\PSoC5/CAN_TX_RX_func.c **** *  Indication if message has been sent.
  45:.\Generated_Source\PSoC5/CAN_TX_RX_func.c **** *   Define                             Description
  46:.\Generated_Source\PSoC5/CAN_TX_RX_func.c **** *    CYRET_SUCCESS                      Function passed successfully
  47:.\Generated_Source\PSoC5/CAN_TX_RX_func.c **** *    CAN_FAIL              Function failed
  48:.\Generated_Source\PSoC5/CAN_TX_RX_func.c **** *
  49:.\Generated_Source\PSoC5/CAN_TX_RX_func.c **** *******************************************************************************/
  50:.\Generated_Source\PSoC5/CAN_TX_RX_func.c **** uint8 CAN_SendMsg(const CAN_TX_MSG *message) 
  51:.\Generated_Source\PSoC5/CAN_TX_RX_func.c **** {
  27              		.loc 1 51 0
  28              		.cfi_startproc
  29              		@ args = 0, pretend = 0, frame = 24
  30              		@ frame_needed = 1, uses_anonymous_args = 0
  31              		@ link register save eliminated.
  32 0000 80B4     		push	{r7}
  33              		.cfi_def_cfa_offset 4
  34              		.cfi_offset 7, -4
  35 0002 87B0     		sub	sp, sp, #28
  36              		.cfi_def_cfa_offset 32
  37 0004 00AF     		add	r7, sp, #0
  38              		.cfi_def_cfa_register 7
  39 0006 7860     		str	r0, [r7, #4]
  52:.\Generated_Source\PSoC5/CAN_TX_RX_func.c ****     uint8 i, j, shift;
  53:.\Generated_Source\PSoC5/CAN_TX_RX_func.c ****     uint8 retry = 0u;
  40              		.loc 1 53 0
  41 0008 0023     		movs	r3, #0
  42 000a 3B75     		strb	r3, [r7, #20]
  54:.\Generated_Source\PSoC5/CAN_TX_RX_func.c ****     uint8 result = CAN_FAIL;
  43              		.loc 1 54 0
  44 000c 0123     		movs	r3, #1
  45 000e FB74     		strb	r3, [r7, #19]
  55:.\Generated_Source\PSoC5/CAN_TX_RX_func.c ****     uint32 regTemp;
  56:.\Generated_Source\PSoC5/CAN_TX_RX_func.c **** 
  57:.\Generated_Source\PSoC5/CAN_TX_RX_func.c ****     while (retry < CAN_RETRY_NUMBER)
  46              		.loc 1 57 0
  47 0010 92E0     		b	.L2
  48              	.L20:
  58:.\Generated_Source\PSoC5/CAN_TX_RX_func.c ****     {
  59:.\Generated_Source\PSoC5/CAN_TX_RX_func.c ****         shift = 1u;
  49              		.loc 1 59 0
  50 0012 0123     		movs	r3, #1
  51 0014 7B75     		strb	r3, [r7, #21]
  60:.\Generated_Source\PSoC5/CAN_TX_RX_func.c ****         for (i = 0u; i < CAN_NUMBER_OF_TX_MAILBOXES; i++)
  52              		.loc 1 60 0
  53 0016 0023     		movs	r3, #0
  54 0018 FB75     		strb	r3, [r7, #23]
ARM GAS  C:\Users\KHJTON~1\AppData\Local\Temp\ccSzWEeZ.s 			page 3


  55 001a 82E0     		b	.L3
  56              	.L17:
  61:.\Generated_Source\PSoC5/CAN_TX_RX_func.c ****         {
  62:.\Generated_Source\PSoC5/CAN_TX_RX_func.c ****             /* Find Basic TX mailboxes */
  63:.\Generated_Source\PSoC5/CAN_TX_RX_func.c ****             if ((CAN_TX_MAILBOX_TYPE & shift) == 0u)
  64:.\Generated_Source\PSoC5/CAN_TX_RX_func.c ****             {
  65:.\Generated_Source\PSoC5/CAN_TX_RX_func.c ****                 /* Find free mailbox */
  66:.\Generated_Source\PSoC5/CAN_TX_RX_func.c ****                 if ((CAN_BUF_SR_REG.byte[2] & shift) == 0u)
  57              		.loc 1 66 0
  58 001c 4C4B     		ldr	r3, .L22
  59 001e 9B78     		ldrb	r3, [r3, #2]
  60 0020 DAB2     		uxtb	r2, r3
  61 0022 7B7D     		ldrb	r3, [r7, #21]
  62 0024 1340     		ands	r3, r3, r2
  63 0026 DBB2     		uxtb	r3, r3
  64 0028 002B     		cmp	r3, #0
  65 002a 70D1     		bne	.L4
  67:.\Generated_Source\PSoC5/CAN_TX_RX_func.c ****                 {
  68:.\Generated_Source\PSoC5/CAN_TX_RX_func.c ****                     regTemp = 0u;
  66              		.loc 1 68 0
  67 002c 0023     		movs	r3, #0
  68 002e FB60     		str	r3, [r7, #12]
  69:.\Generated_Source\PSoC5/CAN_TX_RX_func.c **** 
  70:.\Generated_Source\PSoC5/CAN_TX_RX_func.c ****                     /* Set message parameters */                   
  71:.\Generated_Source\PSoC5/CAN_TX_RX_func.c ****                     if ((message->ide) == CAN_STANDARD_MESSAGE)
  69              		.loc 1 71 0
  70 0030 7B68     		ldr	r3, [r7, #4]
  71 0032 5B79     		ldrb	r3, [r3, #5]	@ zero_extendqisi2
  72 0034 002B     		cmp	r3, #0
  73 0036 09D1     		bne	.L5
  72:.\Generated_Source\PSoC5/CAN_TX_RX_func.c ****                     {
  73:.\Generated_Source\PSoC5/CAN_TX_RX_func.c ****                         CAN_SET_TX_ID_STANDARD_MSG(i, message->id);                        
  74              		.loc 1 73 0
  75 0038 FB7D     		ldrb	r3, [r7, #23]	@ zero_extendqisi2
  76 003a 1A01     		lsls	r2, r3, #4
  77 003c 454B     		ldr	r3, .L22+4
  78 003e 1344     		add	r3, r3, r2
  79 0040 0433     		adds	r3, r3, #4
  80 0042 7A68     		ldr	r2, [r7, #4]
  81 0044 1268     		ldr	r2, [r2]
  82 0046 5205     		lsls	r2, r2, #21
  83 0048 1A60     		str	r2, [r3]
  84 004a 0BE0     		b	.L6
  85              	.L5:
  74:.\Generated_Source\PSoC5/CAN_TX_RX_func.c ****                     }
  75:.\Generated_Source\PSoC5/CAN_TX_RX_func.c ****                     else
  76:.\Generated_Source\PSoC5/CAN_TX_RX_func.c ****                     {
  77:.\Generated_Source\PSoC5/CAN_TX_RX_func.c ****                         regTemp = CAN_TX_IDE_MASK;
  86              		.loc 1 77 0
  87 004c 4FF48013 		mov	r3, #1048576
  88 0050 FB60     		str	r3, [r7, #12]
  78:.\Generated_Source\PSoC5/CAN_TX_RX_func.c ****                         CAN_SET_TX_ID_EXTENDED_MSG(i, message->id);
  89              		.loc 1 78 0
  90 0052 FB7D     		ldrb	r3, [r7, #23]	@ zero_extendqisi2
  91 0054 1A01     		lsls	r2, r3, #4
  92 0056 3F4B     		ldr	r3, .L22+4
  93 0058 1344     		add	r3, r3, r2
ARM GAS  C:\Users\KHJTON~1\AppData\Local\Temp\ccSzWEeZ.s 			page 4


  94 005a 0433     		adds	r3, r3, #4
  95 005c 7A68     		ldr	r2, [r7, #4]
  96 005e 1268     		ldr	r2, [r2]
  97 0060 D200     		lsls	r2, r2, #3
  98 0062 1A60     		str	r2, [r3]
  99              	.L6:
  79:.\Generated_Source\PSoC5/CAN_TX_RX_func.c ****                     }
  80:.\Generated_Source\PSoC5/CAN_TX_RX_func.c ****                     if (message->dlc < CAN_TX_DLC_MAX_VALUE)
 100              		.loc 1 80 0
 101 0064 7B68     		ldr	r3, [r7, #4]
 102 0066 9B79     		ldrb	r3, [r3, #6]	@ zero_extendqisi2
 103 0068 072B     		cmp	r3, #7
 104 006a 06D8     		bhi	.L7
  81:.\Generated_Source\PSoC5/CAN_TX_RX_func.c ****                     {
  82:.\Generated_Source\PSoC5/CAN_TX_RX_func.c ****                         regTemp |= ((uint32) message->dlc) << CAN_TWO_BYTE_OFFSET;
 105              		.loc 1 82 0
 106 006c 7B68     		ldr	r3, [r7, #4]
 107 006e 9B79     		ldrb	r3, [r3, #6]	@ zero_extendqisi2
 108 0070 1B04     		lsls	r3, r3, #16
 109 0072 FA68     		ldr	r2, [r7, #12]
 110 0074 1343     		orrs	r3, r3, r2
 111 0076 FB60     		str	r3, [r7, #12]
 112 0078 03E0     		b	.L8
 113              	.L7:
  83:.\Generated_Source\PSoC5/CAN_TX_RX_func.c ****                     }
  84:.\Generated_Source\PSoC5/CAN_TX_RX_func.c ****                     else
  85:.\Generated_Source\PSoC5/CAN_TX_RX_func.c ****                     {
  86:.\Generated_Source\PSoC5/CAN_TX_RX_func.c ****                         regTemp |= CAN_TX_DLC_UPPER_VALUE;
 114              		.loc 1 86 0
 115 007a FB68     		ldr	r3, [r7, #12]
 116 007c 43F40023 		orr	r3, r3, #524288
 117 0080 FB60     		str	r3, [r7, #12]
 118              	.L8:
  87:.\Generated_Source\PSoC5/CAN_TX_RX_func.c ****                     }
  88:.\Generated_Source\PSoC5/CAN_TX_RX_func.c ****                     if ((message->irq) != CAN_TRANSMIT_INT_DISABLE)
 119              		.loc 1 88 0
 120 0082 7B68     		ldr	r3, [r7, #4]
 121 0084 DB79     		ldrb	r3, [r3, #7]	@ zero_extendqisi2
 122 0086 002B     		cmp	r3, #0
 123 0088 03D0     		beq	.L9
  89:.\Generated_Source\PSoC5/CAN_TX_RX_func.c ****                     {
  90:.\Generated_Source\PSoC5/CAN_TX_RX_func.c ****                         regTemp |= CAN_TX_INT_ENABLE_MASK;    /* Transmit Interrupt Enable */
 124              		.loc 1 90 0
 125 008a FB68     		ldr	r3, [r7, #12]
 126 008c 43F00403 		orr	r3, r3, #4
 127 0090 FB60     		str	r3, [r7, #12]
 128              	.L9:
  91:.\Generated_Source\PSoC5/CAN_TX_RX_func.c ****                     }
  92:.\Generated_Source\PSoC5/CAN_TX_RX_func.c **** 
  93:.\Generated_Source\PSoC5/CAN_TX_RX_func.c ****                     for (j = 0u; (j < message->dlc) && (j < CAN_TX_DLC_MAX_VALUE); j++)
 129              		.loc 1 93 0
 130 0092 0023     		movs	r3, #0
 131 0094 BB75     		strb	r3, [r7, #22]
 132 0096 17E0     		b	.L10
 133              	.L14:
  94:.\Generated_Source\PSoC5/CAN_TX_RX_func.c ****                     {
  95:.\Generated_Source\PSoC5/CAN_TX_RX_func.c ****                         CAN_TX_DATA_BYTE(i, j) = message->msg->byte[j];
ARM GAS  C:\Users\KHJTON~1\AppData\Local\Temp\ccSzWEeZ.s 			page 5


 134              		.loc 1 95 0
 135 0098 FB7D     		ldrb	r3, [r7, #23]	@ zero_extendqisi2
 136 009a 1A01     		lsls	r2, r3, #4
 137 009c 2D4B     		ldr	r3, .L22+4
 138 009e 1344     		add	r3, r3, r2
 139 00a0 BA7D     		ldrb	r2, [r7, #22]	@ zero_extendqisi2
 140 00a2 032A     		cmp	r2, #3
 141 00a4 03D9     		bls	.L11
 142              		.loc 1 95 0 is_stmt 0 discriminator 1
 143 00a6 BA7D     		ldrb	r2, [r7, #22]	@ zero_extendqisi2
 144 00a8 C2F10B02 		rsb	r2, r2, #11
 145 00ac 02E0     		b	.L12
 146              	.L11:
 147              		.loc 1 95 0 discriminator 2
 148 00ae BA7D     		ldrb	r2, [r7, #22]	@ zero_extendqisi2
 149 00b0 C2F10302 		rsb	r2, r2, #3
 150              	.L12:
 151              		.loc 1 95 0 discriminator 3
 152 00b4 7968     		ldr	r1, [r7, #4]
 153 00b6 8868     		ldr	r0, [r1, #8]
 154 00b8 B97D     		ldrb	r1, [r7, #22]	@ zero_extendqisi2
 155 00ba 415C     		ldrb	r1, [r0, r1]	@ zero_extendqisi2
 156 00bc 1344     		add	r3, r3, r2
 157 00be 0A46     		mov	r2, r1
 158 00c0 1A72     		strb	r2, [r3, #8]
  93:.\Generated_Source\PSoC5/CAN_TX_RX_func.c ****                     for (j = 0u; (j < message->dlc) && (j < CAN_TX_DLC_MAX_VALUE); j++)
 159              		.loc 1 93 0 is_stmt 1 discriminator 3
 160 00c2 BB7D     		ldrb	r3, [r7, #22]	@ zero_extendqisi2
 161 00c4 0133     		adds	r3, r3, #1
 162 00c6 BB75     		strb	r3, [r7, #22]
 163              	.L10:
  93:.\Generated_Source\PSoC5/CAN_TX_RX_func.c ****                     for (j = 0u; (j < message->dlc) && (j < CAN_TX_DLC_MAX_VALUE); j++)
 164              		.loc 1 93 0 is_stmt 0 discriminator 1
 165 00c8 7B68     		ldr	r3, [r7, #4]
 166 00ca 9B79     		ldrb	r3, [r3, #6]	@ zero_extendqisi2
 167 00cc BA7D     		ldrb	r2, [r7, #22]	@ zero_extendqisi2
 168 00ce 9A42     		cmp	r2, r3
 169 00d0 02D2     		bcs	.L13
  93:.\Generated_Source\PSoC5/CAN_TX_RX_func.c ****                     for (j = 0u; (j < message->dlc) && (j < CAN_TX_DLC_MAX_VALUE); j++)
 170              		.loc 1 93 0 discriminator 2
 171 00d2 BB7D     		ldrb	r3, [r7, #22]	@ zero_extendqisi2
 172 00d4 072B     		cmp	r3, #7
 173 00d6 DFD9     		bls	.L14
 174              	.L13:
  96:.\Generated_Source\PSoC5/CAN_TX_RX_func.c ****                     }
  97:.\Generated_Source\PSoC5/CAN_TX_RX_func.c ****                     
  98:.\Generated_Source\PSoC5/CAN_TX_RX_func.c ****     /* Disable isr */
  99:.\Generated_Source\PSoC5/CAN_TX_RX_func.c ****     CyIntDisable(CAN_ISR_NUMBER);
 175              		.loc 1 99 0 is_stmt 1
 176 00d8 1F4B     		ldr	r3, .L22+8
 177 00da 4FF48032 		mov	r2, #65536
 178 00de 1A60     		str	r2, [r3]
 100:.\Generated_Source\PSoC5/CAN_TX_RX_func.c **** 
 101:.\Generated_Source\PSoC5/CAN_TX_RX_func.c ****                     /* WPN[23] and WPN[3] set to 1 for write to CAN Control reg */
 102:.\Generated_Source\PSoC5/CAN_TX_RX_func.c ****                     CY_SET_REG32((reg32 *) &CAN_TX[i].txcmd, (regTemp | CAN_TX_WPN_SET));
 179              		.loc 1 102 0
 180 00e0 FB7D     		ldrb	r3, [r7, #23]	@ zero_extendqisi2
ARM GAS  C:\Users\KHJTON~1\AppData\Local\Temp\ccSzWEeZ.s 			page 6


 181 00e2 1A01     		lsls	r2, r3, #4
 182 00e4 1B4B     		ldr	r3, .L22+4
 183 00e6 1344     		add	r3, r3, r2
 184 00e8 1A46     		mov	r2, r3
 185 00ea FB68     		ldr	r3, [r7, #12]
 186 00ec 43F40003 		orr	r3, r3, #8388608
 187 00f0 43F00803 		orr	r3, r3, #8
 188 00f4 1360     		str	r3, [r2]
 103:.\Generated_Source\PSoC5/CAN_TX_RX_func.c ****                     CY_SET_REG32((reg32 *) &CAN_TX[i].txcmd, CAN_SEND_MESSAGE);
 189              		.loc 1 103 0
 190 00f6 FB7D     		ldrb	r3, [r7, #23]	@ zero_extendqisi2
 191 00f8 1A01     		lsls	r2, r3, #4
 192 00fa 164B     		ldr	r3, .L22+4
 193 00fc 1344     		add	r3, r3, r2
 194 00fe 0122     		movs	r2, #1
 195 0100 1A60     		str	r2, [r3]
 104:.\Generated_Source\PSoC5/CAN_TX_RX_func.c ****                     
 105:.\Generated_Source\PSoC5/CAN_TX_RX_func.c ****     /* Enable isr */
 106:.\Generated_Source\PSoC5/CAN_TX_RX_func.c ****     CyIntEnable(CAN_ISR_NUMBER);
 196              		.loc 1 106 0
 197 0102 164B     		ldr	r3, .L22+12
 198 0104 4FF48032 		mov	r2, #65536
 199 0108 1A60     		str	r2, [r3]
 107:.\Generated_Source\PSoC5/CAN_TX_RX_func.c **** 
 108:.\Generated_Source\PSoC5/CAN_TX_RX_func.c ****                     result = CYRET_SUCCESS;
 200              		.loc 1 108 0
 201 010a 0023     		movs	r3, #0
 202 010c FB74     		strb	r3, [r7, #19]
 203              	.L4:
 109:.\Generated_Source\PSoC5/CAN_TX_RX_func.c ****                 }
 110:.\Generated_Source\PSoC5/CAN_TX_RX_func.c ****             }
 111:.\Generated_Source\PSoC5/CAN_TX_RX_func.c ****             shift <<= 1u;
 204              		.loc 1 111 0
 205 010e 7B7D     		ldrb	r3, [r7, #21]
 206 0110 5B00     		lsls	r3, r3, #1
 207 0112 7B75     		strb	r3, [r7, #21]
 112:.\Generated_Source\PSoC5/CAN_TX_RX_func.c ****             if (result == CYRET_SUCCESS)
 208              		.loc 1 112 0
 209 0114 FB7C     		ldrb	r3, [r7, #19]	@ zero_extendqisi2
 210 0116 002B     		cmp	r3, #0
 211 0118 00D1     		bne	.L15
 113:.\Generated_Source\PSoC5/CAN_TX_RX_func.c ****             {
 114:.\Generated_Source\PSoC5/CAN_TX_RX_func.c ****                 break;
 212              		.loc 1 114 0
 213 011a 06E0     		b	.L16
 214              	.L15:
  60:.\Generated_Source\PSoC5/CAN_TX_RX_func.c ****         for (i = 0u; i < CAN_NUMBER_OF_TX_MAILBOXES; i++)
 215              		.loc 1 60 0
 216 011c FB7D     		ldrb	r3, [r7, #23]	@ zero_extendqisi2
 217 011e 0133     		adds	r3, r3, #1
 218 0120 FB75     		strb	r3, [r7, #23]
 219              	.L3:
  60:.\Generated_Source\PSoC5/CAN_TX_RX_func.c ****         for (i = 0u; i < CAN_NUMBER_OF_TX_MAILBOXES; i++)
 220              		.loc 1 60 0 is_stmt 0 discriminator 1
 221 0122 FB7D     		ldrb	r3, [r7, #23]	@ zero_extendqisi2
 222 0124 072B     		cmp	r3, #7
 223 0126 7FF679AF 		bls	.L17
ARM GAS  C:\Users\KHJTON~1\AppData\Local\Temp\ccSzWEeZ.s 			page 7


 224              	.L16:
 115:.\Generated_Source\PSoC5/CAN_TX_RX_func.c ****             }
 116:.\Generated_Source\PSoC5/CAN_TX_RX_func.c ****         }
 117:.\Generated_Source\PSoC5/CAN_TX_RX_func.c ****         if (result == CYRET_SUCCESS)
 225              		.loc 1 117 0 is_stmt 1
 226 012a FB7C     		ldrb	r3, [r7, #19]	@ zero_extendqisi2
 227 012c 002B     		cmp	r3, #0
 228 012e 00D1     		bne	.L18
 118:.\Generated_Source\PSoC5/CAN_TX_RX_func.c ****         {
 119:.\Generated_Source\PSoC5/CAN_TX_RX_func.c ****             break;
 229              		.loc 1 119 0
 230 0130 06E0     		b	.L19
 231              	.L18:
 120:.\Generated_Source\PSoC5/CAN_TX_RX_func.c ****         }
 121:.\Generated_Source\PSoC5/CAN_TX_RX_func.c ****         else
 122:.\Generated_Source\PSoC5/CAN_TX_RX_func.c ****         {
 123:.\Generated_Source\PSoC5/CAN_TX_RX_func.c ****             retry++;
 232              		.loc 1 123 0
 233 0132 3B7D     		ldrb	r3, [r7, #20]	@ zero_extendqisi2
 234 0134 0133     		adds	r3, r3, #1
 235 0136 3B75     		strb	r3, [r7, #20]
 236              	.L2:
  57:.\Generated_Source\PSoC5/CAN_TX_RX_func.c ****     while (retry < CAN_RETRY_NUMBER)
 237              		.loc 1 57 0 discriminator 1
 238 0138 3B7D     		ldrb	r3, [r7, #20]	@ zero_extendqisi2
 239 013a 022B     		cmp	r3, #2
 240 013c 7FF669AF 		bls	.L20
 241              	.L19:
 124:.\Generated_Source\PSoC5/CAN_TX_RX_func.c ****         }
 125:.\Generated_Source\PSoC5/CAN_TX_RX_func.c ****     }
 126:.\Generated_Source\PSoC5/CAN_TX_RX_func.c **** 
 127:.\Generated_Source\PSoC5/CAN_TX_RX_func.c ****     return (result);
 242              		.loc 1 127 0
 243 0140 FB7C     		ldrb	r3, [r7, #19]	@ zero_extendqisi2
 128:.\Generated_Source\PSoC5/CAN_TX_RX_func.c **** }
 244              		.loc 1 128 0
 245 0142 1846     		mov	r0, r3
 246 0144 1C37     		adds	r7, r7, #28
 247 0146 BD46     		mov	sp, r7
 248              		@ sp needed
 249 0148 5DF8047B 		ldr	r7, [sp], #4
 250 014c 7047     		bx	lr
 251              	.L23:
 252 014e 00BF     		.align	2
 253              	.L22:
 254 0150 08A00040 		.word	1073782792
 255 0154 20A00040 		.word	1073782816
 256 0158 80E100E0 		.word	-536813184
 257 015c 00E100E0 		.word	-536813312
 258              		.cfi_endproc
 259              	.LFE0:
 260              		.size	CAN_SendMsg, .-CAN_SendMsg
 261              		.section	.text.CAN_TxCancel,"ax",%progbits
 262              		.align	2
 263              		.global	CAN_TxCancel
 264              		.thumb
 265              		.thumb_func
ARM GAS  C:\Users\KHJTON~1\AppData\Local\Temp\ccSzWEeZ.s 			page 8


 266              		.type	CAN_TxCancel, %function
 267              	CAN_TxCancel:
 268              	.LFB1:
 129:.\Generated_Source\PSoC5/CAN_TX_RX_func.c **** 
 130:.\Generated_Source\PSoC5/CAN_TX_RX_func.c **** 
 131:.\Generated_Source\PSoC5/CAN_TX_RX_func.c **** /*******************************************************************************
 132:.\Generated_Source\PSoC5/CAN_TX_RX_func.c **** * FUNCTION NAME:   CAN_TxCancel
 133:.\Generated_Source\PSoC5/CAN_TX_RX_func.c **** ********************************************************************************
 134:.\Generated_Source\PSoC5/CAN_TX_RX_func.c **** *
 135:.\Generated_Source\PSoC5/CAN_TX_RX_func.c **** * Summary:
 136:.\Generated_Source\PSoC5/CAN_TX_RX_func.c **** *  This function cancel transmission of a message that has been queued for
 137:.\Generated_Source\PSoC5/CAN_TX_RX_func.c **** *  transmitted. Values between 0 and 15 are valid.
 138:.\Generated_Source\PSoC5/CAN_TX_RX_func.c **** *
 139:.\Generated_Source\PSoC5/CAN_TX_RX_func.c **** * Parameters:
 140:.\Generated_Source\PSoC5/CAN_TX_RX_func.c **** *  bufferId: Mailbox number.
 141:.\Generated_Source\PSoC5/CAN_TX_RX_func.c **** *
 142:.\Generated_Source\PSoC5/CAN_TX_RX_func.c **** * Return:
 143:.\Generated_Source\PSoC5/CAN_TX_RX_func.c **** *  None.
 144:.\Generated_Source\PSoC5/CAN_TX_RX_func.c **** *
 145:.\Generated_Source\PSoC5/CAN_TX_RX_func.c **** *******************************************************************************/
 146:.\Generated_Source\PSoC5/CAN_TX_RX_func.c **** void CAN_TxCancel(uint8 bufferId) 
 147:.\Generated_Source\PSoC5/CAN_TX_RX_func.c **** {
 269              		.loc 1 147 0
 270              		.cfi_startproc
 271              		@ args = 0, pretend = 0, frame = 8
 272              		@ frame_needed = 1, uses_anonymous_args = 0
 273              		@ link register save eliminated.
 274 0000 80B4     		push	{r7}
 275              		.cfi_def_cfa_offset 4
 276              		.cfi_offset 7, -4
 277 0002 83B0     		sub	sp, sp, #12
 278              		.cfi_def_cfa_offset 16
 279 0004 00AF     		add	r7, sp, #0
 280              		.cfi_def_cfa_register 7
 281 0006 0346     		mov	r3, r0
 282 0008 FB71     		strb	r3, [r7, #7]
 148:.\Generated_Source\PSoC5/CAN_TX_RX_func.c ****     if (bufferId < CAN_NUMBER_OF_TX_MAILBOXES)
 283              		.loc 1 148 0
 284 000a FB79     		ldrb	r3, [r7, #7]	@ zero_extendqisi2
 285 000c 072B     		cmp	r3, #7
 286 000e 0DD8     		bhi	.L24
 149:.\Generated_Source\PSoC5/CAN_TX_RX_func.c ****     {
 150:.\Generated_Source\PSoC5/CAN_TX_RX_func.c ****         CAN_TX_ABORT_MESSAGE(bufferId);
 287              		.loc 1 150 0
 288 0010 FB79     		ldrb	r3, [r7, #7]	@ zero_extendqisi2
 289 0012 1A01     		lsls	r2, r3, #4
 290 0014 084B     		ldr	r3, .L26
 291 0016 1344     		add	r3, r3, r2
 292 0018 FA79     		ldrb	r2, [r7, #7]	@ zero_extendqisi2
 293 001a 1101     		lsls	r1, r2, #4
 294 001c 064A     		ldr	r2, .L26
 295 001e 0A44     		add	r2, r2, r1
 296 0020 1278     		ldrb	r2, [r2]
 297 0022 D2B2     		uxtb	r2, r2
 298 0024 42F00202 		orr	r2, r2, #2
 299 0028 D2B2     		uxtb	r2, r2
 300 002a 1A70     		strb	r2, [r3]
ARM GAS  C:\Users\KHJTON~1\AppData\Local\Temp\ccSzWEeZ.s 			page 9


 301              	.L24:
 151:.\Generated_Source\PSoC5/CAN_TX_RX_func.c ****     }
 152:.\Generated_Source\PSoC5/CAN_TX_RX_func.c **** }
 302              		.loc 1 152 0
 303 002c 0C37     		adds	r7, r7, #12
 304 002e BD46     		mov	sp, r7
 305              		@ sp needed
 306 0030 5DF8047B 		ldr	r7, [sp], #4
 307 0034 7047     		bx	lr
 308              	.L27:
 309 0036 00BF     		.align	2
 310              	.L26:
 311 0038 20A00040 		.word	1073782816
 312              		.cfi_endproc
 313              	.LFE1:
 314              		.size	CAN_TxCancel, .-CAN_TxCancel
 315              		.section	.text.CAN_ReceiveMsg,"ax",%progbits
 316              		.align	2
 317              		.global	CAN_ReceiveMsg
 318              		.thumb
 319              		.thumb_func
 320              		.type	CAN_ReceiveMsg, %function
 321              	CAN_ReceiveMsg:
 322              	.LFB2:
 153:.\Generated_Source\PSoC5/CAN_TX_RX_func.c **** 
 154:.\Generated_Source\PSoC5/CAN_TX_RX_func.c **** 
 155:.\Generated_Source\PSoC5/CAN_TX_RX_func.c **** #if (CAN_TX0_FUNC_ENABLE)
 156:.\Generated_Source\PSoC5/CAN_TX_RX_func.c ****     /*******************************************************************************
 157:.\Generated_Source\PSoC5/CAN_TX_RX_func.c ****     * FUNCTION NAME:   CAN_SendMsg0
 158:.\Generated_Source\PSoC5/CAN_TX_RX_func.c ****     ********************************************************************************
 159:.\Generated_Source\PSoC5/CAN_TX_RX_func.c ****     *
 160:.\Generated_Source\PSoC5/CAN_TX_RX_func.c ****     * Summary:
 161:.\Generated_Source\PSoC5/CAN_TX_RX_func.c ****     *  This function is entry point to Transmit Message 0. Function check
 162:.\Generated_Source\PSoC5/CAN_TX_RX_func.c ****     *  if mailbox 0 doesn't already have an un-transmitted messages waiting for
 163:.\Generated_Source\PSoC5/CAN_TX_RX_func.c ****     *  arbitration. If not initiate transmission of the message.
 164:.\Generated_Source\PSoC5/CAN_TX_RX_func.c ****     *  Only generated for Transmit mailbox designed as Full.
 165:.\Generated_Source\PSoC5/CAN_TX_RX_func.c ****     *
 166:.\Generated_Source\PSoC5/CAN_TX_RX_func.c ****     * Parameters:
 167:.\Generated_Source\PSoC5/CAN_TX_RX_func.c ****     *  None.
 168:.\Generated_Source\PSoC5/CAN_TX_RX_func.c ****     *
 169:.\Generated_Source\PSoC5/CAN_TX_RX_func.c ****     * Return:
 170:.\Generated_Source\PSoC5/CAN_TX_RX_func.c ****     *  Indication if Message has been sent.
 171:.\Generated_Source\PSoC5/CAN_TX_RX_func.c ****     *   Define                             Description
 172:.\Generated_Source\PSoC5/CAN_TX_RX_func.c ****     *    CYRET_SUCCESS                      Function passed successfully
 173:.\Generated_Source\PSoC5/CAN_TX_RX_func.c ****     *    CAN_FAIL              Function failed
 174:.\Generated_Source\PSoC5/CAN_TX_RX_func.c ****     *
 175:.\Generated_Source\PSoC5/CAN_TX_RX_func.c ****     *******************************************************************************/
 176:.\Generated_Source\PSoC5/CAN_TX_RX_func.c ****     uint8 CAN_SendMsg0(void) 
 177:.\Generated_Source\PSoC5/CAN_TX_RX_func.c ****     {
 178:.\Generated_Source\PSoC5/CAN_TX_RX_func.c ****         uint8 result = CYRET_SUCCESS;
 179:.\Generated_Source\PSoC5/CAN_TX_RX_func.c ****         
 180:.\Generated_Source\PSoC5/CAN_TX_RX_func.c ****         if ((CAN_TX[0u].txcmd.byte[0u] & CAN_TX_REQUEST_PENDING) ==
 181:.\Generated_Source\PSoC5/CAN_TX_RX_func.c ****             CAN_TX_REQUEST_PENDING)
 182:.\Generated_Source\PSoC5/CAN_TX_RX_func.c ****         {
 183:.\Generated_Source\PSoC5/CAN_TX_RX_func.c ****             result = CAN_FAIL;
 184:.\Generated_Source\PSoC5/CAN_TX_RX_func.c ****         }
 185:.\Generated_Source\PSoC5/CAN_TX_RX_func.c ****         else
ARM GAS  C:\Users\KHJTON~1\AppData\Local\Temp\ccSzWEeZ.s 			page 10


 186:.\Generated_Source\PSoC5/CAN_TX_RX_func.c ****         {
 187:.\Generated_Source\PSoC5/CAN_TX_RX_func.c ****             /* `#START MESSAGE_0_TRASMITTED` */
 188:.\Generated_Source\PSoC5/CAN_TX_RX_func.c **** 
 189:.\Generated_Source\PSoC5/CAN_TX_RX_func.c ****             /* `#END` */
 190:.\Generated_Source\PSoC5/CAN_TX_RX_func.c ****             
 191:.\Generated_Source\PSoC5/CAN_TX_RX_func.c ****             CY_SET_REG32((reg32 *) &CAN_TX[0u].txcmd, CAN_SEND_MESSAGE);
 192:.\Generated_Source\PSoC5/CAN_TX_RX_func.c ****         }
 193:.\Generated_Source\PSoC5/CAN_TX_RX_func.c ****     
 194:.\Generated_Source\PSoC5/CAN_TX_RX_func.c ****         return (result);
 195:.\Generated_Source\PSoC5/CAN_TX_RX_func.c ****     }    
 196:.\Generated_Source\PSoC5/CAN_TX_RX_func.c **** #endif /* CAN_TX0_FUNC_ENABLE */
 197:.\Generated_Source\PSoC5/CAN_TX_RX_func.c **** 
 198:.\Generated_Source\PSoC5/CAN_TX_RX_func.c **** 
 199:.\Generated_Source\PSoC5/CAN_TX_RX_func.c **** #if (CAN_TX1_FUNC_ENABLE)
 200:.\Generated_Source\PSoC5/CAN_TX_RX_func.c ****     /*******************************************************************************
 201:.\Generated_Source\PSoC5/CAN_TX_RX_func.c ****     * FUNCTION NAME:   CAN_SendMsg1
 202:.\Generated_Source\PSoC5/CAN_TX_RX_func.c ****     ********************************************************************************
 203:.\Generated_Source\PSoC5/CAN_TX_RX_func.c ****     *
 204:.\Generated_Source\PSoC5/CAN_TX_RX_func.c ****     * Summary:
 205:.\Generated_Source\PSoC5/CAN_TX_RX_func.c ****     *  This function is entry point to Transmit Message 1. Function check
 206:.\Generated_Source\PSoC5/CAN_TX_RX_func.c ****     *  if mailbox 1 doesn't already have an un-transmitted messages waiting for
 207:.\Generated_Source\PSoC5/CAN_TX_RX_func.c ****     *  arbitration. If not initiate transmission of the message.
 208:.\Generated_Source\PSoC5/CAN_TX_RX_func.c ****     *  Only generated for Transmit mailbox designed as Full.
 209:.\Generated_Source\PSoC5/CAN_TX_RX_func.c ****     *
 210:.\Generated_Source\PSoC5/CAN_TX_RX_func.c ****     * Parameters:
 211:.\Generated_Source\PSoC5/CAN_TX_RX_func.c ****     *  None.
 212:.\Generated_Source\PSoC5/CAN_TX_RX_func.c ****     *
 213:.\Generated_Source\PSoC5/CAN_TX_RX_func.c ****     * Return:
 214:.\Generated_Source\PSoC5/CAN_TX_RX_func.c ****     *  Indication if Message has been sent.
 215:.\Generated_Source\PSoC5/CAN_TX_RX_func.c ****     *   Define                             Description
 216:.\Generated_Source\PSoC5/CAN_TX_RX_func.c ****     *    CYRET_SUCCESS                      Function passed successfully
 217:.\Generated_Source\PSoC5/CAN_TX_RX_func.c ****     *    CAN_FAIL              Function failed
 218:.\Generated_Source\PSoC5/CAN_TX_RX_func.c ****     *
 219:.\Generated_Source\PSoC5/CAN_TX_RX_func.c ****     *******************************************************************************/
 220:.\Generated_Source\PSoC5/CAN_TX_RX_func.c ****     uint8 CAN_SendMsg1(void) 
 221:.\Generated_Source\PSoC5/CAN_TX_RX_func.c ****     {
 222:.\Generated_Source\PSoC5/CAN_TX_RX_func.c ****         uint8 result = CYRET_SUCCESS;
 223:.\Generated_Source\PSoC5/CAN_TX_RX_func.c ****         
 224:.\Generated_Source\PSoC5/CAN_TX_RX_func.c ****         if ((CAN_TX[1u].txcmd.byte[0u] & CAN_TX_REQUEST_PENDING) ==
 225:.\Generated_Source\PSoC5/CAN_TX_RX_func.c ****             CAN_TX_REQUEST_PENDING)
 226:.\Generated_Source\PSoC5/CAN_TX_RX_func.c ****         {
 227:.\Generated_Source\PSoC5/CAN_TX_RX_func.c ****             result = CAN_FAIL;
 228:.\Generated_Source\PSoC5/CAN_TX_RX_func.c ****         }
 229:.\Generated_Source\PSoC5/CAN_TX_RX_func.c ****         else
 230:.\Generated_Source\PSoC5/CAN_TX_RX_func.c ****         {
 231:.\Generated_Source\PSoC5/CAN_TX_RX_func.c ****             /* `#START MESSAGE_1_TRASMITTED` */
 232:.\Generated_Source\PSoC5/CAN_TX_RX_func.c **** 
 233:.\Generated_Source\PSoC5/CAN_TX_RX_func.c ****             /* `#END` */
 234:.\Generated_Source\PSoC5/CAN_TX_RX_func.c ****             
 235:.\Generated_Source\PSoC5/CAN_TX_RX_func.c ****             CY_SET_REG32((reg32 *) & CAN_TX[1u].txcmd, CAN_SEND_MESSAGE);
 236:.\Generated_Source\PSoC5/CAN_TX_RX_func.c ****         }
 237:.\Generated_Source\PSoC5/CAN_TX_RX_func.c ****     
 238:.\Generated_Source\PSoC5/CAN_TX_RX_func.c ****         return (result);
 239:.\Generated_Source\PSoC5/CAN_TX_RX_func.c ****     }    
 240:.\Generated_Source\PSoC5/CAN_TX_RX_func.c **** #endif /* CAN_TX1_FUNC_ENABLE */
 241:.\Generated_Source\PSoC5/CAN_TX_RX_func.c **** 
 242:.\Generated_Source\PSoC5/CAN_TX_RX_func.c **** 
ARM GAS  C:\Users\KHJTON~1\AppData\Local\Temp\ccSzWEeZ.s 			page 11


 243:.\Generated_Source\PSoC5/CAN_TX_RX_func.c **** #if (CAN_TX2_FUNC_ENABLE)
 244:.\Generated_Source\PSoC5/CAN_TX_RX_func.c ****     /*******************************************************************************
 245:.\Generated_Source\PSoC5/CAN_TX_RX_func.c ****     * FUNCTION NAME:   CAN_SendMsg2
 246:.\Generated_Source\PSoC5/CAN_TX_RX_func.c ****     ********************************************************************************
 247:.\Generated_Source\PSoC5/CAN_TX_RX_func.c ****     *
 248:.\Generated_Source\PSoC5/CAN_TX_RX_func.c ****     * Summary:
 249:.\Generated_Source\PSoC5/CAN_TX_RX_func.c ****     *  This function is entry point to Transmit Message 2. Function check
 250:.\Generated_Source\PSoC5/CAN_TX_RX_func.c ****     *  if mailbox 2 doesn't already have an un-transmitted messages waiting for
 251:.\Generated_Source\PSoC5/CAN_TX_RX_func.c ****     *  arbitration. If not initiate transmission of the message.
 252:.\Generated_Source\PSoC5/CAN_TX_RX_func.c ****     *  Only generated for Transmit mailbox designed as Full.
 253:.\Generated_Source\PSoC5/CAN_TX_RX_func.c ****     *
 254:.\Generated_Source\PSoC5/CAN_TX_RX_func.c ****     * Parameters:
 255:.\Generated_Source\PSoC5/CAN_TX_RX_func.c ****     *  None.
 256:.\Generated_Source\PSoC5/CAN_TX_RX_func.c ****     *
 257:.\Generated_Source\PSoC5/CAN_TX_RX_func.c ****     * Return:
 258:.\Generated_Source\PSoC5/CAN_TX_RX_func.c ****     *  Indication if Message has been sent.
 259:.\Generated_Source\PSoC5/CAN_TX_RX_func.c ****     *   Define                             Description
 260:.\Generated_Source\PSoC5/CAN_TX_RX_func.c ****     *    CYRET_SUCCESS                      Function passed successfully
 261:.\Generated_Source\PSoC5/CAN_TX_RX_func.c ****     *    CAN_FAIL              Function failed
 262:.\Generated_Source\PSoC5/CAN_TX_RX_func.c ****     *
 263:.\Generated_Source\PSoC5/CAN_TX_RX_func.c ****     *******************************************************************************/
 264:.\Generated_Source\PSoC5/CAN_TX_RX_func.c ****     uint8 CAN_SendMsg2(void) 
 265:.\Generated_Source\PSoC5/CAN_TX_RX_func.c ****     {
 266:.\Generated_Source\PSoC5/CAN_TX_RX_func.c ****         uint8 result = CYRET_SUCCESS;
 267:.\Generated_Source\PSoC5/CAN_TX_RX_func.c ****         
 268:.\Generated_Source\PSoC5/CAN_TX_RX_func.c ****         if ((CAN_TX[2u].txcmd.byte[0u] & CAN_TX_REQUEST_PENDING) ==
 269:.\Generated_Source\PSoC5/CAN_TX_RX_func.c ****             CAN_TX_REQUEST_PENDING)
 270:.\Generated_Source\PSoC5/CAN_TX_RX_func.c ****         {
 271:.\Generated_Source\PSoC5/CAN_TX_RX_func.c ****             result = CAN_FAIL;
 272:.\Generated_Source\PSoC5/CAN_TX_RX_func.c ****         }
 273:.\Generated_Source\PSoC5/CAN_TX_RX_func.c ****         else
 274:.\Generated_Source\PSoC5/CAN_TX_RX_func.c ****         {
 275:.\Generated_Source\PSoC5/CAN_TX_RX_func.c ****             /* `#START MESSAGE_2_TRASMITTED` */
 276:.\Generated_Source\PSoC5/CAN_TX_RX_func.c **** 
 277:.\Generated_Source\PSoC5/CAN_TX_RX_func.c ****             /* `#END` */
 278:.\Generated_Source\PSoC5/CAN_TX_RX_func.c ****             
 279:.\Generated_Source\PSoC5/CAN_TX_RX_func.c ****             CY_SET_REG32((reg32 *) & CAN_TX[2u].txcmd, CAN_SEND_MESSAGE);
 280:.\Generated_Source\PSoC5/CAN_TX_RX_func.c ****         }
 281:.\Generated_Source\PSoC5/CAN_TX_RX_func.c ****     
 282:.\Generated_Source\PSoC5/CAN_TX_RX_func.c ****         return (result);
 283:.\Generated_Source\PSoC5/CAN_TX_RX_func.c ****     }
 284:.\Generated_Source\PSoC5/CAN_TX_RX_func.c **** #endif /* CAN_TX2_FUNC_ENABLE */
 285:.\Generated_Source\PSoC5/CAN_TX_RX_func.c **** 
 286:.\Generated_Source\PSoC5/CAN_TX_RX_func.c **** 
 287:.\Generated_Source\PSoC5/CAN_TX_RX_func.c **** #if (CAN_TX3_FUNC_ENABLE)
 288:.\Generated_Source\PSoC5/CAN_TX_RX_func.c ****     /*******************************************************************************
 289:.\Generated_Source\PSoC5/CAN_TX_RX_func.c ****     * FUNCTION NAME:   CAN_SendMsg3
 290:.\Generated_Source\PSoC5/CAN_TX_RX_func.c ****     ********************************************************************************
 291:.\Generated_Source\PSoC5/CAN_TX_RX_func.c ****     *
 292:.\Generated_Source\PSoC5/CAN_TX_RX_func.c ****     * Summary:
 293:.\Generated_Source\PSoC5/CAN_TX_RX_func.c ****     *  This function is entry point to Transmit Message 3. Function check
 294:.\Generated_Source\PSoC5/CAN_TX_RX_func.c ****     *  if mailbox 3 doesn't already have an un-transmitted messages waiting for
 295:.\Generated_Source\PSoC5/CAN_TX_RX_func.c ****     *  arbitration. If not initiate transmission of the message.
 296:.\Generated_Source\PSoC5/CAN_TX_RX_func.c ****     *  Only generated for Transmit mailbox designed as Full.
 297:.\Generated_Source\PSoC5/CAN_TX_RX_func.c ****     *
 298:.\Generated_Source\PSoC5/CAN_TX_RX_func.c ****     * Parameters:
 299:.\Generated_Source\PSoC5/CAN_TX_RX_func.c ****     *  None.
ARM GAS  C:\Users\KHJTON~1\AppData\Local\Temp\ccSzWEeZ.s 			page 12


 300:.\Generated_Source\PSoC5/CAN_TX_RX_func.c ****     *
 301:.\Generated_Source\PSoC5/CAN_TX_RX_func.c ****     * Return:
 302:.\Generated_Source\PSoC5/CAN_TX_RX_func.c ****     *  Indication if Message has been sent.
 303:.\Generated_Source\PSoC5/CAN_TX_RX_func.c ****     *   Define                             Description
 304:.\Generated_Source\PSoC5/CAN_TX_RX_func.c ****     *    CYRET_SUCCESS                      Function passed successfully
 305:.\Generated_Source\PSoC5/CAN_TX_RX_func.c ****     *    CAN_FAIL              Function failed
 306:.\Generated_Source\PSoC5/CAN_TX_RX_func.c ****     *
 307:.\Generated_Source\PSoC5/CAN_TX_RX_func.c ****     *******************************************************************************/
 308:.\Generated_Source\PSoC5/CAN_TX_RX_func.c ****     uint8 CAN_SendMsg3(void) 
 309:.\Generated_Source\PSoC5/CAN_TX_RX_func.c ****     {
 310:.\Generated_Source\PSoC5/CAN_TX_RX_func.c ****         uint8 result = CYRET_SUCCESS;
 311:.\Generated_Source\PSoC5/CAN_TX_RX_func.c ****         
 312:.\Generated_Source\PSoC5/CAN_TX_RX_func.c ****         if ((CAN_TX[3u].txcmd.byte[0u] & CAN_TX_REQUEST_PENDING) ==
 313:.\Generated_Source\PSoC5/CAN_TX_RX_func.c ****             CAN_TX_REQUEST_PENDING)
 314:.\Generated_Source\PSoC5/CAN_TX_RX_func.c ****         {
 315:.\Generated_Source\PSoC5/CAN_TX_RX_func.c ****             result = CAN_FAIL;
 316:.\Generated_Source\PSoC5/CAN_TX_RX_func.c ****         }
 317:.\Generated_Source\PSoC5/CAN_TX_RX_func.c ****         else
 318:.\Generated_Source\PSoC5/CAN_TX_RX_func.c ****         {
 319:.\Generated_Source\PSoC5/CAN_TX_RX_func.c ****             /* `#START MESSAGE_3_TRASMITTED` */
 320:.\Generated_Source\PSoC5/CAN_TX_RX_func.c **** 
 321:.\Generated_Source\PSoC5/CAN_TX_RX_func.c ****             /* `#END` */
 322:.\Generated_Source\PSoC5/CAN_TX_RX_func.c ****             
 323:.\Generated_Source\PSoC5/CAN_TX_RX_func.c ****             CY_SET_REG32((reg32 *) & CAN_TX[3u].txcmd, CAN_SEND_MESSAGE);
 324:.\Generated_Source\PSoC5/CAN_TX_RX_func.c ****         }
 325:.\Generated_Source\PSoC5/CAN_TX_RX_func.c ****     
 326:.\Generated_Source\PSoC5/CAN_TX_RX_func.c ****         return (result);
 327:.\Generated_Source\PSoC5/CAN_TX_RX_func.c ****     }    
 328:.\Generated_Source\PSoC5/CAN_TX_RX_func.c **** #endif /* CAN_TX3_FUNC_ENABLE */
 329:.\Generated_Source\PSoC5/CAN_TX_RX_func.c **** 
 330:.\Generated_Source\PSoC5/CAN_TX_RX_func.c **** 
 331:.\Generated_Source\PSoC5/CAN_TX_RX_func.c **** #if (CAN_TX4_FUNC_ENABLE)
 332:.\Generated_Source\PSoC5/CAN_TX_RX_func.c ****     /*******************************************************************************
 333:.\Generated_Source\PSoC5/CAN_TX_RX_func.c ****     * FUNCTION NAME:   CAN_SendMsg4
 334:.\Generated_Source\PSoC5/CAN_TX_RX_func.c ****     ********************************************************************************
 335:.\Generated_Source\PSoC5/CAN_TX_RX_func.c ****     *
 336:.\Generated_Source\PSoC5/CAN_TX_RX_func.c ****     * Summary:
 337:.\Generated_Source\PSoC5/CAN_TX_RX_func.c ****     *  This function is entry point to Transmit Message 4. Function check if mailbox
 338:.\Generated_Source\PSoC5/CAN_TX_RX_func.c ****     *  4 doesn't already have an un-transmitted messages waiting for arbitration. 
 339:.\Generated_Source\PSoC5/CAN_TX_RX_func.c ****     *  If not initiate transmission of the message. Only generated for Transmit 
 340:.\Generated_Source\PSoC5/CAN_TX_RX_func.c ****     *  mailbox designed as Full.
 341:.\Generated_Source\PSoC5/CAN_TX_RX_func.c ****     *
 342:.\Generated_Source\PSoC5/CAN_TX_RX_func.c ****     * Parameters:
 343:.\Generated_Source\PSoC5/CAN_TX_RX_func.c ****     *  None.
 344:.\Generated_Source\PSoC5/CAN_TX_RX_func.c ****     *
 345:.\Generated_Source\PSoC5/CAN_TX_RX_func.c ****     * Return:
 346:.\Generated_Source\PSoC5/CAN_TX_RX_func.c ****     *  Indication if Message has been sent.
 347:.\Generated_Source\PSoC5/CAN_TX_RX_func.c ****     *   Define                             Description
 348:.\Generated_Source\PSoC5/CAN_TX_RX_func.c ****     *    CYRET_SUCCESS                      Function passed successfully
 349:.\Generated_Source\PSoC5/CAN_TX_RX_func.c ****     *    CAN_FAIL              Function failed
 350:.\Generated_Source\PSoC5/CAN_TX_RX_func.c ****     *
 351:.\Generated_Source\PSoC5/CAN_TX_RX_func.c ****     *******************************************************************************/
 352:.\Generated_Source\PSoC5/CAN_TX_RX_func.c ****     uint8 CAN_SendMsg4(void) 
 353:.\Generated_Source\PSoC5/CAN_TX_RX_func.c ****     {
 354:.\Generated_Source\PSoC5/CAN_TX_RX_func.c ****         uint8 result = CYRET_SUCCESS;
 355:.\Generated_Source\PSoC5/CAN_TX_RX_func.c ****         
 356:.\Generated_Source\PSoC5/CAN_TX_RX_func.c ****         if ((CAN_TX[4u].txcmd.byte[0u] & CAN_TX_REQUEST_PENDING) ==
ARM GAS  C:\Users\KHJTON~1\AppData\Local\Temp\ccSzWEeZ.s 			page 13


 357:.\Generated_Source\PSoC5/CAN_TX_RX_func.c ****             CAN_TX_REQUEST_PENDING)
 358:.\Generated_Source\PSoC5/CAN_TX_RX_func.c ****         {
 359:.\Generated_Source\PSoC5/CAN_TX_RX_func.c ****             result = CAN_FAIL;
 360:.\Generated_Source\PSoC5/CAN_TX_RX_func.c ****         }
 361:.\Generated_Source\PSoC5/CAN_TX_RX_func.c ****         else
 362:.\Generated_Source\PSoC5/CAN_TX_RX_func.c ****         {
 363:.\Generated_Source\PSoC5/CAN_TX_RX_func.c ****             /* `#START MESSAGE_4_TRASMITTED` */
 364:.\Generated_Source\PSoC5/CAN_TX_RX_func.c **** 
 365:.\Generated_Source\PSoC5/CAN_TX_RX_func.c ****             /* `#END` */
 366:.\Generated_Source\PSoC5/CAN_TX_RX_func.c ****             
 367:.\Generated_Source\PSoC5/CAN_TX_RX_func.c ****             CY_SET_REG32((reg32 *) & CAN_TX[4u].txcmd, CAN_SEND_MESSAGE);
 368:.\Generated_Source\PSoC5/CAN_TX_RX_func.c ****         }
 369:.\Generated_Source\PSoC5/CAN_TX_RX_func.c ****     
 370:.\Generated_Source\PSoC5/CAN_TX_RX_func.c ****         return (result);
 371:.\Generated_Source\PSoC5/CAN_TX_RX_func.c ****     }    
 372:.\Generated_Source\PSoC5/CAN_TX_RX_func.c **** #endif /* CAN_TX4_FUNC_ENABLE */
 373:.\Generated_Source\PSoC5/CAN_TX_RX_func.c **** 
 374:.\Generated_Source\PSoC5/CAN_TX_RX_func.c **** 
 375:.\Generated_Source\PSoC5/CAN_TX_RX_func.c **** #if (CAN_TX5_FUNC_ENABLE)
 376:.\Generated_Source\PSoC5/CAN_TX_RX_func.c ****     /*******************************************************************************
 377:.\Generated_Source\PSoC5/CAN_TX_RX_func.c ****     * FUNCTION NAME:   CAN_SendMsg5
 378:.\Generated_Source\PSoC5/CAN_TX_RX_func.c ****     ********************************************************************************
 379:.\Generated_Source\PSoC5/CAN_TX_RX_func.c ****     *
 380:.\Generated_Source\PSoC5/CAN_TX_RX_func.c ****     * Summary:
 381:.\Generated_Source\PSoC5/CAN_TX_RX_func.c ****     *  This function is entry point to Transmit Message 5. Function check
 382:.\Generated_Source\PSoC5/CAN_TX_RX_func.c ****     *  if mailbox 5 doesn't already have an un-transmitted messages waiting for
 383:.\Generated_Source\PSoC5/CAN_TX_RX_func.c ****     *  arbitration. If not initiate transmission of the message. Only generated for
 384:.\Generated_Source\PSoC5/CAN_TX_RX_func.c ****     *  Transmit mailbox designed as Full.
 385:.\Generated_Source\PSoC5/CAN_TX_RX_func.c ****     *
 386:.\Generated_Source\PSoC5/CAN_TX_RX_func.c ****     * Parameters:
 387:.\Generated_Source\PSoC5/CAN_TX_RX_func.c ****     *  None.
 388:.\Generated_Source\PSoC5/CAN_TX_RX_func.c ****     *
 389:.\Generated_Source\PSoC5/CAN_TX_RX_func.c ****     * Return:
 390:.\Generated_Source\PSoC5/CAN_TX_RX_func.c ****     *  Indication if Message has been sent.
 391:.\Generated_Source\PSoC5/CAN_TX_RX_func.c ****     *   Define                             Description
 392:.\Generated_Source\PSoC5/CAN_TX_RX_func.c ****     *    CYRET_SUCCESS                      Function passed successfully
 393:.\Generated_Source\PSoC5/CAN_TX_RX_func.c ****     *    CAN_FAIL              Function failed
 394:.\Generated_Source\PSoC5/CAN_TX_RX_func.c ****     *
 395:.\Generated_Source\PSoC5/CAN_TX_RX_func.c ****     *******************************************************************************/
 396:.\Generated_Source\PSoC5/CAN_TX_RX_func.c ****     uint8 CAN_SendMsg5(void) 
 397:.\Generated_Source\PSoC5/CAN_TX_RX_func.c ****     {
 398:.\Generated_Source\PSoC5/CAN_TX_RX_func.c ****         uint8 result = CYRET_SUCCESS;
 399:.\Generated_Source\PSoC5/CAN_TX_RX_func.c ****         
 400:.\Generated_Source\PSoC5/CAN_TX_RX_func.c ****         if ((CAN_TX[5u].txcmd.byte[0u] & CAN_TX_REQUEST_PENDING) ==
 401:.\Generated_Source\PSoC5/CAN_TX_RX_func.c ****             CAN_TX_REQUEST_PENDING)
 402:.\Generated_Source\PSoC5/CAN_TX_RX_func.c ****         {
 403:.\Generated_Source\PSoC5/CAN_TX_RX_func.c ****             result = CAN_FAIL;
 404:.\Generated_Source\PSoC5/CAN_TX_RX_func.c ****         }
 405:.\Generated_Source\PSoC5/CAN_TX_RX_func.c ****         else
 406:.\Generated_Source\PSoC5/CAN_TX_RX_func.c ****         {
 407:.\Generated_Source\PSoC5/CAN_TX_RX_func.c ****             /* `#START MESSAGE_5_TRASMITTED` */
 408:.\Generated_Source\PSoC5/CAN_TX_RX_func.c **** 
 409:.\Generated_Source\PSoC5/CAN_TX_RX_func.c ****             /* `#END` */
 410:.\Generated_Source\PSoC5/CAN_TX_RX_func.c ****             
 411:.\Generated_Source\PSoC5/CAN_TX_RX_func.c ****             CY_SET_REG32((reg32 *) & CAN_TX[5u].txcmd, CAN_SEND_MESSAGE);
 412:.\Generated_Source\PSoC5/CAN_TX_RX_func.c ****         }
 413:.\Generated_Source\PSoC5/CAN_TX_RX_func.c ****     
ARM GAS  C:\Users\KHJTON~1\AppData\Local\Temp\ccSzWEeZ.s 			page 14


 414:.\Generated_Source\PSoC5/CAN_TX_RX_func.c ****         return (result);
 415:.\Generated_Source\PSoC5/CAN_TX_RX_func.c ****     }    
 416:.\Generated_Source\PSoC5/CAN_TX_RX_func.c **** #endif /* CAN_TX5_FUNC_ENABLE */
 417:.\Generated_Source\PSoC5/CAN_TX_RX_func.c **** 
 418:.\Generated_Source\PSoC5/CAN_TX_RX_func.c **** 
 419:.\Generated_Source\PSoC5/CAN_TX_RX_func.c **** #if (CAN_TX6_FUNC_ENABLE)
 420:.\Generated_Source\PSoC5/CAN_TX_RX_func.c ****     /*******************************************************************************
 421:.\Generated_Source\PSoC5/CAN_TX_RX_func.c ****     * FUNCTION NAME:   CAN_SendMsg6
 422:.\Generated_Source\PSoC5/CAN_TX_RX_func.c ****     ********************************************************************************
 423:.\Generated_Source\PSoC5/CAN_TX_RX_func.c ****     *
 424:.\Generated_Source\PSoC5/CAN_TX_RX_func.c ****     * Summary:
 425:.\Generated_Source\PSoC5/CAN_TX_RX_func.c ****     *  This function is entry point to Transmit Message 6. Function check
 426:.\Generated_Source\PSoC5/CAN_TX_RX_func.c ****     *  if mailbox 6 doesn't already have an un-transmitted messages waiting for
 427:.\Generated_Source\PSoC5/CAN_TX_RX_func.c ****     *  arbitration. If not initiate transmission of the message. Only generated for
 428:.\Generated_Source\PSoC5/CAN_TX_RX_func.c ****     *  Transmit mailbox designed as Full.
 429:.\Generated_Source\PSoC5/CAN_TX_RX_func.c ****     *
 430:.\Generated_Source\PSoC5/CAN_TX_RX_func.c ****     * Parameters:
 431:.\Generated_Source\PSoC5/CAN_TX_RX_func.c ****     *  None.
 432:.\Generated_Source\PSoC5/CAN_TX_RX_func.c ****     *
 433:.\Generated_Source\PSoC5/CAN_TX_RX_func.c ****     * Return:
 434:.\Generated_Source\PSoC5/CAN_TX_RX_func.c ****     *  Indication if Message has been sent.
 435:.\Generated_Source\PSoC5/CAN_TX_RX_func.c ****     *   Define                             Description
 436:.\Generated_Source\PSoC5/CAN_TX_RX_func.c ****     *    CYRET_SUCCESS                      Function passed successfully
 437:.\Generated_Source\PSoC5/CAN_TX_RX_func.c ****     *    CAN_FAIL              Function failed
 438:.\Generated_Source\PSoC5/CAN_TX_RX_func.c ****     *
 439:.\Generated_Source\PSoC5/CAN_TX_RX_func.c ****     *******************************************************************************/
 440:.\Generated_Source\PSoC5/CAN_TX_RX_func.c ****     uint8 CAN_SendMsg6(void) 
 441:.\Generated_Source\PSoC5/CAN_TX_RX_func.c ****     {
 442:.\Generated_Source\PSoC5/CAN_TX_RX_func.c ****         uint8 result = CYRET_SUCCESS;
 443:.\Generated_Source\PSoC5/CAN_TX_RX_func.c ****         
 444:.\Generated_Source\PSoC5/CAN_TX_RX_func.c ****         if ((CAN_TX[6u].txcmd.byte[0u] & CAN_TX_REQUEST_PENDING) ==
 445:.\Generated_Source\PSoC5/CAN_TX_RX_func.c ****             CAN_TX_REQUEST_PENDING)
 446:.\Generated_Source\PSoC5/CAN_TX_RX_func.c ****         {
 447:.\Generated_Source\PSoC5/CAN_TX_RX_func.c ****             result = CAN_FAIL;
 448:.\Generated_Source\PSoC5/CAN_TX_RX_func.c ****         }
 449:.\Generated_Source\PSoC5/CAN_TX_RX_func.c ****         else
 450:.\Generated_Source\PSoC5/CAN_TX_RX_func.c ****         {
 451:.\Generated_Source\PSoC5/CAN_TX_RX_func.c ****             /* `#START MESSAGE_6_TRASMITTED` */
 452:.\Generated_Source\PSoC5/CAN_TX_RX_func.c **** 
 453:.\Generated_Source\PSoC5/CAN_TX_RX_func.c ****             /* `#END` */
 454:.\Generated_Source\PSoC5/CAN_TX_RX_func.c ****             
 455:.\Generated_Source\PSoC5/CAN_TX_RX_func.c ****             CY_SET_REG32((reg32 *) & CAN_TX[6u].txcmd, CAN_SEND_MESSAGE);
 456:.\Generated_Source\PSoC5/CAN_TX_RX_func.c ****         }
 457:.\Generated_Source\PSoC5/CAN_TX_RX_func.c ****     
 458:.\Generated_Source\PSoC5/CAN_TX_RX_func.c ****         return (result);
 459:.\Generated_Source\PSoC5/CAN_TX_RX_func.c ****     }    
 460:.\Generated_Source\PSoC5/CAN_TX_RX_func.c **** #endif /* CAN_TX6_FUNC_ENABLE */
 461:.\Generated_Source\PSoC5/CAN_TX_RX_func.c **** 
 462:.\Generated_Source\PSoC5/CAN_TX_RX_func.c **** 
 463:.\Generated_Source\PSoC5/CAN_TX_RX_func.c **** #if (CAN_TX7_FUNC_ENABLE)
 464:.\Generated_Source\PSoC5/CAN_TX_RX_func.c ****     /*******************************************************************************
 465:.\Generated_Source\PSoC5/CAN_TX_RX_func.c ****     * FUNCTION NAME:   CAN_SendMsg7)
 466:.\Generated_Source\PSoC5/CAN_TX_RX_func.c ****     ********************************************************************************
 467:.\Generated_Source\PSoC5/CAN_TX_RX_func.c ****     *
 468:.\Generated_Source\PSoC5/CAN_TX_RX_func.c ****     * Summary:
 469:.\Generated_Source\PSoC5/CAN_TX_RX_func.c ****     *  This function is entry point to Transmit Message 7. Function check
 470:.\Generated_Source\PSoC5/CAN_TX_RX_func.c ****     *  if mailbox 7 doesn't already have an un-transmitted messages waiting for
ARM GAS  C:\Users\KHJTON~1\AppData\Local\Temp\ccSzWEeZ.s 			page 15


 471:.\Generated_Source\PSoC5/CAN_TX_RX_func.c ****     *  arbitration. If not initiate transmission of the message. Only generated for
 472:.\Generated_Source\PSoC5/CAN_TX_RX_func.c ****     *  Transmit mailbox designed as Full.
 473:.\Generated_Source\PSoC5/CAN_TX_RX_func.c ****     *
 474:.\Generated_Source\PSoC5/CAN_TX_RX_func.c ****     * Parameters:
 475:.\Generated_Source\PSoC5/CAN_TX_RX_func.c ****     *  None.
 476:.\Generated_Source\PSoC5/CAN_TX_RX_func.c ****     *
 477:.\Generated_Source\PSoC5/CAN_TX_RX_func.c ****     * Return:
 478:.\Generated_Source\PSoC5/CAN_TX_RX_func.c ****     *  Indication if Message has been sent.
 479:.\Generated_Source\PSoC5/CAN_TX_RX_func.c ****     *   Define                             Description
 480:.\Generated_Source\PSoC5/CAN_TX_RX_func.c ****     *    CYRET_SUCCESS                      Function passed successfully
 481:.\Generated_Source\PSoC5/CAN_TX_RX_func.c ****     *    CAN_FAIL              Function failed
 482:.\Generated_Source\PSoC5/CAN_TX_RX_func.c ****     *
 483:.\Generated_Source\PSoC5/CAN_TX_RX_func.c ****     *******************************************************************************/
 484:.\Generated_Source\PSoC5/CAN_TX_RX_func.c ****     uint8 CAN_SendMsg7(void) 
 485:.\Generated_Source\PSoC5/CAN_TX_RX_func.c ****     {
 486:.\Generated_Source\PSoC5/CAN_TX_RX_func.c ****         uint8 result = CYRET_SUCCESS;
 487:.\Generated_Source\PSoC5/CAN_TX_RX_func.c ****         
 488:.\Generated_Source\PSoC5/CAN_TX_RX_func.c ****         if ((CAN_TX[7u].txcmd.byte[0u] & CAN_TX_REQUEST_PENDING) ==
 489:.\Generated_Source\PSoC5/CAN_TX_RX_func.c ****             CAN_TX_REQUEST_PENDING)
 490:.\Generated_Source\PSoC5/CAN_TX_RX_func.c ****         {
 491:.\Generated_Source\PSoC5/CAN_TX_RX_func.c ****             result = CAN_FAIL;
 492:.\Generated_Source\PSoC5/CAN_TX_RX_func.c ****         }
 493:.\Generated_Source\PSoC5/CAN_TX_RX_func.c ****         else
 494:.\Generated_Source\PSoC5/CAN_TX_RX_func.c ****         {
 495:.\Generated_Source\PSoC5/CAN_TX_RX_func.c ****             /* `#START MESSAGE_7_TRASMITTED` */
 496:.\Generated_Source\PSoC5/CAN_TX_RX_func.c **** 
 497:.\Generated_Source\PSoC5/CAN_TX_RX_func.c ****             /* `#END` */
 498:.\Generated_Source\PSoC5/CAN_TX_RX_func.c ****             
 499:.\Generated_Source\PSoC5/CAN_TX_RX_func.c ****             CY_SET_REG32((reg32 *) & CAN_TX[7u].txcmd, CAN_SEND_MESSAGE);
 500:.\Generated_Source\PSoC5/CAN_TX_RX_func.c ****         }
 501:.\Generated_Source\PSoC5/CAN_TX_RX_func.c ****     
 502:.\Generated_Source\PSoC5/CAN_TX_RX_func.c ****         return (result);
 503:.\Generated_Source\PSoC5/CAN_TX_RX_func.c ****     }    
 504:.\Generated_Source\PSoC5/CAN_TX_RX_func.c **** #endif /* CAN_TX7_FUNC_ENABLE */
 505:.\Generated_Source\PSoC5/CAN_TX_RX_func.c **** 
 506:.\Generated_Source\PSoC5/CAN_TX_RX_func.c **** 
 507:.\Generated_Source\PSoC5/CAN_TX_RX_func.c **** /*******************************************************************************
 508:.\Generated_Source\PSoC5/CAN_TX_RX_func.c **** * FUNCTION NAME:   CAN_ReceiveMsg
 509:.\Generated_Source\PSoC5/CAN_TX_RX_func.c **** ********************************************************************************
 510:.\Generated_Source\PSoC5/CAN_TX_RX_func.c **** *
 511:.\Generated_Source\PSoC5/CAN_TX_RX_func.c **** * Summary:
 512:.\Generated_Source\PSoC5/CAN_TX_RX_func.c **** *  This function is entry point to Receive Message Interrupt for Basic 
 513:.\Generated_Source\PSoC5/CAN_TX_RX_func.c **** *  mailboxes. Clears Receive particular Message interrupt flag. Only generated 
 514:.\Generated_Source\PSoC5/CAN_TX_RX_func.c **** *  if one of Receive mailboxes designed as Basic.
 515:.\Generated_Source\PSoC5/CAN_TX_RX_func.c **** *
 516:.\Generated_Source\PSoC5/CAN_TX_RX_func.c **** * Parameters:
 517:.\Generated_Source\PSoC5/CAN_TX_RX_func.c **** *  rxMailbox: Mailbox number that trig Receive Message Interrupt.
 518:.\Generated_Source\PSoC5/CAN_TX_RX_func.c **** *
 519:.\Generated_Source\PSoC5/CAN_TX_RX_func.c **** * Return:
 520:.\Generated_Source\PSoC5/CAN_TX_RX_func.c **** *  None.
 521:.\Generated_Source\PSoC5/CAN_TX_RX_func.c **** *
 522:.\Generated_Source\PSoC5/CAN_TX_RX_func.c **** * Reentrant:
 523:.\Generated_Source\PSoC5/CAN_TX_RX_func.c **** *  Depends on Customer code.
 524:.\Generated_Source\PSoC5/CAN_TX_RX_func.c **** *
 525:.\Generated_Source\PSoC5/CAN_TX_RX_func.c **** *******************************************************************************/
 526:.\Generated_Source\PSoC5/CAN_TX_RX_func.c **** void CAN_ReceiveMsg(uint8 rxMailbox) 
 527:.\Generated_Source\PSoC5/CAN_TX_RX_func.c **** {
ARM GAS  C:\Users\KHJTON~1\AppData\Local\Temp\ccSzWEeZ.s 			page 16


 323              		.loc 1 527 0
 324              		.cfi_startproc
 325              		@ args = 0, pretend = 0, frame = 8
 326              		@ frame_needed = 1, uses_anonymous_args = 0
 327              		@ link register save eliminated.
 328 0000 80B4     		push	{r7}
 329              		.cfi_def_cfa_offset 4
 330              		.cfi_offset 7, -4
 331 0002 83B0     		sub	sp, sp, #12
 332              		.cfi_def_cfa_offset 16
 333 0004 00AF     		add	r7, sp, #0
 334              		.cfi_def_cfa_register 7
 335 0006 0346     		mov	r3, r0
 336 0008 FB71     		strb	r3, [r7, #7]
 528:.\Generated_Source\PSoC5/CAN_TX_RX_func.c ****     if ((CAN_RX[rxMailbox].rxcmd.byte[0u] & CAN_RX_ACK_MSG) == CAN_RX_ACK_MSG)
 337              		.loc 1 528 0
 338 000a FB79     		ldrb	r3, [r7, #7]	@ zero_extendqisi2
 339 000c 5A01     		lsls	r2, r3, #5
 340 000e 0D4B     		ldr	r3, .L30
 341 0010 1344     		add	r3, r3, r2
 342 0012 1B78     		ldrb	r3, [r3]
 343 0014 DBB2     		uxtb	r3, r3
 344 0016 03F00103 		and	r3, r3, #1
 345 001a 002B     		cmp	r3, #0
 346 001c 0DD0     		beq	.L28
 529:.\Generated_Source\PSoC5/CAN_TX_RX_func.c ****     {
 530:.\Generated_Source\PSoC5/CAN_TX_RX_func.c ****         /* `#START MESSAGE_BASIC_RECEIVED` */
 531:.\Generated_Source\PSoC5/CAN_TX_RX_func.c **** 
 532:.\Generated_Source\PSoC5/CAN_TX_RX_func.c ****         /* `#END` */
 533:.\Generated_Source\PSoC5/CAN_TX_RX_func.c ****         
 534:.\Generated_Source\PSoC5/CAN_TX_RX_func.c ****         CAN_RX[rxMailbox].rxcmd.byte[0u] |= CAN_RX_ACK_MSG;
 347              		.loc 1 534 0
 348 001e FB79     		ldrb	r3, [r7, #7]	@ zero_extendqisi2
 349 0020 5A01     		lsls	r2, r3, #5
 350 0022 084B     		ldr	r3, .L30
 351 0024 1344     		add	r3, r3, r2
 352 0026 FA79     		ldrb	r2, [r7, #7]	@ zero_extendqisi2
 353 0028 5101     		lsls	r1, r2, #5
 354 002a 064A     		ldr	r2, .L30
 355 002c 0A44     		add	r2, r2, r1
 356 002e 1278     		ldrb	r2, [r2]
 357 0030 D2B2     		uxtb	r2, r2
 358 0032 42F00102 		orr	r2, r2, #1
 359 0036 D2B2     		uxtb	r2, r2
 360 0038 1A70     		strb	r2, [r3]
 361              	.L28:
 535:.\Generated_Source\PSoC5/CAN_TX_RX_func.c ****     }
 536:.\Generated_Source\PSoC5/CAN_TX_RX_func.c **** }
 362              		.loc 1 536 0
 363 003a 0C37     		adds	r7, r7, #12
 364 003c BD46     		mov	sp, r7
 365              		@ sp needed
 366 003e 5DF8047B 		ldr	r7, [sp], #4
 367 0042 7047     		bx	lr
 368              	.L31:
 369              		.align	2
 370              	.L30:
ARM GAS  C:\Users\KHJTON~1\AppData\Local\Temp\ccSzWEeZ.s 			page 17


 371 0044 A0A00040 		.word	1073782944
 372              		.cfi_endproc
 373              	.LFE2:
 374              		.size	CAN_ReceiveMsg, .-CAN_ReceiveMsg
 375              		.text
 376              	.Letext0:
 377              		.file 2 ".\\Generated_Source\\PSoC5\\cytypes.h"
 378              		.file 3 ".\\Generated_Source\\PSoC5\\CAN.h"
 379              		.section	.debug_info,"",%progbits
 380              	.Ldebug_info0:
 381 0000 20030000 		.4byte	0x320
 382 0004 0400     		.2byte	0x4
 383 0006 00000000 		.4byte	.Ldebug_abbrev0
 384 000a 04       		.byte	0x4
 385 000b 01       		.uleb128 0x1
 386 000c A0000000 		.4byte	.LASF41
 387 0010 01       		.byte	0x1
 388 0011 8D010000 		.4byte	.LASF42
 389 0015 F0010000 		.4byte	.LASF43
 390 0019 00000000 		.4byte	.Ldebug_ranges0+0
 391 001d 00000000 		.4byte	0
 392 0021 00000000 		.4byte	.Ldebug_line0
 393 0025 02       		.uleb128 0x2
 394 0026 01       		.byte	0x1
 395 0027 06       		.byte	0x6
 396 0028 67020000 		.4byte	.LASF0
 397 002c 02       		.uleb128 0x2
 398 002d 01       		.byte	0x1
 399 002e 08       		.byte	0x8
 400 002f 81000000 		.4byte	.LASF1
 401 0033 02       		.uleb128 0x2
 402 0034 02       		.byte	0x2
 403 0035 05       		.byte	0x5
 404 0036 6F010000 		.4byte	.LASF2
 405 003a 02       		.uleb128 0x2
 406 003b 02       		.byte	0x2
 407 003c 07       		.byte	0x7
 408 003d 33000000 		.4byte	.LASF3
 409 0041 02       		.uleb128 0x2
 410 0042 04       		.byte	0x4
 411 0043 05       		.byte	0x5
 412 0044 5E020000 		.4byte	.LASF4
 413 0048 02       		.uleb128 0x2
 414 0049 04       		.byte	0x4
 415 004a 07       		.byte	0x7
 416 004b 1C010000 		.4byte	.LASF5
 417 004f 02       		.uleb128 0x2
 418 0050 08       		.byte	0x8
 419 0051 05       		.byte	0x5
 420 0052 37020000 		.4byte	.LASF6
 421 0056 02       		.uleb128 0x2
 422 0057 08       		.byte	0x8
 423 0058 07       		.byte	0x7
 424 0059 B7010000 		.4byte	.LASF7
 425 005d 03       		.uleb128 0x3
 426 005e 04       		.byte	0x4
 427 005f 05       		.byte	0x5
ARM GAS  C:\Users\KHJTON~1\AppData\Local\Temp\ccSzWEeZ.s 			page 18


 428 0060 696E7400 		.ascii	"int\000"
 429 0064 02       		.uleb128 0x2
 430 0065 04       		.byte	0x4
 431 0066 07       		.byte	0x7
 432 0067 80010000 		.4byte	.LASF8
 433 006b 04       		.uleb128 0x4
 434 006c 2E010000 		.4byte	.LASF9
 435 0070 02       		.byte	0x2
 436 0071 A1       		.byte	0xa1
 437 0072 2C000000 		.4byte	0x2c
 438 0076 04       		.uleb128 0x4
 439 0077 79010000 		.4byte	.LASF10
 440 007b 02       		.byte	0x2
 441 007c A3       		.byte	0xa3
 442 007d 48000000 		.4byte	0x48
 443 0081 02       		.uleb128 0x2
 444 0082 04       		.byte	0x4
 445 0083 04       		.byte	0x4
 446 0084 64000000 		.4byte	.LASF11
 447 0088 02       		.uleb128 0x2
 448 0089 08       		.byte	0x8
 449 008a 04       		.byte	0x4
 450 008b 60010000 		.4byte	.LASF12
 451 008f 02       		.uleb128 0x2
 452 0090 01       		.byte	0x1
 453 0091 08       		.byte	0x8
 454 0092 4C000000 		.4byte	.LASF13
 455 0096 05       		.uleb128 0x5
 456 0097 9B000000 		.4byte	.LASF14
 457 009b 02       		.byte	0x2
 458 009c 4B01     		.2byte	0x14b
 459 009e A2000000 		.4byte	0xa2
 460 00a2 06       		.uleb128 0x6
 461 00a3 6B000000 		.4byte	0x6b
 462 00a7 05       		.uleb128 0x5
 463 00a8 8F000000 		.4byte	.LASF15
 464 00ac 02       		.byte	0x2
 465 00ad 4D01     		.2byte	0x14d
 466 00af B3000000 		.4byte	0xb3
 467 00b3 06       		.uleb128 0x6
 468 00b4 76000000 		.4byte	0x76
 469 00b8 02       		.uleb128 0x2
 470 00b9 04       		.byte	0x4
 471 00ba 07       		.byte	0x7
 472 00bb 27020000 		.4byte	.LASF16
 473 00bf 07       		.uleb128 0x7
 474 00c0 08       		.byte	0x8
 475 00c1 03       		.byte	0x3
 476 00c2 63       		.byte	0x63
 477 00c3 D4000000 		.4byte	0xd4
 478 00c7 08       		.uleb128 0x8
 479 00c8 51000000 		.4byte	.LASF18
 480 00cc 03       		.byte	0x3
 481 00cd 65       		.byte	0x65
 482 00ce D4000000 		.4byte	0xd4
 483 00d2 00       		.byte	0
 484 00d3 00       		.byte	0
ARM GAS  C:\Users\KHJTON~1\AppData\Local\Temp\ccSzWEeZ.s 			page 19


 485 00d4 09       		.uleb128 0x9
 486 00d5 6B000000 		.4byte	0x6b
 487 00d9 E4000000 		.4byte	0xe4
 488 00dd 0A       		.uleb128 0xa
 489 00de B8000000 		.4byte	0xb8
 490 00e2 07       		.byte	0x7
 491 00e3 00       		.byte	0
 492 00e4 04       		.uleb128 0x4
 493 00e5 3A010000 		.4byte	.LASF17
 494 00e9 03       		.byte	0x3
 495 00ea 66       		.byte	0x66
 496 00eb BF000000 		.4byte	0xbf
 497 00ef 07       		.uleb128 0x7
 498 00f0 08       		.byte	0x8
 499 00f1 03       		.byte	0x3
 500 00f2 69       		.byte	0x69
 501 00f3 04010000 		.4byte	0x104
 502 00f7 08       		.uleb128 0x8
 503 00f8 51000000 		.4byte	.LASF18
 504 00fc 03       		.byte	0x3
 505 00fd 6B       		.byte	0x6b
 506 00fe 14010000 		.4byte	0x114
 507 0102 00       		.byte	0
 508 0103 00       		.byte	0
 509 0104 09       		.uleb128 0x9
 510 0105 96000000 		.4byte	0x96
 511 0109 14010000 		.4byte	0x114
 512 010d 0A       		.uleb128 0xa
 513 010e B8000000 		.4byte	0xb8
 514 0112 07       		.byte	0x7
 515 0113 00       		.byte	0
 516 0114 06       		.uleb128 0x6
 517 0115 04010000 		.4byte	0x104
 518 0119 04       		.uleb128 0x4
 519 011a 0E000000 		.4byte	.LASF19
 520 011e 03       		.byte	0x3
 521 011f 6C       		.byte	0x6c
 522 0120 EF000000 		.4byte	0xef
 523 0124 07       		.uleb128 0x7
 524 0125 04       		.byte	0x4
 525 0126 03       		.byte	0x3
 526 0127 6F       		.byte	0x6f
 527 0128 39010000 		.4byte	0x139
 528 012c 08       		.uleb128 0x8
 529 012d 51000000 		.4byte	.LASF18
 530 0131 03       		.byte	0x3
 531 0132 71       		.byte	0x71
 532 0133 49010000 		.4byte	0x149
 533 0137 00       		.byte	0
 534 0138 00       		.byte	0
 535 0139 09       		.uleb128 0x9
 536 013a 96000000 		.4byte	0x96
 537 013e 49010000 		.4byte	0x149
 538 0142 0A       		.uleb128 0xa
 539 0143 B8000000 		.4byte	0xb8
 540 0147 03       		.byte	0x3
 541 0148 00       		.byte	0
ARM GAS  C:\Users\KHJTON~1\AppData\Local\Temp\ccSzWEeZ.s 			page 20


 542 0149 06       		.uleb128 0x6
 543 014a 39010000 		.4byte	0x139
 544 014e 04       		.uleb128 0x4
 545 014f 28000000 		.4byte	.LASF20
 546 0153 03       		.byte	0x3
 547 0154 72       		.byte	0x72
 548 0155 24010000 		.4byte	0x124
 549 0159 07       		.uleb128 0x7
 550 015a 0C       		.byte	0xc
 551 015b 03       		.byte	0x3
 552 015c 75       		.byte	0x75
 553 015d A9010000 		.4byte	0x1a9
 554 0161 0B       		.uleb128 0xb
 555 0162 696400   		.ascii	"id\000"
 556 0165 03       		.byte	0x3
 557 0166 77       		.byte	0x77
 558 0167 76000000 		.4byte	0x76
 559 016b 00       		.byte	0
 560 016c 0B       		.uleb128 0xb
 561 016d 72747200 		.ascii	"rtr\000"
 562 0171 03       		.byte	0x3
 563 0172 78       		.byte	0x78
 564 0173 6B000000 		.4byte	0x6b
 565 0177 04       		.byte	0x4
 566 0178 0B       		.uleb128 0xb
 567 0179 69646500 		.ascii	"ide\000"
 568 017d 03       		.byte	0x3
 569 017e 79       		.byte	0x79
 570 017f 6B000000 		.4byte	0x6b
 571 0183 05       		.byte	0x5
 572 0184 0B       		.uleb128 0xb
 573 0185 646C6300 		.ascii	"dlc\000"
 574 0189 03       		.byte	0x3
 575 018a 7A       		.byte	0x7a
 576 018b 6B000000 		.4byte	0x6b
 577 018f 06       		.byte	0x6
 578 0190 0B       		.uleb128 0xb
 579 0191 69727100 		.ascii	"irq\000"
 580 0195 03       		.byte	0x3
 581 0196 7B       		.byte	0x7b
 582 0197 6B000000 		.4byte	0x6b
 583 019b 07       		.byte	0x7
 584 019c 0B       		.uleb128 0xb
 585 019d 6D736700 		.ascii	"msg\000"
 586 01a1 03       		.byte	0x3
 587 01a2 7C       		.byte	0x7c
 588 01a3 A9010000 		.4byte	0x1a9
 589 01a7 08       		.byte	0x8
 590 01a8 00       		.byte	0
 591 01a9 0C       		.uleb128 0xc
 592 01aa 04       		.byte	0x4
 593 01ab E4000000 		.4byte	0xe4
 594 01af 04       		.uleb128 0x4
 595 01b0 6A000000 		.4byte	.LASF21
 596 01b4 03       		.byte	0x3
 597 01b5 7D       		.byte	0x7d
 598 01b6 59010000 		.4byte	0x159
ARM GAS  C:\Users\KHJTON~1\AppData\Local\Temp\ccSzWEeZ.s 			page 21


 599 01ba 07       		.uleb128 0x7
 600 01bb 20       		.byte	0x20
 601 01bc 03       		.byte	0x3
 602 01bd 91       		.byte	0x91
 603 01be 17020000 		.4byte	0x217
 604 01c2 08       		.uleb128 0x8
 605 01c3 34010000 		.4byte	.LASF22
 606 01c7 03       		.byte	0x3
 607 01c8 93       		.byte	0x93
 608 01c9 4E010000 		.4byte	0x14e
 609 01cd 00       		.byte	0
 610 01ce 08       		.uleb128 0x8
 611 01cf 4D010000 		.4byte	.LASF23
 612 01d3 03       		.byte	0x3
 613 01d4 94       		.byte	0x94
 614 01d5 4E010000 		.4byte	0x14e
 615 01d9 04       		.byte	0x4
 616 01da 08       		.uleb128 0x8
 617 01db 56000000 		.4byte	.LASF24
 618 01df 03       		.byte	0x3
 619 01e0 95       		.byte	0x95
 620 01e1 19010000 		.4byte	0x119
 621 01e5 08       		.byte	0x8
 622 01e6 08       		.uleb128 0x8
 623 01e7 22000000 		.4byte	.LASF25
 624 01eb 03       		.byte	0x3
 625 01ec 96       		.byte	0x96
 626 01ed 4E010000 		.4byte	0x14e
 627 01f1 10       		.byte	0x10
 628 01f2 08       		.uleb128 0x8
 629 01f3 58020000 		.4byte	.LASF26
 630 01f7 03       		.byte	0x3
 631 01f8 97       		.byte	0x97
 632 01f9 4E010000 		.4byte	0x14e
 633 01fd 14       		.byte	0x14
 634 01fe 08       		.uleb128 0x8
 635 01ff 30020000 		.4byte	.LASF27
 636 0203 03       		.byte	0x3
 637 0204 98       		.byte	0x98
 638 0205 4E010000 		.4byte	0x14e
 639 0209 18       		.byte	0x18
 640 020a 08       		.uleb128 0x8
 641 020b 5D000000 		.4byte	.LASF28
 642 020f 03       		.byte	0x3
 643 0210 99       		.byte	0x99
 644 0211 4E010000 		.4byte	0x14e
 645 0215 1C       		.byte	0x1c
 646 0216 00       		.byte	0
 647 0217 04       		.uleb128 0x4
 648 0218 E2010000 		.4byte	.LASF29
 649 021c 03       		.byte	0x3
 650 021d 9A       		.byte	0x9a
 651 021e BA010000 		.4byte	0x1ba
 652 0222 07       		.uleb128 0x7
 653 0223 10       		.byte	0x10
 654 0224 03       		.byte	0x3
 655 0225 9D       		.byte	0x9d
ARM GAS  C:\Users\KHJTON~1\AppData\Local\Temp\ccSzWEeZ.s 			page 22


 656 0226 4F020000 		.4byte	0x24f
 657 022a 08       		.uleb128 0x8
 658 022b 46000000 		.4byte	.LASF30
 659 022f 03       		.byte	0x3
 660 0230 9F       		.byte	0x9f
 661 0231 4E010000 		.4byte	0x14e
 662 0235 00       		.byte	0
 663 0236 08       		.uleb128 0x8
 664 0237 1D000000 		.4byte	.LASF31
 665 023b 03       		.byte	0x3
 666 023c A0       		.byte	0xa0
 667 023d 4E010000 		.4byte	0x14e
 668 0241 04       		.byte	0x4
 669 0242 08       		.uleb128 0x8
 670 0243 73020000 		.4byte	.LASF32
 671 0247 03       		.byte	0x3
 672 0248 A1       		.byte	0xa1
 673 0249 19010000 		.4byte	0x119
 674 024d 08       		.byte	0x8
 675 024e 00       		.byte	0
 676 024f 04       		.uleb128 0x4
 677 0250 52010000 		.4byte	.LASF33
 678 0254 03       		.byte	0x3
 679 0255 A2       		.byte	0xa2
 680 0256 22020000 		.4byte	0x222
 681 025a 0D       		.uleb128 0xd
 682 025b 75000000 		.4byte	.LASF44
 683 025f 01       		.byte	0x1
 684 0260 32       		.byte	0x32
 685 0261 6B000000 		.4byte	0x6b
 686 0265 00000000 		.4byte	.LFB0
 687 0269 60010000 		.4byte	.LFE0-.LFB0
 688 026d 01       		.uleb128 0x1
 689 026e 9C       		.byte	0x9c
 690 026f D2020000 		.4byte	0x2d2
 691 0273 0E       		.uleb128 0xe
 692 0274 00000000 		.4byte	.LASF38
 693 0278 01       		.byte	0x1
 694 0279 32       		.byte	0x32
 695 027a D2020000 		.4byte	0x2d2
 696 027e 02       		.uleb128 0x2
 697 027f 91       		.byte	0x91
 698 0280 64       		.sleb128 -28
 699 0281 0F       		.uleb128 0xf
 700 0282 6900     		.ascii	"i\000"
 701 0284 01       		.byte	0x1
 702 0285 34       		.byte	0x34
 703 0286 6B000000 		.4byte	0x6b
 704 028a 02       		.uleb128 0x2
 705 028b 91       		.byte	0x91
 706 028c 77       		.sleb128 -9
 707 028d 0F       		.uleb128 0xf
 708 028e 6A00     		.ascii	"j\000"
 709 0290 01       		.byte	0x1
 710 0291 34       		.byte	0x34
 711 0292 6B000000 		.4byte	0x6b
 712 0296 02       		.uleb128 0x2
ARM GAS  C:\Users\KHJTON~1\AppData\Local\Temp\ccSzWEeZ.s 			page 23


 713 0297 91       		.byte	0x91
 714 0298 76       		.sleb128 -10
 715 0299 10       		.uleb128 0x10
 716 029a 08000000 		.4byte	.LASF34
 717 029e 01       		.byte	0x1
 718 029f 34       		.byte	0x34
 719 02a0 6B000000 		.4byte	0x6b
 720 02a4 02       		.uleb128 0x2
 721 02a5 91       		.byte	0x91
 722 02a6 75       		.sleb128 -11
 723 02a7 10       		.uleb128 0x10
 724 02a8 95000000 		.4byte	.LASF35
 725 02ac 01       		.byte	0x1
 726 02ad 35       		.byte	0x35
 727 02ae 6B000000 		.4byte	0x6b
 728 02b2 02       		.uleb128 0x2
 729 02b3 91       		.byte	0x91
 730 02b4 74       		.sleb128 -12
 731 02b5 10       		.uleb128 0x10
 732 02b6 CE010000 		.4byte	.LASF36
 733 02ba 01       		.byte	0x1
 734 02bb 36       		.byte	0x36
 735 02bc 6B000000 		.4byte	0x6b
 736 02c0 02       		.uleb128 0x2
 737 02c1 91       		.byte	0x91
 738 02c2 73       		.sleb128 -13
 739 02c3 10       		.uleb128 0x10
 740 02c4 67010000 		.4byte	.LASF37
 741 02c8 01       		.byte	0x1
 742 02c9 37       		.byte	0x37
 743 02ca 76000000 		.4byte	0x76
 744 02ce 02       		.uleb128 0x2
 745 02cf 91       		.byte	0x91
 746 02d0 6C       		.sleb128 -20
 747 02d1 00       		.byte	0
 748 02d2 0C       		.uleb128 0xc
 749 02d3 04       		.byte	0x4
 750 02d4 D8020000 		.4byte	0x2d8
 751 02d8 11       		.uleb128 0x11
 752 02d9 AF010000 		.4byte	0x1af
 753 02dd 12       		.uleb128 0x12
 754 02de D5010000 		.4byte	.LASF45
 755 02e2 01       		.byte	0x1
 756 02e3 92       		.byte	0x92
 757 02e4 00000000 		.4byte	.LFB1
 758 02e8 3C000000 		.4byte	.LFE1-.LFB1
 759 02ec 01       		.uleb128 0x1
 760 02ed 9C       		.byte	0x9c
 761 02ee 01030000 		.4byte	0x301
 762 02f2 0E       		.uleb128 0xe
 763 02f3 45020000 		.4byte	.LASF39
 764 02f7 01       		.byte	0x1
 765 02f8 92       		.byte	0x92
 766 02f9 6B000000 		.4byte	0x6b
 767 02fd 02       		.uleb128 0x2
 768 02fe 91       		.byte	0x91
 769 02ff 77       		.sleb128 -9
ARM GAS  C:\Users\KHJTON~1\AppData\Local\Temp\ccSzWEeZ.s 			page 24


 770 0300 00       		.byte	0
 771 0301 13       		.uleb128 0x13
 772 0302 7A020000 		.4byte	.LASF46
 773 0306 01       		.byte	0x1
 774 0307 0E02     		.2byte	0x20e
 775 0309 00000000 		.4byte	.LFB2
 776 030d 48000000 		.4byte	.LFE2-.LFB2
 777 0311 01       		.uleb128 0x1
 778 0312 9C       		.byte	0x9c
 779 0313 14       		.uleb128 0x14
 780 0314 4E020000 		.4byte	.LASF40
 781 0318 01       		.byte	0x1
 782 0319 0E02     		.2byte	0x20e
 783 031b 6B000000 		.4byte	0x6b
 784 031f 02       		.uleb128 0x2
 785 0320 91       		.byte	0x91
 786 0321 77       		.sleb128 -9
 787 0322 00       		.byte	0
 788 0323 00       		.byte	0
 789              		.section	.debug_abbrev,"",%progbits
 790              	.Ldebug_abbrev0:
 791 0000 01       		.uleb128 0x1
 792 0001 11       		.uleb128 0x11
 793 0002 01       		.byte	0x1
 794 0003 25       		.uleb128 0x25
 795 0004 0E       		.uleb128 0xe
 796 0005 13       		.uleb128 0x13
 797 0006 0B       		.uleb128 0xb
 798 0007 03       		.uleb128 0x3
 799 0008 0E       		.uleb128 0xe
 800 0009 1B       		.uleb128 0x1b
 801 000a 0E       		.uleb128 0xe
 802 000b 55       		.uleb128 0x55
 803 000c 17       		.uleb128 0x17
 804 000d 11       		.uleb128 0x11
 805 000e 01       		.uleb128 0x1
 806 000f 10       		.uleb128 0x10
 807 0010 17       		.uleb128 0x17
 808 0011 00       		.byte	0
 809 0012 00       		.byte	0
 810 0013 02       		.uleb128 0x2
 811 0014 24       		.uleb128 0x24
 812 0015 00       		.byte	0
 813 0016 0B       		.uleb128 0xb
 814 0017 0B       		.uleb128 0xb
 815 0018 3E       		.uleb128 0x3e
 816 0019 0B       		.uleb128 0xb
 817 001a 03       		.uleb128 0x3
 818 001b 0E       		.uleb128 0xe
 819 001c 00       		.byte	0
 820 001d 00       		.byte	0
 821 001e 03       		.uleb128 0x3
 822 001f 24       		.uleb128 0x24
 823 0020 00       		.byte	0
 824 0021 0B       		.uleb128 0xb
 825 0022 0B       		.uleb128 0xb
 826 0023 3E       		.uleb128 0x3e
ARM GAS  C:\Users\KHJTON~1\AppData\Local\Temp\ccSzWEeZ.s 			page 25


 827 0024 0B       		.uleb128 0xb
 828 0025 03       		.uleb128 0x3
 829 0026 08       		.uleb128 0x8
 830 0027 00       		.byte	0
 831 0028 00       		.byte	0
 832 0029 04       		.uleb128 0x4
 833 002a 16       		.uleb128 0x16
 834 002b 00       		.byte	0
 835 002c 03       		.uleb128 0x3
 836 002d 0E       		.uleb128 0xe
 837 002e 3A       		.uleb128 0x3a
 838 002f 0B       		.uleb128 0xb
 839 0030 3B       		.uleb128 0x3b
 840 0031 0B       		.uleb128 0xb
 841 0032 49       		.uleb128 0x49
 842 0033 13       		.uleb128 0x13
 843 0034 00       		.byte	0
 844 0035 00       		.byte	0
 845 0036 05       		.uleb128 0x5
 846 0037 16       		.uleb128 0x16
 847 0038 00       		.byte	0
 848 0039 03       		.uleb128 0x3
 849 003a 0E       		.uleb128 0xe
 850 003b 3A       		.uleb128 0x3a
 851 003c 0B       		.uleb128 0xb
 852 003d 3B       		.uleb128 0x3b
 853 003e 05       		.uleb128 0x5
 854 003f 49       		.uleb128 0x49
 855 0040 13       		.uleb128 0x13
 856 0041 00       		.byte	0
 857 0042 00       		.byte	0
 858 0043 06       		.uleb128 0x6
 859 0044 35       		.uleb128 0x35
 860 0045 00       		.byte	0
 861 0046 49       		.uleb128 0x49
 862 0047 13       		.uleb128 0x13
 863 0048 00       		.byte	0
 864 0049 00       		.byte	0
 865 004a 07       		.uleb128 0x7
 866 004b 13       		.uleb128 0x13
 867 004c 01       		.byte	0x1
 868 004d 0B       		.uleb128 0xb
 869 004e 0B       		.uleb128 0xb
 870 004f 3A       		.uleb128 0x3a
 871 0050 0B       		.uleb128 0xb
 872 0051 3B       		.uleb128 0x3b
 873 0052 0B       		.uleb128 0xb
 874 0053 01       		.uleb128 0x1
 875 0054 13       		.uleb128 0x13
 876 0055 00       		.byte	0
 877 0056 00       		.byte	0
 878 0057 08       		.uleb128 0x8
 879 0058 0D       		.uleb128 0xd
 880 0059 00       		.byte	0
 881 005a 03       		.uleb128 0x3
 882 005b 0E       		.uleb128 0xe
 883 005c 3A       		.uleb128 0x3a
ARM GAS  C:\Users\KHJTON~1\AppData\Local\Temp\ccSzWEeZ.s 			page 26


 884 005d 0B       		.uleb128 0xb
 885 005e 3B       		.uleb128 0x3b
 886 005f 0B       		.uleb128 0xb
 887 0060 49       		.uleb128 0x49
 888 0061 13       		.uleb128 0x13
 889 0062 38       		.uleb128 0x38
 890 0063 0B       		.uleb128 0xb
 891 0064 00       		.byte	0
 892 0065 00       		.byte	0
 893 0066 09       		.uleb128 0x9
 894 0067 01       		.uleb128 0x1
 895 0068 01       		.byte	0x1
 896 0069 49       		.uleb128 0x49
 897 006a 13       		.uleb128 0x13
 898 006b 01       		.uleb128 0x1
 899 006c 13       		.uleb128 0x13
 900 006d 00       		.byte	0
 901 006e 00       		.byte	0
 902 006f 0A       		.uleb128 0xa
 903 0070 21       		.uleb128 0x21
 904 0071 00       		.byte	0
 905 0072 49       		.uleb128 0x49
 906 0073 13       		.uleb128 0x13
 907 0074 2F       		.uleb128 0x2f
 908 0075 0B       		.uleb128 0xb
 909 0076 00       		.byte	0
 910 0077 00       		.byte	0
 911 0078 0B       		.uleb128 0xb
 912 0079 0D       		.uleb128 0xd
 913 007a 00       		.byte	0
 914 007b 03       		.uleb128 0x3
 915 007c 08       		.uleb128 0x8
 916 007d 3A       		.uleb128 0x3a
 917 007e 0B       		.uleb128 0xb
 918 007f 3B       		.uleb128 0x3b
 919 0080 0B       		.uleb128 0xb
 920 0081 49       		.uleb128 0x49
 921 0082 13       		.uleb128 0x13
 922 0083 38       		.uleb128 0x38
 923 0084 0B       		.uleb128 0xb
 924 0085 00       		.byte	0
 925 0086 00       		.byte	0
 926 0087 0C       		.uleb128 0xc
 927 0088 0F       		.uleb128 0xf
 928 0089 00       		.byte	0
 929 008a 0B       		.uleb128 0xb
 930 008b 0B       		.uleb128 0xb
 931 008c 49       		.uleb128 0x49
 932 008d 13       		.uleb128 0x13
 933 008e 00       		.byte	0
 934 008f 00       		.byte	0
 935 0090 0D       		.uleb128 0xd
 936 0091 2E       		.uleb128 0x2e
 937 0092 01       		.byte	0x1
 938 0093 3F       		.uleb128 0x3f
 939 0094 19       		.uleb128 0x19
 940 0095 03       		.uleb128 0x3
ARM GAS  C:\Users\KHJTON~1\AppData\Local\Temp\ccSzWEeZ.s 			page 27


 941 0096 0E       		.uleb128 0xe
 942 0097 3A       		.uleb128 0x3a
 943 0098 0B       		.uleb128 0xb
 944 0099 3B       		.uleb128 0x3b
 945 009a 0B       		.uleb128 0xb
 946 009b 27       		.uleb128 0x27
 947 009c 19       		.uleb128 0x19
 948 009d 49       		.uleb128 0x49
 949 009e 13       		.uleb128 0x13
 950 009f 11       		.uleb128 0x11
 951 00a0 01       		.uleb128 0x1
 952 00a1 12       		.uleb128 0x12
 953 00a2 06       		.uleb128 0x6
 954 00a3 40       		.uleb128 0x40
 955 00a4 18       		.uleb128 0x18
 956 00a5 9742     		.uleb128 0x2117
 957 00a7 19       		.uleb128 0x19
 958 00a8 01       		.uleb128 0x1
 959 00a9 13       		.uleb128 0x13
 960 00aa 00       		.byte	0
 961 00ab 00       		.byte	0
 962 00ac 0E       		.uleb128 0xe
 963 00ad 05       		.uleb128 0x5
 964 00ae 00       		.byte	0
 965 00af 03       		.uleb128 0x3
 966 00b0 0E       		.uleb128 0xe
 967 00b1 3A       		.uleb128 0x3a
 968 00b2 0B       		.uleb128 0xb
 969 00b3 3B       		.uleb128 0x3b
 970 00b4 0B       		.uleb128 0xb
 971 00b5 49       		.uleb128 0x49
 972 00b6 13       		.uleb128 0x13
 973 00b7 02       		.uleb128 0x2
 974 00b8 18       		.uleb128 0x18
 975 00b9 00       		.byte	0
 976 00ba 00       		.byte	0
 977 00bb 0F       		.uleb128 0xf
 978 00bc 34       		.uleb128 0x34
 979 00bd 00       		.byte	0
 980 00be 03       		.uleb128 0x3
 981 00bf 08       		.uleb128 0x8
 982 00c0 3A       		.uleb128 0x3a
 983 00c1 0B       		.uleb128 0xb
 984 00c2 3B       		.uleb128 0x3b
 985 00c3 0B       		.uleb128 0xb
 986 00c4 49       		.uleb128 0x49
 987 00c5 13       		.uleb128 0x13
 988 00c6 02       		.uleb128 0x2
 989 00c7 18       		.uleb128 0x18
 990 00c8 00       		.byte	0
 991 00c9 00       		.byte	0
 992 00ca 10       		.uleb128 0x10
 993 00cb 34       		.uleb128 0x34
 994 00cc 00       		.byte	0
 995 00cd 03       		.uleb128 0x3
 996 00ce 0E       		.uleb128 0xe
 997 00cf 3A       		.uleb128 0x3a
ARM GAS  C:\Users\KHJTON~1\AppData\Local\Temp\ccSzWEeZ.s 			page 28


 998 00d0 0B       		.uleb128 0xb
 999 00d1 3B       		.uleb128 0x3b
 1000 00d2 0B       		.uleb128 0xb
 1001 00d3 49       		.uleb128 0x49
 1002 00d4 13       		.uleb128 0x13
 1003 00d5 02       		.uleb128 0x2
 1004 00d6 18       		.uleb128 0x18
 1005 00d7 00       		.byte	0
 1006 00d8 00       		.byte	0
 1007 00d9 11       		.uleb128 0x11
 1008 00da 26       		.uleb128 0x26
 1009 00db 00       		.byte	0
 1010 00dc 49       		.uleb128 0x49
 1011 00dd 13       		.uleb128 0x13
 1012 00de 00       		.byte	0
 1013 00df 00       		.byte	0
 1014 00e0 12       		.uleb128 0x12
 1015 00e1 2E       		.uleb128 0x2e
 1016 00e2 01       		.byte	0x1
 1017 00e3 3F       		.uleb128 0x3f
 1018 00e4 19       		.uleb128 0x19
 1019 00e5 03       		.uleb128 0x3
 1020 00e6 0E       		.uleb128 0xe
 1021 00e7 3A       		.uleb128 0x3a
 1022 00e8 0B       		.uleb128 0xb
 1023 00e9 3B       		.uleb128 0x3b
 1024 00ea 0B       		.uleb128 0xb
 1025 00eb 27       		.uleb128 0x27
 1026 00ec 19       		.uleb128 0x19
 1027 00ed 11       		.uleb128 0x11
 1028 00ee 01       		.uleb128 0x1
 1029 00ef 12       		.uleb128 0x12
 1030 00f0 06       		.uleb128 0x6
 1031 00f1 40       		.uleb128 0x40
 1032 00f2 18       		.uleb128 0x18
 1033 00f3 9742     		.uleb128 0x2117
 1034 00f5 19       		.uleb128 0x19
 1035 00f6 01       		.uleb128 0x1
 1036 00f7 13       		.uleb128 0x13
 1037 00f8 00       		.byte	0
 1038 00f9 00       		.byte	0
 1039 00fa 13       		.uleb128 0x13
 1040 00fb 2E       		.uleb128 0x2e
 1041 00fc 01       		.byte	0x1
 1042 00fd 3F       		.uleb128 0x3f
 1043 00fe 19       		.uleb128 0x19
 1044 00ff 03       		.uleb128 0x3
 1045 0100 0E       		.uleb128 0xe
 1046 0101 3A       		.uleb128 0x3a
 1047 0102 0B       		.uleb128 0xb
 1048 0103 3B       		.uleb128 0x3b
 1049 0104 05       		.uleb128 0x5
 1050 0105 27       		.uleb128 0x27
 1051 0106 19       		.uleb128 0x19
 1052 0107 11       		.uleb128 0x11
 1053 0108 01       		.uleb128 0x1
 1054 0109 12       		.uleb128 0x12
ARM GAS  C:\Users\KHJTON~1\AppData\Local\Temp\ccSzWEeZ.s 			page 29


 1055 010a 06       		.uleb128 0x6
 1056 010b 40       		.uleb128 0x40
 1057 010c 18       		.uleb128 0x18
 1058 010d 9742     		.uleb128 0x2117
 1059 010f 19       		.uleb128 0x19
 1060 0110 00       		.byte	0
 1061 0111 00       		.byte	0
 1062 0112 14       		.uleb128 0x14
 1063 0113 05       		.uleb128 0x5
 1064 0114 00       		.byte	0
 1065 0115 03       		.uleb128 0x3
 1066 0116 0E       		.uleb128 0xe
 1067 0117 3A       		.uleb128 0x3a
 1068 0118 0B       		.uleb128 0xb
 1069 0119 3B       		.uleb128 0x3b
 1070 011a 05       		.uleb128 0x5
 1071 011b 49       		.uleb128 0x49
 1072 011c 13       		.uleb128 0x13
 1073 011d 02       		.uleb128 0x2
 1074 011e 18       		.uleb128 0x18
 1075 011f 00       		.byte	0
 1076 0120 00       		.byte	0
 1077 0121 00       		.byte	0
 1078              		.section	.debug_aranges,"",%progbits
 1079 0000 2C000000 		.4byte	0x2c
 1080 0004 0200     		.2byte	0x2
 1081 0006 00000000 		.4byte	.Ldebug_info0
 1082 000a 04       		.byte	0x4
 1083 000b 00       		.byte	0
 1084 000c 0000     		.2byte	0
 1085 000e 0000     		.2byte	0
 1086 0010 00000000 		.4byte	.LFB0
 1087 0014 60010000 		.4byte	.LFE0-.LFB0
 1088 0018 00000000 		.4byte	.LFB1
 1089 001c 3C000000 		.4byte	.LFE1-.LFB1
 1090 0020 00000000 		.4byte	.LFB2
 1091 0024 48000000 		.4byte	.LFE2-.LFB2
 1092 0028 00000000 		.4byte	0
 1093 002c 00000000 		.4byte	0
 1094              		.section	.debug_ranges,"",%progbits
 1095              	.Ldebug_ranges0:
 1096 0000 00000000 		.4byte	.LFB0
 1097 0004 60010000 		.4byte	.LFE0
 1098 0008 00000000 		.4byte	.LFB1
 1099 000c 3C000000 		.4byte	.LFE1
 1100 0010 00000000 		.4byte	.LFB2
 1101 0014 48000000 		.4byte	.LFE2
 1102 0018 00000000 		.4byte	0
 1103 001c 00000000 		.4byte	0
 1104              		.section	.debug_line,"",%progbits
 1105              	.Ldebug_line0:
 1106 0000 E9000000 		.section	.debug_str,"MS",%progbits,1
 1106      02005600 
 1106      00000201 
 1106      FB0E0D00 
 1106      01010101 
 1107              	.LASF38:
ARM GAS  C:\Users\KHJTON~1\AppData\Local\Temp\ccSzWEeZ.s 			page 30


 1108 0000 6D657373 		.ascii	"message\000"
 1108      61676500 
 1109              	.LASF34:
 1110 0008 73686966 		.ascii	"shift\000"
 1110      7400
 1111              	.LASF19:
 1112 000e 43414E5F 		.ascii	"CAN_DATA_BYTES\000"
 1112      44415441 
 1112      5F425954 
 1112      455300
 1113              	.LASF31:
 1114 001d 74786964 		.ascii	"txid\000"
 1114      00
 1115              	.LASF25:
 1116 0022 7278616D 		.ascii	"rxamr\000"
 1116      7200
 1117              	.LASF20:
 1118 0028 43414E5F 		.ascii	"CAN_REG_32\000"
 1118      5245475F 
 1118      333200
 1119              	.LASF3:
 1120 0033 73686F72 		.ascii	"short unsigned int\000"
 1120      7420756E 
 1120      7369676E 
 1120      65642069 
 1120      6E7400
 1121              	.LASF30:
 1122 0046 7478636D 		.ascii	"txcmd\000"
 1122      6400
 1123              	.LASF13:
 1124 004c 63686172 		.ascii	"char\000"
 1124      00
 1125              	.LASF18:
 1126 0051 62797465 		.ascii	"byte\000"
 1126      00
 1127              	.LASF24:
 1128 0056 72786461 		.ascii	"rxdata\000"
 1128      746100
 1129              	.LASF28:
 1130 005d 72786163 		.ascii	"rxacrd\000"
 1130      726400
 1131              	.LASF11:
 1132 0064 666C6F61 		.ascii	"float\000"
 1132      7400
 1133              	.LASF21:
 1134 006a 43414E5F 		.ascii	"CAN_TX_MSG\000"
 1134      54585F4D 
 1134      534700
 1135              	.LASF44:
 1136 0075 43414E5F 		.ascii	"CAN_SendMsg\000"
 1136      53656E64 
 1136      4D736700 
 1137              	.LASF1:
 1138 0081 756E7369 		.ascii	"unsigned char\000"
 1138      676E6564 
 1138      20636861 
 1138      7200
ARM GAS  C:\Users\KHJTON~1\AppData\Local\Temp\ccSzWEeZ.s 			page 31


 1139              	.LASF15:
 1140 008f 72656733 		.ascii	"reg32\000"
 1140      3200
 1141              	.LASF35:
 1142 0095 72657472 		.ascii	"retry\000"
 1142      7900
 1143              	.LASF14:
 1144 009b 72656738 		.ascii	"reg8\000"
 1144      00
 1145              	.LASF41:
 1146 00a0 474E5520 		.ascii	"GNU C 4.8.4 20140526 (release) [ARM/embedded-4_8-br"
 1146      4320342E 
 1146      382E3420 
 1146      32303134 
 1146      30353236 
 1147 00d3 616E6368 		.ascii	"anch revision 211358] -mcpu=cortex-m3 -mthumb -g -O"
 1147      20726576 
 1147      6973696F 
 1147      6E203231 
 1147      31333538 
 1148 0106 30202D66 		.ascii	"0 -ffunction-sections\000"
 1148      66756E63 
 1148      74696F6E 
 1148      2D736563 
 1148      74696F6E 
 1149              	.LASF5:
 1150 011c 6C6F6E67 		.ascii	"long unsigned int\000"
 1150      20756E73 
 1150      69676E65 
 1150      6420696E 
 1150      7400
 1151              	.LASF9:
 1152 012e 75696E74 		.ascii	"uint8\000"
 1152      3800
 1153              	.LASF22:
 1154 0134 7278636D 		.ascii	"rxcmd\000"
 1154      6400
 1155              	.LASF17:
 1156 013a 43414E5F 		.ascii	"CAN_DATA_BYTES_MSG\000"
 1156      44415441 
 1156      5F425954 
 1156      45535F4D 
 1156      534700
 1157              	.LASF23:
 1158 014d 72786964 		.ascii	"rxid\000"
 1158      00
 1159              	.LASF33:
 1160 0152 43414E5F 		.ascii	"CAN_TX_STRUCT\000"
 1160      54585F53 
 1160      54525543 
 1160      5400
 1161              	.LASF12:
 1162 0160 646F7562 		.ascii	"double\000"
 1162      6C6500
 1163              	.LASF37:
 1164 0167 72656754 		.ascii	"regTemp\000"
 1164      656D7000 
ARM GAS  C:\Users\KHJTON~1\AppData\Local\Temp\ccSzWEeZ.s 			page 32


 1165              	.LASF2:
 1166 016f 73686F72 		.ascii	"short int\000"
 1166      7420696E 
 1166      7400
 1167              	.LASF10:
 1168 0179 75696E74 		.ascii	"uint32\000"
 1168      333200
 1169              	.LASF8:
 1170 0180 756E7369 		.ascii	"unsigned int\000"
 1170      676E6564 
 1170      20696E74 
 1170      00
 1171              	.LASF42:
 1172 018d 2E5C4765 		.ascii	".\\Generated_Source\\PSoC5\\CAN_TX_RX_func.c\000"
 1172      6E657261 
 1172      7465645F 
 1172      536F7572 
 1172      63655C50 
 1173              	.LASF7:
 1174 01b7 6C6F6E67 		.ascii	"long long unsigned int\000"
 1174      206C6F6E 
 1174      6720756E 
 1174      7369676E 
 1174      65642069 
 1175              	.LASF36:
 1176 01ce 72657375 		.ascii	"result\000"
 1176      6C7400
 1177              	.LASF45:
 1178 01d5 43414E5F 		.ascii	"CAN_TxCancel\000"
 1178      54784361 
 1178      6E63656C 
 1178      00
 1179              	.LASF29:
 1180 01e2 43414E5F 		.ascii	"CAN_RX_STRUCT\000"
 1180      52585F53 
 1180      54525543 
 1180      5400
 1181              	.LASF43:
 1182 01f0 443A5C77 		.ascii	"D:\\workspace\\super-eagle\\Super-Eagle\\Super-Eagl"
 1182      6F726B73 
 1182      70616365 
 1182      5C737570 
 1182      65722D65 
 1183 021f 652E6379 		.ascii	"e.cydsn\000"
 1183      64736E00 
 1184              	.LASF16:
 1185 0227 73697A65 		.ascii	"sizetype\000"
 1185      74797065 
 1185      00
 1186              	.LASF27:
 1187 0230 7278616D 		.ascii	"rxamrd\000"
 1187      726400
 1188              	.LASF6:
 1189 0237 6C6F6E67 		.ascii	"long long int\000"
 1189      206C6F6E 
 1189      6720696E 
 1189      7400
ARM GAS  C:\Users\KHJTON~1\AppData\Local\Temp\ccSzWEeZ.s 			page 33


 1190              	.LASF39:
 1191 0245 62756666 		.ascii	"bufferId\000"
 1191      65724964 
 1191      00
 1192              	.LASF40:
 1193 024e 72784D61 		.ascii	"rxMailbox\000"
 1193      696C626F 
 1193      7800
 1194              	.LASF26:
 1195 0258 72786163 		.ascii	"rxacr\000"
 1195      7200
 1196              	.LASF4:
 1197 025e 6C6F6E67 		.ascii	"long int\000"
 1197      20696E74 
 1197      00
 1198              	.LASF0:
 1199 0267 7369676E 		.ascii	"signed char\000"
 1199      65642063 
 1199      68617200 
 1200              	.LASF32:
 1201 0273 74786461 		.ascii	"txdata\000"
 1201      746100
 1202              	.LASF46:
 1203 027a 43414E5F 		.ascii	"CAN_ReceiveMsg\000"
 1203      52656365 
 1203      6976654D 
 1203      736700
 1204              		.ident	"GCC: (GNU Tools for ARM Embedded Processors) 4.8.4 20140526 (release) [ARM/embedded-4_8-br
