ARM GAS  C:\Users\KHJTON~1\AppData\Local\Temp\ccpeH84K.s 			page 1


   1              		.syntax unified
   2              		.cpu cortex-m3
   3              		.fpu softvfp
   4              		.eabi_attribute 20, 1
   5              		.eabi_attribute 21, 1
   6              		.eabi_attribute 23, 3
   7              		.eabi_attribute 24, 1
   8              		.eabi_attribute 25, 1
   9              		.eabi_attribute 26, 1
  10              		.eabi_attribute 30, 6
  11              		.eabi_attribute 34, 1
  12              		.eabi_attribute 18, 4
  13              		.thumb
  14              		.file	"FSM_Timer_PM.c"
  15              		.text
  16              	.Ltext0:
  17              		.cfi_sections	.debug_frame
  18              		.bss
  19              		.align	2
  20              	FSM_Timer_backup:
  21 0000 00000000 		.space	12
  21      00000000 
  21      00000000 
  22              		.section	.text.FSM_Timer_SaveConfig,"ax",%progbits
  23              		.align	2
  24              		.global	FSM_Timer_SaveConfig
  25              		.thumb
  26              		.thumb_func
  27              		.type	FSM_Timer_SaveConfig, %function
  28              	FSM_Timer_SaveConfig:
  29              	.LFB0:
  30              		.file 1 ".\\Generated_Source\\PSoC5\\FSM_Timer_PM.c"
   1:.\Generated_Source\PSoC5/FSM_Timer_PM.c **** /*******************************************************************************
   2:.\Generated_Source\PSoC5/FSM_Timer_PM.c **** * File Name: FSM_Timer_PM.c
   3:.\Generated_Source\PSoC5/FSM_Timer_PM.c **** * Version 2.70
   4:.\Generated_Source\PSoC5/FSM_Timer_PM.c **** *
   5:.\Generated_Source\PSoC5/FSM_Timer_PM.c **** *  Description:
   6:.\Generated_Source\PSoC5/FSM_Timer_PM.c **** *     This file provides the power management source code to API for the
   7:.\Generated_Source\PSoC5/FSM_Timer_PM.c **** *     Timer.
   8:.\Generated_Source\PSoC5/FSM_Timer_PM.c **** *
   9:.\Generated_Source\PSoC5/FSM_Timer_PM.c **** *   Note:
  10:.\Generated_Source\PSoC5/FSM_Timer_PM.c **** *     None
  11:.\Generated_Source\PSoC5/FSM_Timer_PM.c **** *
  12:.\Generated_Source\PSoC5/FSM_Timer_PM.c **** *******************************************************************************
  13:.\Generated_Source\PSoC5/FSM_Timer_PM.c **** * Copyright 2008-2014, Cypress Semiconductor Corporation.  All rights reserved.
  14:.\Generated_Source\PSoC5/FSM_Timer_PM.c **** * You may use this file only in accordance with the license, terms, conditions,
  15:.\Generated_Source\PSoC5/FSM_Timer_PM.c **** * disclaimers, and limitations in the end user license agreement accompanying
  16:.\Generated_Source\PSoC5/FSM_Timer_PM.c **** * the software package with which this file was provided.
  17:.\Generated_Source\PSoC5/FSM_Timer_PM.c **** ********************************************************************************/
  18:.\Generated_Source\PSoC5/FSM_Timer_PM.c **** 
  19:.\Generated_Source\PSoC5/FSM_Timer_PM.c **** #include "FSM_Timer.h"
  20:.\Generated_Source\PSoC5/FSM_Timer_PM.c **** 
  21:.\Generated_Source\PSoC5/FSM_Timer_PM.c **** static FSM_Timer_backupStruct FSM_Timer_backup;
  22:.\Generated_Source\PSoC5/FSM_Timer_PM.c **** 
  23:.\Generated_Source\PSoC5/FSM_Timer_PM.c **** 
  24:.\Generated_Source\PSoC5/FSM_Timer_PM.c **** /*******************************************************************************
  25:.\Generated_Source\PSoC5/FSM_Timer_PM.c **** * Function Name: FSM_Timer_SaveConfig
ARM GAS  C:\Users\KHJTON~1\AppData\Local\Temp\ccpeH84K.s 			page 2


  26:.\Generated_Source\PSoC5/FSM_Timer_PM.c **** ********************************************************************************
  27:.\Generated_Source\PSoC5/FSM_Timer_PM.c **** *
  28:.\Generated_Source\PSoC5/FSM_Timer_PM.c **** * Summary:
  29:.\Generated_Source\PSoC5/FSM_Timer_PM.c **** *     Save the current user configuration
  30:.\Generated_Source\PSoC5/FSM_Timer_PM.c **** *
  31:.\Generated_Source\PSoC5/FSM_Timer_PM.c **** * Parameters:
  32:.\Generated_Source\PSoC5/FSM_Timer_PM.c **** *  void
  33:.\Generated_Source\PSoC5/FSM_Timer_PM.c **** *
  34:.\Generated_Source\PSoC5/FSM_Timer_PM.c **** * Return:
  35:.\Generated_Source\PSoC5/FSM_Timer_PM.c **** *  void
  36:.\Generated_Source\PSoC5/FSM_Timer_PM.c **** *
  37:.\Generated_Source\PSoC5/FSM_Timer_PM.c **** * Global variables:
  38:.\Generated_Source\PSoC5/FSM_Timer_PM.c **** *  FSM_Timer_backup:  Variables of this global structure are modified to
  39:.\Generated_Source\PSoC5/FSM_Timer_PM.c **** *  store the values of non retention configuration registers when Sleep() API is
  40:.\Generated_Source\PSoC5/FSM_Timer_PM.c **** *  called.
  41:.\Generated_Source\PSoC5/FSM_Timer_PM.c **** *
  42:.\Generated_Source\PSoC5/FSM_Timer_PM.c **** *******************************************************************************/
  43:.\Generated_Source\PSoC5/FSM_Timer_PM.c **** void FSM_Timer_SaveConfig(void) 
  44:.\Generated_Source\PSoC5/FSM_Timer_PM.c **** {
  31              		.loc 1 44 0
  32              		.cfi_startproc
  33              		@ args = 0, pretend = 0, frame = 0
  34              		@ frame_needed = 1, uses_anonymous_args = 0
  35 0000 80B5     		push	{r7, lr}
  36              		.cfi_def_cfa_offset 8
  37              		.cfi_offset 7, -8
  38              		.cfi_offset 14, -4
  39 0002 00AF     		add	r7, sp, #0
  40              		.cfi_def_cfa_register 7
  45:.\Generated_Source\PSoC5/FSM_Timer_PM.c ****     #if (!FSM_Timer_UsingFixedFunction)
  46:.\Generated_Source\PSoC5/FSM_Timer_PM.c ****         FSM_Timer_backup.TimerUdb = FSM_Timer_ReadCounter();
  41              		.loc 1 46 0
  42 0004 FFF7FEFF 		bl	FSM_Timer_ReadCounter
  43 0008 0246     		mov	r2, r0
  44 000a 074B     		ldr	r3, .L2
  45 000c 5A60     		str	r2, [r3, #4]
  47:.\Generated_Source\PSoC5/FSM_Timer_PM.c ****         FSM_Timer_backup.InterruptMaskValue = FSM_Timer_STATUS_MASK;
  46              		.loc 1 47 0
  47 000e 074B     		ldr	r3, .L2+4
  48 0010 1B78     		ldrb	r3, [r3]
  49 0012 DAB2     		uxtb	r2, r3
  50 0014 044B     		ldr	r3, .L2
  51 0016 1A72     		strb	r2, [r3, #8]
  48:.\Generated_Source\PSoC5/FSM_Timer_PM.c ****         #if (FSM_Timer_UsingHWCaptureCounter)
  49:.\Generated_Source\PSoC5/FSM_Timer_PM.c ****             FSM_Timer_backup.TimerCaptureCounter = FSM_Timer_ReadCaptureCount();
  50:.\Generated_Source\PSoC5/FSM_Timer_PM.c ****         #endif /* Back Up capture counter register  */
  51:.\Generated_Source\PSoC5/FSM_Timer_PM.c **** 
  52:.\Generated_Source\PSoC5/FSM_Timer_PM.c ****         #if(!FSM_Timer_UDB_CONTROL_REG_REMOVED)
  53:.\Generated_Source\PSoC5/FSM_Timer_PM.c ****             FSM_Timer_backup.TimerControlRegister = FSM_Timer_ReadControlRegister();
  52              		.loc 1 53 0
  53 0018 FFF7FEFF 		bl	FSM_Timer_ReadControlRegister
  54 001c 0346     		mov	r3, r0
  55 001e 1A46     		mov	r2, r3
  56 0020 014B     		ldr	r3, .L2
  57 0022 5A72     		strb	r2, [r3, #9]
  54:.\Generated_Source\PSoC5/FSM_Timer_PM.c ****         #endif /* Backup the enable state of the Timer component */
  55:.\Generated_Source\PSoC5/FSM_Timer_PM.c ****     #endif /* Backup non retention registers in UDB implementation. All fixed function registers ar
ARM GAS  C:\Users\KHJTON~1\AppData\Local\Temp\ccpeH84K.s 			page 3


  56:.\Generated_Source\PSoC5/FSM_Timer_PM.c **** }
  58              		.loc 1 56 0
  59 0024 80BD     		pop	{r7, pc}
  60              	.L3:
  61 0026 00BF     		.align	2
  62              	.L2:
  63 0028 00000000 		.word	FSM_Timer_backup
  64 002c 85640040 		.word	1073767557
  65              		.cfi_endproc
  66              	.LFE0:
  67              		.size	FSM_Timer_SaveConfig, .-FSM_Timer_SaveConfig
  68              		.section	.text.FSM_Timer_RestoreConfig,"ax",%progbits
  69              		.align	2
  70              		.global	FSM_Timer_RestoreConfig
  71              		.thumb
  72              		.thumb_func
  73              		.type	FSM_Timer_RestoreConfig, %function
  74              	FSM_Timer_RestoreConfig:
  75              	.LFB1:
  57:.\Generated_Source\PSoC5/FSM_Timer_PM.c **** 
  58:.\Generated_Source\PSoC5/FSM_Timer_PM.c **** 
  59:.\Generated_Source\PSoC5/FSM_Timer_PM.c **** /*******************************************************************************
  60:.\Generated_Source\PSoC5/FSM_Timer_PM.c **** * Function Name: FSM_Timer_RestoreConfig
  61:.\Generated_Source\PSoC5/FSM_Timer_PM.c **** ********************************************************************************
  62:.\Generated_Source\PSoC5/FSM_Timer_PM.c **** *
  63:.\Generated_Source\PSoC5/FSM_Timer_PM.c **** * Summary:
  64:.\Generated_Source\PSoC5/FSM_Timer_PM.c **** *  Restores the current user configuration.
  65:.\Generated_Source\PSoC5/FSM_Timer_PM.c **** *
  66:.\Generated_Source\PSoC5/FSM_Timer_PM.c **** * Parameters:
  67:.\Generated_Source\PSoC5/FSM_Timer_PM.c **** *  void
  68:.\Generated_Source\PSoC5/FSM_Timer_PM.c **** *
  69:.\Generated_Source\PSoC5/FSM_Timer_PM.c **** * Return:
  70:.\Generated_Source\PSoC5/FSM_Timer_PM.c **** *  void
  71:.\Generated_Source\PSoC5/FSM_Timer_PM.c **** *
  72:.\Generated_Source\PSoC5/FSM_Timer_PM.c **** * Global variables:
  73:.\Generated_Source\PSoC5/FSM_Timer_PM.c **** *  FSM_Timer_backup:  Variables of this global structure are used to
  74:.\Generated_Source\PSoC5/FSM_Timer_PM.c **** *  restore the values of non retention registers on wakeup from sleep mode.
  75:.\Generated_Source\PSoC5/FSM_Timer_PM.c **** *
  76:.\Generated_Source\PSoC5/FSM_Timer_PM.c **** *******************************************************************************/
  77:.\Generated_Source\PSoC5/FSM_Timer_PM.c **** void FSM_Timer_RestoreConfig(void) 
  78:.\Generated_Source\PSoC5/FSM_Timer_PM.c **** {   
  76              		.loc 1 78 0
  77              		.cfi_startproc
  78              		@ args = 0, pretend = 0, frame = 0
  79              		@ frame_needed = 1, uses_anonymous_args = 0
  80 0000 80B5     		push	{r7, lr}
  81              		.cfi_def_cfa_offset 8
  82              		.cfi_offset 7, -8
  83              		.cfi_offset 14, -4
  84 0002 00AF     		add	r7, sp, #0
  85              		.cfi_def_cfa_register 7
  79:.\Generated_Source\PSoC5/FSM_Timer_PM.c ****     #if (!FSM_Timer_UsingFixedFunction)
  80:.\Generated_Source\PSoC5/FSM_Timer_PM.c **** 
  81:.\Generated_Source\PSoC5/FSM_Timer_PM.c ****         FSM_Timer_WriteCounter(FSM_Timer_backup.TimerUdb);
  86              		.loc 1 81 0
  87 0004 074B     		ldr	r3, .L5
  88 0006 5B68     		ldr	r3, [r3, #4]
ARM GAS  C:\Users\KHJTON~1\AppData\Local\Temp\ccpeH84K.s 			page 4


  89 0008 1846     		mov	r0, r3
  90 000a FFF7FEFF 		bl	FSM_Timer_WriteCounter
  82:.\Generated_Source\PSoC5/FSM_Timer_PM.c ****         FSM_Timer_STATUS_MASK =FSM_Timer_backup.InterruptMaskValue;
  91              		.loc 1 82 0
  92 000e 064B     		ldr	r3, .L5+4
  93 0010 044A     		ldr	r2, .L5
  94 0012 127A     		ldrb	r2, [r2, #8]	@ zero_extendqisi2
  95 0014 1A70     		strb	r2, [r3]
  83:.\Generated_Source\PSoC5/FSM_Timer_PM.c ****         #if (FSM_Timer_UsingHWCaptureCounter)
  84:.\Generated_Source\PSoC5/FSM_Timer_PM.c ****             FSM_Timer_SetCaptureCount(FSM_Timer_backup.TimerCaptureCounter);
  85:.\Generated_Source\PSoC5/FSM_Timer_PM.c ****         #endif /* Restore Capture counter register*/
  86:.\Generated_Source\PSoC5/FSM_Timer_PM.c **** 
  87:.\Generated_Source\PSoC5/FSM_Timer_PM.c ****         #if(!FSM_Timer_UDB_CONTROL_REG_REMOVED)
  88:.\Generated_Source\PSoC5/FSM_Timer_PM.c ****             FSM_Timer_WriteControlRegister(FSM_Timer_backup.TimerControlRegister);
  96              		.loc 1 88 0
  97 0016 034B     		ldr	r3, .L5
  98 0018 5B7A     		ldrb	r3, [r3, #9]	@ zero_extendqisi2
  99 001a 1846     		mov	r0, r3
 100 001c FFF7FEFF 		bl	FSM_Timer_WriteControlRegister
  89:.\Generated_Source\PSoC5/FSM_Timer_PM.c ****         #endif /* Restore the enable state of the Timer component */
  90:.\Generated_Source\PSoC5/FSM_Timer_PM.c ****     #endif /* Restore non retention registers in the UDB implementation only */
  91:.\Generated_Source\PSoC5/FSM_Timer_PM.c **** }
 101              		.loc 1 91 0
 102 0020 80BD     		pop	{r7, pc}
 103              	.L6:
 104 0022 00BF     		.align	2
 105              	.L5:
 106 0024 00000000 		.word	FSM_Timer_backup
 107 0028 85640040 		.word	1073767557
 108              		.cfi_endproc
 109              	.LFE1:
 110              		.size	FSM_Timer_RestoreConfig, .-FSM_Timer_RestoreConfig
 111              		.section	.text.FSM_Timer_Sleep,"ax",%progbits
 112              		.align	2
 113              		.global	FSM_Timer_Sleep
 114              		.thumb
 115              		.thumb_func
 116              		.type	FSM_Timer_Sleep, %function
 117              	FSM_Timer_Sleep:
 118              	.LFB2:
  92:.\Generated_Source\PSoC5/FSM_Timer_PM.c **** 
  93:.\Generated_Source\PSoC5/FSM_Timer_PM.c **** 
  94:.\Generated_Source\PSoC5/FSM_Timer_PM.c **** /*******************************************************************************
  95:.\Generated_Source\PSoC5/FSM_Timer_PM.c **** * Function Name: FSM_Timer_Sleep
  96:.\Generated_Source\PSoC5/FSM_Timer_PM.c **** ********************************************************************************
  97:.\Generated_Source\PSoC5/FSM_Timer_PM.c **** *
  98:.\Generated_Source\PSoC5/FSM_Timer_PM.c **** * Summary:
  99:.\Generated_Source\PSoC5/FSM_Timer_PM.c **** *     Stop and Save the user configuration
 100:.\Generated_Source\PSoC5/FSM_Timer_PM.c **** *
 101:.\Generated_Source\PSoC5/FSM_Timer_PM.c **** * Parameters:
 102:.\Generated_Source\PSoC5/FSM_Timer_PM.c **** *  void
 103:.\Generated_Source\PSoC5/FSM_Timer_PM.c **** *
 104:.\Generated_Source\PSoC5/FSM_Timer_PM.c **** * Return:
 105:.\Generated_Source\PSoC5/FSM_Timer_PM.c **** *  void
 106:.\Generated_Source\PSoC5/FSM_Timer_PM.c **** *
 107:.\Generated_Source\PSoC5/FSM_Timer_PM.c **** * Global variables:
 108:.\Generated_Source\PSoC5/FSM_Timer_PM.c **** *  FSM_Timer_backup.TimerEnableState:  Is modified depending on the
ARM GAS  C:\Users\KHJTON~1\AppData\Local\Temp\ccpeH84K.s 			page 5


 109:.\Generated_Source\PSoC5/FSM_Timer_PM.c **** *  enable state of the block before entering sleep mode.
 110:.\Generated_Source\PSoC5/FSM_Timer_PM.c **** *
 111:.\Generated_Source\PSoC5/FSM_Timer_PM.c **** *******************************************************************************/
 112:.\Generated_Source\PSoC5/FSM_Timer_PM.c **** void FSM_Timer_Sleep(void) 
 113:.\Generated_Source\PSoC5/FSM_Timer_PM.c **** {
 119              		.loc 1 113 0
 120              		.cfi_startproc
 121              		@ args = 0, pretend = 0, frame = 0
 122              		@ frame_needed = 1, uses_anonymous_args = 0
 123 0000 80B5     		push	{r7, lr}
 124              		.cfi_def_cfa_offset 8
 125              		.cfi_offset 7, -8
 126              		.cfi_offset 14, -4
 127 0002 00AF     		add	r7, sp, #0
 128              		.cfi_def_cfa_register 7
 114:.\Generated_Source\PSoC5/FSM_Timer_PM.c ****     #if(!FSM_Timer_UDB_CONTROL_REG_REMOVED)
 115:.\Generated_Source\PSoC5/FSM_Timer_PM.c ****         /* Save Counter's enable state */
 116:.\Generated_Source\PSoC5/FSM_Timer_PM.c ****         if(FSM_Timer_CTRL_ENABLE == (FSM_Timer_CONTROL & FSM_Timer_CTRL_ENABLE))
 129              		.loc 1 116 0
 130 0004 094B     		ldr	r3, .L10
 131 0006 1B78     		ldrb	r3, [r3]
 132 0008 DBB2     		uxtb	r3, r3
 133 000a DBB2     		uxtb	r3, r3
 134 000c 5BB2     		sxtb	r3, r3
 135 000e 002B     		cmp	r3, #0
 136 0010 03DA     		bge	.L8
 117:.\Generated_Source\PSoC5/FSM_Timer_PM.c ****         {
 118:.\Generated_Source\PSoC5/FSM_Timer_PM.c ****             /* Timer is enabled */
 119:.\Generated_Source\PSoC5/FSM_Timer_PM.c ****             FSM_Timer_backup.TimerEnableState = 1u;
 137              		.loc 1 119 0
 138 0012 074B     		ldr	r3, .L10+4
 139 0014 0122     		movs	r2, #1
 140 0016 1A70     		strb	r2, [r3]
 141 0018 02E0     		b	.L9
 142              	.L8:
 120:.\Generated_Source\PSoC5/FSM_Timer_PM.c ****         }
 121:.\Generated_Source\PSoC5/FSM_Timer_PM.c ****         else
 122:.\Generated_Source\PSoC5/FSM_Timer_PM.c ****         {
 123:.\Generated_Source\PSoC5/FSM_Timer_PM.c ****             /* Timer is disabled */
 124:.\Generated_Source\PSoC5/FSM_Timer_PM.c ****             FSM_Timer_backup.TimerEnableState = 0u;
 143              		.loc 1 124 0
 144 001a 054B     		ldr	r3, .L10+4
 145 001c 0022     		movs	r2, #0
 146 001e 1A70     		strb	r2, [r3]
 147              	.L9:
 125:.\Generated_Source\PSoC5/FSM_Timer_PM.c ****         }
 126:.\Generated_Source\PSoC5/FSM_Timer_PM.c ****     #endif /* Back up enable state from the Timer control register */
 127:.\Generated_Source\PSoC5/FSM_Timer_PM.c ****     FSM_Timer_Stop();
 148              		.loc 1 127 0
 149 0020 FFF7FEFF 		bl	FSM_Timer_Stop
 128:.\Generated_Source\PSoC5/FSM_Timer_PM.c ****     FSM_Timer_SaveConfig();
 150              		.loc 1 128 0
 151 0024 FFF7FEFF 		bl	FSM_Timer_SaveConfig
 129:.\Generated_Source\PSoC5/FSM_Timer_PM.c **** }
 152              		.loc 1 129 0
 153 0028 80BD     		pop	{r7, pc}
 154              	.L11:
ARM GAS  C:\Users\KHJTON~1\AppData\Local\Temp\ccpeH84K.s 			page 6


 155 002a 00BF     		.align	2
 156              	.L10:
 157 002c 73640040 		.word	1073767539
 158 0030 00000000 		.word	FSM_Timer_backup
 159              		.cfi_endproc
 160              	.LFE2:
 161              		.size	FSM_Timer_Sleep, .-FSM_Timer_Sleep
 162              		.section	.text.FSM_Timer_Wakeup,"ax",%progbits
 163              		.align	2
 164              		.global	FSM_Timer_Wakeup
 165              		.thumb
 166              		.thumb_func
 167              		.type	FSM_Timer_Wakeup, %function
 168              	FSM_Timer_Wakeup:
 169              	.LFB3:
 130:.\Generated_Source\PSoC5/FSM_Timer_PM.c **** 
 131:.\Generated_Source\PSoC5/FSM_Timer_PM.c **** 
 132:.\Generated_Source\PSoC5/FSM_Timer_PM.c **** /*******************************************************************************
 133:.\Generated_Source\PSoC5/FSM_Timer_PM.c **** * Function Name: FSM_Timer_Wakeup
 134:.\Generated_Source\PSoC5/FSM_Timer_PM.c **** ********************************************************************************
 135:.\Generated_Source\PSoC5/FSM_Timer_PM.c **** *
 136:.\Generated_Source\PSoC5/FSM_Timer_PM.c **** * Summary:
 137:.\Generated_Source\PSoC5/FSM_Timer_PM.c **** *  Restores and enables the user configuration
 138:.\Generated_Source\PSoC5/FSM_Timer_PM.c **** *
 139:.\Generated_Source\PSoC5/FSM_Timer_PM.c **** * Parameters:
 140:.\Generated_Source\PSoC5/FSM_Timer_PM.c **** *  void
 141:.\Generated_Source\PSoC5/FSM_Timer_PM.c **** *
 142:.\Generated_Source\PSoC5/FSM_Timer_PM.c **** * Return:
 143:.\Generated_Source\PSoC5/FSM_Timer_PM.c **** *  void
 144:.\Generated_Source\PSoC5/FSM_Timer_PM.c **** *
 145:.\Generated_Source\PSoC5/FSM_Timer_PM.c **** * Global variables:
 146:.\Generated_Source\PSoC5/FSM_Timer_PM.c **** *  FSM_Timer_backup.enableState:  Is used to restore the enable state of
 147:.\Generated_Source\PSoC5/FSM_Timer_PM.c **** *  block on wakeup from sleep mode.
 148:.\Generated_Source\PSoC5/FSM_Timer_PM.c **** *
 149:.\Generated_Source\PSoC5/FSM_Timer_PM.c **** *******************************************************************************/
 150:.\Generated_Source\PSoC5/FSM_Timer_PM.c **** void FSM_Timer_Wakeup(void) 
 151:.\Generated_Source\PSoC5/FSM_Timer_PM.c **** {
 170              		.loc 1 151 0
 171              		.cfi_startproc
 172              		@ args = 0, pretend = 0, frame = 0
 173              		@ frame_needed = 1, uses_anonymous_args = 0
 174 0000 80B5     		push	{r7, lr}
 175              		.cfi_def_cfa_offset 8
 176              		.cfi_offset 7, -8
 177              		.cfi_offset 14, -4
 178 0002 00AF     		add	r7, sp, #0
 179              		.cfi_def_cfa_register 7
 152:.\Generated_Source\PSoC5/FSM_Timer_PM.c ****     FSM_Timer_RestoreConfig();
 180              		.loc 1 152 0
 181 0004 FFF7FEFF 		bl	FSM_Timer_RestoreConfig
 153:.\Generated_Source\PSoC5/FSM_Timer_PM.c ****     #if(!FSM_Timer_UDB_CONTROL_REG_REMOVED)
 154:.\Generated_Source\PSoC5/FSM_Timer_PM.c ****         if(FSM_Timer_backup.TimerEnableState == 1u)
 182              		.loc 1 154 0
 183 0008 034B     		ldr	r3, .L14
 184 000a 1B78     		ldrb	r3, [r3]	@ zero_extendqisi2
 185 000c 012B     		cmp	r3, #1
 186 000e 01D1     		bne	.L12
ARM GAS  C:\Users\KHJTON~1\AppData\Local\Temp\ccpeH84K.s 			page 7


 155:.\Generated_Source\PSoC5/FSM_Timer_PM.c ****         {     /* Enable Timer's operation */
 156:.\Generated_Source\PSoC5/FSM_Timer_PM.c ****                 FSM_Timer_Enable();
 187              		.loc 1 156 0
 188 0010 FFF7FEFF 		bl	FSM_Timer_Enable
 189              	.L12:
 157:.\Generated_Source\PSoC5/FSM_Timer_PM.c ****         } /* Do nothing if Timer was disabled before */
 158:.\Generated_Source\PSoC5/FSM_Timer_PM.c ****     #endif /* Remove this code section if Control register is removed */
 159:.\Generated_Source\PSoC5/FSM_Timer_PM.c **** }
 190              		.loc 1 159 0
 191 0014 80BD     		pop	{r7, pc}
 192              	.L15:
 193 0016 00BF     		.align	2
 194              	.L14:
 195 0018 00000000 		.word	FSM_Timer_backup
 196              		.cfi_endproc
 197              	.LFE3:
 198              		.size	FSM_Timer_Wakeup, .-FSM_Timer_Wakeup
 199              		.text
 200              	.Letext0:
 201              		.file 2 ".\\Generated_Source\\PSoC5\\cytypes.h"
 202              		.file 3 ".\\Generated_Source\\PSoC5\\FSM_Timer.h"
 203              		.section	.debug_info,"",%progbits
 204              	.Ldebug_info0:
 205 0000 44010000 		.4byte	0x144
 206 0004 0400     		.2byte	0x4
 207 0006 00000000 		.4byte	.Ldebug_abbrev0
 208 000a 04       		.byte	0x4
 209 000b 01       		.uleb128 0x1
 210 000c 94010000 		.4byte	.LASF25
 211 0010 01       		.byte	0x1
 212 0011 26010000 		.4byte	.LASF26
 213 0015 54010000 		.4byte	.LASF27
 214 0019 00000000 		.4byte	.Ldebug_ranges0+0
 215 001d 00000000 		.4byte	0
 216 0021 00000000 		.4byte	.Ldebug_line0
 217 0025 02       		.uleb128 0x2
 218 0026 01       		.byte	0x1
 219 0027 06       		.byte	0x6
 220 0028 1A010000 		.4byte	.LASF0
 221 002c 02       		.uleb128 0x2
 222 002d 01       		.byte	0x1
 223 002e 08       		.byte	0x8
 224 002f 9E000000 		.4byte	.LASF1
 225 0033 02       		.uleb128 0x2
 226 0034 02       		.byte	0x2
 227 0035 05       		.byte	0x5
 228 0036 ED000000 		.4byte	.LASF2
 229 003a 02       		.uleb128 0x2
 230 003b 02       		.byte	0x2
 231 003c 07       		.byte	0x7
 232 003d 07010000 		.4byte	.LASF3
 233 0041 02       		.uleb128 0x2
 234 0042 04       		.byte	0x4
 235 0043 05       		.byte	0x5
 236 0044 FE000000 		.4byte	.LASF4
 237 0048 02       		.uleb128 0x2
 238 0049 04       		.byte	0x4
ARM GAS  C:\Users\KHJTON~1\AppData\Local\Temp\ccpeH84K.s 			page 8


 239 004a 07       		.byte	0x7
 240 004b 3E000000 		.4byte	.LASF5
 241 004f 02       		.uleb128 0x2
 242 0050 08       		.byte	0x8
 243 0051 05       		.byte	0x5
 244 0052 00000000 		.4byte	.LASF6
 245 0056 02       		.uleb128 0x2
 246 0057 08       		.byte	0x8
 247 0058 07       		.byte	0x7
 248 0059 50000000 		.4byte	.LASF7
 249 005d 03       		.uleb128 0x3
 250 005e 04       		.byte	0x4
 251 005f 05       		.byte	0x5
 252 0060 696E7400 		.ascii	"int\000"
 253 0064 02       		.uleb128 0x2
 254 0065 04       		.byte	0x4
 255 0066 07       		.byte	0x7
 256 0067 15000000 		.4byte	.LASF8
 257 006b 04       		.uleb128 0x4
 258 006c 38000000 		.4byte	.LASF9
 259 0070 02       		.byte	0x2
 260 0071 A1       		.byte	0xa1
 261 0072 2C000000 		.4byte	0x2c
 262 0076 04       		.uleb128 0x4
 263 0077 0E000000 		.4byte	.LASF10
 264 007b 02       		.byte	0x2
 265 007c A3       		.byte	0xa3
 266 007d 48000000 		.4byte	0x48
 267 0081 02       		.uleb128 0x2
 268 0082 04       		.byte	0x4
 269 0083 04       		.byte	0x4
 270 0084 4E010000 		.4byte	.LASF11
 271 0088 02       		.uleb128 0x2
 272 0089 08       		.byte	0x8
 273 008a 04       		.byte	0x4
 274 008b F7000000 		.4byte	.LASF12
 275 008f 02       		.uleb128 0x2
 276 0090 01       		.byte	0x1
 277 0091 08       		.byte	0x8
 278 0092 C3000000 		.4byte	.LASF13
 279 0096 05       		.uleb128 0x5
 280 0097 33000000 		.4byte	.LASF14
 281 009b 02       		.byte	0x2
 282 009c 4B01     		.2byte	0x14b
 283 009e A2000000 		.4byte	0xa2
 284 00a2 06       		.uleb128 0x6
 285 00a3 6B000000 		.4byte	0x6b
 286 00a7 02       		.uleb128 0x2
 287 00a8 04       		.byte	0x4
 288 00a9 07       		.byte	0x7
 289 00aa 23020000 		.4byte	.LASF15
 290 00ae 07       		.uleb128 0x7
 291 00af 0C       		.byte	0xc
 292 00b0 03       		.byte	0x3
 293 00b1 43       		.byte	0x43
 294 00b2 E7000000 		.4byte	0xe7
 295 00b6 08       		.uleb128 0x8
ARM GAS  C:\Users\KHJTON~1\AppData\Local\Temp\ccpeH84K.s 			page 9


 296 00b7 22000000 		.4byte	.LASF16
 297 00bb 03       		.byte	0x3
 298 00bc 45       		.byte	0x45
 299 00bd 6B000000 		.4byte	0x6b
 300 00c1 00       		.byte	0
 301 00c2 08       		.uleb128 0x8
 302 00c3 8B010000 		.4byte	.LASF17
 303 00c7 03       		.byte	0x3
 304 00c8 48       		.byte	0x48
 305 00c9 76000000 		.4byte	0x76
 306 00cd 04       		.byte	0x4
 307 00ce 08       		.uleb128 0x8
 308 00cf 10020000 		.4byte	.LASF18
 309 00d3 03       		.byte	0x3
 310 00d4 49       		.byte	0x49
 311 00d5 6B000000 		.4byte	0x6b
 312 00d9 08       		.byte	0x8
 313 00da 08       		.uleb128 0x8
 314 00db 67000000 		.4byte	.LASF19
 315 00df 03       		.byte	0x3
 316 00e0 4F       		.byte	0x4f
 317 00e1 6B000000 		.4byte	0x6b
 318 00e5 09       		.byte	0x9
 319 00e6 00       		.byte	0
 320 00e7 04       		.uleb128 0x4
 321 00e8 AC000000 		.4byte	.LASF20
 322 00ec 03       		.byte	0x3
 323 00ed 53       		.byte	0x53
 324 00ee AE000000 		.4byte	0xae
 325 00f2 09       		.uleb128 0x9
 326 00f3 D8000000 		.4byte	.LASF21
 327 00f7 01       		.byte	0x1
 328 00f8 2B       		.byte	0x2b
 329 00f9 00000000 		.4byte	.LFB0
 330 00fd 30000000 		.4byte	.LFE0-.LFB0
 331 0101 01       		.uleb128 0x1
 332 0102 9C       		.byte	0x9c
 333 0103 09       		.uleb128 0x9
 334 0104 2C020000 		.4byte	.LASF22
 335 0108 01       		.byte	0x1
 336 0109 4D       		.byte	0x4d
 337 010a 00000000 		.4byte	.LFB1
 338 010e 2C000000 		.4byte	.LFE1-.LFB1
 339 0112 01       		.uleb128 0x1
 340 0113 9C       		.byte	0x9c
 341 0114 09       		.uleb128 0x9
 342 0115 C8000000 		.4byte	.LASF23
 343 0119 01       		.byte	0x1
 344 011a 70       		.byte	0x70
 345 011b 00000000 		.4byte	.LFB2
 346 011f 34000000 		.4byte	.LFE2-.LFB2
 347 0123 01       		.uleb128 0x1
 348 0124 9C       		.byte	0x9c
 349 0125 09       		.uleb128 0x9
 350 0126 8D000000 		.4byte	.LASF24
 351 012a 01       		.byte	0x1
 352 012b 96       		.byte	0x96
ARM GAS  C:\Users\KHJTON~1\AppData\Local\Temp\ccpeH84K.s 			page 10


 353 012c 00000000 		.4byte	.LFB3
 354 0130 1C000000 		.4byte	.LFE3-.LFB3
 355 0134 01       		.uleb128 0x1
 356 0135 9C       		.byte	0x9c
 357 0136 0A       		.uleb128 0xa
 358 0137 7C000000 		.4byte	.LASF28
 359 013b 01       		.byte	0x1
 360 013c 15       		.byte	0x15
 361 013d E7000000 		.4byte	0xe7
 362 0141 05       		.uleb128 0x5
 363 0142 03       		.byte	0x3
 364 0143 00000000 		.4byte	FSM_Timer_backup
 365 0147 00       		.byte	0
 366              		.section	.debug_abbrev,"",%progbits
 367              	.Ldebug_abbrev0:
 368 0000 01       		.uleb128 0x1
 369 0001 11       		.uleb128 0x11
 370 0002 01       		.byte	0x1
 371 0003 25       		.uleb128 0x25
 372 0004 0E       		.uleb128 0xe
 373 0005 13       		.uleb128 0x13
 374 0006 0B       		.uleb128 0xb
 375 0007 03       		.uleb128 0x3
 376 0008 0E       		.uleb128 0xe
 377 0009 1B       		.uleb128 0x1b
 378 000a 0E       		.uleb128 0xe
 379 000b 55       		.uleb128 0x55
 380 000c 17       		.uleb128 0x17
 381 000d 11       		.uleb128 0x11
 382 000e 01       		.uleb128 0x1
 383 000f 10       		.uleb128 0x10
 384 0010 17       		.uleb128 0x17
 385 0011 00       		.byte	0
 386 0012 00       		.byte	0
 387 0013 02       		.uleb128 0x2
 388 0014 24       		.uleb128 0x24
 389 0015 00       		.byte	0
 390 0016 0B       		.uleb128 0xb
 391 0017 0B       		.uleb128 0xb
 392 0018 3E       		.uleb128 0x3e
 393 0019 0B       		.uleb128 0xb
 394 001a 03       		.uleb128 0x3
 395 001b 0E       		.uleb128 0xe
 396 001c 00       		.byte	0
 397 001d 00       		.byte	0
 398 001e 03       		.uleb128 0x3
 399 001f 24       		.uleb128 0x24
 400 0020 00       		.byte	0
 401 0021 0B       		.uleb128 0xb
 402 0022 0B       		.uleb128 0xb
 403 0023 3E       		.uleb128 0x3e
 404 0024 0B       		.uleb128 0xb
 405 0025 03       		.uleb128 0x3
 406 0026 08       		.uleb128 0x8
 407 0027 00       		.byte	0
 408 0028 00       		.byte	0
 409 0029 04       		.uleb128 0x4
ARM GAS  C:\Users\KHJTON~1\AppData\Local\Temp\ccpeH84K.s 			page 11


 410 002a 16       		.uleb128 0x16
 411 002b 00       		.byte	0
 412 002c 03       		.uleb128 0x3
 413 002d 0E       		.uleb128 0xe
 414 002e 3A       		.uleb128 0x3a
 415 002f 0B       		.uleb128 0xb
 416 0030 3B       		.uleb128 0x3b
 417 0031 0B       		.uleb128 0xb
 418 0032 49       		.uleb128 0x49
 419 0033 13       		.uleb128 0x13
 420 0034 00       		.byte	0
 421 0035 00       		.byte	0
 422 0036 05       		.uleb128 0x5
 423 0037 16       		.uleb128 0x16
 424 0038 00       		.byte	0
 425 0039 03       		.uleb128 0x3
 426 003a 0E       		.uleb128 0xe
 427 003b 3A       		.uleb128 0x3a
 428 003c 0B       		.uleb128 0xb
 429 003d 3B       		.uleb128 0x3b
 430 003e 05       		.uleb128 0x5
 431 003f 49       		.uleb128 0x49
 432 0040 13       		.uleb128 0x13
 433 0041 00       		.byte	0
 434 0042 00       		.byte	0
 435 0043 06       		.uleb128 0x6
 436 0044 35       		.uleb128 0x35
 437 0045 00       		.byte	0
 438 0046 49       		.uleb128 0x49
 439 0047 13       		.uleb128 0x13
 440 0048 00       		.byte	0
 441 0049 00       		.byte	0
 442 004a 07       		.uleb128 0x7
 443 004b 13       		.uleb128 0x13
 444 004c 01       		.byte	0x1
 445 004d 0B       		.uleb128 0xb
 446 004e 0B       		.uleb128 0xb
 447 004f 3A       		.uleb128 0x3a
 448 0050 0B       		.uleb128 0xb
 449 0051 3B       		.uleb128 0x3b
 450 0052 0B       		.uleb128 0xb
 451 0053 01       		.uleb128 0x1
 452 0054 13       		.uleb128 0x13
 453 0055 00       		.byte	0
 454 0056 00       		.byte	0
 455 0057 08       		.uleb128 0x8
 456 0058 0D       		.uleb128 0xd
 457 0059 00       		.byte	0
 458 005a 03       		.uleb128 0x3
 459 005b 0E       		.uleb128 0xe
 460 005c 3A       		.uleb128 0x3a
 461 005d 0B       		.uleb128 0xb
 462 005e 3B       		.uleb128 0x3b
 463 005f 0B       		.uleb128 0xb
 464 0060 49       		.uleb128 0x49
 465 0061 13       		.uleb128 0x13
 466 0062 38       		.uleb128 0x38
ARM GAS  C:\Users\KHJTON~1\AppData\Local\Temp\ccpeH84K.s 			page 12


 467 0063 0B       		.uleb128 0xb
 468 0064 00       		.byte	0
 469 0065 00       		.byte	0
 470 0066 09       		.uleb128 0x9
 471 0067 2E       		.uleb128 0x2e
 472 0068 00       		.byte	0
 473 0069 3F       		.uleb128 0x3f
 474 006a 19       		.uleb128 0x19
 475 006b 03       		.uleb128 0x3
 476 006c 0E       		.uleb128 0xe
 477 006d 3A       		.uleb128 0x3a
 478 006e 0B       		.uleb128 0xb
 479 006f 3B       		.uleb128 0x3b
 480 0070 0B       		.uleb128 0xb
 481 0071 27       		.uleb128 0x27
 482 0072 19       		.uleb128 0x19
 483 0073 11       		.uleb128 0x11
 484 0074 01       		.uleb128 0x1
 485 0075 12       		.uleb128 0x12
 486 0076 06       		.uleb128 0x6
 487 0077 40       		.uleb128 0x40
 488 0078 18       		.uleb128 0x18
 489 0079 9642     		.uleb128 0x2116
 490 007b 19       		.uleb128 0x19
 491 007c 00       		.byte	0
 492 007d 00       		.byte	0
 493 007e 0A       		.uleb128 0xa
 494 007f 34       		.uleb128 0x34
 495 0080 00       		.byte	0
 496 0081 03       		.uleb128 0x3
 497 0082 0E       		.uleb128 0xe
 498 0083 3A       		.uleb128 0x3a
 499 0084 0B       		.uleb128 0xb
 500 0085 3B       		.uleb128 0x3b
 501 0086 0B       		.uleb128 0xb
 502 0087 49       		.uleb128 0x49
 503 0088 13       		.uleb128 0x13
 504 0089 02       		.uleb128 0x2
 505 008a 18       		.uleb128 0x18
 506 008b 00       		.byte	0
 507 008c 00       		.byte	0
 508 008d 00       		.byte	0
 509              		.section	.debug_aranges,"",%progbits
 510 0000 34000000 		.4byte	0x34
 511 0004 0200     		.2byte	0x2
 512 0006 00000000 		.4byte	.Ldebug_info0
 513 000a 04       		.byte	0x4
 514 000b 00       		.byte	0
 515 000c 0000     		.2byte	0
 516 000e 0000     		.2byte	0
 517 0010 00000000 		.4byte	.LFB0
 518 0014 30000000 		.4byte	.LFE0-.LFB0
 519 0018 00000000 		.4byte	.LFB1
 520 001c 2C000000 		.4byte	.LFE1-.LFB1
 521 0020 00000000 		.4byte	.LFB2
 522 0024 34000000 		.4byte	.LFE2-.LFB2
 523 0028 00000000 		.4byte	.LFB3
ARM GAS  C:\Users\KHJTON~1\AppData\Local\Temp\ccpeH84K.s 			page 13


 524 002c 1C000000 		.4byte	.LFE3-.LFB3
 525 0030 00000000 		.4byte	0
 526 0034 00000000 		.4byte	0
 527              		.section	.debug_ranges,"",%progbits
 528              	.Ldebug_ranges0:
 529 0000 00000000 		.4byte	.LFB0
 530 0004 30000000 		.4byte	.LFE0
 531 0008 00000000 		.4byte	.LFB1
 532 000c 2C000000 		.4byte	.LFE1
 533 0010 00000000 		.4byte	.LFB2
 534 0014 34000000 		.4byte	.LFE2
 535 0018 00000000 		.4byte	.LFB3
 536 001c 1C000000 		.4byte	.LFE3
 537 0020 00000000 		.4byte	0
 538 0024 00000000 		.4byte	0
 539              		.section	.debug_line,"",%progbits
 540              	.Ldebug_line0:
 541 0000 B1000000 		.section	.debug_str,"MS",%progbits,1
 541      02005A00 
 541      00000201 
 541      FB0E0D00 
 541      01010101 
 542              	.LASF6:
 543 0000 6C6F6E67 		.ascii	"long long int\000"
 543      206C6F6E 
 543      6720696E 
 543      7400
 544              	.LASF10:
 545 000e 75696E74 		.ascii	"uint32\000"
 545      333200
 546              	.LASF8:
 547 0015 756E7369 		.ascii	"unsigned int\000"
 547      676E6564 
 547      20696E74 
 547      00
 548              	.LASF16:
 549 0022 54696D65 		.ascii	"TimerEnableState\000"
 549      72456E61 
 549      626C6553 
 549      74617465 
 549      00
 550              	.LASF14:
 551 0033 72656738 		.ascii	"reg8\000"
 551      00
 552              	.LASF9:
 553 0038 75696E74 		.ascii	"uint8\000"
 553      3800
 554              	.LASF5:
 555 003e 6C6F6E67 		.ascii	"long unsigned int\000"
 555      20756E73 
 555      69676E65 
 555      6420696E 
 555      7400
 556              	.LASF7:
 557 0050 6C6F6E67 		.ascii	"long long unsigned int\000"
 557      206C6F6E 
 557      6720756E 
ARM GAS  C:\Users\KHJTON~1\AppData\Local\Temp\ccpeH84K.s 			page 14


 557      7369676E 
 557      65642069 
 558              	.LASF19:
 559 0067 54696D65 		.ascii	"TimerControlRegister\000"
 559      72436F6E 
 559      74726F6C 
 559      52656769 
 559      73746572 
 560              	.LASF28:
 561 007c 46534D5F 		.ascii	"FSM_Timer_backup\000"
 561      54696D65 
 561      725F6261 
 561      636B7570 
 561      00
 562              	.LASF24:
 563 008d 46534D5F 		.ascii	"FSM_Timer_Wakeup\000"
 563      54696D65 
 563      725F5761 
 563      6B657570 
 563      00
 564              	.LASF1:
 565 009e 756E7369 		.ascii	"unsigned char\000"
 565      676E6564 
 565      20636861 
 565      7200
 566              	.LASF20:
 567 00ac 46534D5F 		.ascii	"FSM_Timer_backupStruct\000"
 567      54696D65 
 567      725F6261 
 567      636B7570 
 567      53747275 
 568              	.LASF13:
 569 00c3 63686172 		.ascii	"char\000"
 569      00
 570              	.LASF23:
 571 00c8 46534D5F 		.ascii	"FSM_Timer_Sleep\000"
 571      54696D65 
 571      725F536C 
 571      65657000 
 572              	.LASF21:
 573 00d8 46534D5F 		.ascii	"FSM_Timer_SaveConfig\000"
 573      54696D65 
 573      725F5361 
 573      7665436F 
 573      6E666967 
 574              	.LASF2:
 575 00ed 73686F72 		.ascii	"short int\000"
 575      7420696E 
 575      7400
 576              	.LASF12:
 577 00f7 646F7562 		.ascii	"double\000"
 577      6C6500
 578              	.LASF4:
 579 00fe 6C6F6E67 		.ascii	"long int\000"
 579      20696E74 
 579      00
 580              	.LASF3:
ARM GAS  C:\Users\KHJTON~1\AppData\Local\Temp\ccpeH84K.s 			page 15


 581 0107 73686F72 		.ascii	"short unsigned int\000"
 581      7420756E 
 581      7369676E 
 581      65642069 
 581      6E7400
 582              	.LASF0:
 583 011a 7369676E 		.ascii	"signed char\000"
 583      65642063 
 583      68617200 
 584              	.LASF26:
 585 0126 2E5C4765 		.ascii	".\\Generated_Source\\PSoC5\\FSM_Timer_PM.c\000"
 585      6E657261 
 585      7465645F 
 585      536F7572 
 585      63655C50 
 586              	.LASF11:
 587 014e 666C6F61 		.ascii	"float\000"
 587      7400
 588              	.LASF27:
 589 0154 443A5C77 		.ascii	"D:\\workspace\\super-eagle\\Super-Eagle\\Super-Eagl"
 589      6F726B73 
 589      70616365 
 589      5C737570 
 589      65722D65 
 590 0183 652E6379 		.ascii	"e.cydsn\000"
 590      64736E00 
 591              	.LASF17:
 592 018b 54696D65 		.ascii	"TimerUdb\000"
 592      72556462 
 592      00
 593              	.LASF25:
 594 0194 474E5520 		.ascii	"GNU C 4.8.4 20140526 (release) [ARM/embedded-4_8-br"
 594      4320342E 
 594      382E3420 
 594      32303134 
 594      30353236 
 595 01c7 616E6368 		.ascii	"anch revision 211358] -mcpu=cortex-m3 -mthumb -g -O"
 595      20726576 
 595      6973696F 
 595      6E203231 
 595      31333538 
 596 01fa 30202D66 		.ascii	"0 -ffunction-sections\000"
 596      66756E63 
 596      74696F6E 
 596      2D736563 
 596      74696F6E 
 597              	.LASF18:
 598 0210 496E7465 		.ascii	"InterruptMaskValue\000"
 598      72727570 
 598      744D6173 
 598      6B56616C 
 598      756500
 599              	.LASF15:
 600 0223 73697A65 		.ascii	"sizetype\000"
 600      74797065 
 600      00
 601              	.LASF22:
ARM GAS  C:\Users\KHJTON~1\AppData\Local\Temp\ccpeH84K.s 			page 16


 602 022c 46534D5F 		.ascii	"FSM_Timer_RestoreConfig\000"
 602      54696D65 
 602      725F5265 
 602      73746F72 
 602      65436F6E 
 603              		.ident	"GCC: (GNU Tools for ARM Embedded Processors) 4.8.4 20140526 (release) [ARM/embedded-4_8-br
