ARM GAS  C:\Users\khjtony\AppData\Local\Temp\cccLdscr.s 			page 1


   1              		.syntax unified
   2              		.cpu cortex-m3
   3              		.fpu softvfp
   4              		.eabi_attribute 20, 1
   5              		.eabi_attribute 21, 1
   6              		.eabi_attribute 23, 3
   7              		.eabi_attribute 24, 1
   8              		.eabi_attribute 25, 1
   9              		.eabi_attribute 26, 1
  10              		.eabi_attribute 30, 6
  11              		.eabi_attribute 34, 1
  12              		.eabi_attribute 18, 4
  13              		.thumb
  14              		.file	"LCD_Timer_PM.c"
  15              		.text
  16              	.Ltext0:
  17              		.cfi_sections	.debug_frame
  18              		.bss
  19              		.align	2
  20              	LCD_Timer_backup:
  21 0000 00000000 		.space	6
  21      0000
  22 0006 0000     		.section	.text.LCD_Timer_SaveConfig,"ax",%progbits
  23              		.align	2
  24              		.global	LCD_Timer_SaveConfig
  25              		.thumb
  26              		.thumb_func
  27              		.type	LCD_Timer_SaveConfig, %function
  28              	LCD_Timer_SaveConfig:
  29              	.LFB0:
  30              		.file 1 ".\\Generated_Source\\PSoC5\\LCD_Timer_PM.c"
   1:.\Generated_Source\PSoC5/LCD_Timer_PM.c **** /*******************************************************************************
   2:.\Generated_Source\PSoC5/LCD_Timer_PM.c **** * File Name: LCD_Timer_PM.c
   3:.\Generated_Source\PSoC5/LCD_Timer_PM.c **** * Version 2.70
   4:.\Generated_Source\PSoC5/LCD_Timer_PM.c **** *
   5:.\Generated_Source\PSoC5/LCD_Timer_PM.c **** *  Description:
   6:.\Generated_Source\PSoC5/LCD_Timer_PM.c **** *     This file provides the power management source code to API for the
   7:.\Generated_Source\PSoC5/LCD_Timer_PM.c **** *     Timer.
   8:.\Generated_Source\PSoC5/LCD_Timer_PM.c **** *
   9:.\Generated_Source\PSoC5/LCD_Timer_PM.c **** *   Note:
  10:.\Generated_Source\PSoC5/LCD_Timer_PM.c **** *     None
  11:.\Generated_Source\PSoC5/LCD_Timer_PM.c **** *
  12:.\Generated_Source\PSoC5/LCD_Timer_PM.c **** *******************************************************************************
  13:.\Generated_Source\PSoC5/LCD_Timer_PM.c **** * Copyright 2008-2014, Cypress Semiconductor Corporation.  All rights reserved.
  14:.\Generated_Source\PSoC5/LCD_Timer_PM.c **** * You may use this file only in accordance with the license, terms, conditions,
  15:.\Generated_Source\PSoC5/LCD_Timer_PM.c **** * disclaimers, and limitations in the end user license agreement accompanying
  16:.\Generated_Source\PSoC5/LCD_Timer_PM.c **** * the software package with which this file was provided.
  17:.\Generated_Source\PSoC5/LCD_Timer_PM.c **** ********************************************************************************/
  18:.\Generated_Source\PSoC5/LCD_Timer_PM.c **** 
  19:.\Generated_Source\PSoC5/LCD_Timer_PM.c **** #include "LCD_Timer.h"
  20:.\Generated_Source\PSoC5/LCD_Timer_PM.c **** 
  21:.\Generated_Source\PSoC5/LCD_Timer_PM.c **** static LCD_Timer_backupStruct LCD_Timer_backup;
  22:.\Generated_Source\PSoC5/LCD_Timer_PM.c **** 
  23:.\Generated_Source\PSoC5/LCD_Timer_PM.c **** 
  24:.\Generated_Source\PSoC5/LCD_Timer_PM.c **** /*******************************************************************************
  25:.\Generated_Source\PSoC5/LCD_Timer_PM.c **** * Function Name: LCD_Timer_SaveConfig
  26:.\Generated_Source\PSoC5/LCD_Timer_PM.c **** ********************************************************************************
ARM GAS  C:\Users\khjtony\AppData\Local\Temp\cccLdscr.s 			page 2


  27:.\Generated_Source\PSoC5/LCD_Timer_PM.c **** *
  28:.\Generated_Source\PSoC5/LCD_Timer_PM.c **** * Summary:
  29:.\Generated_Source\PSoC5/LCD_Timer_PM.c **** *     Save the current user configuration
  30:.\Generated_Source\PSoC5/LCD_Timer_PM.c **** *
  31:.\Generated_Source\PSoC5/LCD_Timer_PM.c **** * Parameters:
  32:.\Generated_Source\PSoC5/LCD_Timer_PM.c **** *  void
  33:.\Generated_Source\PSoC5/LCD_Timer_PM.c **** *
  34:.\Generated_Source\PSoC5/LCD_Timer_PM.c **** * Return:
  35:.\Generated_Source\PSoC5/LCD_Timer_PM.c **** *  void
  36:.\Generated_Source\PSoC5/LCD_Timer_PM.c **** *
  37:.\Generated_Source\PSoC5/LCD_Timer_PM.c **** * Global variables:
  38:.\Generated_Source\PSoC5/LCD_Timer_PM.c **** *  LCD_Timer_backup:  Variables of this global structure are modified to
  39:.\Generated_Source\PSoC5/LCD_Timer_PM.c **** *  store the values of non retention configuration registers when Sleep() API is
  40:.\Generated_Source\PSoC5/LCD_Timer_PM.c **** *  called.
  41:.\Generated_Source\PSoC5/LCD_Timer_PM.c **** *
  42:.\Generated_Source\PSoC5/LCD_Timer_PM.c **** *******************************************************************************/
  43:.\Generated_Source\PSoC5/LCD_Timer_PM.c **** void LCD_Timer_SaveConfig(void) 
  44:.\Generated_Source\PSoC5/LCD_Timer_PM.c **** {
  31              		.loc 1 44 0
  32              		.cfi_startproc
  33              		@ args = 0, pretend = 0, frame = 0
  34              		@ frame_needed = 1, uses_anonymous_args = 0
  35 0000 80B5     		push	{r7, lr}
  36              		.cfi_def_cfa_offset 8
  37              		.cfi_offset 7, -8
  38              		.cfi_offset 14, -4
  39 0002 00AF     		add	r7, sp, #0
  40              		.cfi_def_cfa_register 7
  45:.\Generated_Source\PSoC5/LCD_Timer_PM.c ****     #if (!LCD_Timer_UsingFixedFunction)
  46:.\Generated_Source\PSoC5/LCD_Timer_PM.c ****         LCD_Timer_backup.TimerUdb = LCD_Timer_ReadCounter();
  41              		.loc 1 46 0
  42 0004 FFF7FEFF 		bl	LCD_Timer_ReadCounter
  43 0008 0346     		mov	r3, r0
  44 000a 1A46     		mov	r2, r3
  45 000c 064B     		ldr	r3, .L2
  46 000e 5A80     		strh	r2, [r3, #2]	@ movhi
  47:.\Generated_Source\PSoC5/LCD_Timer_PM.c ****         LCD_Timer_backup.InterruptMaskValue = LCD_Timer_STATUS_MASK;
  47              		.loc 1 47 0
  48 0010 064B     		ldr	r3, .L2+4
  49 0012 1B78     		ldrb	r3, [r3]
  50 0014 DAB2     		uxtb	r2, r3
  51 0016 044B     		ldr	r3, .L2
  52 0018 1A71     		strb	r2, [r3, #4]
  48:.\Generated_Source\PSoC5/LCD_Timer_PM.c ****         #if (LCD_Timer_UsingHWCaptureCounter)
  49:.\Generated_Source\PSoC5/LCD_Timer_PM.c ****             LCD_Timer_backup.TimerCaptureCounter = LCD_Timer_ReadCaptureCount();
  50:.\Generated_Source\PSoC5/LCD_Timer_PM.c ****         #endif /* Back Up capture counter register  */
  51:.\Generated_Source\PSoC5/LCD_Timer_PM.c **** 
  52:.\Generated_Source\PSoC5/LCD_Timer_PM.c ****         #if(!LCD_Timer_UDB_CONTROL_REG_REMOVED)
  53:.\Generated_Source\PSoC5/LCD_Timer_PM.c ****             LCD_Timer_backup.TimerControlRegister = LCD_Timer_ReadControlRegister();
  53              		.loc 1 53 0
  54 001a FFF7FEFF 		bl	LCD_Timer_ReadControlRegister
  55 001e 0346     		mov	r3, r0
  56 0020 1A46     		mov	r2, r3
  57 0022 014B     		ldr	r3, .L2
  58 0024 5A71     		strb	r2, [r3, #5]
  54:.\Generated_Source\PSoC5/LCD_Timer_PM.c ****         #endif /* Backup the enable state of the Timer component */
  55:.\Generated_Source\PSoC5/LCD_Timer_PM.c ****     #endif /* Backup non retention registers in UDB implementation. All fixed function registers ar
ARM GAS  C:\Users\khjtony\AppData\Local\Temp\cccLdscr.s 			page 3


  56:.\Generated_Source\PSoC5/LCD_Timer_PM.c **** }
  59              		.loc 1 56 0
  60 0026 80BD     		pop	{r7, pc}
  61              	.L3:
  62              		.align	2
  63              	.L2:
  64 0028 00000000 		.word	LCD_Timer_backup
  65 002c 85650040 		.word	1073767813
  66              		.cfi_endproc
  67              	.LFE0:
  68              		.size	LCD_Timer_SaveConfig, .-LCD_Timer_SaveConfig
  69              		.section	.text.LCD_Timer_RestoreConfig,"ax",%progbits
  70              		.align	2
  71              		.global	LCD_Timer_RestoreConfig
  72              		.thumb
  73              		.thumb_func
  74              		.type	LCD_Timer_RestoreConfig, %function
  75              	LCD_Timer_RestoreConfig:
  76              	.LFB1:
  57:.\Generated_Source\PSoC5/LCD_Timer_PM.c **** 
  58:.\Generated_Source\PSoC5/LCD_Timer_PM.c **** 
  59:.\Generated_Source\PSoC5/LCD_Timer_PM.c **** /*******************************************************************************
  60:.\Generated_Source\PSoC5/LCD_Timer_PM.c **** * Function Name: LCD_Timer_RestoreConfig
  61:.\Generated_Source\PSoC5/LCD_Timer_PM.c **** ********************************************************************************
  62:.\Generated_Source\PSoC5/LCD_Timer_PM.c **** *
  63:.\Generated_Source\PSoC5/LCD_Timer_PM.c **** * Summary:
  64:.\Generated_Source\PSoC5/LCD_Timer_PM.c **** *  Restores the current user configuration.
  65:.\Generated_Source\PSoC5/LCD_Timer_PM.c **** *
  66:.\Generated_Source\PSoC5/LCD_Timer_PM.c **** * Parameters:
  67:.\Generated_Source\PSoC5/LCD_Timer_PM.c **** *  void
  68:.\Generated_Source\PSoC5/LCD_Timer_PM.c **** *
  69:.\Generated_Source\PSoC5/LCD_Timer_PM.c **** * Return:
  70:.\Generated_Source\PSoC5/LCD_Timer_PM.c **** *  void
  71:.\Generated_Source\PSoC5/LCD_Timer_PM.c **** *
  72:.\Generated_Source\PSoC5/LCD_Timer_PM.c **** * Global variables:
  73:.\Generated_Source\PSoC5/LCD_Timer_PM.c **** *  LCD_Timer_backup:  Variables of this global structure are used to
  74:.\Generated_Source\PSoC5/LCD_Timer_PM.c **** *  restore the values of non retention registers on wakeup from sleep mode.
  75:.\Generated_Source\PSoC5/LCD_Timer_PM.c **** *
  76:.\Generated_Source\PSoC5/LCD_Timer_PM.c **** *******************************************************************************/
  77:.\Generated_Source\PSoC5/LCD_Timer_PM.c **** void LCD_Timer_RestoreConfig(void) 
  78:.\Generated_Source\PSoC5/LCD_Timer_PM.c **** {   
  77              		.loc 1 78 0
  78              		.cfi_startproc
  79              		@ args = 0, pretend = 0, frame = 0
  80              		@ frame_needed = 1, uses_anonymous_args = 0
  81 0000 80B5     		push	{r7, lr}
  82              		.cfi_def_cfa_offset 8
  83              		.cfi_offset 7, -8
  84              		.cfi_offset 14, -4
  85 0002 00AF     		add	r7, sp, #0
  86              		.cfi_def_cfa_register 7
  79:.\Generated_Source\PSoC5/LCD_Timer_PM.c ****     #if (!LCD_Timer_UsingFixedFunction)
  80:.\Generated_Source\PSoC5/LCD_Timer_PM.c **** 
  81:.\Generated_Source\PSoC5/LCD_Timer_PM.c ****         LCD_Timer_WriteCounter(LCD_Timer_backup.TimerUdb);
  87              		.loc 1 81 0
  88 0004 074B     		ldr	r3, .L5
  89 0006 5B88     		ldrh	r3, [r3, #2]
ARM GAS  C:\Users\khjtony\AppData\Local\Temp\cccLdscr.s 			page 4


  90 0008 1846     		mov	r0, r3
  91 000a FFF7FEFF 		bl	LCD_Timer_WriteCounter
  82:.\Generated_Source\PSoC5/LCD_Timer_PM.c ****         LCD_Timer_STATUS_MASK =LCD_Timer_backup.InterruptMaskValue;
  92              		.loc 1 82 0
  93 000e 064B     		ldr	r3, .L5+4
  94 0010 044A     		ldr	r2, .L5
  95 0012 1279     		ldrb	r2, [r2, #4]	@ zero_extendqisi2
  96 0014 1A70     		strb	r2, [r3]
  83:.\Generated_Source\PSoC5/LCD_Timer_PM.c ****         #if (LCD_Timer_UsingHWCaptureCounter)
  84:.\Generated_Source\PSoC5/LCD_Timer_PM.c ****             LCD_Timer_SetCaptureCount(LCD_Timer_backup.TimerCaptureCounter);
  85:.\Generated_Source\PSoC5/LCD_Timer_PM.c ****         #endif /* Restore Capture counter register*/
  86:.\Generated_Source\PSoC5/LCD_Timer_PM.c **** 
  87:.\Generated_Source\PSoC5/LCD_Timer_PM.c ****         #if(!LCD_Timer_UDB_CONTROL_REG_REMOVED)
  88:.\Generated_Source\PSoC5/LCD_Timer_PM.c ****             LCD_Timer_WriteControlRegister(LCD_Timer_backup.TimerControlRegister);
  97              		.loc 1 88 0
  98 0016 034B     		ldr	r3, .L5
  99 0018 5B79     		ldrb	r3, [r3, #5]	@ zero_extendqisi2
 100 001a 1846     		mov	r0, r3
 101 001c FFF7FEFF 		bl	LCD_Timer_WriteControlRegister
  89:.\Generated_Source\PSoC5/LCD_Timer_PM.c ****         #endif /* Restore the enable state of the Timer component */
  90:.\Generated_Source\PSoC5/LCD_Timer_PM.c ****     #endif /* Restore non retention registers in the UDB implementation only */
  91:.\Generated_Source\PSoC5/LCD_Timer_PM.c **** }
 102              		.loc 1 91 0
 103 0020 80BD     		pop	{r7, pc}
 104              	.L6:
 105 0022 00BF     		.align	2
 106              	.L5:
 107 0024 00000000 		.word	LCD_Timer_backup
 108 0028 85650040 		.word	1073767813
 109              		.cfi_endproc
 110              	.LFE1:
 111              		.size	LCD_Timer_RestoreConfig, .-LCD_Timer_RestoreConfig
 112              		.section	.text.LCD_Timer_Sleep,"ax",%progbits
 113              		.align	2
 114              		.global	LCD_Timer_Sleep
 115              		.thumb
 116              		.thumb_func
 117              		.type	LCD_Timer_Sleep, %function
 118              	LCD_Timer_Sleep:
 119              	.LFB2:
  92:.\Generated_Source\PSoC5/LCD_Timer_PM.c **** 
  93:.\Generated_Source\PSoC5/LCD_Timer_PM.c **** 
  94:.\Generated_Source\PSoC5/LCD_Timer_PM.c **** /*******************************************************************************
  95:.\Generated_Source\PSoC5/LCD_Timer_PM.c **** * Function Name: LCD_Timer_Sleep
  96:.\Generated_Source\PSoC5/LCD_Timer_PM.c **** ********************************************************************************
  97:.\Generated_Source\PSoC5/LCD_Timer_PM.c **** *
  98:.\Generated_Source\PSoC5/LCD_Timer_PM.c **** * Summary:
  99:.\Generated_Source\PSoC5/LCD_Timer_PM.c **** *     Stop and Save the user configuration
 100:.\Generated_Source\PSoC5/LCD_Timer_PM.c **** *
 101:.\Generated_Source\PSoC5/LCD_Timer_PM.c **** * Parameters:
 102:.\Generated_Source\PSoC5/LCD_Timer_PM.c **** *  void
 103:.\Generated_Source\PSoC5/LCD_Timer_PM.c **** *
 104:.\Generated_Source\PSoC5/LCD_Timer_PM.c **** * Return:
 105:.\Generated_Source\PSoC5/LCD_Timer_PM.c **** *  void
 106:.\Generated_Source\PSoC5/LCD_Timer_PM.c **** *
 107:.\Generated_Source\PSoC5/LCD_Timer_PM.c **** * Global variables:
 108:.\Generated_Source\PSoC5/LCD_Timer_PM.c **** *  LCD_Timer_backup.TimerEnableState:  Is modified depending on the
ARM GAS  C:\Users\khjtony\AppData\Local\Temp\cccLdscr.s 			page 5


 109:.\Generated_Source\PSoC5/LCD_Timer_PM.c **** *  enable state of the block before entering sleep mode.
 110:.\Generated_Source\PSoC5/LCD_Timer_PM.c **** *
 111:.\Generated_Source\PSoC5/LCD_Timer_PM.c **** *******************************************************************************/
 112:.\Generated_Source\PSoC5/LCD_Timer_PM.c **** void LCD_Timer_Sleep(void) 
 113:.\Generated_Source\PSoC5/LCD_Timer_PM.c **** {
 120              		.loc 1 113 0
 121              		.cfi_startproc
 122              		@ args = 0, pretend = 0, frame = 0
 123              		@ frame_needed = 1, uses_anonymous_args = 0
 124 0000 80B5     		push	{r7, lr}
 125              		.cfi_def_cfa_offset 8
 126              		.cfi_offset 7, -8
 127              		.cfi_offset 14, -4
 128 0002 00AF     		add	r7, sp, #0
 129              		.cfi_def_cfa_register 7
 114:.\Generated_Source\PSoC5/LCD_Timer_PM.c ****     #if(!LCD_Timer_UDB_CONTROL_REG_REMOVED)
 115:.\Generated_Source\PSoC5/LCD_Timer_PM.c ****         /* Save Counter's enable state */
 116:.\Generated_Source\PSoC5/LCD_Timer_PM.c ****         if(LCD_Timer_CTRL_ENABLE == (LCD_Timer_CONTROL & LCD_Timer_CTRL_ENABLE))
 130              		.loc 1 116 0
 131 0004 094B     		ldr	r3, .L10
 132 0006 1B78     		ldrb	r3, [r3]
 133 0008 DBB2     		uxtb	r3, r3
 134 000a DBB2     		uxtb	r3, r3
 135 000c 5BB2     		sxtb	r3, r3
 136 000e 002B     		cmp	r3, #0
 137 0010 03DA     		bge	.L8
 117:.\Generated_Source\PSoC5/LCD_Timer_PM.c ****         {
 118:.\Generated_Source\PSoC5/LCD_Timer_PM.c ****             /* Timer is enabled */
 119:.\Generated_Source\PSoC5/LCD_Timer_PM.c ****             LCD_Timer_backup.TimerEnableState = 1u;
 138              		.loc 1 119 0
 139 0012 074B     		ldr	r3, .L10+4
 140 0014 0122     		movs	r2, #1
 141 0016 1A70     		strb	r2, [r3]
 142 0018 02E0     		b	.L9
 143              	.L8:
 120:.\Generated_Source\PSoC5/LCD_Timer_PM.c ****         }
 121:.\Generated_Source\PSoC5/LCD_Timer_PM.c ****         else
 122:.\Generated_Source\PSoC5/LCD_Timer_PM.c ****         {
 123:.\Generated_Source\PSoC5/LCD_Timer_PM.c ****             /* Timer is disabled */
 124:.\Generated_Source\PSoC5/LCD_Timer_PM.c ****             LCD_Timer_backup.TimerEnableState = 0u;
 144              		.loc 1 124 0
 145 001a 054B     		ldr	r3, .L10+4
 146 001c 0022     		movs	r2, #0
 147 001e 1A70     		strb	r2, [r3]
 148              	.L9:
 125:.\Generated_Source\PSoC5/LCD_Timer_PM.c ****         }
 126:.\Generated_Source\PSoC5/LCD_Timer_PM.c ****     #endif /* Back up enable state from the Timer control register */
 127:.\Generated_Source\PSoC5/LCD_Timer_PM.c ****     LCD_Timer_Stop();
 149              		.loc 1 127 0
 150 0020 FFF7FEFF 		bl	LCD_Timer_Stop
 128:.\Generated_Source\PSoC5/LCD_Timer_PM.c ****     LCD_Timer_SaveConfig();
 151              		.loc 1 128 0
 152 0024 FFF7FEFF 		bl	LCD_Timer_SaveConfig
 129:.\Generated_Source\PSoC5/LCD_Timer_PM.c **** }
 153              		.loc 1 129 0
 154 0028 80BD     		pop	{r7, pc}
 155              	.L11:
ARM GAS  C:\Users\khjtony\AppData\Local\Temp\cccLdscr.s 			page 6


 156 002a 00BF     		.align	2
 157              	.L10:
 158 002c 74650040 		.word	1073767796
 159 0030 00000000 		.word	LCD_Timer_backup
 160              		.cfi_endproc
 161              	.LFE2:
 162              		.size	LCD_Timer_Sleep, .-LCD_Timer_Sleep
 163              		.section	.text.LCD_Timer_Wakeup,"ax",%progbits
 164              		.align	2
 165              		.global	LCD_Timer_Wakeup
 166              		.thumb
 167              		.thumb_func
 168              		.type	LCD_Timer_Wakeup, %function
 169              	LCD_Timer_Wakeup:
 170              	.LFB3:
 130:.\Generated_Source\PSoC5/LCD_Timer_PM.c **** 
 131:.\Generated_Source\PSoC5/LCD_Timer_PM.c **** 
 132:.\Generated_Source\PSoC5/LCD_Timer_PM.c **** /*******************************************************************************
 133:.\Generated_Source\PSoC5/LCD_Timer_PM.c **** * Function Name: LCD_Timer_Wakeup
 134:.\Generated_Source\PSoC5/LCD_Timer_PM.c **** ********************************************************************************
 135:.\Generated_Source\PSoC5/LCD_Timer_PM.c **** *
 136:.\Generated_Source\PSoC5/LCD_Timer_PM.c **** * Summary:
 137:.\Generated_Source\PSoC5/LCD_Timer_PM.c **** *  Restores and enables the user configuration
 138:.\Generated_Source\PSoC5/LCD_Timer_PM.c **** *
 139:.\Generated_Source\PSoC5/LCD_Timer_PM.c **** * Parameters:
 140:.\Generated_Source\PSoC5/LCD_Timer_PM.c **** *  void
 141:.\Generated_Source\PSoC5/LCD_Timer_PM.c **** *
 142:.\Generated_Source\PSoC5/LCD_Timer_PM.c **** * Return:
 143:.\Generated_Source\PSoC5/LCD_Timer_PM.c **** *  void
 144:.\Generated_Source\PSoC5/LCD_Timer_PM.c **** *
 145:.\Generated_Source\PSoC5/LCD_Timer_PM.c **** * Global variables:
 146:.\Generated_Source\PSoC5/LCD_Timer_PM.c **** *  LCD_Timer_backup.enableState:  Is used to restore the enable state of
 147:.\Generated_Source\PSoC5/LCD_Timer_PM.c **** *  block on wakeup from sleep mode.
 148:.\Generated_Source\PSoC5/LCD_Timer_PM.c **** *
 149:.\Generated_Source\PSoC5/LCD_Timer_PM.c **** *******************************************************************************/
 150:.\Generated_Source\PSoC5/LCD_Timer_PM.c **** void LCD_Timer_Wakeup(void) 
 151:.\Generated_Source\PSoC5/LCD_Timer_PM.c **** {
 171              		.loc 1 151 0
 172              		.cfi_startproc
 173              		@ args = 0, pretend = 0, frame = 0
 174              		@ frame_needed = 1, uses_anonymous_args = 0
 175 0000 80B5     		push	{r7, lr}
 176              		.cfi_def_cfa_offset 8
 177              		.cfi_offset 7, -8
 178              		.cfi_offset 14, -4
 179 0002 00AF     		add	r7, sp, #0
 180              		.cfi_def_cfa_register 7
 152:.\Generated_Source\PSoC5/LCD_Timer_PM.c ****     LCD_Timer_RestoreConfig();
 181              		.loc 1 152 0
 182 0004 FFF7FEFF 		bl	LCD_Timer_RestoreConfig
 153:.\Generated_Source\PSoC5/LCD_Timer_PM.c ****     #if(!LCD_Timer_UDB_CONTROL_REG_REMOVED)
 154:.\Generated_Source\PSoC5/LCD_Timer_PM.c ****         if(LCD_Timer_backup.TimerEnableState == 1u)
 183              		.loc 1 154 0
 184 0008 034B     		ldr	r3, .L14
 185 000a 1B78     		ldrb	r3, [r3]	@ zero_extendqisi2
 186 000c 012B     		cmp	r3, #1
 187 000e 01D1     		bne	.L12
ARM GAS  C:\Users\khjtony\AppData\Local\Temp\cccLdscr.s 			page 7


 155:.\Generated_Source\PSoC5/LCD_Timer_PM.c ****         {     /* Enable Timer's operation */
 156:.\Generated_Source\PSoC5/LCD_Timer_PM.c ****                 LCD_Timer_Enable();
 188              		.loc 1 156 0
 189 0010 FFF7FEFF 		bl	LCD_Timer_Enable
 190              	.L12:
 157:.\Generated_Source\PSoC5/LCD_Timer_PM.c ****         } /* Do nothing if Timer was disabled before */
 158:.\Generated_Source\PSoC5/LCD_Timer_PM.c ****     #endif /* Remove this code section if Control register is removed */
 159:.\Generated_Source\PSoC5/LCD_Timer_PM.c **** }
 191              		.loc 1 159 0
 192 0014 80BD     		pop	{r7, pc}
 193              	.L15:
 194 0016 00BF     		.align	2
 195              	.L14:
 196 0018 00000000 		.word	LCD_Timer_backup
 197              		.cfi_endproc
 198              	.LFE3:
 199              		.size	LCD_Timer_Wakeup, .-LCD_Timer_Wakeup
 200              		.text
 201              	.Letext0:
 202              		.file 2 ".\\Generated_Source\\PSoC5\\cytypes.h"
 203              		.file 3 ".\\Generated_Source\\PSoC5\\LCD_Timer.h"
 204              		.section	.debug_info,"",%progbits
 205              	.Ldebug_info0:
 206 0000 44010000 		.4byte	0x144
 207 0004 0400     		.2byte	0x4
 208 0006 00000000 		.4byte	.Ldebug_abbrev0
 209 000a 04       		.byte	0x4
 210 000b 01       		.uleb128 0x1
 211 000c 9C010000 		.4byte	.LASF25
 212 0010 01       		.byte	0x1
 213 0011 D0000000 		.4byte	.LASF26
 214 0015 0B010000 		.4byte	.LASF27
 215 0019 00000000 		.4byte	.Ldebug_ranges0+0
 216 001d 00000000 		.4byte	0
 217 0021 00000000 		.4byte	.Ldebug_line0
 218 0025 02       		.uleb128 0x2
 219 0026 01       		.byte	0x1
 220 0027 06       		.byte	0x6
 221 0028 90010000 		.4byte	.LASF0
 222 002c 02       		.uleb128 0x2
 223 002d 01       		.byte	0x1
 224 002e 08       		.byte	0x8
 225 002f F8000000 		.4byte	.LASF1
 226 0033 02       		.uleb128 0x2
 227 0034 02       		.byte	0x2
 228 0035 05       		.byte	0x5
 229 0036 4B010000 		.4byte	.LASF2
 230 003a 02       		.uleb128 0x2
 231 003b 02       		.byte	0x2
 232 003c 07       		.byte	0x7
 233 003d 7D010000 		.4byte	.LASF3
 234 0041 02       		.uleb128 0x2
 235 0042 04       		.byte	0x4
 236 0043 05       		.byte	0x5
 237 0044 42010000 		.4byte	.LASF4
 238 0048 02       		.uleb128 0x2
 239 0049 04       		.byte	0x4
ARM GAS  C:\Users\khjtony\AppData\Local\Temp\cccLdscr.s 			page 8


 240 004a 07       		.byte	0x7
 241 004b 53000000 		.4byte	.LASF5
 242 004f 02       		.uleb128 0x2
 243 0050 08       		.byte	0x8
 244 0051 05       		.byte	0x5
 245 0052 00000000 		.4byte	.LASF6
 246 0056 02       		.uleb128 0x2
 247 0057 08       		.byte	0x8
 248 0058 07       		.byte	0x7
 249 0059 65000000 		.4byte	.LASF7
 250 005d 03       		.uleb128 0x3
 251 005e 04       		.byte	0x4
 252 005f 05       		.byte	0x5
 253 0060 696E7400 		.ascii	"int\000"
 254 0064 02       		.uleb128 0x2
 255 0065 04       		.byte	0x4
 256 0066 07       		.byte	0x7
 257 0067 0E000000 		.4byte	.LASF8
 258 006b 04       		.uleb128 0x4
 259 006c 4D000000 		.4byte	.LASF9
 260 0070 02       		.byte	0x2
 261 0071 A1       		.byte	0xa1
 262 0072 2C000000 		.4byte	0x2c
 263 0076 04       		.uleb128 0x4
 264 0077 21020000 		.4byte	.LASF10
 265 007b 02       		.byte	0x2
 266 007c A2       		.byte	0xa2
 267 007d 3A000000 		.4byte	0x3a
 268 0081 02       		.uleb128 0x2
 269 0082 04       		.byte	0x4
 270 0083 04       		.byte	0x4
 271 0084 A8000000 		.4byte	.LASF11
 272 0088 02       		.uleb128 0x2
 273 0089 08       		.byte	0x8
 274 008a 04       		.byte	0x4
 275 008b 66010000 		.4byte	.LASF12
 276 008f 02       		.uleb128 0x2
 277 0090 01       		.byte	0x1
 278 0091 08       		.byte	0x8
 279 0092 06010000 		.4byte	.LASF13
 280 0096 05       		.uleb128 0x5
 281 0097 48000000 		.4byte	.LASF14
 282 009b 02       		.byte	0x2
 283 009c 4B01     		.2byte	0x14b
 284 009e A2000000 		.4byte	0xa2
 285 00a2 06       		.uleb128 0x6
 286 00a3 6B000000 		.4byte	0x6b
 287 00a7 02       		.uleb128 0x2
 288 00a8 04       		.byte	0x4
 289 00a9 07       		.byte	0x7
 290 00aa 3B020000 		.4byte	.LASF15
 291 00ae 07       		.uleb128 0x7
 292 00af 06       		.byte	0x6
 293 00b0 03       		.byte	0x3
 294 00b1 43       		.byte	0x43
 295 00b2 E7000000 		.4byte	0xe7
 296 00b6 08       		.uleb128 0x8
ARM GAS  C:\Users\khjtony\AppData\Local\Temp\cccLdscr.s 			page 9


 297 00b7 BF000000 		.4byte	.LASF16
 298 00bb 03       		.byte	0x3
 299 00bc 45       		.byte	0x45
 300 00bd 6B000000 		.4byte	0x6b
 301 00c1 00       		.byte	0
 302 00c2 08       		.uleb128 0x8
 303 00c3 18020000 		.4byte	.LASF17
 304 00c7 03       		.byte	0x3
 305 00c8 48       		.byte	0x48
 306 00c9 76000000 		.4byte	0x76
 307 00cd 02       		.byte	0x2
 308 00ce 08       		.uleb128 0x8
 309 00cf 28020000 		.4byte	.LASF18
 310 00d3 03       		.byte	0x3
 311 00d4 49       		.byte	0x49
 312 00d5 6B000000 		.4byte	0x6b
 313 00d9 04       		.byte	0x4
 314 00da 08       		.uleb128 0x8
 315 00db 7C000000 		.4byte	.LASF19
 316 00df 03       		.byte	0x3
 317 00e0 4F       		.byte	0x4f
 318 00e1 6B000000 		.4byte	0x6b
 319 00e5 05       		.byte	0x5
 320 00e6 00       		.byte	0
 321 00e7 04       		.uleb128 0x4
 322 00e8 91000000 		.4byte	.LASF20
 323 00ec 03       		.byte	0x3
 324 00ed 53       		.byte	0x53
 325 00ee AE000000 		.4byte	0xae
 326 00f2 09       		.uleb128 0x9
 327 00f3 1B000000 		.4byte	.LASF21
 328 00f7 01       		.byte	0x1
 329 00f8 2B       		.byte	0x2b
 330 00f9 00000000 		.4byte	.LFB0
 331 00fd 30000000 		.4byte	.LFE0-.LFB0
 332 0101 01       		.uleb128 0x1
 333 0102 9C       		.byte	0x9c
 334 0103 09       		.uleb128 0x9
 335 0104 30000000 		.4byte	.LASF22
 336 0108 01       		.byte	0x1
 337 0109 4D       		.byte	0x4d
 338 010a 00000000 		.4byte	.LFB1
 339 010e 2C000000 		.4byte	.LFE1-.LFB1
 340 0112 01       		.uleb128 0x1
 341 0113 9C       		.byte	0x9c
 342 0114 09       		.uleb128 0x9
 343 0115 6D010000 		.4byte	.LASF23
 344 0119 01       		.byte	0x1
 345 011a 70       		.byte	0x70
 346 011b 00000000 		.4byte	.LFB2
 347 011f 34000000 		.4byte	.LFE2-.LFB2
 348 0123 01       		.uleb128 0x1
 349 0124 9C       		.byte	0x9c
 350 0125 09       		.uleb128 0x9
 351 0126 55010000 		.4byte	.LASF24
 352 012a 01       		.byte	0x1
 353 012b 96       		.byte	0x96
ARM GAS  C:\Users\khjtony\AppData\Local\Temp\cccLdscr.s 			page 10


 354 012c 00000000 		.4byte	.LFB3
 355 0130 1C000000 		.4byte	.LFE3-.LFB3
 356 0134 01       		.uleb128 0x1
 357 0135 9C       		.byte	0x9c
 358 0136 0A       		.uleb128 0xa
 359 0137 AE000000 		.4byte	.LASF28
 360 013b 01       		.byte	0x1
 361 013c 15       		.byte	0x15
 362 013d E7000000 		.4byte	0xe7
 363 0141 05       		.uleb128 0x5
 364 0142 03       		.byte	0x3
 365 0143 00000000 		.4byte	LCD_Timer_backup
 366 0147 00       		.byte	0
 367              		.section	.debug_abbrev,"",%progbits
 368              	.Ldebug_abbrev0:
 369 0000 01       		.uleb128 0x1
 370 0001 11       		.uleb128 0x11
 371 0002 01       		.byte	0x1
 372 0003 25       		.uleb128 0x25
 373 0004 0E       		.uleb128 0xe
 374 0005 13       		.uleb128 0x13
 375 0006 0B       		.uleb128 0xb
 376 0007 03       		.uleb128 0x3
 377 0008 0E       		.uleb128 0xe
 378 0009 1B       		.uleb128 0x1b
 379 000a 0E       		.uleb128 0xe
 380 000b 55       		.uleb128 0x55
 381 000c 17       		.uleb128 0x17
 382 000d 11       		.uleb128 0x11
 383 000e 01       		.uleb128 0x1
 384 000f 10       		.uleb128 0x10
 385 0010 17       		.uleb128 0x17
 386 0011 00       		.byte	0
 387 0012 00       		.byte	0
 388 0013 02       		.uleb128 0x2
 389 0014 24       		.uleb128 0x24
 390 0015 00       		.byte	0
 391 0016 0B       		.uleb128 0xb
 392 0017 0B       		.uleb128 0xb
 393 0018 3E       		.uleb128 0x3e
 394 0019 0B       		.uleb128 0xb
 395 001a 03       		.uleb128 0x3
 396 001b 0E       		.uleb128 0xe
 397 001c 00       		.byte	0
 398 001d 00       		.byte	0
 399 001e 03       		.uleb128 0x3
 400 001f 24       		.uleb128 0x24
 401 0020 00       		.byte	0
 402 0021 0B       		.uleb128 0xb
 403 0022 0B       		.uleb128 0xb
 404 0023 3E       		.uleb128 0x3e
 405 0024 0B       		.uleb128 0xb
 406 0025 03       		.uleb128 0x3
 407 0026 08       		.uleb128 0x8
 408 0027 00       		.byte	0
 409 0028 00       		.byte	0
 410 0029 04       		.uleb128 0x4
ARM GAS  C:\Users\khjtony\AppData\Local\Temp\cccLdscr.s 			page 11


 411 002a 16       		.uleb128 0x16
 412 002b 00       		.byte	0
 413 002c 03       		.uleb128 0x3
 414 002d 0E       		.uleb128 0xe
 415 002e 3A       		.uleb128 0x3a
 416 002f 0B       		.uleb128 0xb
 417 0030 3B       		.uleb128 0x3b
 418 0031 0B       		.uleb128 0xb
 419 0032 49       		.uleb128 0x49
 420 0033 13       		.uleb128 0x13
 421 0034 00       		.byte	0
 422 0035 00       		.byte	0
 423 0036 05       		.uleb128 0x5
 424 0037 16       		.uleb128 0x16
 425 0038 00       		.byte	0
 426 0039 03       		.uleb128 0x3
 427 003a 0E       		.uleb128 0xe
 428 003b 3A       		.uleb128 0x3a
 429 003c 0B       		.uleb128 0xb
 430 003d 3B       		.uleb128 0x3b
 431 003e 05       		.uleb128 0x5
 432 003f 49       		.uleb128 0x49
 433 0040 13       		.uleb128 0x13
 434 0041 00       		.byte	0
 435 0042 00       		.byte	0
 436 0043 06       		.uleb128 0x6
 437 0044 35       		.uleb128 0x35
 438 0045 00       		.byte	0
 439 0046 49       		.uleb128 0x49
 440 0047 13       		.uleb128 0x13
 441 0048 00       		.byte	0
 442 0049 00       		.byte	0
 443 004a 07       		.uleb128 0x7
 444 004b 13       		.uleb128 0x13
 445 004c 01       		.byte	0x1
 446 004d 0B       		.uleb128 0xb
 447 004e 0B       		.uleb128 0xb
 448 004f 3A       		.uleb128 0x3a
 449 0050 0B       		.uleb128 0xb
 450 0051 3B       		.uleb128 0x3b
 451 0052 0B       		.uleb128 0xb
 452 0053 01       		.uleb128 0x1
 453 0054 13       		.uleb128 0x13
 454 0055 00       		.byte	0
 455 0056 00       		.byte	0
 456 0057 08       		.uleb128 0x8
 457 0058 0D       		.uleb128 0xd
 458 0059 00       		.byte	0
 459 005a 03       		.uleb128 0x3
 460 005b 0E       		.uleb128 0xe
 461 005c 3A       		.uleb128 0x3a
 462 005d 0B       		.uleb128 0xb
 463 005e 3B       		.uleb128 0x3b
 464 005f 0B       		.uleb128 0xb
 465 0060 49       		.uleb128 0x49
 466 0061 13       		.uleb128 0x13
 467 0062 38       		.uleb128 0x38
ARM GAS  C:\Users\khjtony\AppData\Local\Temp\cccLdscr.s 			page 12


 468 0063 0B       		.uleb128 0xb
 469 0064 00       		.byte	0
 470 0065 00       		.byte	0
 471 0066 09       		.uleb128 0x9
 472 0067 2E       		.uleb128 0x2e
 473 0068 00       		.byte	0
 474 0069 3F       		.uleb128 0x3f
 475 006a 19       		.uleb128 0x19
 476 006b 03       		.uleb128 0x3
 477 006c 0E       		.uleb128 0xe
 478 006d 3A       		.uleb128 0x3a
 479 006e 0B       		.uleb128 0xb
 480 006f 3B       		.uleb128 0x3b
 481 0070 0B       		.uleb128 0xb
 482 0071 27       		.uleb128 0x27
 483 0072 19       		.uleb128 0x19
 484 0073 11       		.uleb128 0x11
 485 0074 01       		.uleb128 0x1
 486 0075 12       		.uleb128 0x12
 487 0076 06       		.uleb128 0x6
 488 0077 40       		.uleb128 0x40
 489 0078 18       		.uleb128 0x18
 490 0079 9642     		.uleb128 0x2116
 491 007b 19       		.uleb128 0x19
 492 007c 00       		.byte	0
 493 007d 00       		.byte	0
 494 007e 0A       		.uleb128 0xa
 495 007f 34       		.uleb128 0x34
 496 0080 00       		.byte	0
 497 0081 03       		.uleb128 0x3
 498 0082 0E       		.uleb128 0xe
 499 0083 3A       		.uleb128 0x3a
 500 0084 0B       		.uleb128 0xb
 501 0085 3B       		.uleb128 0x3b
 502 0086 0B       		.uleb128 0xb
 503 0087 49       		.uleb128 0x49
 504 0088 13       		.uleb128 0x13
 505 0089 02       		.uleb128 0x2
 506 008a 18       		.uleb128 0x18
 507 008b 00       		.byte	0
 508 008c 00       		.byte	0
 509 008d 00       		.byte	0
 510              		.section	.debug_aranges,"",%progbits
 511 0000 34000000 		.4byte	0x34
 512 0004 0200     		.2byte	0x2
 513 0006 00000000 		.4byte	.Ldebug_info0
 514 000a 04       		.byte	0x4
 515 000b 00       		.byte	0
 516 000c 0000     		.2byte	0
 517 000e 0000     		.2byte	0
 518 0010 00000000 		.4byte	.LFB0
 519 0014 30000000 		.4byte	.LFE0-.LFB0
 520 0018 00000000 		.4byte	.LFB1
 521 001c 2C000000 		.4byte	.LFE1-.LFB1
 522 0020 00000000 		.4byte	.LFB2
 523 0024 34000000 		.4byte	.LFE2-.LFB2
 524 0028 00000000 		.4byte	.LFB3
ARM GAS  C:\Users\khjtony\AppData\Local\Temp\cccLdscr.s 			page 13


 525 002c 1C000000 		.4byte	.LFE3-.LFB3
 526 0030 00000000 		.4byte	0
 527 0034 00000000 		.4byte	0
 528              		.section	.debug_ranges,"",%progbits
 529              	.Ldebug_ranges0:
 530 0000 00000000 		.4byte	.LFB0
 531 0004 30000000 		.4byte	.LFE0
 532 0008 00000000 		.4byte	.LFB1
 533 000c 2C000000 		.4byte	.LFE1
 534 0010 00000000 		.4byte	.LFB2
 535 0014 34000000 		.4byte	.LFE2
 536 0018 00000000 		.4byte	.LFB3
 537 001c 1C000000 		.4byte	.LFE3
 538 0020 00000000 		.4byte	0
 539 0024 00000000 		.4byte	0
 540              		.section	.debug_line,"",%progbits
 541              	.Ldebug_line0:
 542 0000 B1000000 		.section	.debug_str,"MS",%progbits,1
 542      02005A00 
 542      00000201 
 542      FB0E0D00 
 542      01010101 
 543              	.LASF6:
 544 0000 6C6F6E67 		.ascii	"long long int\000"
 544      206C6F6E 
 544      6720696E 
 544      7400
 545              	.LASF8:
 546 000e 756E7369 		.ascii	"unsigned int\000"
 546      676E6564 
 546      20696E74 
 546      00
 547              	.LASF21:
 548 001b 4C43445F 		.ascii	"LCD_Timer_SaveConfig\000"
 548      54696D65 
 548      725F5361 
 548      7665436F 
 548      6E666967 
 549              	.LASF22:
 550 0030 4C43445F 		.ascii	"LCD_Timer_RestoreConfig\000"
 550      54696D65 
 550      725F5265 
 550      73746F72 
 550      65436F6E 
 551              	.LASF14:
 552 0048 72656738 		.ascii	"reg8\000"
 552      00
 553              	.LASF9:
 554 004d 75696E74 		.ascii	"uint8\000"
 554      3800
 555              	.LASF5:
 556 0053 6C6F6E67 		.ascii	"long unsigned int\000"
 556      20756E73 
 556      69676E65 
 556      6420696E 
 556      7400
 557              	.LASF7:
ARM GAS  C:\Users\khjtony\AppData\Local\Temp\cccLdscr.s 			page 14


 558 0065 6C6F6E67 		.ascii	"long long unsigned int\000"
 558      206C6F6E 
 558      6720756E 
 558      7369676E 
 558      65642069 
 559              	.LASF19:
 560 007c 54696D65 		.ascii	"TimerControlRegister\000"
 560      72436F6E 
 560      74726F6C 
 560      52656769 
 560      73746572 
 561              	.LASF20:
 562 0091 4C43445F 		.ascii	"LCD_Timer_backupStruct\000"
 562      54696D65 
 562      725F6261 
 562      636B7570 
 562      53747275 
 563              	.LASF11:
 564 00a8 666C6F61 		.ascii	"float\000"
 564      7400
 565              	.LASF28:
 566 00ae 4C43445F 		.ascii	"LCD_Timer_backup\000"
 566      54696D65 
 566      725F6261 
 566      636B7570 
 566      00
 567              	.LASF16:
 568 00bf 54696D65 		.ascii	"TimerEnableState\000"
 568      72456E61 
 568      626C6553 
 568      74617465 
 568      00
 569              	.LASF26:
 570 00d0 2E5C4765 		.ascii	".\\Generated_Source\\PSoC5\\LCD_Timer_PM.c\000"
 570      6E657261 
 570      7465645F 
 570      536F7572 
 570      63655C50 
 571              	.LASF1:
 572 00f8 756E7369 		.ascii	"unsigned char\000"
 572      676E6564 
 572      20636861 
 572      7200
 573              	.LASF13:
 574 0106 63686172 		.ascii	"char\000"
 574      00
 575              	.LASF27:
 576 010b 443A5C77 		.ascii	"D:\\workspace\\Super-Eagle\\Super-Eagle\\Super-Eagl"
 576      6F726B73 
 576      70616365 
 576      5C537570 
 576      65722D45 
 577 013a 652E6379 		.ascii	"e.cydsn\000"
 577      64736E00 
 578              	.LASF4:
 579 0142 6C6F6E67 		.ascii	"long int\000"
 579      20696E74 
ARM GAS  C:\Users\khjtony\AppData\Local\Temp\cccLdscr.s 			page 15


 579      00
 580              	.LASF2:
 581 014b 73686F72 		.ascii	"short int\000"
 581      7420696E 
 581      7400
 582              	.LASF24:
 583 0155 4C43445F 		.ascii	"LCD_Timer_Wakeup\000"
 583      54696D65 
 583      725F5761 
 583      6B657570 
 583      00
 584              	.LASF12:
 585 0166 646F7562 		.ascii	"double\000"
 585      6C6500
 586              	.LASF23:
 587 016d 4C43445F 		.ascii	"LCD_Timer_Sleep\000"
 587      54696D65 
 587      725F536C 
 587      65657000 
 588              	.LASF3:
 589 017d 73686F72 		.ascii	"short unsigned int\000"
 589      7420756E 
 589      7369676E 
 589      65642069 
 589      6E7400
 590              	.LASF0:
 591 0190 7369676E 		.ascii	"signed char\000"
 591      65642063 
 591      68617200 
 592              	.LASF25:
 593 019c 474E5520 		.ascii	"GNU C 4.8.4 20140526 (release) [ARM/embedded-4_8-br"
 593      4320342E 
 593      382E3420 
 593      32303134 
 593      30353236 
 594 01cf 616E6368 		.ascii	"anch revision 211358] -mcpu=cortex-m3 -mthumb -g -O"
 594      20726576 
 594      6973696F 
 594      6E203231 
 594      31333538 
 595 0202 30202D66 		.ascii	"0 -ffunction-sections\000"
 595      66756E63 
 595      74696F6E 
 595      2D736563 
 595      74696F6E 
 596              	.LASF17:
 597 0218 54696D65 		.ascii	"TimerUdb\000"
 597      72556462 
 597      00
 598              	.LASF10:
 599 0221 75696E74 		.ascii	"uint16\000"
 599      313600
 600              	.LASF18:
 601 0228 496E7465 		.ascii	"InterruptMaskValue\000"
 601      72727570 
 601      744D6173 
 601      6B56616C 
ARM GAS  C:\Users\khjtony\AppData\Local\Temp\cccLdscr.s 			page 16


 601      756500
 602              	.LASF15:
 603 023b 73697A65 		.ascii	"sizetype\000"
 603      74797065 
 603      00
 604              		.ident	"GCC: (GNU Tools for ARM Embedded Processors) 4.8.4 20140526 (release) [ARM/embedded-4_8-br
