ARM GAS  C:\Users\KHJTON~1\AppData\Local\Temp\ccn9brlf.s 			page 1


   1              		.syntax unified
   2              		.cpu cortex-m3
   3              		.fpu softvfp
   4              		.eabi_attribute 20, 1
   5              		.eabi_attribute 21, 1
   6              		.eabi_attribute 23, 3
   7              		.eabi_attribute 24, 1
   8              		.eabi_attribute 25, 1
   9              		.eabi_attribute 26, 1
  10              		.eabi_attribute 30, 6
  11              		.eabi_attribute 34, 1
  12              		.eabi_attribute 18, 4
  13              		.thumb
  14              		.file	"LCD_Bar.c"
  15              		.text
  16              	.Ltext0:
  17              		.cfi_sections	.debug_frame
  18              		.section	.text.quickBar,"ax",%progbits
  19              		.align	2
  20              		.global	quickBar
  21              		.thumb
  22              		.thumb_func
  23              		.type	quickBar, %function
  24              	quickBar:
  25              	.LFB56:
  26              		.file 1 ".\\LCD_Bar.c"
   1:.\LCD_Bar.c   **** /* ========================================
   2:.\LCD_Bar.c   ****  *
   3:.\LCD_Bar.c   ****  * Copyright YOUR COMPANY, THE YEAR
   4:.\LCD_Bar.c   ****  * All Rights Reserved
   5:.\LCD_Bar.c   ****  * UNPUBLISHED, LICENSED SOFTWARE.
   6:.\LCD_Bar.c   ****  *
   7:.\LCD_Bar.c   ****  * CONFIDENTIAL AND PROPRIETARY INFORMATION
   8:.\LCD_Bar.c   ****  * WHICH IS THE PROPERTY OF your company.
   9:.\LCD_Bar.c   ****  *
  10:.\LCD_Bar.c   ****  * ========================================
  11:.\LCD_Bar.c   **** */
  12:.\LCD_Bar.c   **** #include "LCD_Bar.h"
  13:.\LCD_Bar.c   **** 
  14:.\LCD_Bar.c   **** void quickBar(uint8_t row, uint8_t colume, direction dir, uint8_t len){
  27              		.loc 1 14 0
  28              		.cfi_startproc
  29              		@ args = 0, pretend = 0, frame = 16
  30              		@ frame_needed = 1, uses_anonymous_args = 0
  31 0000 80B5     		push	{r7, lr}
  32              		.cfi_def_cfa_offset 8
  33              		.cfi_offset 7, -8
  34              		.cfi_offset 14, -4
  35 0002 84B0     		sub	sp, sp, #16
  36              		.cfi_def_cfa_offset 24
  37 0004 00AF     		add	r7, sp, #0
  38              		.cfi_def_cfa_register 7
  39 0006 F871     		strb	r0, [r7, #7]
  40 0008 B971     		strb	r1, [r7, #6]
  41 000a 7A71     		strb	r2, [r7, #5]
  42 000c 3B71     		strb	r3, [r7, #4]
  15:.\LCD_Bar.c   ****     uint8_t norLen=(uint8_t)(len*LCD_WIDTH/256/2);
ARM GAS  C:\Users\KHJTON~1\AppData\Local\Temp\ccn9brlf.s 			page 2


  43              		.loc 1 15 0
  44 000e 3A79     		ldrb	r2, [r7, #4]	@ zero_extendqisi2
  45 0010 1346     		mov	r3, r2
  46 0012 9B00     		lsls	r3, r3, #2
  47 0014 1344     		add	r3, r3, r2
  48 0016 1B01     		lsls	r3, r3, #4
  49 0018 5B0A     		lsrs	r3, r3, #9
  50 001a FB73     		strb	r3, [r7, #15]
  16:.\LCD_Bar.c   ****     if (dir == RIGHT){
  51              		.loc 1 16 0
  52 001c 7B79     		ldrb	r3, [r7, #5]	@ zero_extendqisi2
  53 001e 012B     		cmp	r3, #1
  54 0020 08D1     		bne	.L2
  55              	.LBB2:
  17:.\LCD_Bar.c   ****         LCD_DrawHorizontalBG(row, colume, (LCD_COLUMNS - LCD_ROWS), norLen);
  56              		.loc 1 17 0
  57 0022 F979     		ldrb	r1, [r7, #7]	@ zero_extendqisi2
  58 0024 BA79     		ldrb	r2, [r7, #6]	@ zero_extendqisi2
  59 0026 FB7B     		ldrb	r3, [r7, #15]	@ zero_extendqisi2
  60 0028 0846     		mov	r0, r1
  61 002a 1146     		mov	r1, r2
  62 002c 0E22     		movs	r2, #14
  63 002e FFF7FEFF 		bl	LCD_DrawHorizontalBG
  64              	.LBE2:
  65 0032 0EE0     		b	.L3
  66              	.L2:
  67              	.LBB3:
  18:.\LCD_Bar.c   ****     }
  19:.\LCD_Bar.c   ****     else{
  20:.\LCD_Bar.c   ****         LCD_DrawHorizontalBG(row, colume-norLen/5, (LCD_COLUMNS - LCD_ROWS), norLen);
  68              		.loc 1 20 0
  69 0034 F979     		ldrb	r1, [r7, #7]	@ zero_extendqisi2
  70 0036 BA79     		ldrb	r2, [r7, #6]	@ zero_extendqisi2
  71 0038 F87B     		ldrb	r0, [r7, #15]	@ zero_extendqisi2
  72 003a 084B     		ldr	r3, .L5
  73 003c A3FB00C3 		umull	ip, r3, r3, r0
  74 0040 9B08     		lsrs	r3, r3, #2
  75 0042 DBB2     		uxtb	r3, r3
  76 0044 D21A     		subs	r2, r2, r3
  77 0046 FB7B     		ldrb	r3, [r7, #15]	@ zero_extendqisi2
  78 0048 0846     		mov	r0, r1
  79 004a 1146     		mov	r1, r2
  80 004c 0E22     		movs	r2, #14
  81 004e FFF7FEFF 		bl	LCD_DrawHorizontalBG
  82              	.L3:
  83              	.LBE3:
  21:.\LCD_Bar.c   ****     }
  22:.\LCD_Bar.c   ****     return;
  84              		.loc 1 22 0
  85 0052 00BF     		nop
  23:.\LCD_Bar.c   **** }
  86              		.loc 1 23 0
  87 0054 1037     		adds	r7, r7, #16
  88 0056 BD46     		mov	sp, r7
  89              		@ sp needed
  90 0058 80BD     		pop	{r7, pc}
  91              	.L6:
ARM GAS  C:\Users\KHJTON~1\AppData\Local\Temp\ccn9brlf.s 			page 3


  92 005a 00BF     		.align	2
  93              	.L5:
  94 005c CDCCCCCC 		.word	-858993459
  95              		.cfi_endproc
  96              	.LFE56:
  97              		.size	quickBar, .-quickBar
  98              		.text
  99              	.Letext0:
 100              		.file 2 "d:\\software\\psoccreator\\psoc creator\\3.1\\psoc creator\\import\\gnu_cs\\arm\\4.8.4\\a
 101              		.file 3 "d:\\software\\psoccreator\\psoc creator\\3.1\\psoc creator\\import\\gnu_cs\\arm\\4.8.4\\a
 102              		.file 4 ".\\LCD_Bar.h"
 103              		.file 5 ".\\Generated_Source\\PSoC5/core_cm3.h"
 104              		.section	.debug_info,"",%progbits
 105              	.Ldebug_info0:
 106 0000 6F010000 		.4byte	0x16f
 107 0004 0400     		.2byte	0x4
 108 0006 00000000 		.4byte	.Ldebug_abbrev0
 109 000a 04       		.byte	0x4
 110 000b 01       		.uleb128 0x1
 111 000c D1000000 		.4byte	.LASF22
 112 0010 01       		.byte	0x1
 113 0011 6F000000 		.4byte	.LASF23
 114 0015 99010000 		.4byte	.LASF24
 115 0019 00000000 		.4byte	.Ldebug_ranges0+0
 116 001d 00000000 		.4byte	0
 117 0021 00000000 		.4byte	.Ldebug_line0
 118 0025 02       		.uleb128 0x2
 119 0026 01       		.byte	0x1
 120 0027 06       		.byte	0x6
 121 0028 29000000 		.4byte	.LASF0
 122 002c 03       		.uleb128 0x3
 123 002d 00000000 		.4byte	.LASF4
 124 0031 02       		.byte	0x2
 125 0032 1C       		.byte	0x1c
 126 0033 37000000 		.4byte	0x37
 127 0037 02       		.uleb128 0x2
 128 0038 01       		.byte	0x1
 129 0039 08       		.byte	0x8
 130 003a 3C000000 		.4byte	.LASF1
 131 003e 02       		.uleb128 0x2
 132 003f 02       		.byte	0x2
 133 0040 05       		.byte	0x5
 134 0041 71010000 		.4byte	.LASF2
 135 0045 02       		.uleb128 0x2
 136 0046 02       		.byte	0x2
 137 0047 07       		.byte	0x7
 138 0048 5C000000 		.4byte	.LASF3
 139 004c 03       		.uleb128 0x3
 140 004d 0F000000 		.4byte	.LASF5
 141 0051 02       		.byte	0x2
 142 0052 37       		.byte	0x37
 143 0053 57000000 		.4byte	0x57
 144 0057 02       		.uleb128 0x2
 145 0058 04       		.byte	0x4
 146 0059 05       		.byte	0x5
 147 005a 7B010000 		.4byte	.LASF6
 148 005e 02       		.uleb128 0x2
ARM GAS  C:\Users\KHJTON~1\AppData\Local\Temp\ccn9brlf.s 			page 4


 149 005f 04       		.byte	0x4
 150 0060 07       		.byte	0x7
 151 0061 4A000000 		.4byte	.LASF7
 152 0065 02       		.uleb128 0x2
 153 0066 08       		.byte	0x8
 154 0067 05       		.byte	0x5
 155 0068 5E010000 		.4byte	.LASF8
 156 006c 02       		.uleb128 0x2
 157 006d 08       		.byte	0x8
 158 006e 07       		.byte	0x7
 159 006f A5000000 		.4byte	.LASF9
 160 0073 04       		.uleb128 0x4
 161 0074 04       		.byte	0x4
 162 0075 05       		.byte	0x5
 163 0076 696E7400 		.ascii	"int\000"
 164 007a 02       		.uleb128 0x2
 165 007b 04       		.byte	0x4
 166 007c 07       		.byte	0x7
 167 007d 98000000 		.4byte	.LASF10
 168 0081 03       		.uleb128 0x3
 169 0082 BC000000 		.4byte	.LASF11
 170 0086 03       		.byte	0x3
 171 0087 2A       		.byte	0x2a
 172 0088 2C000000 		.4byte	0x2c
 173 008c 03       		.uleb128 0x3
 174 008d 4D010000 		.4byte	.LASF12
 175 0091 03       		.byte	0x3
 176 0092 41       		.byte	0x41
 177 0093 4C000000 		.4byte	0x4c
 178 0097 02       		.uleb128 0x2
 179 0098 04       		.byte	0x4
 180 0099 04       		.byte	0x4
 181 009a 23000000 		.4byte	.LASF13
 182 009e 02       		.uleb128 0x2
 183 009f 08       		.byte	0x8
 184 00a0 04       		.byte	0x4
 185 00a1 7B000000 		.4byte	.LASF14
 186 00a5 02       		.uleb128 0x2
 187 00a6 01       		.byte	0x1
 188 00a7 08       		.byte	0x8
 189 00a8 6C010000 		.4byte	.LASF15
 190 00ac 02       		.uleb128 0x2
 191 00ad 04       		.byte	0x4
 192 00ae 07       		.byte	0x7
 193 00af 55010000 		.4byte	.LASF16
 194 00b3 05       		.uleb128 0x5
 195 00b4 01       		.byte	0x1
 196 00b5 04       		.byte	0x4
 197 00b6 17       		.byte	0x17
 198 00b7 C8000000 		.4byte	0xc8
 199 00bb 06       		.uleb128 0x6
 200 00bc 0A000000 		.4byte	.LASF17
 201 00c0 00       		.sleb128 0
 202 00c1 06       		.uleb128 0x6
 203 00c2 CB000000 		.4byte	.LASF18
 204 00c6 01       		.sleb128 1
 205 00c7 00       		.byte	0
ARM GAS  C:\Users\KHJTON~1\AppData\Local\Temp\ccn9brlf.s 			page 5


 206 00c8 03       		.uleb128 0x3
 207 00c9 19000000 		.4byte	.LASF19
 208 00cd 04       		.byte	0x4
 209 00ce 1A       		.byte	0x1a
 210 00cf B3000000 		.4byte	0xb3
 211 00d3 07       		.uleb128 0x7
 212 00d4 82000000 		.4byte	.LASF25
 213 00d8 01       		.byte	0x1
 214 00d9 0E       		.byte	0xe
 215 00da 00000000 		.4byte	.LFB56
 216 00de 60000000 		.4byte	.LFE56-.LFB56
 217 00e2 01       		.uleb128 0x1
 218 00e3 9C       		.byte	0x9c
 219 00e4 61010000 		.4byte	0x161
 220 00e8 08       		.uleb128 0x8
 221 00e9 726F7700 		.ascii	"row\000"
 222 00ed 01       		.byte	0x1
 223 00ee 0E       		.byte	0xe
 224 00ef 81000000 		.4byte	0x81
 225 00f3 02       		.uleb128 0x2
 226 00f4 91       		.byte	0x91
 227 00f5 6F       		.sleb128 -17
 228 00f6 09       		.uleb128 0x9
 229 00f7 35000000 		.4byte	.LASF20
 230 00fb 01       		.byte	0x1
 231 00fc 0E       		.byte	0xe
 232 00fd 81000000 		.4byte	0x81
 233 0101 02       		.uleb128 0x2
 234 0102 91       		.byte	0x91
 235 0103 6E       		.sleb128 -18
 236 0104 08       		.uleb128 0x8
 237 0105 64697200 		.ascii	"dir\000"
 238 0109 01       		.byte	0x1
 239 010a 0E       		.byte	0xe
 240 010b C8000000 		.4byte	0xc8
 241 010f 02       		.uleb128 0x2
 242 0110 91       		.byte	0x91
 243 0111 6D       		.sleb128 -19
 244 0112 08       		.uleb128 0x8
 245 0113 6C656E00 		.ascii	"len\000"
 246 0117 01       		.byte	0x1
 247 0118 0E       		.byte	0xe
 248 0119 81000000 		.4byte	0x81
 249 011d 02       		.uleb128 0x2
 250 011e 91       		.byte	0x91
 251 011f 6C       		.sleb128 -20
 252 0120 0A       		.uleb128 0xa
 253 0121 C4000000 		.4byte	.LASF26
 254 0125 01       		.byte	0x1
 255 0126 0F       		.byte	0xf
 256 0127 81000000 		.4byte	0x81
 257 012b 02       		.uleb128 0x2
 258 012c 91       		.byte	0x91
 259 012d 77       		.sleb128 -9
 260 012e 0B       		.uleb128 0xb
 261 012f 22000000 		.4byte	.LBB2
 262 0133 10000000 		.4byte	.LBE2-.LBB2
ARM GAS  C:\Users\KHJTON~1\AppData\Local\Temp\ccn9brlf.s 			page 6


 263 0137 49010000 		.4byte	0x149
 264 013b 0C       		.uleb128 0xc
 265 013c 84010000 		.4byte	.LASF21
 266 0140 01       		.byte	0x1
 267 0141 11       		.byte	0x11
 268 0142 73000000 		.4byte	0x73
 269 0146 0D       		.uleb128 0xd
 270 0147 00       		.byte	0
 271 0148 00       		.byte	0
 272 0149 0E       		.uleb128 0xe
 273 014a 34000000 		.4byte	.LBB3
 274 014e 1E000000 		.4byte	.LBE3-.LBB3
 275 0152 0C       		.uleb128 0xc
 276 0153 84010000 		.4byte	.LASF21
 277 0157 01       		.byte	0x1
 278 0158 11       		.byte	0x11
 279 0159 73000000 		.4byte	0x73
 280 015d 0D       		.uleb128 0xd
 281 015e 00       		.byte	0
 282 015f 00       		.byte	0
 283 0160 00       		.byte	0
 284 0161 0F       		.uleb128 0xf
 285 0162 8B000000 		.4byte	.LASF27
 286 0166 05       		.byte	0x5
 287 0167 1606     		.2byte	0x616
 288 0169 6D010000 		.4byte	0x16d
 289 016d 10       		.uleb128 0x10
 290 016e 8C000000 		.4byte	0x8c
 291 0172 00       		.byte	0
 292              		.section	.debug_abbrev,"",%progbits
 293              	.Ldebug_abbrev0:
 294 0000 01       		.uleb128 0x1
 295 0001 11       		.uleb128 0x11
 296 0002 01       		.byte	0x1
 297 0003 25       		.uleb128 0x25
 298 0004 0E       		.uleb128 0xe
 299 0005 13       		.uleb128 0x13
 300 0006 0B       		.uleb128 0xb
 301 0007 03       		.uleb128 0x3
 302 0008 0E       		.uleb128 0xe
 303 0009 1B       		.uleb128 0x1b
 304 000a 0E       		.uleb128 0xe
 305 000b 55       		.uleb128 0x55
 306 000c 17       		.uleb128 0x17
 307 000d 11       		.uleb128 0x11
 308 000e 01       		.uleb128 0x1
 309 000f 10       		.uleb128 0x10
 310 0010 17       		.uleb128 0x17
 311 0011 00       		.byte	0
 312 0012 00       		.byte	0
 313 0013 02       		.uleb128 0x2
 314 0014 24       		.uleb128 0x24
 315 0015 00       		.byte	0
 316 0016 0B       		.uleb128 0xb
 317 0017 0B       		.uleb128 0xb
 318 0018 3E       		.uleb128 0x3e
 319 0019 0B       		.uleb128 0xb
ARM GAS  C:\Users\KHJTON~1\AppData\Local\Temp\ccn9brlf.s 			page 7


 320 001a 03       		.uleb128 0x3
 321 001b 0E       		.uleb128 0xe
 322 001c 00       		.byte	0
 323 001d 00       		.byte	0
 324 001e 03       		.uleb128 0x3
 325 001f 16       		.uleb128 0x16
 326 0020 00       		.byte	0
 327 0021 03       		.uleb128 0x3
 328 0022 0E       		.uleb128 0xe
 329 0023 3A       		.uleb128 0x3a
 330 0024 0B       		.uleb128 0xb
 331 0025 3B       		.uleb128 0x3b
 332 0026 0B       		.uleb128 0xb
 333 0027 49       		.uleb128 0x49
 334 0028 13       		.uleb128 0x13
 335 0029 00       		.byte	0
 336 002a 00       		.byte	0
 337 002b 04       		.uleb128 0x4
 338 002c 24       		.uleb128 0x24
 339 002d 00       		.byte	0
 340 002e 0B       		.uleb128 0xb
 341 002f 0B       		.uleb128 0xb
 342 0030 3E       		.uleb128 0x3e
 343 0031 0B       		.uleb128 0xb
 344 0032 03       		.uleb128 0x3
 345 0033 08       		.uleb128 0x8
 346 0034 00       		.byte	0
 347 0035 00       		.byte	0
 348 0036 05       		.uleb128 0x5
 349 0037 04       		.uleb128 0x4
 350 0038 01       		.byte	0x1
 351 0039 0B       		.uleb128 0xb
 352 003a 0B       		.uleb128 0xb
 353 003b 3A       		.uleb128 0x3a
 354 003c 0B       		.uleb128 0xb
 355 003d 3B       		.uleb128 0x3b
 356 003e 0B       		.uleb128 0xb
 357 003f 01       		.uleb128 0x1
 358 0040 13       		.uleb128 0x13
 359 0041 00       		.byte	0
 360 0042 00       		.byte	0
 361 0043 06       		.uleb128 0x6
 362 0044 28       		.uleb128 0x28
 363 0045 00       		.byte	0
 364 0046 03       		.uleb128 0x3
 365 0047 0E       		.uleb128 0xe
 366 0048 1C       		.uleb128 0x1c
 367 0049 0D       		.uleb128 0xd
 368 004a 00       		.byte	0
 369 004b 00       		.byte	0
 370 004c 07       		.uleb128 0x7
 371 004d 2E       		.uleb128 0x2e
 372 004e 01       		.byte	0x1
 373 004f 3F       		.uleb128 0x3f
 374 0050 19       		.uleb128 0x19
 375 0051 03       		.uleb128 0x3
 376 0052 0E       		.uleb128 0xe
ARM GAS  C:\Users\KHJTON~1\AppData\Local\Temp\ccn9brlf.s 			page 8


 377 0053 3A       		.uleb128 0x3a
 378 0054 0B       		.uleb128 0xb
 379 0055 3B       		.uleb128 0x3b
 380 0056 0B       		.uleb128 0xb
 381 0057 27       		.uleb128 0x27
 382 0058 19       		.uleb128 0x19
 383 0059 11       		.uleb128 0x11
 384 005a 01       		.uleb128 0x1
 385 005b 12       		.uleb128 0x12
 386 005c 06       		.uleb128 0x6
 387 005d 40       		.uleb128 0x40
 388 005e 18       		.uleb128 0x18
 389 005f 9642     		.uleb128 0x2116
 390 0061 19       		.uleb128 0x19
 391 0062 01       		.uleb128 0x1
 392 0063 13       		.uleb128 0x13
 393 0064 00       		.byte	0
 394 0065 00       		.byte	0
 395 0066 08       		.uleb128 0x8
 396 0067 05       		.uleb128 0x5
 397 0068 00       		.byte	0
 398 0069 03       		.uleb128 0x3
 399 006a 08       		.uleb128 0x8
 400 006b 3A       		.uleb128 0x3a
 401 006c 0B       		.uleb128 0xb
 402 006d 3B       		.uleb128 0x3b
 403 006e 0B       		.uleb128 0xb
 404 006f 49       		.uleb128 0x49
 405 0070 13       		.uleb128 0x13
 406 0071 02       		.uleb128 0x2
 407 0072 18       		.uleb128 0x18
 408 0073 00       		.byte	0
 409 0074 00       		.byte	0
 410 0075 09       		.uleb128 0x9
 411 0076 05       		.uleb128 0x5
 412 0077 00       		.byte	0
 413 0078 03       		.uleb128 0x3
 414 0079 0E       		.uleb128 0xe
 415 007a 3A       		.uleb128 0x3a
 416 007b 0B       		.uleb128 0xb
 417 007c 3B       		.uleb128 0x3b
 418 007d 0B       		.uleb128 0xb
 419 007e 49       		.uleb128 0x49
 420 007f 13       		.uleb128 0x13
 421 0080 02       		.uleb128 0x2
 422 0081 18       		.uleb128 0x18
 423 0082 00       		.byte	0
 424 0083 00       		.byte	0
 425 0084 0A       		.uleb128 0xa
 426 0085 34       		.uleb128 0x34
 427 0086 00       		.byte	0
 428 0087 03       		.uleb128 0x3
 429 0088 0E       		.uleb128 0xe
 430 0089 3A       		.uleb128 0x3a
 431 008a 0B       		.uleb128 0xb
 432 008b 3B       		.uleb128 0x3b
 433 008c 0B       		.uleb128 0xb
ARM GAS  C:\Users\KHJTON~1\AppData\Local\Temp\ccn9brlf.s 			page 9


 434 008d 49       		.uleb128 0x49
 435 008e 13       		.uleb128 0x13
 436 008f 02       		.uleb128 0x2
 437 0090 18       		.uleb128 0x18
 438 0091 00       		.byte	0
 439 0092 00       		.byte	0
 440 0093 0B       		.uleb128 0xb
 441 0094 0B       		.uleb128 0xb
 442 0095 01       		.byte	0x1
 443 0096 11       		.uleb128 0x11
 444 0097 01       		.uleb128 0x1
 445 0098 12       		.uleb128 0x12
 446 0099 06       		.uleb128 0x6
 447 009a 01       		.uleb128 0x1
 448 009b 13       		.uleb128 0x13
 449 009c 00       		.byte	0
 450 009d 00       		.byte	0
 451 009e 0C       		.uleb128 0xc
 452 009f 2E       		.uleb128 0x2e
 453 00a0 01       		.byte	0x1
 454 00a1 3F       		.uleb128 0x3f
 455 00a2 19       		.uleb128 0x19
 456 00a3 03       		.uleb128 0x3
 457 00a4 0E       		.uleb128 0xe
 458 00a5 3A       		.uleb128 0x3a
 459 00a6 0B       		.uleb128 0xb
 460 00a7 3B       		.uleb128 0x3b
 461 00a8 0B       		.uleb128 0xb
 462 00a9 49       		.uleb128 0x49
 463 00aa 13       		.uleb128 0x13
 464 00ab 3C       		.uleb128 0x3c
 465 00ac 19       		.uleb128 0x19
 466 00ad 00       		.byte	0
 467 00ae 00       		.byte	0
 468 00af 0D       		.uleb128 0xd
 469 00b0 18       		.uleb128 0x18
 470 00b1 00       		.byte	0
 471 00b2 00       		.byte	0
 472 00b3 00       		.byte	0
 473 00b4 0E       		.uleb128 0xe
 474 00b5 0B       		.uleb128 0xb
 475 00b6 01       		.byte	0x1
 476 00b7 11       		.uleb128 0x11
 477 00b8 01       		.uleb128 0x1
 478 00b9 12       		.uleb128 0x12
 479 00ba 06       		.uleb128 0x6
 480 00bb 00       		.byte	0
 481 00bc 00       		.byte	0
 482 00bd 0F       		.uleb128 0xf
 483 00be 34       		.uleb128 0x34
 484 00bf 00       		.byte	0
 485 00c0 03       		.uleb128 0x3
 486 00c1 0E       		.uleb128 0xe
 487 00c2 3A       		.uleb128 0x3a
 488 00c3 0B       		.uleb128 0xb
 489 00c4 3B       		.uleb128 0x3b
 490 00c5 05       		.uleb128 0x5
ARM GAS  C:\Users\KHJTON~1\AppData\Local\Temp\ccn9brlf.s 			page 10


 491 00c6 49       		.uleb128 0x49
 492 00c7 13       		.uleb128 0x13
 493 00c8 3F       		.uleb128 0x3f
 494 00c9 19       		.uleb128 0x19
 495 00ca 3C       		.uleb128 0x3c
 496 00cb 19       		.uleb128 0x19
 497 00cc 00       		.byte	0
 498 00cd 00       		.byte	0
 499 00ce 10       		.uleb128 0x10
 500 00cf 35       		.uleb128 0x35
 501 00d0 00       		.byte	0
 502 00d1 49       		.uleb128 0x49
 503 00d2 13       		.uleb128 0x13
 504 00d3 00       		.byte	0
 505 00d4 00       		.byte	0
 506 00d5 00       		.byte	0
 507              		.section	.debug_aranges,"",%progbits
 508 0000 1C000000 		.4byte	0x1c
 509 0004 0200     		.2byte	0x2
 510 0006 00000000 		.4byte	.Ldebug_info0
 511 000a 04       		.byte	0x4
 512 000b 00       		.byte	0
 513 000c 0000     		.2byte	0
 514 000e 0000     		.2byte	0
 515 0010 00000000 		.4byte	.LFB56
 516 0014 60000000 		.4byte	.LFE56-.LFB56
 517 0018 00000000 		.4byte	0
 518 001c 00000000 		.4byte	0
 519              		.section	.debug_ranges,"",%progbits
 520              	.Ldebug_ranges0:
 521 0000 00000000 		.4byte	.LFB56
 522 0004 60000000 		.4byte	.LFE56
 523 0008 00000000 		.4byte	0
 524 000c 00000000 		.4byte	0
 525              		.section	.debug_line,"",%progbits
 526              	.Ldebug_line0:
 527 0000 63010000 		.section	.debug_str,"MS",%progbits,1
 527      02004801 
 527      00000201 
 527      FB0E0D00 
 527      01010101 
 528              	.LASF4:
 529 0000 5F5F7569 		.ascii	"__uint8_t\000"
 529      6E74385F 
 529      7400
 530              	.LASF17:
 531 000a 4C454654 		.ascii	"LEFT\000"
 531      00
 532              	.LASF5:
 533 000f 5F5F696E 		.ascii	"__int32_t\000"
 533      7433325F 
 533      7400
 534              	.LASF19:
 535 0019 64697265 		.ascii	"direction\000"
 535      6374696F 
 535      6E00
 536              	.LASF13:
ARM GAS  C:\Users\KHJTON~1\AppData\Local\Temp\ccn9brlf.s 			page 11


 537 0023 666C6F61 		.ascii	"float\000"
 537      7400
 538              	.LASF0:
 539 0029 7369676E 		.ascii	"signed char\000"
 539      65642063 
 539      68617200 
 540              	.LASF20:
 541 0035 636F6C75 		.ascii	"colume\000"
 541      6D6500
 542              	.LASF1:
 543 003c 756E7369 		.ascii	"unsigned char\000"
 543      676E6564 
 543      20636861 
 543      7200
 544              	.LASF7:
 545 004a 6C6F6E67 		.ascii	"long unsigned int\000"
 545      20756E73 
 545      69676E65 
 545      6420696E 
 545      7400
 546              	.LASF3:
 547 005c 73686F72 		.ascii	"short unsigned int\000"
 547      7420756E 
 547      7369676E 
 547      65642069 
 547      6E7400
 548              	.LASF23:
 549 006f 2E5C4C43 		.ascii	".\\LCD_Bar.c\000"
 549      445F4261 
 549      722E6300 
 550              	.LASF14:
 551 007b 646F7562 		.ascii	"double\000"
 551      6C6500
 552              	.LASF25:
 553 0082 71756963 		.ascii	"quickBar\000"
 553      6B426172 
 553      00
 554              	.LASF27:
 555 008b 49544D5F 		.ascii	"ITM_RxBuffer\000"
 555      52784275 
 555      66666572 
 555      00
 556              	.LASF10:
 557 0098 756E7369 		.ascii	"unsigned int\000"
 557      676E6564 
 557      20696E74 
 557      00
 558              	.LASF9:
 559 00a5 6C6F6E67 		.ascii	"long long unsigned int\000"
 559      206C6F6E 
 559      6720756E 
 559      7369676E 
 559      65642069 
 560              	.LASF11:
 561 00bc 75696E74 		.ascii	"uint8_t\000"
 561      385F7400 
 562              	.LASF26:
ARM GAS  C:\Users\KHJTON~1\AppData\Local\Temp\ccn9brlf.s 			page 12


 563 00c4 6E6F724C 		.ascii	"norLen\000"
 563      656E00
 564              	.LASF18:
 565 00cb 52494748 		.ascii	"RIGHT\000"
 565      5400
 566              	.LASF22:
 567 00d1 474E5520 		.ascii	"GNU C 4.8.4 20140526 (release) [ARM/embedded-4_8-br"
 567      4320342E 
 567      382E3420 
 567      32303134 
 567      30353236 
 568 0104 616E6368 		.ascii	"anch revision 211358] -mcpu=cortex-m3 -mthumb -g -O"
 568      20726576 
 568      6973696F 
 568      6E203231 
 568      31333538 
 569 0137 30202D66 		.ascii	"0 -ffunction-sections\000"
 569      66756E63 
 569      74696F6E 
 569      2D736563 
 569      74696F6E 
 570              	.LASF12:
 571 014d 696E7433 		.ascii	"int32_t\000"
 571      325F7400 
 572              	.LASF16:
 573 0155 73697A65 		.ascii	"sizetype\000"
 573      74797065 
 573      00
 574              	.LASF8:
 575 015e 6C6F6E67 		.ascii	"long long int\000"
 575      206C6F6E 
 575      6720696E 
 575      7400
 576              	.LASF15:
 577 016c 63686172 		.ascii	"char\000"
 577      00
 578              	.LASF2:
 579 0171 73686F72 		.ascii	"short int\000"
 579      7420696E 
 579      7400
 580              	.LASF6:
 581 017b 6C6F6E67 		.ascii	"long int\000"
 581      20696E74 
 581      00
 582              	.LASF21:
 583 0184 4C43445F 		.ascii	"LCD_DrawHorizontalBG\000"
 583      44726177 
 583      486F7269 
 583      7A6F6E74 
 583      616C4247 
 584              	.LASF24:
 585 0199 443A5C77 		.ascii	"D:\\workspace\\super-eagle\\Super-Eagle\\Super-Eagl"
 585      6F726B73 
 585      70616365 
 585      5C737570 
 585      65722D65 
 586 01c8 652E6379 		.ascii	"e.cydsn\000"
ARM GAS  C:\Users\KHJTON~1\AppData\Local\Temp\ccn9brlf.s 			page 13


 586      64736E00 
 587              		.ident	"GCC: (GNU Tools for ARM Embedded Processors) 4.8.4 20140526 (release) [ARM/embedded-4_8-br
