ARM GAS  C:\Users\khjtony\AppData\Local\Temp\ccNeevhh.s 			page 1


   1              		.syntax unified
   2              		.cpu cortex-m3
   3              		.fpu softvfp
   4              		.eabi_attribute 20, 1
   5              		.eabi_attribute 21, 1
   6              		.eabi_attribute 23, 3
   7              		.eabi_attribute 24, 1
   8              		.eabi_attribute 25, 1
   9              		.eabi_attribute 26, 1
  10              		.eabi_attribute 30, 6
  11              		.eabi_attribute 34, 1
  12              		.eabi_attribute 18, 4
  13              		.thumb
  14              		.file	"LED_Strip_PM.c"
  15              		.text
  16              	.Ltext0:
  17              		.cfi_sections	.debug_frame
  18              		.data
  19              		.align	2
  20              		.type	LED_Strip_backup, %object
  21              		.size	LED_Strip_backup, 2
  22              	LED_Strip_backup:
  23 0000 00       		.byte	0
  24 0001 0F       		.byte	15
  25 0002 0000     		.section	.text.LED_Strip_SaveConfig,"ax",%progbits
  26              		.align	2
  27              		.global	LED_Strip_SaveConfig
  28              		.thumb
  29              		.thumb_func
  30              		.type	LED_Strip_SaveConfig, %function
  31              	LED_Strip_SaveConfig:
  32              	.LFB0:
  33              		.file 1 ".\\Generated_Source\\PSoC5\\LED_Strip_PM.c"
   1:.\Generated_Source\PSoC5/LED_Strip_PM.c **** /*******************************************************************************
   2:.\Generated_Source\PSoC5/LED_Strip_PM.c **** * File Name: LED_Strip_PM.c
   3:.\Generated_Source\PSoC5/LED_Strip_PM.c **** * Version 2.50
   4:.\Generated_Source\PSoC5/LED_Strip_PM.c **** *
   5:.\Generated_Source\PSoC5/LED_Strip_PM.c **** * Description:
   6:.\Generated_Source\PSoC5/LED_Strip_PM.c **** *  This file contains the setup, control and status commands to support
   7:.\Generated_Source\PSoC5/LED_Strip_PM.c **** *  component operations in low power mode.
   8:.\Generated_Source\PSoC5/LED_Strip_PM.c **** *
   9:.\Generated_Source\PSoC5/LED_Strip_PM.c **** * Note:
  10:.\Generated_Source\PSoC5/LED_Strip_PM.c **** *
  11:.\Generated_Source\PSoC5/LED_Strip_PM.c **** ********************************************************************************
  12:.\Generated_Source\PSoC5/LED_Strip_PM.c **** * Copyright 2008-2015, Cypress Semiconductor Corporation.  All rights reserved.
  13:.\Generated_Source\PSoC5/LED_Strip_PM.c **** * You may use this file only in accordance with the license, terms, conditions,
  14:.\Generated_Source\PSoC5/LED_Strip_PM.c **** * disclaimers, and limitations in the end user license agreement accompanying
  15:.\Generated_Source\PSoC5/LED_Strip_PM.c **** * the software package with which this file was provided.
  16:.\Generated_Source\PSoC5/LED_Strip_PM.c **** *******************************************************************************/
  17:.\Generated_Source\PSoC5/LED_Strip_PM.c **** 
  18:.\Generated_Source\PSoC5/LED_Strip_PM.c **** #include "LED_Strip_PVT.h"
  19:.\Generated_Source\PSoC5/LED_Strip_PM.c **** 
  20:.\Generated_Source\PSoC5/LED_Strip_PM.c **** static LED_Strip_BACKUP_STRUCT LED_Strip_backup =
  21:.\Generated_Source\PSoC5/LED_Strip_PM.c **** {
  22:.\Generated_Source\PSoC5/LED_Strip_PM.c ****     LED_Strip_DISABLED,
  23:.\Generated_Source\PSoC5/LED_Strip_PM.c ****     LED_Strip_BITCTR_INIT,
  24:.\Generated_Source\PSoC5/LED_Strip_PM.c **** };
ARM GAS  C:\Users\khjtony\AppData\Local\Temp\ccNeevhh.s 			page 2


  25:.\Generated_Source\PSoC5/LED_Strip_PM.c **** 
  26:.\Generated_Source\PSoC5/LED_Strip_PM.c **** 
  27:.\Generated_Source\PSoC5/LED_Strip_PM.c **** /*******************************************************************************
  28:.\Generated_Source\PSoC5/LED_Strip_PM.c **** * Function Name: LED_Strip_SaveConfig
  29:.\Generated_Source\PSoC5/LED_Strip_PM.c **** ********************************************************************************
  30:.\Generated_Source\PSoC5/LED_Strip_PM.c **** *
  31:.\Generated_Source\PSoC5/LED_Strip_PM.c **** * Summary:
  32:.\Generated_Source\PSoC5/LED_Strip_PM.c **** *  Empty function. Included for consistency with other components.
  33:.\Generated_Source\PSoC5/LED_Strip_PM.c **** *
  34:.\Generated_Source\PSoC5/LED_Strip_PM.c **** * Parameters:
  35:.\Generated_Source\PSoC5/LED_Strip_PM.c **** *  None.
  36:.\Generated_Source\PSoC5/LED_Strip_PM.c **** *
  37:.\Generated_Source\PSoC5/LED_Strip_PM.c **** * Return:
  38:.\Generated_Source\PSoC5/LED_Strip_PM.c **** *  None.
  39:.\Generated_Source\PSoC5/LED_Strip_PM.c **** *
  40:.\Generated_Source\PSoC5/LED_Strip_PM.c **** *******************************************************************************/
  41:.\Generated_Source\PSoC5/LED_Strip_PM.c **** void LED_Strip_SaveConfig(void) 
  42:.\Generated_Source\PSoC5/LED_Strip_PM.c **** {
  34              		.loc 1 42 0
  35              		.cfi_startproc
  36              		@ args = 0, pretend = 0, frame = 0
  37              		@ frame_needed = 1, uses_anonymous_args = 0
  38              		@ link register save eliminated.
  39 0000 80B4     		push	{r7}
  40              		.cfi_def_cfa_offset 4
  41              		.cfi_offset 7, -4
  42 0002 00AF     		add	r7, sp, #0
  43              		.cfi_def_cfa_register 7
  43:.\Generated_Source\PSoC5/LED_Strip_PM.c **** 
  44:.\Generated_Source\PSoC5/LED_Strip_PM.c **** }
  44              		.loc 1 44 0
  45 0004 BD46     		mov	sp, r7
  46              		@ sp needed
  47 0006 5DF8047B 		ldr	r7, [sp], #4
  48 000a 7047     		bx	lr
  49              		.cfi_endproc
  50              	.LFE0:
  51              		.size	LED_Strip_SaveConfig, .-LED_Strip_SaveConfig
  52              		.section	.text.LED_Strip_RestoreConfig,"ax",%progbits
  53              		.align	2
  54              		.global	LED_Strip_RestoreConfig
  55              		.thumb
  56              		.thumb_func
  57              		.type	LED_Strip_RestoreConfig, %function
  58              	LED_Strip_RestoreConfig:
  59              	.LFB1:
  45:.\Generated_Source\PSoC5/LED_Strip_PM.c **** 
  46:.\Generated_Source\PSoC5/LED_Strip_PM.c **** 
  47:.\Generated_Source\PSoC5/LED_Strip_PM.c **** /*******************************************************************************
  48:.\Generated_Source\PSoC5/LED_Strip_PM.c **** * Function Name: LED_Strip_RestoreConfig
  49:.\Generated_Source\PSoC5/LED_Strip_PM.c **** ********************************************************************************
  50:.\Generated_Source\PSoC5/LED_Strip_PM.c **** *
  51:.\Generated_Source\PSoC5/LED_Strip_PM.c **** * Summary:
  52:.\Generated_Source\PSoC5/LED_Strip_PM.c **** *  Empty function. Included for consistency with other components.
  53:.\Generated_Source\PSoC5/LED_Strip_PM.c **** *
  54:.\Generated_Source\PSoC5/LED_Strip_PM.c **** * Parameters:
  55:.\Generated_Source\PSoC5/LED_Strip_PM.c **** *  None.
ARM GAS  C:\Users\khjtony\AppData\Local\Temp\ccNeevhh.s 			page 3


  56:.\Generated_Source\PSoC5/LED_Strip_PM.c **** *
  57:.\Generated_Source\PSoC5/LED_Strip_PM.c **** * Return:
  58:.\Generated_Source\PSoC5/LED_Strip_PM.c **** *  None.
  59:.\Generated_Source\PSoC5/LED_Strip_PM.c **** *
  60:.\Generated_Source\PSoC5/LED_Strip_PM.c **** *******************************************************************************/
  61:.\Generated_Source\PSoC5/LED_Strip_PM.c **** void LED_Strip_RestoreConfig(void) 
  62:.\Generated_Source\PSoC5/LED_Strip_PM.c **** {
  60              		.loc 1 62 0
  61              		.cfi_startproc
  62              		@ args = 0, pretend = 0, frame = 0
  63              		@ frame_needed = 1, uses_anonymous_args = 0
  64              		@ link register save eliminated.
  65 0000 80B4     		push	{r7}
  66              		.cfi_def_cfa_offset 4
  67              		.cfi_offset 7, -4
  68 0002 00AF     		add	r7, sp, #0
  69              		.cfi_def_cfa_register 7
  63:.\Generated_Source\PSoC5/LED_Strip_PM.c **** 
  64:.\Generated_Source\PSoC5/LED_Strip_PM.c **** }
  70              		.loc 1 64 0
  71 0004 BD46     		mov	sp, r7
  72              		@ sp needed
  73 0006 5DF8047B 		ldr	r7, [sp], #4
  74 000a 7047     		bx	lr
  75              		.cfi_endproc
  76              	.LFE1:
  77              		.size	LED_Strip_RestoreConfig, .-LED_Strip_RestoreConfig
  78              		.section	.text.LED_Strip_Sleep,"ax",%progbits
  79              		.align	2
  80              		.global	LED_Strip_Sleep
  81              		.thumb
  82              		.thumb_func
  83              		.type	LED_Strip_Sleep, %function
  84              	LED_Strip_Sleep:
  85              	.LFB2:
  65:.\Generated_Source\PSoC5/LED_Strip_PM.c **** 
  66:.\Generated_Source\PSoC5/LED_Strip_PM.c **** 
  67:.\Generated_Source\PSoC5/LED_Strip_PM.c **** /*******************************************************************************
  68:.\Generated_Source\PSoC5/LED_Strip_PM.c **** * Function Name: LED_Strip_Sleep
  69:.\Generated_Source\PSoC5/LED_Strip_PM.c **** ********************************************************************************
  70:.\Generated_Source\PSoC5/LED_Strip_PM.c **** *
  71:.\Generated_Source\PSoC5/LED_Strip_PM.c **** * Summary:
  72:.\Generated_Source\PSoC5/LED_Strip_PM.c **** *  Prepare SPIM Component goes to sleep.
  73:.\Generated_Source\PSoC5/LED_Strip_PM.c **** *
  74:.\Generated_Source\PSoC5/LED_Strip_PM.c **** * Parameters:
  75:.\Generated_Source\PSoC5/LED_Strip_PM.c **** *  None.
  76:.\Generated_Source\PSoC5/LED_Strip_PM.c **** *
  77:.\Generated_Source\PSoC5/LED_Strip_PM.c **** * Return:
  78:.\Generated_Source\PSoC5/LED_Strip_PM.c **** *  None.
  79:.\Generated_Source\PSoC5/LED_Strip_PM.c **** *
  80:.\Generated_Source\PSoC5/LED_Strip_PM.c **** * Global Variables:
  81:.\Generated_Source\PSoC5/LED_Strip_PM.c **** *  LED_Strip_backup - modified when non-retention registers are saved.
  82:.\Generated_Source\PSoC5/LED_Strip_PM.c **** *
  83:.\Generated_Source\PSoC5/LED_Strip_PM.c **** * Reentrant:
  84:.\Generated_Source\PSoC5/LED_Strip_PM.c **** *  No.
  85:.\Generated_Source\PSoC5/LED_Strip_PM.c **** *
  86:.\Generated_Source\PSoC5/LED_Strip_PM.c **** *******************************************************************************/
ARM GAS  C:\Users\khjtony\AppData\Local\Temp\ccNeevhh.s 			page 4


  87:.\Generated_Source\PSoC5/LED_Strip_PM.c **** void LED_Strip_Sleep(void) 
  88:.\Generated_Source\PSoC5/LED_Strip_PM.c **** {
  86              		.loc 1 88 0
  87              		.cfi_startproc
  88              		@ args = 0, pretend = 0, frame = 0
  89              		@ frame_needed = 1, uses_anonymous_args = 0
  90 0000 80B5     		push	{r7, lr}
  91              		.cfi_def_cfa_offset 8
  92              		.cfi_offset 7, -8
  93              		.cfi_offset 14, -4
  94 0002 00AF     		add	r7, sp, #0
  95              		.cfi_def_cfa_register 7
  89:.\Generated_Source\PSoC5/LED_Strip_PM.c ****     /* Save components enable state */
  90:.\Generated_Source\PSoC5/LED_Strip_PM.c ****     LED_Strip_backup.enableState = ((uint8) LED_Strip_IS_ENABLED);
  96              		.loc 1 90 0
  97 0004 074B     		ldr	r3, .L4
  98 0006 1B78     		ldrb	r3, [r3]
  99 0008 DBB2     		uxtb	r3, r3
 100 000a 03F01003 		and	r3, r3, #16
 101 000e 002B     		cmp	r3, #0
 102 0010 0CBF     		ite	eq
 103 0012 0023     		moveq	r3, #0
 104 0014 0123     		movne	r3, #1
 105 0016 DBB2     		uxtb	r3, r3
 106 0018 1A46     		mov	r2, r3
 107 001a 034B     		ldr	r3, .L4+4
 108 001c 1A70     		strb	r2, [r3]
  91:.\Generated_Source\PSoC5/LED_Strip_PM.c **** 
  92:.\Generated_Source\PSoC5/LED_Strip_PM.c ****     LED_Strip_Stop();
 109              		.loc 1 92 0
 110 001e FFF7FEFF 		bl	LED_Strip_Stop
  93:.\Generated_Source\PSoC5/LED_Strip_PM.c **** }
 111              		.loc 1 93 0
 112 0022 80BD     		pop	{r7, pc}
 113              	.L5:
 114              		.align	2
 115              	.L4:
 116 0024 94640040 		.word	1073767572
 117 0028 00000000 		.word	LED_Strip_backup
 118              		.cfi_endproc
 119              	.LFE2:
 120              		.size	LED_Strip_Sleep, .-LED_Strip_Sleep
 121              		.section	.text.LED_Strip_Wakeup,"ax",%progbits
 122              		.align	2
 123              		.global	LED_Strip_Wakeup
 124              		.thumb
 125              		.thumb_func
 126              		.type	LED_Strip_Wakeup, %function
 127              	LED_Strip_Wakeup:
 128              	.LFB3:
  94:.\Generated_Source\PSoC5/LED_Strip_PM.c **** 
  95:.\Generated_Source\PSoC5/LED_Strip_PM.c **** 
  96:.\Generated_Source\PSoC5/LED_Strip_PM.c **** /*******************************************************************************
  97:.\Generated_Source\PSoC5/LED_Strip_PM.c **** * Function Name: LED_Strip_Wakeup
  98:.\Generated_Source\PSoC5/LED_Strip_PM.c **** ********************************************************************************
  99:.\Generated_Source\PSoC5/LED_Strip_PM.c **** *
 100:.\Generated_Source\PSoC5/LED_Strip_PM.c **** * Summary:
ARM GAS  C:\Users\khjtony\AppData\Local\Temp\ccNeevhh.s 			page 5


 101:.\Generated_Source\PSoC5/LED_Strip_PM.c **** *  Prepare SPIM Component to wake up.
 102:.\Generated_Source\PSoC5/LED_Strip_PM.c **** *
 103:.\Generated_Source\PSoC5/LED_Strip_PM.c **** * Parameters:
 104:.\Generated_Source\PSoC5/LED_Strip_PM.c **** *  None.
 105:.\Generated_Source\PSoC5/LED_Strip_PM.c **** *
 106:.\Generated_Source\PSoC5/LED_Strip_PM.c **** * Return:
 107:.\Generated_Source\PSoC5/LED_Strip_PM.c **** *  None.
 108:.\Generated_Source\PSoC5/LED_Strip_PM.c **** *
 109:.\Generated_Source\PSoC5/LED_Strip_PM.c **** * Global Variables:
 110:.\Generated_Source\PSoC5/LED_Strip_PM.c **** *  LED_Strip_backup - used when non-retention registers are restored.
 111:.\Generated_Source\PSoC5/LED_Strip_PM.c **** *  LED_Strip_txBufferWrite - modified every function call - resets to
 112:.\Generated_Source\PSoC5/LED_Strip_PM.c **** *  zero.
 113:.\Generated_Source\PSoC5/LED_Strip_PM.c **** *  LED_Strip_txBufferRead - modified every function call - resets to
 114:.\Generated_Source\PSoC5/LED_Strip_PM.c **** *  zero.
 115:.\Generated_Source\PSoC5/LED_Strip_PM.c **** *  LED_Strip_rxBufferWrite - modified every function call - resets to
 116:.\Generated_Source\PSoC5/LED_Strip_PM.c **** *  zero.
 117:.\Generated_Source\PSoC5/LED_Strip_PM.c **** *  LED_Strip_rxBufferRead - modified every function call - resets to
 118:.\Generated_Source\PSoC5/LED_Strip_PM.c **** *  zero.
 119:.\Generated_Source\PSoC5/LED_Strip_PM.c **** *
 120:.\Generated_Source\PSoC5/LED_Strip_PM.c **** * Reentrant:
 121:.\Generated_Source\PSoC5/LED_Strip_PM.c **** *  No.
 122:.\Generated_Source\PSoC5/LED_Strip_PM.c **** *
 123:.\Generated_Source\PSoC5/LED_Strip_PM.c **** *******************************************************************************/
 124:.\Generated_Source\PSoC5/LED_Strip_PM.c **** void LED_Strip_Wakeup(void) 
 125:.\Generated_Source\PSoC5/LED_Strip_PM.c **** {
 129              		.loc 1 125 0
 130              		.cfi_startproc
 131              		@ args = 0, pretend = 0, frame = 0
 132              		@ frame_needed = 1, uses_anonymous_args = 0
 133 0000 80B5     		push	{r7, lr}
 134              		.cfi_def_cfa_offset 8
 135              		.cfi_offset 7, -8
 136              		.cfi_offset 14, -4
 137 0002 00AF     		add	r7, sp, #0
 138              		.cfi_def_cfa_register 7
 126:.\Generated_Source\PSoC5/LED_Strip_PM.c ****     #if(LED_Strip_RX_SOFTWARE_BUF_ENABLED)
 127:.\Generated_Source\PSoC5/LED_Strip_PM.c ****         LED_Strip_rxBufferFull  = 0u;
 139              		.loc 1 127 0
 140 0004 0D4B     		ldr	r3, .L8
 141 0006 0022     		movs	r2, #0
 142 0008 1A70     		strb	r2, [r3]
 128:.\Generated_Source\PSoC5/LED_Strip_PM.c ****         LED_Strip_rxBufferRead  = 0u;
 143              		.loc 1 128 0
 144 000a 0D4B     		ldr	r3, .L8+4
 145 000c 0022     		movs	r2, #0
 146 000e 1A70     		strb	r2, [r3]
 129:.\Generated_Source\PSoC5/LED_Strip_PM.c ****         LED_Strip_rxBufferWrite = 0u;
 147              		.loc 1 129 0
 148 0010 0C4B     		ldr	r3, .L8+8
 149 0012 0022     		movs	r2, #0
 150 0014 1A70     		strb	r2, [r3]
 130:.\Generated_Source\PSoC5/LED_Strip_PM.c ****     #endif /* (LED_Strip_RX_SOFTWARE_BUF_ENABLED) */
 131:.\Generated_Source\PSoC5/LED_Strip_PM.c **** 
 132:.\Generated_Source\PSoC5/LED_Strip_PM.c ****     #if(LED_Strip_TX_SOFTWARE_BUF_ENABLED)
 133:.\Generated_Source\PSoC5/LED_Strip_PM.c ****         LED_Strip_txBufferFull  = 0u;
 151              		.loc 1 133 0
 152 0016 0C4B     		ldr	r3, .L8+12
ARM GAS  C:\Users\khjtony\AppData\Local\Temp\ccNeevhh.s 			page 6


 153 0018 0022     		movs	r2, #0
 154 001a 1A70     		strb	r2, [r3]
 134:.\Generated_Source\PSoC5/LED_Strip_PM.c ****         LED_Strip_txBufferRead  = 0u;
 155              		.loc 1 134 0
 156 001c 0B4B     		ldr	r3, .L8+16
 157 001e 0022     		movs	r2, #0
 158 0020 1A70     		strb	r2, [r3]
 135:.\Generated_Source\PSoC5/LED_Strip_PM.c ****         LED_Strip_txBufferWrite = 0u;
 159              		.loc 1 135 0
 160 0022 0B4B     		ldr	r3, .L8+20
 161 0024 0022     		movs	r2, #0
 162 0026 1A70     		strb	r2, [r3]
 136:.\Generated_Source\PSoC5/LED_Strip_PM.c ****     #endif /* (LED_Strip_TX_SOFTWARE_BUF_ENABLED) */
 137:.\Generated_Source\PSoC5/LED_Strip_PM.c **** 
 138:.\Generated_Source\PSoC5/LED_Strip_PM.c ****     /* Clear any data from the RX and TX FIFO */
 139:.\Generated_Source\PSoC5/LED_Strip_PM.c ****     LED_Strip_ClearFIFO();
 163              		.loc 1 139 0
 164 0028 FFF7FEFF 		bl	LED_Strip_ClearFIFO
 140:.\Generated_Source\PSoC5/LED_Strip_PM.c **** 
 141:.\Generated_Source\PSoC5/LED_Strip_PM.c ****     /* Restore components block enable state */
 142:.\Generated_Source\PSoC5/LED_Strip_PM.c ****     if(0u != LED_Strip_backup.enableState)
 165              		.loc 1 142 0
 166 002c 094B     		ldr	r3, .L8+24
 167 002e 1B78     		ldrb	r3, [r3]	@ zero_extendqisi2
 168 0030 002B     		cmp	r3, #0
 169 0032 01D0     		beq	.L6
 143:.\Generated_Source\PSoC5/LED_Strip_PM.c ****     {
 144:.\Generated_Source\PSoC5/LED_Strip_PM.c ****         LED_Strip_Enable();
 170              		.loc 1 144 0
 171 0034 FFF7FEFF 		bl	LED_Strip_Enable
 172              	.L6:
 145:.\Generated_Source\PSoC5/LED_Strip_PM.c ****     }
 146:.\Generated_Source\PSoC5/LED_Strip_PM.c **** }
 173              		.loc 1 146 0
 174 0038 80BD     		pop	{r7, pc}
 175              	.L9:
 176 003a 00BF     		.align	2
 177              	.L8:
 178 003c 00000000 		.word	LED_Strip_rxBufferFull
 179 0040 00000000 		.word	LED_Strip_rxBufferRead
 180 0044 00000000 		.word	LED_Strip_rxBufferWrite
 181 0048 00000000 		.word	LED_Strip_txBufferFull
 182 004c 00000000 		.word	LED_Strip_txBufferRead
 183 0050 00000000 		.word	LED_Strip_txBufferWrite
 184 0054 00000000 		.word	LED_Strip_backup
 185              		.cfi_endproc
 186              	.LFE3:
 187              		.size	LED_Strip_Wakeup, .-LED_Strip_Wakeup
 188              		.text
 189              	.Letext0:
 190              		.file 2 ".\\Generated_Source\\PSoC5\\cytypes.h"
 191              		.file 3 ".\\Generated_Source\\PSoC5\\LED_Strip.h"
 192              		.file 4 ".\\Generated_Source\\PSoC5\\LED_Strip_PVT.h"
 193              		.section	.debug_info,"",%progbits
 194              	.Ldebug_info0:
 195 0000 63010000 		.4byte	0x163
 196 0004 0400     		.2byte	0x4
ARM GAS  C:\Users\khjtony\AppData\Local\Temp\ccNeevhh.s 			page 7


 197 0006 00000000 		.4byte	.Ldebug_abbrev0
 198 000a 04       		.byte	0x4
 199 000b 01       		.uleb128 0x1
 200 000c B8000000 		.4byte	.LASF28
 201 0010 01       		.byte	0x1
 202 0011 77000000 		.4byte	.LASF29
 203 0015 2B000000 		.4byte	.LASF30
 204 0019 00000000 		.4byte	.Ldebug_ranges0+0
 205 001d 00000000 		.4byte	0
 206 0021 00000000 		.4byte	.Ldebug_line0
 207 0025 02       		.uleb128 0x2
 208 0026 01       		.byte	0x1
 209 0027 06       		.byte	0x6
 210 0028 7B020000 		.4byte	.LASF0
 211 002c 02       		.uleb128 0x2
 212 002d 01       		.byte	0x1
 213 002e 08       		.byte	0x8
 214 002f A5000000 		.4byte	.LASF1
 215 0033 02       		.uleb128 0x2
 216 0034 02       		.byte	0x2
 217 0035 05       		.byte	0x5
 218 0036 4B020000 		.4byte	.LASF2
 219 003a 02       		.uleb128 0x2
 220 003b 02       		.byte	0x2
 221 003c 07       		.byte	0x7
 222 003d 18000000 		.4byte	.LASF3
 223 0041 02       		.uleb128 0x2
 224 0042 04       		.byte	0x4
 225 0043 05       		.byte	0x5
 226 0044 6D020000 		.4byte	.LASF4
 227 0048 02       		.uleb128 0x2
 228 0049 04       		.byte	0x4
 229 004a 07       		.byte	0x7
 230 004b 34010000 		.4byte	.LASF5
 231 004f 02       		.uleb128 0x2
 232 0050 08       		.byte	0x8
 233 0051 05       		.byte	0x5
 234 0052 FF010000 		.4byte	.LASF6
 235 0056 02       		.uleb128 0x2
 236 0057 08       		.byte	0x8
 237 0058 07       		.byte	0x7
 238 0059 B1010000 		.4byte	.LASF7
 239 005d 03       		.uleb128 0x3
 240 005e 04       		.byte	0x4
 241 005f 05       		.byte	0x5
 242 0060 696E7400 		.ascii	"int\000"
 243 0064 02       		.uleb128 0x2
 244 0065 04       		.byte	0x4
 245 0066 07       		.byte	0x7
 246 0067 A4010000 		.4byte	.LASF8
 247 006b 04       		.uleb128 0x4
 248 006c 5E010000 		.4byte	.LASF12
 249 0070 02       		.byte	0x2
 250 0071 A1       		.byte	0xa1
 251 0072 2C000000 		.4byte	0x2c
 252 0076 02       		.uleb128 0x2
 253 0077 04       		.byte	0x4
ARM GAS  C:\Users\khjtony\AppData\Local\Temp\ccNeevhh.s 			page 8


 254 0078 04       		.byte	0x4
 255 0079 9F000000 		.4byte	.LASF9
 256 007d 02       		.uleb128 0x2
 257 007e 08       		.byte	0x8
 258 007f 04       		.byte	0x4
 259 0080 64010000 		.4byte	.LASF10
 260 0084 02       		.uleb128 0x2
 261 0085 01       		.byte	0x1
 262 0086 08       		.byte	0x8
 263 0087 76020000 		.4byte	.LASF11
 264 008b 05       		.uleb128 0x5
 265 008c B3000000 		.4byte	.LASF13
 266 0090 02       		.byte	0x2
 267 0091 4B01     		.2byte	0x14b
 268 0093 97000000 		.4byte	0x97
 269 0097 06       		.uleb128 0x6
 270 0098 6B000000 		.4byte	0x6b
 271 009c 02       		.uleb128 0x2
 272 009d 04       		.byte	0x4
 273 009e 07       		.byte	0x7
 274 009f F6010000 		.4byte	.LASF14
 275 00a3 07       		.uleb128 0x7
 276 00a4 02       		.byte	0x2
 277 00a5 03       		.byte	0x3
 278 00a6 46       		.byte	0x46
 279 00a7 C4000000 		.4byte	0xc4
 280 00ab 08       		.uleb128 0x8
 281 00ac 98010000 		.4byte	.LASF15
 282 00b0 03       		.byte	0x3
 283 00b1 48       		.byte	0x48
 284 00b2 6B000000 		.4byte	0x6b
 285 00b6 00       		.byte	0
 286 00b7 08       		.uleb128 0x8
 287 00b8 8D010000 		.4byte	.LASF16
 288 00bc 03       		.byte	0x3
 289 00bd 49       		.byte	0x49
 290 00be 6B000000 		.4byte	0x6b
 291 00c2 01       		.byte	0x1
 292 00c3 00       		.byte	0
 293 00c4 04       		.uleb128 0x4
 294 00c5 00000000 		.4byte	.LASF17
 295 00c9 03       		.byte	0x3
 296 00ca 4A       		.byte	0x4a
 297 00cb A3000000 		.4byte	0xa3
 298 00cf 09       		.uleb128 0x9
 299 00d0 62000000 		.4byte	.LASF18
 300 00d4 01       		.byte	0x1
 301 00d5 29       		.byte	0x29
 302 00d6 00000000 		.4byte	.LFB0
 303 00da 0C000000 		.4byte	.LFE0-.LFB0
 304 00de 01       		.uleb128 0x1
 305 00df 9C       		.byte	0x9c
 306 00e0 09       		.uleb128 0x9
 307 00e1 87020000 		.4byte	.LASF19
 308 00e5 01       		.byte	0x1
 309 00e6 3D       		.byte	0x3d
 310 00e7 00000000 		.4byte	.LFB1
ARM GAS  C:\Users\khjtony\AppData\Local\Temp\ccNeevhh.s 			page 9


 311 00eb 0C000000 		.4byte	.LFE1-.LFB1
 312 00ef 01       		.uleb128 0x1
 313 00f0 9C       		.byte	0x9c
 314 00f1 0A       		.uleb128 0xa
 315 00f2 0D020000 		.4byte	.LASF20
 316 00f6 01       		.byte	0x1
 317 00f7 57       		.byte	0x57
 318 00f8 00000000 		.4byte	.LFB2
 319 00fc 2C000000 		.4byte	.LFE2-.LFB2
 320 0100 01       		.uleb128 0x1
 321 0101 9C       		.byte	0x9c
 322 0102 0A       		.uleb128 0xa
 323 0103 7C010000 		.4byte	.LASF21
 324 0107 01       		.byte	0x1
 325 0108 7C       		.byte	0x7c
 326 0109 00000000 		.4byte	.LFB3
 327 010d 58000000 		.4byte	.LFE3-.LFB3
 328 0111 01       		.uleb128 0x1
 329 0112 9C       		.byte	0x9c
 330 0113 0B       		.uleb128 0xb
 331 0114 6B010000 		.4byte	.LASF31
 332 0118 01       		.byte	0x1
 333 0119 14       		.byte	0x14
 334 011a C4000000 		.4byte	0xc4
 335 011e 05       		.uleb128 0x5
 336 011f 03       		.byte	0x3
 337 0120 00000000 		.4byte	LED_Strip_backup
 338 0124 0C       		.uleb128 0xc
 339 0125 1D020000 		.4byte	.LASF22
 340 0129 04       		.byte	0x4
 341 012a 26       		.byte	0x26
 342 012b 97000000 		.4byte	0x97
 343 012f 0C       		.uleb128 0xc
 344 0130 55020000 		.4byte	.LASF23
 345 0134 04       		.byte	0x4
 346 0135 27       		.byte	0x27
 347 0136 97000000 		.4byte	0x97
 348 013a 0C       		.uleb128 0xc
 349 013b C8010000 		.4byte	.LASF24
 350 013f 04       		.byte	0x4
 351 0140 28       		.byte	0x28
 352 0141 97000000 		.4byte	0x97
 353 0145 0C       		.uleb128 0xc
 354 0146 34020000 		.4byte	.LASF25
 355 014a 04       		.byte	0x4
 356 014b 2D       		.byte	0x2d
 357 014c 97000000 		.4byte	0x97
 358 0150 0C       		.uleb128 0xc
 359 0151 46010000 		.4byte	.LASF26
 360 0155 04       		.byte	0x4
 361 0156 2E       		.byte	0x2e
 362 0157 97000000 		.4byte	0x97
 363 015b 0C       		.uleb128 0xc
 364 015c DF010000 		.4byte	.LASF27
 365 0160 04       		.byte	0x4
 366 0161 2F       		.byte	0x2f
 367 0162 97000000 		.4byte	0x97
ARM GAS  C:\Users\khjtony\AppData\Local\Temp\ccNeevhh.s 			page 10


 368 0166 00       		.byte	0
 369              		.section	.debug_abbrev,"",%progbits
 370              	.Ldebug_abbrev0:
 371 0000 01       		.uleb128 0x1
 372 0001 11       		.uleb128 0x11
 373 0002 01       		.byte	0x1
 374 0003 25       		.uleb128 0x25
 375 0004 0E       		.uleb128 0xe
 376 0005 13       		.uleb128 0x13
 377 0006 0B       		.uleb128 0xb
 378 0007 03       		.uleb128 0x3
 379 0008 0E       		.uleb128 0xe
 380 0009 1B       		.uleb128 0x1b
 381 000a 0E       		.uleb128 0xe
 382 000b 55       		.uleb128 0x55
 383 000c 17       		.uleb128 0x17
 384 000d 11       		.uleb128 0x11
 385 000e 01       		.uleb128 0x1
 386 000f 10       		.uleb128 0x10
 387 0010 17       		.uleb128 0x17
 388 0011 00       		.byte	0
 389 0012 00       		.byte	0
 390 0013 02       		.uleb128 0x2
 391 0014 24       		.uleb128 0x24
 392 0015 00       		.byte	0
 393 0016 0B       		.uleb128 0xb
 394 0017 0B       		.uleb128 0xb
 395 0018 3E       		.uleb128 0x3e
 396 0019 0B       		.uleb128 0xb
 397 001a 03       		.uleb128 0x3
 398 001b 0E       		.uleb128 0xe
 399 001c 00       		.byte	0
 400 001d 00       		.byte	0
 401 001e 03       		.uleb128 0x3
 402 001f 24       		.uleb128 0x24
 403 0020 00       		.byte	0
 404 0021 0B       		.uleb128 0xb
 405 0022 0B       		.uleb128 0xb
 406 0023 3E       		.uleb128 0x3e
 407 0024 0B       		.uleb128 0xb
 408 0025 03       		.uleb128 0x3
 409 0026 08       		.uleb128 0x8
 410 0027 00       		.byte	0
 411 0028 00       		.byte	0
 412 0029 04       		.uleb128 0x4
 413 002a 16       		.uleb128 0x16
 414 002b 00       		.byte	0
 415 002c 03       		.uleb128 0x3
 416 002d 0E       		.uleb128 0xe
 417 002e 3A       		.uleb128 0x3a
 418 002f 0B       		.uleb128 0xb
 419 0030 3B       		.uleb128 0x3b
 420 0031 0B       		.uleb128 0xb
 421 0032 49       		.uleb128 0x49
 422 0033 13       		.uleb128 0x13
 423 0034 00       		.byte	0
 424 0035 00       		.byte	0
ARM GAS  C:\Users\khjtony\AppData\Local\Temp\ccNeevhh.s 			page 11


 425 0036 05       		.uleb128 0x5
 426 0037 16       		.uleb128 0x16
 427 0038 00       		.byte	0
 428 0039 03       		.uleb128 0x3
 429 003a 0E       		.uleb128 0xe
 430 003b 3A       		.uleb128 0x3a
 431 003c 0B       		.uleb128 0xb
 432 003d 3B       		.uleb128 0x3b
 433 003e 05       		.uleb128 0x5
 434 003f 49       		.uleb128 0x49
 435 0040 13       		.uleb128 0x13
 436 0041 00       		.byte	0
 437 0042 00       		.byte	0
 438 0043 06       		.uleb128 0x6
 439 0044 35       		.uleb128 0x35
 440 0045 00       		.byte	0
 441 0046 49       		.uleb128 0x49
 442 0047 13       		.uleb128 0x13
 443 0048 00       		.byte	0
 444 0049 00       		.byte	0
 445 004a 07       		.uleb128 0x7
 446 004b 13       		.uleb128 0x13
 447 004c 01       		.byte	0x1
 448 004d 0B       		.uleb128 0xb
 449 004e 0B       		.uleb128 0xb
 450 004f 3A       		.uleb128 0x3a
 451 0050 0B       		.uleb128 0xb
 452 0051 3B       		.uleb128 0x3b
 453 0052 0B       		.uleb128 0xb
 454 0053 01       		.uleb128 0x1
 455 0054 13       		.uleb128 0x13
 456 0055 00       		.byte	0
 457 0056 00       		.byte	0
 458 0057 08       		.uleb128 0x8
 459 0058 0D       		.uleb128 0xd
 460 0059 00       		.byte	0
 461 005a 03       		.uleb128 0x3
 462 005b 0E       		.uleb128 0xe
 463 005c 3A       		.uleb128 0x3a
 464 005d 0B       		.uleb128 0xb
 465 005e 3B       		.uleb128 0x3b
 466 005f 0B       		.uleb128 0xb
 467 0060 49       		.uleb128 0x49
 468 0061 13       		.uleb128 0x13
 469 0062 38       		.uleb128 0x38
 470 0063 0B       		.uleb128 0xb
 471 0064 00       		.byte	0
 472 0065 00       		.byte	0
 473 0066 09       		.uleb128 0x9
 474 0067 2E       		.uleb128 0x2e
 475 0068 00       		.byte	0
 476 0069 3F       		.uleb128 0x3f
 477 006a 19       		.uleb128 0x19
 478 006b 03       		.uleb128 0x3
 479 006c 0E       		.uleb128 0xe
 480 006d 3A       		.uleb128 0x3a
 481 006e 0B       		.uleb128 0xb
ARM GAS  C:\Users\khjtony\AppData\Local\Temp\ccNeevhh.s 			page 12


 482 006f 3B       		.uleb128 0x3b
 483 0070 0B       		.uleb128 0xb
 484 0071 27       		.uleb128 0x27
 485 0072 19       		.uleb128 0x19
 486 0073 11       		.uleb128 0x11
 487 0074 01       		.uleb128 0x1
 488 0075 12       		.uleb128 0x12
 489 0076 06       		.uleb128 0x6
 490 0077 40       		.uleb128 0x40
 491 0078 18       		.uleb128 0x18
 492 0079 9742     		.uleb128 0x2117
 493 007b 19       		.uleb128 0x19
 494 007c 00       		.byte	0
 495 007d 00       		.byte	0
 496 007e 0A       		.uleb128 0xa
 497 007f 2E       		.uleb128 0x2e
 498 0080 00       		.byte	0
 499 0081 3F       		.uleb128 0x3f
 500 0082 19       		.uleb128 0x19
 501 0083 03       		.uleb128 0x3
 502 0084 0E       		.uleb128 0xe
 503 0085 3A       		.uleb128 0x3a
 504 0086 0B       		.uleb128 0xb
 505 0087 3B       		.uleb128 0x3b
 506 0088 0B       		.uleb128 0xb
 507 0089 27       		.uleb128 0x27
 508 008a 19       		.uleb128 0x19
 509 008b 11       		.uleb128 0x11
 510 008c 01       		.uleb128 0x1
 511 008d 12       		.uleb128 0x12
 512 008e 06       		.uleb128 0x6
 513 008f 40       		.uleb128 0x40
 514 0090 18       		.uleb128 0x18
 515 0091 9642     		.uleb128 0x2116
 516 0093 19       		.uleb128 0x19
 517 0094 00       		.byte	0
 518 0095 00       		.byte	0
 519 0096 0B       		.uleb128 0xb
 520 0097 34       		.uleb128 0x34
 521 0098 00       		.byte	0
 522 0099 03       		.uleb128 0x3
 523 009a 0E       		.uleb128 0xe
 524 009b 3A       		.uleb128 0x3a
 525 009c 0B       		.uleb128 0xb
 526 009d 3B       		.uleb128 0x3b
 527 009e 0B       		.uleb128 0xb
 528 009f 49       		.uleb128 0x49
 529 00a0 13       		.uleb128 0x13
 530 00a1 02       		.uleb128 0x2
 531 00a2 18       		.uleb128 0x18
 532 00a3 00       		.byte	0
 533 00a4 00       		.byte	0
 534 00a5 0C       		.uleb128 0xc
 535 00a6 34       		.uleb128 0x34
 536 00a7 00       		.byte	0
 537 00a8 03       		.uleb128 0x3
 538 00a9 0E       		.uleb128 0xe
ARM GAS  C:\Users\khjtony\AppData\Local\Temp\ccNeevhh.s 			page 13


 539 00aa 3A       		.uleb128 0x3a
 540 00ab 0B       		.uleb128 0xb
 541 00ac 3B       		.uleb128 0x3b
 542 00ad 0B       		.uleb128 0xb
 543 00ae 49       		.uleb128 0x49
 544 00af 13       		.uleb128 0x13
 545 00b0 3F       		.uleb128 0x3f
 546 00b1 19       		.uleb128 0x19
 547 00b2 3C       		.uleb128 0x3c
 548 00b3 19       		.uleb128 0x19
 549 00b4 00       		.byte	0
 550 00b5 00       		.byte	0
 551 00b6 00       		.byte	0
 552              		.section	.debug_aranges,"",%progbits
 553 0000 34000000 		.4byte	0x34
 554 0004 0200     		.2byte	0x2
 555 0006 00000000 		.4byte	.Ldebug_info0
 556 000a 04       		.byte	0x4
 557 000b 00       		.byte	0
 558 000c 0000     		.2byte	0
 559 000e 0000     		.2byte	0
 560 0010 00000000 		.4byte	.LFB0
 561 0014 0C000000 		.4byte	.LFE0-.LFB0
 562 0018 00000000 		.4byte	.LFB1
 563 001c 0C000000 		.4byte	.LFE1-.LFB1
 564 0020 00000000 		.4byte	.LFB2
 565 0024 2C000000 		.4byte	.LFE2-.LFB2
 566 0028 00000000 		.4byte	.LFB3
 567 002c 58000000 		.4byte	.LFE3-.LFB3
 568 0030 00000000 		.4byte	0
 569 0034 00000000 		.4byte	0
 570              		.section	.debug_ranges,"",%progbits
 571              	.Ldebug_ranges0:
 572 0000 00000000 		.4byte	.LFB0
 573 0004 0C000000 		.4byte	.LFE0
 574 0008 00000000 		.4byte	.LFB1
 575 000c 0C000000 		.4byte	.LFE1
 576 0010 00000000 		.4byte	.LFB2
 577 0014 2C000000 		.4byte	.LFE2
 578 0018 00000000 		.4byte	.LFB3
 579 001c 58000000 		.4byte	.LFE3
 580 0020 00000000 		.4byte	0
 581 0024 00000000 		.4byte	0
 582              		.section	.debug_line,"",%progbits
 583              	.Ldebug_line0:
 584 0000 C0000000 		.section	.debug_str,"MS",%progbits,1
 584      02006D00 
 584      00000201 
 584      FB0E0D00 
 584      01010101 
 585              	.LASF17:
 586 0000 4C45445F 		.ascii	"LED_Strip_BACKUP_STRUCT\000"
 586      53747269 
 586      705F4241 
 586      434B5550 
 586      5F535452 
 587              	.LASF3:
ARM GAS  C:\Users\khjtony\AppData\Local\Temp\ccNeevhh.s 			page 14


 588 0018 73686F72 		.ascii	"short unsigned int\000"
 588      7420756E 
 588      7369676E 
 588      65642069 
 588      6E7400
 589              	.LASF30:
 590 002b 443A5C77 		.ascii	"D:\\workspace\\Super-Eagle\\Super-Eagle\\Super-Eagl"
 590      6F726B73 
 590      70616365 
 590      5C537570 
 590      65722D45 
 591 005a 652E6379 		.ascii	"e.cydsn\000"
 591      64736E00 
 592              	.LASF18:
 593 0062 4C45445F 		.ascii	"LED_Strip_SaveConfig\000"
 593      53747269 
 593      705F5361 
 593      7665436F 
 593      6E666967 
 594              	.LASF29:
 595 0077 2E5C4765 		.ascii	".\\Generated_Source\\PSoC5\\LED_Strip_PM.c\000"
 595      6E657261 
 595      7465645F 
 595      536F7572 
 595      63655C50 
 596              	.LASF9:
 597 009f 666C6F61 		.ascii	"float\000"
 597      7400
 598              	.LASF1:
 599 00a5 756E7369 		.ascii	"unsigned char\000"
 599      676E6564 
 599      20636861 
 599      7200
 600              	.LASF13:
 601 00b3 72656738 		.ascii	"reg8\000"
 601      00
 602              	.LASF28:
 603 00b8 474E5520 		.ascii	"GNU C 4.8.4 20140526 (release) [ARM/embedded-4_8-br"
 603      4320342E 
 603      382E3420 
 603      32303134 
 603      30353236 
 604 00eb 616E6368 		.ascii	"anch revision 211358] -mcpu=cortex-m3 -mthumb -g -O"
 604      20726576 
 604      6973696F 
 604      6E203231 
 604      31333538 
 605 011e 30202D66 		.ascii	"0 -ffunction-sections\000"
 605      66756E63 
 605      74696F6E 
 605      2D736563 
 605      74696F6E 
 606              	.LASF5:
 607 0134 6C6F6E67 		.ascii	"long unsigned int\000"
 607      20756E73 
 607      69676E65 
 607      6420696E 
ARM GAS  C:\Users\khjtony\AppData\Local\Temp\ccNeevhh.s 			page 15


 607      7400
 608              	.LASF26:
 609 0146 4C45445F 		.ascii	"LED_Strip_rxBufferWrite\000"
 609      53747269 
 609      705F7278 
 609      42756666 
 609      65725772 
 610              	.LASF12:
 611 015e 75696E74 		.ascii	"uint8\000"
 611      3800
 612              	.LASF10:
 613 0164 646F7562 		.ascii	"double\000"
 613      6C6500
 614              	.LASF31:
 615 016b 4C45445F 		.ascii	"LED_Strip_backup\000"
 615      53747269 
 615      705F6261 
 615      636B7570 
 615      00
 616              	.LASF21:
 617 017c 4C45445F 		.ascii	"LED_Strip_Wakeup\000"
 617      53747269 
 617      705F5761 
 617      6B657570 
 617      00
 618              	.LASF16:
 619 018d 636E7472 		.ascii	"cntrPeriod\000"
 619      50657269 
 619      6F6400
 620              	.LASF15:
 621 0198 656E6162 		.ascii	"enableState\000"
 621      6C655374 
 621      61746500 
 622              	.LASF8:
 623 01a4 756E7369 		.ascii	"unsigned int\000"
 623      676E6564 
 623      20696E74 
 623      00
 624              	.LASF7:
 625 01b1 6C6F6E67 		.ascii	"long long unsigned int\000"
 625      206C6F6E 
 625      6720756E 
 625      7369676E 
 625      65642069 
 626              	.LASF24:
 627 01c8 4C45445F 		.ascii	"LED_Strip_txBufferFull\000"
 627      53747269 
 627      705F7478 
 627      42756666 
 627      65724675 
 628              	.LASF27:
 629 01df 4C45445F 		.ascii	"LED_Strip_rxBufferFull\000"
 629      53747269 
 629      705F7278 
 629      42756666 
 629      65724675 
 630              	.LASF14:
ARM GAS  C:\Users\khjtony\AppData\Local\Temp\ccNeevhh.s 			page 16


 631 01f6 73697A65 		.ascii	"sizetype\000"
 631      74797065 
 631      00
 632              	.LASF6:
 633 01ff 6C6F6E67 		.ascii	"long long int\000"
 633      206C6F6E 
 633      6720696E 
 633      7400
 634              	.LASF20:
 635 020d 4C45445F 		.ascii	"LED_Strip_Sleep\000"
 635      53747269 
 635      705F536C 
 635      65657000 
 636              	.LASF22:
 637 021d 4C45445F 		.ascii	"LED_Strip_txBufferRead\000"
 637      53747269 
 637      705F7478 
 637      42756666 
 637      65725265 
 638              	.LASF25:
 639 0234 4C45445F 		.ascii	"LED_Strip_rxBufferRead\000"
 639      53747269 
 639      705F7278 
 639      42756666 
 639      65725265 
 640              	.LASF2:
 641 024b 73686F72 		.ascii	"short int\000"
 641      7420696E 
 641      7400
 642              	.LASF23:
 643 0255 4C45445F 		.ascii	"LED_Strip_txBufferWrite\000"
 643      53747269 
 643      705F7478 
 643      42756666 
 643      65725772 
 644              	.LASF4:
 645 026d 6C6F6E67 		.ascii	"long int\000"
 645      20696E74 
 645      00
 646              	.LASF11:
 647 0276 63686172 		.ascii	"char\000"
 647      00
 648              	.LASF0:
 649 027b 7369676E 		.ascii	"signed char\000"
 649      65642063 
 649      68617200 
 650              	.LASF19:
 651 0287 4C45445F 		.ascii	"LED_Strip_RestoreConfig\000"
 651      53747269 
 651      705F5265 
 651      73746F72 
 651      65436F6E 
 652              		.ident	"GCC: (GNU Tools for ARM Embedded Processors) 4.8.4 20140526 (release) [ARM/embedded-4_8-br
