ARM GAS  C:\Users\khjtony\AppData\Local\Temp\ccV9NdEC.s 			page 1


   1              		.syntax unified
   2              		.cpu cortex-m3
   3              		.fpu softvfp
   4              		.eabi_attribute 20, 1
   5              		.eabi_attribute 21, 1
   6              		.eabi_attribute 23, 3
   7              		.eabi_attribute 24, 1
   8              		.eabi_attribute 25, 1
   9              		.eabi_attribute 26, 1
  10              		.eabi_attribute 30, 6
  11              		.eabi_attribute 34, 1
  12              		.eabi_attribute 18, 4
  13              		.thumb
  14              		.file	"cyfitter_cfg.c"
  15              		.text
  16              	.Ltext0:
  17              		.cfi_sections	.debug_frame
  18              		.section	.text.CYMEMZERO,"ax",%progbits
  19              		.align	2
  20              		.thumb
  21              		.thumb_func
  22              		.type	CYMEMZERO, %function
  23              	CYMEMZERO:
  24              	.LFB0:
  25              		.file 1 ".\\Generated_Source\\PSoC5\\cyfitter_cfg.c"
   1:.\Generated_Source\PSoC5/cyfitter_cfg.c **** /*******************************************************************************
   2:.\Generated_Source\PSoC5/cyfitter_cfg.c **** * FILENAME: cyfitter_cfg.c
   3:.\Generated_Source\PSoC5/cyfitter_cfg.c **** * PSoC Creator  3.1
   4:.\Generated_Source\PSoC5/cyfitter_cfg.c **** *
   5:.\Generated_Source\PSoC5/cyfitter_cfg.c **** * Description:
   6:.\Generated_Source\PSoC5/cyfitter_cfg.c **** * This file is automatically generated by PSoC Creator with device 
   7:.\Generated_Source\PSoC5/cyfitter_cfg.c **** * initialization code.  Except for the user defined sections in
   8:.\Generated_Source\PSoC5/cyfitter_cfg.c **** * CyClockStartupError(), this file should not be modified.
   9:.\Generated_Source\PSoC5/cyfitter_cfg.c **** *
  10:.\Generated_Source\PSoC5/cyfitter_cfg.c **** ********************************************************************************
  11:.\Generated_Source\PSoC5/cyfitter_cfg.c **** * Copyright 2013, Cypress Semiconductor Corporation.  All rights reserved.
  12:.\Generated_Source\PSoC5/cyfitter_cfg.c **** * You may use this file only in accordance with the license, terms, conditions, 
  13:.\Generated_Source\PSoC5/cyfitter_cfg.c **** * disclaimers, and limitations in the end user license agreement accompanying 
  14:.\Generated_Source\PSoC5/cyfitter_cfg.c **** * the software package with which this file was provided.
  15:.\Generated_Source\PSoC5/cyfitter_cfg.c **** ********************************************************************************/
  16:.\Generated_Source\PSoC5/cyfitter_cfg.c **** 
  17:.\Generated_Source\PSoC5/cyfitter_cfg.c **** #include <string.h>
  18:.\Generated_Source\PSoC5/cyfitter_cfg.c **** #include <cytypes.h>
  19:.\Generated_Source\PSoC5/cyfitter_cfg.c **** #include <cydevice_trm.h>
  20:.\Generated_Source\PSoC5/cyfitter_cfg.c **** #include <cyfitter.h>
  21:.\Generated_Source\PSoC5/cyfitter_cfg.c **** #include <CyLib.h>
  22:.\Generated_Source\PSoC5/cyfitter_cfg.c **** #include <cyfitter_cfg.h>
  23:.\Generated_Source\PSoC5/cyfitter_cfg.c **** 
  24:.\Generated_Source\PSoC5/cyfitter_cfg.c **** #define CY_NEED_CYCLOCKSTARTUPERROR 1
  25:.\Generated_Source\PSoC5/cyfitter_cfg.c **** 
  26:.\Generated_Source\PSoC5/cyfitter_cfg.c **** 
  27:.\Generated_Source\PSoC5/cyfitter_cfg.c **** #if defined(__GNUC__) || defined(__ARMCC_VERSION)
  28:.\Generated_Source\PSoC5/cyfitter_cfg.c ****     #define CYPACKED 
  29:.\Generated_Source\PSoC5/cyfitter_cfg.c ****     #define CYPACKED_ATTR __attribute__ ((packed))
  30:.\Generated_Source\PSoC5/cyfitter_cfg.c ****     #define CYALIGNED __attribute__ ((aligned))
  31:.\Generated_Source\PSoC5/cyfitter_cfg.c ****     #define CY_CFG_UNUSED __attribute__ ((unused))
  32:.\Generated_Source\PSoC5/cyfitter_cfg.c ****     #define CY_CFG_SECTION __attribute__ ((section(".psocinit")))
ARM GAS  C:\Users\khjtony\AppData\Local\Temp\ccV9NdEC.s 			page 2


  33:.\Generated_Source\PSoC5/cyfitter_cfg.c ****     
  34:.\Generated_Source\PSoC5/cyfitter_cfg.c ****     #if defined(__ARMCC_VERSION)
  35:.\Generated_Source\PSoC5/cyfitter_cfg.c ****         #define CY_CFG_MEMORY_BARRIER() __memory_changed()
  36:.\Generated_Source\PSoC5/cyfitter_cfg.c ****     #else
  37:.\Generated_Source\PSoC5/cyfitter_cfg.c ****         #define CY_CFG_MEMORY_BARRIER() __sync_synchronize()
  38:.\Generated_Source\PSoC5/cyfitter_cfg.c ****     #endif
  39:.\Generated_Source\PSoC5/cyfitter_cfg.c ****     
  40:.\Generated_Source\PSoC5/cyfitter_cfg.c **** #elif defined(__ICCARM__)
  41:.\Generated_Source\PSoC5/cyfitter_cfg.c ****     #include <intrinsics.h>
  42:.\Generated_Source\PSoC5/cyfitter_cfg.c **** 
  43:.\Generated_Source\PSoC5/cyfitter_cfg.c ****     #define CYPACKED __packed
  44:.\Generated_Source\PSoC5/cyfitter_cfg.c ****     #define CYPACKED_ATTR 
  45:.\Generated_Source\PSoC5/cyfitter_cfg.c ****     #define CYALIGNED _Pragma("data_alignment=4")
  46:.\Generated_Source\PSoC5/cyfitter_cfg.c ****     #define CY_CFG_UNUSED _Pragma("diag_suppress=Pe177")
  47:.\Generated_Source\PSoC5/cyfitter_cfg.c ****     #define CY_CFG_SECTION _Pragma("location=\".psocinit\"")
  48:.\Generated_Source\PSoC5/cyfitter_cfg.c ****     
  49:.\Generated_Source\PSoC5/cyfitter_cfg.c ****     #define CY_CFG_MEMORY_BARRIER() __DMB()
  50:.\Generated_Source\PSoC5/cyfitter_cfg.c ****     
  51:.\Generated_Source\PSoC5/cyfitter_cfg.c **** #else
  52:.\Generated_Source\PSoC5/cyfitter_cfg.c ****     #error Unsupported toolchain
  53:.\Generated_Source\PSoC5/cyfitter_cfg.c **** #endif
  54:.\Generated_Source\PSoC5/cyfitter_cfg.c **** 
  55:.\Generated_Source\PSoC5/cyfitter_cfg.c **** 
  56:.\Generated_Source\PSoC5/cyfitter_cfg.c **** CY_CFG_UNUSED
  57:.\Generated_Source\PSoC5/cyfitter_cfg.c **** static void CYMEMZERO(void *s, size_t n);
  58:.\Generated_Source\PSoC5/cyfitter_cfg.c **** CY_CFG_UNUSED
  59:.\Generated_Source\PSoC5/cyfitter_cfg.c **** static void CYMEMZERO(void *s, size_t n)
  60:.\Generated_Source\PSoC5/cyfitter_cfg.c **** {
  26              		.loc 1 60 0
  27              		.cfi_startproc
  28              		@ args = 0, pretend = 0, frame = 8
  29              		@ frame_needed = 1, uses_anonymous_args = 0
  30 0000 80B5     		push	{r7, lr}
  31              		.cfi_def_cfa_offset 8
  32              		.cfi_offset 7, -8
  33              		.cfi_offset 14, -4
  34 0002 82B0     		sub	sp, sp, #8
  35              		.cfi_def_cfa_offset 16
  36 0004 00AF     		add	r7, sp, #0
  37              		.cfi_def_cfa_register 7
  38 0006 7860     		str	r0, [r7, #4]
  39 0008 3960     		str	r1, [r7]
  61:.\Generated_Source\PSoC5/cyfitter_cfg.c **** 	(void)memset(s, 0, n);
  40              		.loc 1 61 0
  41 000a 7868     		ldr	r0, [r7, #4]
  42 000c 0021     		movs	r1, #0
  43 000e 3A68     		ldr	r2, [r7]
  44 0010 FFF7FEFF 		bl	memset
  62:.\Generated_Source\PSoC5/cyfitter_cfg.c **** }
  45              		.loc 1 62 0
  46 0014 0837     		adds	r7, r7, #8
  47 0016 BD46     		mov	sp, r7
  48              		@ sp needed
  49 0018 80BD     		pop	{r7, pc}
  50              		.cfi_endproc
  51              	.LFE0:
  52              		.size	CYMEMZERO, .-CYMEMZERO
ARM GAS  C:\Users\khjtony\AppData\Local\Temp\ccV9NdEC.s 			page 3


  53 001a 00BF     		.section	.text.CYCONFIGCPY,"ax",%progbits
  54              		.align	2
  55              		.thumb
  56              		.thumb_func
  57              		.type	CYCONFIGCPY, %function
  58              	CYCONFIGCPY:
  59              	.LFB1:
  63:.\Generated_Source\PSoC5/cyfitter_cfg.c **** CY_CFG_UNUSED
  64:.\Generated_Source\PSoC5/cyfitter_cfg.c **** static void CYCONFIGCPY(void *dest, const void *src, size_t n);
  65:.\Generated_Source\PSoC5/cyfitter_cfg.c **** CY_CFG_UNUSED
  66:.\Generated_Source\PSoC5/cyfitter_cfg.c **** static void CYCONFIGCPY(void *dest, const void *src, size_t n)
  67:.\Generated_Source\PSoC5/cyfitter_cfg.c **** {
  60              		.loc 1 67 0
  61              		.cfi_startproc
  62              		@ args = 0, pretend = 0, frame = 16
  63              		@ frame_needed = 1, uses_anonymous_args = 0
  64 0000 80B5     		push	{r7, lr}
  65              		.cfi_def_cfa_offset 8
  66              		.cfi_offset 7, -8
  67              		.cfi_offset 14, -4
  68 0002 84B0     		sub	sp, sp, #16
  69              		.cfi_def_cfa_offset 24
  70 0004 00AF     		add	r7, sp, #0
  71              		.cfi_def_cfa_register 7
  72 0006 F860     		str	r0, [r7, #12]
  73 0008 B960     		str	r1, [r7, #8]
  74 000a 7A60     		str	r2, [r7, #4]
  68:.\Generated_Source\PSoC5/cyfitter_cfg.c **** 	(void)memcpy(dest, src, n);
  75              		.loc 1 68 0
  76 000c F868     		ldr	r0, [r7, #12]
  77 000e B968     		ldr	r1, [r7, #8]
  78 0010 7A68     		ldr	r2, [r7, #4]
  79 0012 FFF7FEFF 		bl	memcpy
  69:.\Generated_Source\PSoC5/cyfitter_cfg.c **** }
  80              		.loc 1 69 0
  81 0016 1037     		adds	r7, r7, #16
  82 0018 BD46     		mov	sp, r7
  83              		@ sp needed
  84 001a 80BD     		pop	{r7, pc}
  85              		.cfi_endproc
  86              	.LFE1:
  87              		.size	CYCONFIGCPY, .-CYCONFIGCPY
  88              		.section	.text.CYCONFIGCPYCODE,"ax",%progbits
  89              		.align	2
  90              		.thumb
  91              		.thumb_func
  92              		.type	CYCONFIGCPYCODE, %function
  93              	CYCONFIGCPYCODE:
  94              	.LFB2:
  70:.\Generated_Source\PSoC5/cyfitter_cfg.c **** CY_CFG_UNUSED
  71:.\Generated_Source\PSoC5/cyfitter_cfg.c **** static void CYCONFIGCPYCODE(void *dest, const void *src, size_t n);
  72:.\Generated_Source\PSoC5/cyfitter_cfg.c **** CY_CFG_UNUSED
  73:.\Generated_Source\PSoC5/cyfitter_cfg.c **** static void CYCONFIGCPYCODE(void *dest, const void *src, size_t n)
  74:.\Generated_Source\PSoC5/cyfitter_cfg.c **** {
  95              		.loc 1 74 0
  96              		.cfi_startproc
  97              		@ args = 0, pretend = 0, frame = 16
ARM GAS  C:\Users\khjtony\AppData\Local\Temp\ccV9NdEC.s 			page 4


  98              		@ frame_needed = 1, uses_anonymous_args = 0
  99 0000 80B5     		push	{r7, lr}
 100              		.cfi_def_cfa_offset 8
 101              		.cfi_offset 7, -8
 102              		.cfi_offset 14, -4
 103 0002 84B0     		sub	sp, sp, #16
 104              		.cfi_def_cfa_offset 24
 105 0004 00AF     		add	r7, sp, #0
 106              		.cfi_def_cfa_register 7
 107 0006 F860     		str	r0, [r7, #12]
 108 0008 B960     		str	r1, [r7, #8]
 109 000a 7A60     		str	r2, [r7, #4]
  75:.\Generated_Source\PSoC5/cyfitter_cfg.c **** 	(void)memcpy(dest, src, n);
 110              		.loc 1 75 0
 111 000c F868     		ldr	r0, [r7, #12]
 112 000e B968     		ldr	r1, [r7, #8]
 113 0010 7A68     		ldr	r2, [r7, #4]
 114 0012 FFF7FEFF 		bl	memcpy
  76:.\Generated_Source\PSoC5/cyfitter_cfg.c **** }
 115              		.loc 1 76 0
 116 0016 1037     		adds	r7, r7, #16
 117 0018 BD46     		mov	sp, r7
 118              		@ sp needed
 119 001a 80BD     		pop	{r7, pc}
 120              		.cfi_endproc
 121              	.LFE2:
 122              		.size	CYCONFIGCPYCODE, .-CYCONFIGCPYCODE
 123              		.section	.text.CyClockStartupError,"ax",%progbits
 124              		.align	2
 125              		.thumb
 126              		.thumb_func
 127              		.type	CyClockStartupError, %function
 128              	CyClockStartupError:
 129              	.LFB3:
  77:.\Generated_Source\PSoC5/cyfitter_cfg.c **** 
  78:.\Generated_Source\PSoC5/cyfitter_cfg.c **** 
  79:.\Generated_Source\PSoC5/cyfitter_cfg.c **** 
  80:.\Generated_Source\PSoC5/cyfitter_cfg.c **** /* Clock startup error codes                                                   */
  81:.\Generated_Source\PSoC5/cyfitter_cfg.c **** #define CYCLOCKSTART_NO_ERROR    0u
  82:.\Generated_Source\PSoC5/cyfitter_cfg.c **** #define CYCLOCKSTART_XTAL_ERROR  1u
  83:.\Generated_Source\PSoC5/cyfitter_cfg.c **** #define CYCLOCKSTART_32KHZ_ERROR 2u
  84:.\Generated_Source\PSoC5/cyfitter_cfg.c **** #define CYCLOCKSTART_PLL_ERROR   3u
  85:.\Generated_Source\PSoC5/cyfitter_cfg.c **** 
  86:.\Generated_Source\PSoC5/cyfitter_cfg.c **** #ifdef CY_NEED_CYCLOCKSTARTUPERROR
  87:.\Generated_Source\PSoC5/cyfitter_cfg.c **** /*******************************************************************************
  88:.\Generated_Source\PSoC5/cyfitter_cfg.c **** * Function Name: CyClockStartupError
  89:.\Generated_Source\PSoC5/cyfitter_cfg.c **** ********************************************************************************
  90:.\Generated_Source\PSoC5/cyfitter_cfg.c **** * Summary:
  91:.\Generated_Source\PSoC5/cyfitter_cfg.c **** *  If an error is encountered during clock configuration (crystal startup error,
  92:.\Generated_Source\PSoC5/cyfitter_cfg.c **** *  PLL lock error, etc.), the system will end up here.  Unless reimplemented by
  93:.\Generated_Source\PSoC5/cyfitter_cfg.c **** *  the customer, this function will stop in an infinite loop.
  94:.\Generated_Source\PSoC5/cyfitter_cfg.c **** *
  95:.\Generated_Source\PSoC5/cyfitter_cfg.c **** * Parameters:
  96:.\Generated_Source\PSoC5/cyfitter_cfg.c **** *   void
  97:.\Generated_Source\PSoC5/cyfitter_cfg.c **** *
  98:.\Generated_Source\PSoC5/cyfitter_cfg.c **** * Return:
  99:.\Generated_Source\PSoC5/cyfitter_cfg.c **** *   void
ARM GAS  C:\Users\khjtony\AppData\Local\Temp\ccV9NdEC.s 			page 5


 100:.\Generated_Source\PSoC5/cyfitter_cfg.c **** *
 101:.\Generated_Source\PSoC5/cyfitter_cfg.c **** *******************************************************************************/
 102:.\Generated_Source\PSoC5/cyfitter_cfg.c **** CY_CFG_UNUSED
 103:.\Generated_Source\PSoC5/cyfitter_cfg.c **** static void CyClockStartupError(uint8 errorCode);
 104:.\Generated_Source\PSoC5/cyfitter_cfg.c **** CY_CFG_UNUSED
 105:.\Generated_Source\PSoC5/cyfitter_cfg.c **** static void CyClockStartupError(uint8 errorCode)
 106:.\Generated_Source\PSoC5/cyfitter_cfg.c **** {
 130              		.loc 1 106 0
 131              		.cfi_startproc
 132              		@ args = 0, pretend = 0, frame = 8
 133              		@ frame_needed = 1, uses_anonymous_args = 0
 134              		@ link register save eliminated.
 135 0000 80B4     		push	{r7}
 136              		.cfi_def_cfa_offset 4
 137              		.cfi_offset 7, -4
 138 0002 83B0     		sub	sp, sp, #12
 139              		.cfi_def_cfa_offset 16
 140 0004 00AF     		add	r7, sp, #0
 141              		.cfi_def_cfa_register 7
 142 0006 0346     		mov	r3, r0
 143 0008 FB71     		strb	r3, [r7, #7]
 144              	.L5:
 107:.\Generated_Source\PSoC5/cyfitter_cfg.c ****     /* To remove the compiler warning if errorCode not used.                */
 108:.\Generated_Source\PSoC5/cyfitter_cfg.c ****     errorCode = errorCode;
 109:.\Generated_Source\PSoC5/cyfitter_cfg.c **** 
 110:.\Generated_Source\PSoC5/cyfitter_cfg.c ****     /* `#START CyClockStartupError` */
 111:.\Generated_Source\PSoC5/cyfitter_cfg.c **** 
 112:.\Generated_Source\PSoC5/cyfitter_cfg.c ****     /* If we have a clock startup error (bad MHz crystal, PLL lock, etc.),  */
 113:.\Generated_Source\PSoC5/cyfitter_cfg.c ****     /* we will end up here to allow the customer to implement something to  */
 114:.\Generated_Source\PSoC5/cyfitter_cfg.c ****     /* deal with the clock condition.                                       */
 115:.\Generated_Source\PSoC5/cyfitter_cfg.c **** 
 116:.\Generated_Source\PSoC5/cyfitter_cfg.c ****     /* `#END` */
 117:.\Generated_Source\PSoC5/cyfitter_cfg.c **** 
 118:.\Generated_Source\PSoC5/cyfitter_cfg.c ****     /* If nothing else, stop here since the clocks have not started         */
 119:.\Generated_Source\PSoC5/cyfitter_cfg.c ****     /* correctly.                                                           */
 120:.\Generated_Source\PSoC5/cyfitter_cfg.c ****     while(1) {}
 145              		.loc 1 120 0 discriminator 1
 146 000a FEE7     		b	.L5
 147              		.cfi_endproc
 148              	.LFE3:
 149              		.size	CyClockStartupError, .-CyClockStartupError
 150              		.section	.text.ClockSetup,"ax",%progbits
 151              		.align	2
 152              		.thumb
 153              		.thumb_func
 154              		.type	ClockSetup, %function
 155              	ClockSetup:
 156              	.LFB4:
 121:.\Generated_Source\PSoC5/cyfitter_cfg.c **** }
 122:.\Generated_Source\PSoC5/cyfitter_cfg.c **** #endif
 123:.\Generated_Source\PSoC5/cyfitter_cfg.c **** 
 124:.\Generated_Source\PSoC5/cyfitter_cfg.c **** 
 125:.\Generated_Source\PSoC5/cyfitter_cfg.c **** /*******************************************************************************
 126:.\Generated_Source\PSoC5/cyfitter_cfg.c **** * Function Name: ClockSetup
 127:.\Generated_Source\PSoC5/cyfitter_cfg.c **** ********************************************************************************
 128:.\Generated_Source\PSoC5/cyfitter_cfg.c **** *
 129:.\Generated_Source\PSoC5/cyfitter_cfg.c **** * Summary:
ARM GAS  C:\Users\khjtony\AppData\Local\Temp\ccV9NdEC.s 			page 6


 130:.\Generated_Source\PSoC5/cyfitter_cfg.c **** *  Performs the initialization of all of the clocks in the device based on the
 131:.\Generated_Source\PSoC5/cyfitter_cfg.c **** *  settings in the Clock tab of the DWR.  This includes enabling the requested
 132:.\Generated_Source\PSoC5/cyfitter_cfg.c **** *  clocks and setting the necessary dividers to produce the desired frequency. 
 133:.\Generated_Source\PSoC5/cyfitter_cfg.c **** *
 134:.\Generated_Source\PSoC5/cyfitter_cfg.c **** * Parameters:
 135:.\Generated_Source\PSoC5/cyfitter_cfg.c **** *  void
 136:.\Generated_Source\PSoC5/cyfitter_cfg.c **** *
 137:.\Generated_Source\PSoC5/cyfitter_cfg.c **** * Return:
 138:.\Generated_Source\PSoC5/cyfitter_cfg.c **** *  void
 139:.\Generated_Source\PSoC5/cyfitter_cfg.c **** *
 140:.\Generated_Source\PSoC5/cyfitter_cfg.c **** *******************************************************************************/
 141:.\Generated_Source\PSoC5/cyfitter_cfg.c **** static void ClockSetup(void);
 142:.\Generated_Source\PSoC5/cyfitter_cfg.c **** static void ClockSetup(void)
 143:.\Generated_Source\PSoC5/cyfitter_cfg.c **** {
 157              		.loc 1 143 0
 158              		.cfi_startproc
 159              		@ args = 0, pretend = 0, frame = 8
 160              		@ frame_needed = 1, uses_anonymous_args = 0
 161 0000 80B5     		push	{r7, lr}
 162              		.cfi_def_cfa_offset 8
 163              		.cfi_offset 7, -8
 164              		.cfi_offset 14, -4
 165 0002 82B0     		sub	sp, sp, #8
 166              		.cfi_def_cfa_offset 16
 167 0004 00AF     		add	r7, sp, #0
 168              		.cfi_def_cfa_register 7
 144:.\Generated_Source\PSoC5/cyfitter_cfg.c **** 	uint32 timeout;
 145:.\Generated_Source\PSoC5/cyfitter_cfg.c **** 	uint8 pllLock;
 146:.\Generated_Source\PSoC5/cyfitter_cfg.c **** 
 147:.\Generated_Source\PSoC5/cyfitter_cfg.c **** 
 148:.\Generated_Source\PSoC5/cyfitter_cfg.c **** 	/* Configure ILO based on settings from Clock DWR */
 149:.\Generated_Source\PSoC5/cyfitter_cfg.c **** 	CY_SET_XTND_REG8((void CYFAR *)(CYREG_SLOWCLK_ILO_CR0), 0x02u);
 169              		.loc 1 149 0
 170 0006 294B     		ldr	r3, .L11
 171 0008 0222     		movs	r2, #2
 172 000a 1A70     		strb	r2, [r3]
 150:.\Generated_Source\PSoC5/cyfitter_cfg.c **** 	CY_SET_XTND_REG8((void CYFAR *)(CYREG_CLKDIST_CR), 0x08u);
 173              		.loc 1 150 0
 174 000c 4FF04023 		mov	r3, #1073758208
 175 0010 0822     		movs	r2, #8
 176 0012 1A70     		strb	r2, [r3]
 151:.\Generated_Source\PSoC5/cyfitter_cfg.c **** 
 152:.\Generated_Source\PSoC5/cyfitter_cfg.c **** 	/* Configure IMO based on settings from Clock DWR */
 153:.\Generated_Source\PSoC5/cyfitter_cfg.c **** 	CY_SET_XTND_REG8((void CYFAR *)(CYREG_FASTCLK_IMO_CR), 0x03u);
 177              		.loc 1 153 0
 178 0014 264B     		ldr	r3, .L11+4
 179 0016 0322     		movs	r2, #3
 180 0018 1A70     		strb	r2, [r3]
 154:.\Generated_Source\PSoC5/cyfitter_cfg.c **** 	CY_SET_XTND_REG8((void CYFAR *)(CYREG_IMO_TR1), (CY_GET_XTND_REG8((void CYFAR *)CYREG_FLSHID_CUST_
 181              		.loc 1 154 0
 182 001a 264B     		ldr	r3, .L11+8
 183 001c 264A     		ldr	r2, .L11+12
 184 001e 1278     		ldrb	r2, [r2]
 185 0020 D2B2     		uxtb	r2, r2
 186 0022 1A70     		strb	r2, [r3]
 155:.\Generated_Source\PSoC5/cyfitter_cfg.c **** 
 156:.\Generated_Source\PSoC5/cyfitter_cfg.c **** 	/* Configure PLL based on settings from Clock DWR */
ARM GAS  C:\Users\khjtony\AppData\Local\Temp\ccV9NdEC.s 			page 7


 157:.\Generated_Source\PSoC5/cyfitter_cfg.c **** 	CY_SET_XTND_REG16((void CYFAR *)(CYREG_FASTCLK_PLL_P), 0x0008u);
 187              		.loc 1 157 0
 188 0024 254B     		ldr	r3, .L11+16
 189 0026 0822     		movs	r2, #8
 190 0028 1A80     		strh	r2, [r3]	@ movhi
 158:.\Generated_Source\PSoC5/cyfitter_cfg.c **** 	CY_SET_XTND_REG16((void CYFAR *)(CYREG_FASTCLK_PLL_CFG0), 0x1251u);
 191              		.loc 1 158 0
 192 002a 254B     		ldr	r3, .L11+20
 193 002c 41F25122 		movw	r2, #4689
 194 0030 1A80     		strh	r2, [r3]	@ movhi
 159:.\Generated_Source\PSoC5/cyfitter_cfg.c **** 	/* Wait up to 250us for the PLL to lock */
 160:.\Generated_Source\PSoC5/cyfitter_cfg.c **** 	pllLock = 0u;
 195              		.loc 1 160 0
 196 0032 0023     		movs	r3, #0
 197 0034 FB70     		strb	r3, [r7, #3]
 161:.\Generated_Source\PSoC5/cyfitter_cfg.c **** 	for (timeout = 250u / 10u; (timeout > 0u) && (pllLock != 0x03u); timeout--)
 198              		.loc 1 161 0
 199 0036 1923     		movs	r3, #25
 200 0038 7B60     		str	r3, [r7, #4]
 201 003a 14E0     		b	.L7
 202              	.L9:
 162:.\Generated_Source\PSoC5/cyfitter_cfg.c **** 	{ 
 163:.\Generated_Source\PSoC5/cyfitter_cfg.c **** 		pllLock = 0x03u & ((uint8)((uint8)pllLock << 1) | ((CY_GET_XTND_REG8((void CYFAR *)CYREG_FASTCLK_
 203              		.loc 1 163 0 discriminator 1
 204 003c FB78     		ldrb	r3, [r7, #3]
 205 003e 5B00     		lsls	r3, r3, #1
 206 0040 DAB2     		uxtb	r2, r3
 207 0042 204B     		ldr	r3, .L11+24
 208 0044 1B78     		ldrb	r3, [r3]
 209 0046 DBB2     		uxtb	r3, r3
 210 0048 03F00103 		and	r3, r3, #1
 211 004c DBB2     		uxtb	r3, r3
 212 004e 1343     		orrs	r3, r3, r2
 213 0050 DBB2     		uxtb	r3, r3
 214 0052 03F00303 		and	r3, r3, #3
 215 0056 FB70     		strb	r3, [r7, #3]
 164:.\Generated_Source\PSoC5/cyfitter_cfg.c **** 		CyDelayCycles(10u * 48u); /* Delay 10us based on 48MHz clock */
 216              		.loc 1 164 0 discriminator 1
 217 0058 4FF4F070 		mov	r0, #480
 218 005c FFF7FEFF 		bl	CyDelayCycles
 161:.\Generated_Source\PSoC5/cyfitter_cfg.c **** 	for (timeout = 250u / 10u; (timeout > 0u) && (pllLock != 0x03u); timeout--)
 219              		.loc 1 161 0 discriminator 1
 220 0060 7B68     		ldr	r3, [r7, #4]
 221 0062 013B     		subs	r3, r3, #1
 222 0064 7B60     		str	r3, [r7, #4]
 223              	.L7:
 224 0066 7B68     		ldr	r3, [r7, #4]
 225 0068 002B     		cmp	r3, #0
 226 006a 02D0     		beq	.L8
 161:.\Generated_Source\PSoC5/cyfitter_cfg.c **** 	for (timeout = 250u / 10u; (timeout > 0u) && (pllLock != 0x03u); timeout--)
 227              		.loc 1 161 0 is_stmt 0 discriminator 2
 228 006c FB78     		ldrb	r3, [r7, #3]	@ zero_extendqisi2
 229 006e 032B     		cmp	r3, #3
 230 0070 E4D1     		bne	.L9
 231              	.L8:
 165:.\Generated_Source\PSoC5/cyfitter_cfg.c **** 	}
 166:.\Generated_Source\PSoC5/cyfitter_cfg.c **** 	/* If we ran out of time the PLL didn't lock so go to the error function */
ARM GAS  C:\Users\khjtony\AppData\Local\Temp\ccV9NdEC.s 			page 8


 167:.\Generated_Source\PSoC5/cyfitter_cfg.c **** 	if (timeout == 0u)
 232              		.loc 1 167 0 is_stmt 1
 233 0072 7B68     		ldr	r3, [r7, #4]
 234 0074 002B     		cmp	r3, #0
 235 0076 02D1     		bne	.L10
 168:.\Generated_Source\PSoC5/cyfitter_cfg.c **** 	{
 169:.\Generated_Source\PSoC5/cyfitter_cfg.c **** 		CyClockStartupError(CYCLOCKSTART_PLL_ERROR);
 236              		.loc 1 169 0
 237 0078 0320     		movs	r0, #3
 238 007a FFF7FEFF 		bl	CyClockStartupError
 239              	.L10:
 170:.\Generated_Source\PSoC5/cyfitter_cfg.c **** 	}
 171:.\Generated_Source\PSoC5/cyfitter_cfg.c **** 
 172:.\Generated_Source\PSoC5/cyfitter_cfg.c **** 	/* Configure Bus/Master Clock based on settings from Clock DWR */
 173:.\Generated_Source\PSoC5/cyfitter_cfg.c **** 	CY_SET_XTND_REG16((void CYFAR *)(CYREG_CLKDIST_MSTR0), 0x0100u);
 240              		.loc 1 173 0
 241 007e 124B     		ldr	r3, .L11+28
 242 0080 4FF48072 		mov	r2, #256
 243 0084 1A80     		strh	r2, [r3]	@ movhi
 174:.\Generated_Source\PSoC5/cyfitter_cfg.c **** 	CY_SET_XTND_REG8((void CYFAR *)(CYREG_CLKDIST_MSTR0), 0x07u);
 244              		.loc 1 174 0
 245 0086 104B     		ldr	r3, .L11+28
 246 0088 0722     		movs	r2, #7
 247 008a 1A70     		strb	r2, [r3]
 175:.\Generated_Source\PSoC5/cyfitter_cfg.c **** 	CY_SET_XTND_REG8((void CYFAR *)(CYREG_CLKDIST_BCFG0), 0x00u);
 248              		.loc 1 175 0
 249 008c 0F4B     		ldr	r3, .L11+32
 250 008e 0022     		movs	r2, #0
 251 0090 1A70     		strb	r2, [r3]
 176:.\Generated_Source\PSoC5/cyfitter_cfg.c **** 	CY_SET_XTND_REG8((void CYFAR *)(CYREG_CLKDIST_BCFG2), 0x48u);
 252              		.loc 1 176 0
 253 0092 0F4B     		ldr	r3, .L11+36
 254 0094 4822     		movs	r2, #72
 255 0096 1A70     		strb	r2, [r3]
 177:.\Generated_Source\PSoC5/cyfitter_cfg.c **** 	CY_SET_XTND_REG8((void CYFAR *)(CYREG_CLKDIST_MSTR0), 0x00u);
 256              		.loc 1 177 0
 257 0098 0B4B     		ldr	r3, .L11+28
 258 009a 0022     		movs	r2, #0
 259 009c 1A70     		strb	r2, [r3]
 178:.\Generated_Source\PSoC5/cyfitter_cfg.c **** 	CY_SET_XTND_REG8((void CYFAR *)(CYREG_CLKDIST_LD), 0x02u);
 260              		.loc 1 178 0
 261 009e 0D4B     		ldr	r3, .L11+40
 262 00a0 0222     		movs	r2, #2
 263 00a2 1A70     		strb	r2, [r3]
 179:.\Generated_Source\PSoC5/cyfitter_cfg.c **** }
 264              		.loc 1 179 0
 265 00a4 0837     		adds	r7, r7, #8
 266 00a6 BD46     		mov	sp, r7
 267              		@ sp needed
 268 00a8 80BD     		pop	{r7, pc}
 269              	.L12:
 270 00aa 00BF     		.align	2
 271              	.L11:
 272 00ac 00430040 		.word	1073758976
 273 00b0 00420040 		.word	1073758720
 274 00b4 A1460040 		.word	1073759905
 275 00b8 08010049 		.word	1224737032
ARM GAS  C:\Users\khjtony\AppData\Local\Temp\ccV9NdEC.s 			page 9


 276 00bc 22420040 		.word	1073758754
 277 00c0 20420040 		.word	1073758752
 278 00c4 25420040 		.word	1073758757
 279 00c8 04400040 		.word	1073758212
 280 00cc 06400040 		.word	1073758214
 281 00d0 08400040 		.word	1073758216
 282 00d4 01400040 		.word	1073758209
 283              		.cfi_endproc
 284              	.LFE4:
 285              		.size	ClockSetup, .-ClockSetup
 286              		.section	.text.AnalogSetDefault,"ax",%progbits
 287              		.align	2
 288              		.thumb
 289              		.thumb_func
 290              		.type	AnalogSetDefault, %function
 291              	AnalogSetDefault:
 292              	.LFB5:
 180:.\Generated_Source\PSoC5/cyfitter_cfg.c **** 
 181:.\Generated_Source\PSoC5/cyfitter_cfg.c **** 
 182:.\Generated_Source\PSoC5/cyfitter_cfg.c **** /* Analog API Functions */
 183:.\Generated_Source\PSoC5/cyfitter_cfg.c **** 
 184:.\Generated_Source\PSoC5/cyfitter_cfg.c **** 
 185:.\Generated_Source\PSoC5/cyfitter_cfg.c **** /*******************************************************************************
 186:.\Generated_Source\PSoC5/cyfitter_cfg.c **** * Function Name: AnalogSetDefault
 187:.\Generated_Source\PSoC5/cyfitter_cfg.c **** ********************************************************************************
 188:.\Generated_Source\PSoC5/cyfitter_cfg.c **** *
 189:.\Generated_Source\PSoC5/cyfitter_cfg.c **** * Summary:
 190:.\Generated_Source\PSoC5/cyfitter_cfg.c **** *  Sets up the analog portions of the chip to default values based on chip
 191:.\Generated_Source\PSoC5/cyfitter_cfg.c **** *  configuration options from the project.
 192:.\Generated_Source\PSoC5/cyfitter_cfg.c **** *
 193:.\Generated_Source\PSoC5/cyfitter_cfg.c **** * Parameters:
 194:.\Generated_Source\PSoC5/cyfitter_cfg.c **** *  void
 195:.\Generated_Source\PSoC5/cyfitter_cfg.c **** *
 196:.\Generated_Source\PSoC5/cyfitter_cfg.c **** * Return:
 197:.\Generated_Source\PSoC5/cyfitter_cfg.c **** *  void
 198:.\Generated_Source\PSoC5/cyfitter_cfg.c **** *
 199:.\Generated_Source\PSoC5/cyfitter_cfg.c **** *******************************************************************************/
 200:.\Generated_Source\PSoC5/cyfitter_cfg.c **** static void AnalogSetDefault(void);
 201:.\Generated_Source\PSoC5/cyfitter_cfg.c **** static void AnalogSetDefault(void)
 202:.\Generated_Source\PSoC5/cyfitter_cfg.c **** {
 293              		.loc 1 202 0
 294              		.cfi_startproc
 295              		@ args = 0, pretend = 0, frame = 8
 296              		@ frame_needed = 1, uses_anonymous_args = 0
 297              		@ link register save eliminated.
 298 0000 80B4     		push	{r7}
 299              		.cfi_def_cfa_offset 4
 300              		.cfi_offset 7, -4
 301 0002 83B0     		sub	sp, sp, #12
 302              		.cfi_def_cfa_offset 16
 303 0004 00AF     		add	r7, sp, #0
 304              		.cfi_def_cfa_register 7
 203:.\Generated_Source\PSoC5/cyfitter_cfg.c **** 	uint8 bg_xover_inl_trim = CY_GET_XTND_REG8((void CYFAR *)(CYREG_FLSHID_MFG_CFG_BG_XOVER_INL_TRIM +
 305              		.loc 1 203 0
 306 0006 0B4B     		ldr	r3, .L14
 307 0008 1B78     		ldrb	r3, [r3]
 308 000a FB71     		strb	r3, [r7, #7]
ARM GAS  C:\Users\khjtony\AppData\Local\Temp\ccV9NdEC.s 			page 10


 204:.\Generated_Source\PSoC5/cyfitter_cfg.c **** 	CY_SET_XTND_REG8((void CYFAR *)(CYREG_BG_DFT0), (bg_xover_inl_trim & 0x07u));
 309              		.loc 1 204 0
 310 000c 0A4B     		ldr	r3, .L14+4
 311 000e FA79     		ldrb	r2, [r7, #7]
 312 0010 02F00702 		and	r2, r2, #7
 313 0014 D2B2     		uxtb	r2, r2
 314 0016 1A70     		strb	r2, [r3]
 205:.\Generated_Source\PSoC5/cyfitter_cfg.c **** 	CY_SET_XTND_REG8((void CYFAR *)(CYREG_BG_DFT1), ((bg_xover_inl_trim >> 4) & 0x0Fu));
 315              		.loc 1 205 0
 316 0018 084B     		ldr	r3, .L14+8
 317 001a FA79     		ldrb	r2, [r7, #7]	@ zero_extendqisi2
 318 001c 1209     		lsrs	r2, r2, #4
 319 001e D2B2     		uxtb	r2, r2
 320 0020 1A70     		strb	r2, [r3]
 206:.\Generated_Source\PSoC5/cyfitter_cfg.c **** 	CY_SET_XTND_REG8((void CYFAR *)CYREG_PUMP_CR0, 0x44u);
 321              		.loc 1 206 0
 322 0022 074B     		ldr	r3, .L14+12
 323 0024 4422     		movs	r2, #68
 324 0026 1A70     		strb	r2, [r3]
 207:.\Generated_Source\PSoC5/cyfitter_cfg.c **** }
 325              		.loc 1 207 0
 326 0028 0C37     		adds	r7, r7, #12
 327 002a BD46     		mov	sp, r7
 328              		@ sp needed
 329 002c 5DF8047B 		ldr	r7, [sp], #4
 330 0030 7047     		bx	lr
 331              	.L15:
 332 0032 00BF     		.align	2
 333              	.L14:
 334 0034 CF010049 		.word	1224737231
 335 0038 6E580040 		.word	1073764462
 336 003c 6F580040 		.word	1073764463
 337 0040 76580040 		.word	1073764470
 338              		.cfi_endproc
 339              	.LFE5:
 340              		.size	AnalogSetDefault, .-AnalogSetDefault
 341              		.section	.text.SetAnalogRoutingPumps,"ax",%progbits
 342              		.align	2
 343              		.global	SetAnalogRoutingPumps
 344              		.thumb
 345              		.thumb_func
 346              		.type	SetAnalogRoutingPumps, %function
 347              	SetAnalogRoutingPumps:
 348              	.LFB6:
 208:.\Generated_Source\PSoC5/cyfitter_cfg.c **** 
 209:.\Generated_Source\PSoC5/cyfitter_cfg.c **** 
 210:.\Generated_Source\PSoC5/cyfitter_cfg.c **** /*******************************************************************************
 211:.\Generated_Source\PSoC5/cyfitter_cfg.c **** * Function Name: SetAnalogRoutingPumps
 212:.\Generated_Source\PSoC5/cyfitter_cfg.c **** ********************************************************************************
 213:.\Generated_Source\PSoC5/cyfitter_cfg.c **** *
 214:.\Generated_Source\PSoC5/cyfitter_cfg.c **** * Summary:
 215:.\Generated_Source\PSoC5/cyfitter_cfg.c **** * Enables or disables the analog pumps feeding analog routing switches.
 216:.\Generated_Source\PSoC5/cyfitter_cfg.c **** * Intended to be called at startup, based on the Vdda system configuration;
 217:.\Generated_Source\PSoC5/cyfitter_cfg.c **** * may be called during operation when the user informs us that the Vdda voltage
 218:.\Generated_Source\PSoC5/cyfitter_cfg.c **** * crossed the pump threshold.
 219:.\Generated_Source\PSoC5/cyfitter_cfg.c **** *
 220:.\Generated_Source\PSoC5/cyfitter_cfg.c **** * Parameters:
ARM GAS  C:\Users\khjtony\AppData\Local\Temp\ccV9NdEC.s 			page 11


 221:.\Generated_Source\PSoC5/cyfitter_cfg.c **** *  enabled - 1 to enable the pumps, 0 to disable the pumps
 222:.\Generated_Source\PSoC5/cyfitter_cfg.c **** *
 223:.\Generated_Source\PSoC5/cyfitter_cfg.c **** * Return:
 224:.\Generated_Source\PSoC5/cyfitter_cfg.c **** *  void
 225:.\Generated_Source\PSoC5/cyfitter_cfg.c **** *
 226:.\Generated_Source\PSoC5/cyfitter_cfg.c **** *******************************************************************************/
 227:.\Generated_Source\PSoC5/cyfitter_cfg.c **** void SetAnalogRoutingPumps(uint8 enabled)
 228:.\Generated_Source\PSoC5/cyfitter_cfg.c **** {
 349              		.loc 1 228 0
 350              		.cfi_startproc
 351              		@ args = 0, pretend = 0, frame = 16
 352              		@ frame_needed = 1, uses_anonymous_args = 0
 353              		@ link register save eliminated.
 354 0000 80B4     		push	{r7}
 355              		.cfi_def_cfa_offset 4
 356              		.cfi_offset 7, -4
 357 0002 85B0     		sub	sp, sp, #20
 358              		.cfi_def_cfa_offset 24
 359 0004 00AF     		add	r7, sp, #0
 360              		.cfi_def_cfa_register 7
 361 0006 0346     		mov	r3, r0
 362 0008 FB71     		strb	r3, [r7, #7]
 229:.\Generated_Source\PSoC5/cyfitter_cfg.c **** 	uint8 regValue = CY_GET_XTND_REG8((void CYFAR *)CYREG_PUMP_CR0);
 363              		.loc 1 229 0
 364 000a 064B     		ldr	r3, .L19
 365 000c 1B78     		ldrb	r3, [r3]
 366 000e FB73     		strb	r3, [r7, #15]
 230:.\Generated_Source\PSoC5/cyfitter_cfg.c **** 	if (enabled != 0u)
 367              		.loc 1 230 0
 368 0010 FB79     		ldrb	r3, [r7, #7]	@ zero_extendqisi2
 369 0012 002B     		cmp	r3, #0
 231:.\Generated_Source\PSoC5/cyfitter_cfg.c **** 	{
 232:.\Generated_Source\PSoC5/cyfitter_cfg.c **** 		regValue |= 0x00u;
 233:.\Generated_Source\PSoC5/cyfitter_cfg.c **** 	}
 234:.\Generated_Source\PSoC5/cyfitter_cfg.c **** 	else
 235:.\Generated_Source\PSoC5/cyfitter_cfg.c **** 	{
 236:.\Generated_Source\PSoC5/cyfitter_cfg.c **** 		regValue &= (uint8)~0x00u;
 237:.\Generated_Source\PSoC5/cyfitter_cfg.c **** 	}
 238:.\Generated_Source\PSoC5/cyfitter_cfg.c **** 	CY_SET_XTND_REG8((void CYFAR *)CYREG_PUMP_CR0, regValue);
 370              		.loc 1 238 0
 371 0014 034B     		ldr	r3, .L19
 372 0016 FA7B     		ldrb	r2, [r7, #15]
 373 0018 1A70     		strb	r2, [r3]
 239:.\Generated_Source\PSoC5/cyfitter_cfg.c **** }
 374              		.loc 1 239 0
 375 001a 1437     		adds	r7, r7, #20
 376 001c BD46     		mov	sp, r7
 377              		@ sp needed
 378 001e 5DF8047B 		ldr	r7, [sp], #4
 379 0022 7047     		bx	lr
 380              	.L20:
 381              		.align	2
 382              	.L19:
 383 0024 76580040 		.word	1073764470
 384              		.cfi_endproc
 385              	.LFE6:
 386              		.size	SetAnalogRoutingPumps, .-SetAnalogRoutingPumps
ARM GAS  C:\Users\khjtony\AppData\Local\Temp\ccV9NdEC.s 			page 12


 387              		.section	.text.cyfitter_cfg,"ax",%progbits
 388              		.align	2
 389              		.global	cyfitter_cfg
 390              		.thumb
 391              		.thumb_func
 392              		.type	cyfitter_cfg, %function
 393              	cyfitter_cfg:
 394              	.LFB7:
 240:.\Generated_Source\PSoC5/cyfitter_cfg.c **** 
 241:.\Generated_Source\PSoC5/cyfitter_cfg.c **** #define CY_AMUX_UNUSED CYREG_BOOST_SR
 242:.\Generated_Source\PSoC5/cyfitter_cfg.c **** 
 243:.\Generated_Source\PSoC5/cyfitter_cfg.c **** 
 244:.\Generated_Source\PSoC5/cyfitter_cfg.c **** /*******************************************************************************
 245:.\Generated_Source\PSoC5/cyfitter_cfg.c **** * Function Name: cyfitter_cfg
 246:.\Generated_Source\PSoC5/cyfitter_cfg.c **** ********************************************************************************
 247:.\Generated_Source\PSoC5/cyfitter_cfg.c **** * Summary:
 248:.\Generated_Source\PSoC5/cyfitter_cfg.c **** *  This function is called by the start-up code for the selected device. It
 249:.\Generated_Source\PSoC5/cyfitter_cfg.c **** *  performs all of the necessary device configuration based on the design
 250:.\Generated_Source\PSoC5/cyfitter_cfg.c **** *  settings.  This includes settings from the Design Wide Resources (DWR) such
 251:.\Generated_Source\PSoC5/cyfitter_cfg.c **** *  as Clocks and Pins as well as any component configuration that is necessary.
 252:.\Generated_Source\PSoC5/cyfitter_cfg.c **** *
 253:.\Generated_Source\PSoC5/cyfitter_cfg.c **** * Parameters:  
 254:.\Generated_Source\PSoC5/cyfitter_cfg.c **** *   void
 255:.\Generated_Source\PSoC5/cyfitter_cfg.c **** *
 256:.\Generated_Source\PSoC5/cyfitter_cfg.c **** * Return:
 257:.\Generated_Source\PSoC5/cyfitter_cfg.c **** *   void
 258:.\Generated_Source\PSoC5/cyfitter_cfg.c **** *
 259:.\Generated_Source\PSoC5/cyfitter_cfg.c **** *******************************************************************************/
 260:.\Generated_Source\PSoC5/cyfitter_cfg.c **** 
 261:.\Generated_Source\PSoC5/cyfitter_cfg.c **** void cyfitter_cfg(void)
 262:.\Generated_Source\PSoC5/cyfitter_cfg.c **** {
 395              		.loc 1 262 0
 396              		.cfi_startproc
 397              		@ args = 0, pretend = 0, frame = 8
 398              		@ frame_needed = 1, uses_anonymous_args = 0
 399 0000 80B5     		push	{r7, lr}
 400              		.cfi_def_cfa_offset 8
 401              		.cfi_offset 7, -8
 402              		.cfi_offset 14, -4
 403 0002 82B0     		sub	sp, sp, #8
 404              		.cfi_def_cfa_offset 16
 405 0004 00AF     		add	r7, sp, #0
 406              		.cfi_def_cfa_register 7
 263:.\Generated_Source\PSoC5/cyfitter_cfg.c **** 	/* IOPINS0_2 Address: CYREG_PRT2_DM0 Size (bytes): 8 */
 264:.\Generated_Source\PSoC5/cyfitter_cfg.c **** 	static const uint8 CYCODE BS_IOPINS0_2_VAL[] = {
 265:.\Generated_Source\PSoC5/cyfitter_cfg.c **** 		0x00u, 0x7Fu, 0x7Fu, 0x00u, 0x00u, 0x00u, 0x00u, 0x00u};
 266:.\Generated_Source\PSoC5/cyfitter_cfg.c **** 
 267:.\Generated_Source\PSoC5/cyfitter_cfg.c **** #ifdef CYGlobalIntDisable
 268:.\Generated_Source\PSoC5/cyfitter_cfg.c **** 	/* Disable interrupts by default. Let user enable if/when they want. */
 269:.\Generated_Source\PSoC5/cyfitter_cfg.c **** 	CYGlobalIntDisable
 407              		.loc 1 269 0
 408              	@ 269 ".\Generated_Source\PSoC5\cyfitter_cfg.c" 1
 409 0006 72B6     		CPSID   i
 410              	@ 0 "" 2
 270:.\Generated_Source\PSoC5/cyfitter_cfg.c **** #endif
 271:.\Generated_Source\PSoC5/cyfitter_cfg.c **** 
 272:.\Generated_Source\PSoC5/cyfitter_cfg.c **** 	/* Enable/Disable Debug functionality based on settings from System DWR */
ARM GAS  C:\Users\khjtony\AppData\Local\Temp\ccV9NdEC.s 			page 13


 273:.\Generated_Source\PSoC5/cyfitter_cfg.c **** 	CY_SET_XTND_REG8((void CYFAR *)CYREG_MLOGIC_DEBUG, (CY_GET_XTND_REG8((void CYFAR *)CYREG_MLOGIC_DE
 411              		.loc 1 273 0
 412              		.thumb
 413 0008 314B     		ldr	r3, .L24
 414 000a 314A     		ldr	r2, .L24
 415 000c 1278     		ldrb	r2, [r2]
 416 000e D2B2     		uxtb	r2, r2
 417 0010 42F00402 		orr	r2, r2, #4
 418 0014 D2B2     		uxtb	r2, r2
 419 0016 1A70     		strb	r2, [r3]
 420              	.LBB2:
 274:.\Generated_Source\PSoC5/cyfitter_cfg.c **** 
 275:.\Generated_Source\PSoC5/cyfitter_cfg.c **** 	{
 276:.\Generated_Source\PSoC5/cyfitter_cfg.c **** 
 277:.\Generated_Source\PSoC5/cyfitter_cfg.c **** 		CYPACKED typedef struct {
 278:.\Generated_Source\PSoC5/cyfitter_cfg.c **** 			void CYFAR *address;
 279:.\Generated_Source\PSoC5/cyfitter_cfg.c **** 			uint16 size;
 280:.\Generated_Source\PSoC5/cyfitter_cfg.c **** 		} CYPACKED_ATTR cfg_memset_t;
 281:.\Generated_Source\PSoC5/cyfitter_cfg.c **** 
 282:.\Generated_Source\PSoC5/cyfitter_cfg.c **** 		static const cfg_memset_t CYCODE cfg_memset_list [] = {
 283:.\Generated_Source\PSoC5/cyfitter_cfg.c **** 			/* address, size */
 284:.\Generated_Source\PSoC5/cyfitter_cfg.c **** 			{(void CYFAR *)(CYREG_PRT0_DR), 32u},
 285:.\Generated_Source\PSoC5/cyfitter_cfg.c **** 			{(void CYFAR *)(CYREG_PRT3_DR), 64u},
 286:.\Generated_Source\PSoC5/cyfitter_cfg.c **** 			{(void CYFAR *)(CYREG_PRT12_DR), 16u},
 287:.\Generated_Source\PSoC5/cyfitter_cfg.c **** 			{(void CYFAR *)(CYREG_PRT15_DR), 16u},
 288:.\Generated_Source\PSoC5/cyfitter_cfg.c **** 			{(void CYFAR *)(CYDEV_UCFG_B0_P0_U0_BASE), 4096u},
 289:.\Generated_Source\PSoC5/cyfitter_cfg.c **** 			{(void CYFAR *)(CYDEV_UCFG_B1_P2_U0_BASE), 2048u},
 290:.\Generated_Source\PSoC5/cyfitter_cfg.c **** 			{(void CYFAR *)(CYDEV_UCFG_DSI0_BASE), 2560u},
 291:.\Generated_Source\PSoC5/cyfitter_cfg.c **** 			{(void CYFAR *)(CYDEV_UCFG_DSI12_BASE), 512u},
 292:.\Generated_Source\PSoC5/cyfitter_cfg.c **** 			{(void CYFAR *)(CYREG_BCTL0_MDCLK_EN), 32u},
 293:.\Generated_Source\PSoC5/cyfitter_cfg.c **** 		};
 294:.\Generated_Source\PSoC5/cyfitter_cfg.c **** 
 295:.\Generated_Source\PSoC5/cyfitter_cfg.c **** 		uint8 CYDATA i;
 296:.\Generated_Source\PSoC5/cyfitter_cfg.c **** 
 297:.\Generated_Source\PSoC5/cyfitter_cfg.c **** 		/* Zero out critical memory blocks before beginning configuration */
 298:.\Generated_Source\PSoC5/cyfitter_cfg.c **** 		for (i = 0u; i < (sizeof(cfg_memset_list)/sizeof(cfg_memset_list[0])); i++)
 421              		.loc 1 298 0
 422 0018 0023     		movs	r3, #0
 423 001a FB71     		strb	r3, [r7, #7]
 424 001c 13E0     		b	.L22
 425              	.L23:
 426              	.LBB3:
 299:.\Generated_Source\PSoC5/cyfitter_cfg.c **** 		{
 300:.\Generated_Source\PSoC5/cyfitter_cfg.c **** 			const cfg_memset_t CYCODE * CYDATA ms = &cfg_memset_list[i];
 427              		.loc 1 300 0 discriminator 2
 428 001e FA79     		ldrb	r2, [r7, #7]	@ zero_extendqisi2
 429 0020 1346     		mov	r3, r2
 430 0022 5B00     		lsls	r3, r3, #1
 431 0024 1344     		add	r3, r3, r2
 432 0026 5B00     		lsls	r3, r3, #1
 433 0028 2A4A     		ldr	r2, .L24+4
 434 002a 1344     		add	r3, r3, r2
 435 002c 3B60     		str	r3, [r7]
 301:.\Generated_Source\PSoC5/cyfitter_cfg.c **** 			CYMEMZERO(ms->address, (size_t)(uint32)(ms->size));
 436              		.loc 1 301 0 discriminator 2
 437 002e 3B68     		ldr	r3, [r7]
 438 0030 1A68     		ldr	r2, [r3]	@ unaligned
ARM GAS  C:\Users\khjtony\AppData\Local\Temp\ccV9NdEC.s 			page 14


 439 0032 3B68     		ldr	r3, [r7]
 440 0034 9B88     		ldrh	r3, [r3, #4]	@ unaligned
 441 0036 9BB2     		uxth	r3, r3
 442 0038 1046     		mov	r0, r2
 443 003a 1946     		mov	r1, r3
 444 003c FFF7FEFF 		bl	CYMEMZERO
 445              	.LBE3:
 298:.\Generated_Source\PSoC5/cyfitter_cfg.c **** 		for (i = 0u; i < (sizeof(cfg_memset_list)/sizeof(cfg_memset_list[0])); i++)
 446              		.loc 1 298 0 discriminator 2
 447 0040 FB79     		ldrb	r3, [r7, #7]	@ zero_extendqisi2
 448 0042 0133     		adds	r3, r3, #1
 449 0044 FB71     		strb	r3, [r7, #7]
 450              	.L22:
 298:.\Generated_Source\PSoC5/cyfitter_cfg.c **** 		for (i = 0u; i < (sizeof(cfg_memset_list)/sizeof(cfg_memset_list[0])); i++)
 451              		.loc 1 298 0 is_stmt 0 discriminator 1
 452 0046 FB79     		ldrb	r3, [r7, #7]	@ zero_extendqisi2
 453 0048 082B     		cmp	r3, #8
 454 004a E8D9     		bls	.L23
 302:.\Generated_Source\PSoC5/cyfitter_cfg.c **** 		}
 303:.\Generated_Source\PSoC5/cyfitter_cfg.c **** 
 304:.\Generated_Source\PSoC5/cyfitter_cfg.c **** 		/* Enable digital routing */
 305:.\Generated_Source\PSoC5/cyfitter_cfg.c **** 		CY_SET_XTND_REG8((void CYFAR *)CYREG_BCTL0_BANK_CTL, CY_GET_XTND_REG8((void CYFAR *)CYREG_BCTL0_B
 455              		.loc 1 305 0 is_stmt 1
 456 004c 224B     		ldr	r3, .L24+8
 457 004e 224A     		ldr	r2, .L24+8
 458 0050 1278     		ldrb	r2, [r2]
 459 0052 D2B2     		uxtb	r2, r2
 460 0054 42F00202 		orr	r2, r2, #2
 461 0058 D2B2     		uxtb	r2, r2
 462 005a 1A70     		strb	r2, [r3]
 306:.\Generated_Source\PSoC5/cyfitter_cfg.c **** 		CY_SET_XTND_REG8((void CYFAR *)CYREG_BCTL1_BANK_CTL, CY_GET_XTND_REG8((void CYFAR *)CYREG_BCTL1_B
 463              		.loc 1 306 0
 464 005c 1F4B     		ldr	r3, .L24+12
 465 005e 1F4A     		ldr	r2, .L24+12
 466 0060 1278     		ldrb	r2, [r2]
 467 0062 D2B2     		uxtb	r2, r2
 468 0064 42F00202 		orr	r2, r2, #2
 469 0068 D2B2     		uxtb	r2, r2
 470 006a 1A70     		strb	r2, [r3]
 307:.\Generated_Source\PSoC5/cyfitter_cfg.c **** 
 308:.\Generated_Source\PSoC5/cyfitter_cfg.c **** 		/* Enable UDB array */
 309:.\Generated_Source\PSoC5/cyfitter_cfg.c **** 		CY_SET_XTND_REG8((void CYFAR *)CYREG_PM_ACT_CFG0, CY_GET_XTND_REG8((void CYFAR *)CYREG_PM_ACT_CFG
 471              		.loc 1 309 0
 472 006c 1C4B     		ldr	r3, .L24+16
 473 006e 1C4A     		ldr	r2, .L24+16
 474 0070 1278     		ldrb	r2, [r2]
 475 0072 D2B2     		uxtb	r2, r2
 476 0074 42F04002 		orr	r2, r2, #64
 477 0078 D2B2     		uxtb	r2, r2
 478 007a 1A70     		strb	r2, [r3]
 310:.\Generated_Source\PSoC5/cyfitter_cfg.c **** 		CY_SET_XTND_REG8((void CYFAR *)CYREG_PM_AVAIL_CR2, CY_GET_XTND_REG8((void CYFAR *)CYREG_PM_AVAIL_
 479              		.loc 1 310 0
 480 007c 194B     		ldr	r3, .L24+20
 481 007e 194A     		ldr	r2, .L24+20
 482 0080 1278     		ldrb	r2, [r2]
 483 0082 D2B2     		uxtb	r2, r2
 484 0084 42F01002 		orr	r2, r2, #16
ARM GAS  C:\Users\khjtony\AppData\Local\Temp\ccV9NdEC.s 			page 15


 485 0088 D2B2     		uxtb	r2, r2
 486 008a 1A70     		strb	r2, [r3]
 487              	.LBE2:
 311:.\Generated_Source\PSoC5/cyfitter_cfg.c **** 	}
 312:.\Generated_Source\PSoC5/cyfitter_cfg.c **** 
 313:.\Generated_Source\PSoC5/cyfitter_cfg.c **** 	/* Perform second pass device configuration. These items must be configured in specific order afte
 314:.\Generated_Source\PSoC5/cyfitter_cfg.c **** 	CYCONFIGCPYCODE((void CYFAR *)(CYREG_PRT2_DM0), (const void CYCODE *)(BS_IOPINS0_2_VAL), 8u);
 488              		.loc 1 314 0
 489 008c 1648     		ldr	r0, .L24+24
 490 008e 1749     		ldr	r1, .L24+28
 491 0090 0822     		movs	r2, #8
 492 0092 FFF7FEFF 		bl	CYCONFIGCPYCODE
 315:.\Generated_Source\PSoC5/cyfitter_cfg.c **** 
 316:.\Generated_Source\PSoC5/cyfitter_cfg.c **** 	/* Switch Boost to the precision bandgap reference from its internal reference */
 317:.\Generated_Source\PSoC5/cyfitter_cfg.c **** 	CY_SET_REG8((void CYXDATA *)CYREG_BOOST_CR2, (CY_GET_REG8((void CYXDATA *)CYREG_BOOST_CR2) | 0x08u
 493              		.loc 1 317 0
 494 0096 164B     		ldr	r3, .L24+32
 495 0098 154A     		ldr	r2, .L24+32
 496 009a 1278     		ldrb	r2, [r2]
 497 009c D2B2     		uxtb	r2, r2
 498 009e 42F00802 		orr	r2, r2, #8
 499 00a2 D2B2     		uxtb	r2, r2
 500 00a4 1A70     		strb	r2, [r3]
 318:.\Generated_Source\PSoC5/cyfitter_cfg.c **** 
 319:.\Generated_Source\PSoC5/cyfitter_cfg.c **** 	/* Set Flash Cycles based on max possible frequency in case a glitch occurs during ClockSetup(). *
 320:.\Generated_Source\PSoC5/cyfitter_cfg.c **** 	CY_SET_XTND_REG8((void CYFAR *)(CYREG_CACHE_CC_CTL), (((CYDEV_INSTRUCT_CACHE_ENABLED) != 0) ? 0x01
 501              		.loc 1 320 0
 502 00a6 134B     		ldr	r3, .L24+36
 503 00a8 0022     		movs	r2, #0
 504 00aa 1A70     		strb	r2, [r3]
 321:.\Generated_Source\PSoC5/cyfitter_cfg.c **** 	/* Setup clocks based on selections from Clock DWR */
 322:.\Generated_Source\PSoC5/cyfitter_cfg.c **** 	ClockSetup();
 505              		.loc 1 322 0
 506 00ac FFF7FEFF 		bl	ClockSetup
 323:.\Generated_Source\PSoC5/cyfitter_cfg.c **** 	/* Set Flash Cycles based on newly configured 24.00MHz Bus Clock. */
 324:.\Generated_Source\PSoC5/cyfitter_cfg.c **** 	CY_SET_XTND_REG8((void CYFAR *)(CYREG_CACHE_CC_CTL), (((CYDEV_INSTRUCT_CACHE_ENABLED) != 0) ? 0x81
 507              		.loc 1 324 0
 508 00b0 104B     		ldr	r3, .L24+36
 509 00b2 8022     		movs	r2, #128
 510 00b4 1A70     		strb	r2, [r3]
 325:.\Generated_Source\PSoC5/cyfitter_cfg.c **** 	CY_SET_XTND_REG8((void CYFAR *)(CYREG_PANTHER_WAITPIPE), 0x01u);
 511              		.loc 1 325 0
 512 00b6 104B     		ldr	r3, .L24+40
 513 00b8 0122     		movs	r2, #1
 514 00ba 1A70     		strb	r2, [r3]
 326:.\Generated_Source\PSoC5/cyfitter_cfg.c **** 
 327:.\Generated_Source\PSoC5/cyfitter_cfg.c **** 	/* Perform basic analog initialization to defaults */
 328:.\Generated_Source\PSoC5/cyfitter_cfg.c **** 	AnalogSetDefault();
 515              		.loc 1 328 0
 516 00bc FFF7FEFF 		bl	AnalogSetDefault
 329:.\Generated_Source\PSoC5/cyfitter_cfg.c **** 
 330:.\Generated_Source\PSoC5/cyfitter_cfg.c **** 	/* Configure alternate active mode */
 331:.\Generated_Source\PSoC5/cyfitter_cfg.c **** 	CYCONFIGCPY((void CYFAR *)CYDEV_PM_STBY_BASE, (const void CYFAR *)CYDEV_PM_ACT_BASE, 14u);
 517              		.loc 1 331 0
 518 00c0 0E48     		ldr	r0, .L24+44
 519 00c2 0749     		ldr	r1, .L24+16
 520 00c4 0E22     		movs	r2, #14
ARM GAS  C:\Users\khjtony\AppData\Local\Temp\ccV9NdEC.s 			page 16


 521 00c6 FFF7FEFF 		bl	CYCONFIGCPY
 332:.\Generated_Source\PSoC5/cyfitter_cfg.c **** }
 522              		.loc 1 332 0
 523 00ca 0837     		adds	r7, r7, #8
 524 00cc BD46     		mov	sp, r7
 525              		@ sp needed
 526 00ce 80BD     		pop	{r7, pc}
 527              	.L25:
 528              		.align	2
 529              	.L24:
 530 00d0 E8460040 		.word	1073759976
 531 00d4 00000000 		.word	cfg_memset_list.4863
 532 00d8 03500140 		.word	1073827843
 533 00dc 13500140 		.word	1073827859
 534 00e0 A0430040 		.word	1073759136
 535 00e4 C2430040 		.word	1073759170
 536 00e8 22510040 		.word	1073762594
 537 00ec 38000000 		.word	BS_IOPINS0_2_VAL.4858
 538 00f0 22430040 		.word	1073759010
 539 00f4 00480040 		.word	1073760256
 540 00f8 04000840 		.word	1074266116
 541 00fc B0430040 		.word	1073759152
 542              		.cfi_endproc
 543              	.LFE7:
 544              		.size	cyfitter_cfg, .-cyfitter_cfg
 545              		.section	.rodata
 546              		.align	2
 547              		.type	cfg_memset_list.4863, %object
 548              		.size	cfg_memset_list.4863, 54
 549              	cfg_memset_list.4863:
 550 0000 00510040 		.word	1073762560
 551 0004 2000     		.short	32
 552 0006 30510040 		.4byte	1073762608
 553 000a 4000     		.short	64
 554 000c C0510040 		.word	1073762752
 555 0010 1000     		.short	16
 556 0012 F0510040 		.4byte	1073762800
 557 0016 1000     		.short	16
 558 0018 00000140 		.word	1073807360
 559 001c 0010     		.short	4096
 560 001e 00140140 		.4byte	1073812480
 561 0022 0008     		.short	2048
 562 0024 00400140 		.word	1073823744
 563 0028 000A     		.short	2560
 564 002a 004C0140 		.4byte	1073826816
 565 002e 0002     		.short	512
 566 0030 00500140 		.word	1073827840
 567 0034 2000     		.short	32
 568 0036 0000     		.align	2
 569              		.type	BS_IOPINS0_2_VAL.4858, %object
 570              		.size	BS_IOPINS0_2_VAL.4858, 8
 571              	BS_IOPINS0_2_VAL.4858:
 572 0038 00       		.byte	0
 573 0039 7F       		.byte	127
 574 003a 7F       		.byte	127
 575 003b 00       		.byte	0
 576 003c 00       		.byte	0
ARM GAS  C:\Users\khjtony\AppData\Local\Temp\ccV9NdEC.s 			page 17


 577 003d 00       		.byte	0
 578 003e 00       		.byte	0
 579 003f 00       		.byte	0
 580              		.text
 581              	.Letext0:
 582              		.file 2 "d:\\software\\psoc\\psoc creator\\3.1\\psoc creator\\import\\gnu_cs\\arm\\4.8.4\\lib\\gcc
 583              		.file 3 ".\\Generated_Source\\PSoC5/cytypes.h"
 584              		.section	.debug_info,"",%progbits
 585              	.Ldebug_info0:
 586 0000 00030000 		.4byte	0x300
 587 0004 0400     		.2byte	0x4
 588 0006 00000000 		.4byte	.Ldebug_abbrev0
 589 000a 04       		.byte	0x4
 590 000b 01       		.uleb128 0x1
 591 000c 3C010000 		.4byte	.LASF39
 592 0010 01       		.byte	0x1
 593 0011 31020000 		.4byte	.LASF40
 594 0015 E4010000 		.4byte	.LASF41
 595 0019 00000000 		.4byte	.Ldebug_ranges0+0
 596 001d 00000000 		.4byte	0
 597 0021 00000000 		.4byte	.Ldebug_line0
 598 0025 02       		.uleb128 0x2
 599 0026 04       		.byte	0x4
 600 0027 05       		.byte	0x5
 601 0028 696E7400 		.ascii	"int\000"
 602 002c 03       		.uleb128 0x3
 603 002d 06000000 		.4byte	.LASF11
 604 0031 02       		.byte	0x2
 605 0032 D4       		.byte	0xd4
 606 0033 37000000 		.4byte	0x37
 607 0037 04       		.uleb128 0x4
 608 0038 04       		.byte	0x4
 609 0039 07       		.byte	0x7
 610 003a 10010000 		.4byte	.LASF0
 611 003e 04       		.uleb128 0x4
 612 003f 01       		.byte	0x1
 613 0040 06       		.byte	0x6
 614 0041 81020000 		.4byte	.LASF1
 615 0045 04       		.uleb128 0x4
 616 0046 01       		.byte	0x1
 617 0047 08       		.byte	0x8
 618 0048 D6000000 		.4byte	.LASF2
 619 004c 04       		.uleb128 0x4
 620 004d 02       		.byte	0x2
 621 004e 05       		.byte	0x5
 622 004f 27020000 		.4byte	.LASF3
 623 0053 04       		.uleb128 0x4
 624 0054 02       		.byte	0x2
 625 0055 07       		.byte	0x7
 626 0056 49000000 		.4byte	.LASF4
 627 005a 04       		.uleb128 0x4
 628 005b 04       		.byte	0x4
 629 005c 05       		.byte	0x5
 630 005d 61020000 		.4byte	.LASF5
 631 0061 04       		.uleb128 0x4
 632 0062 04       		.byte	0x4
 633 0063 07       		.byte	0x7
ARM GAS  C:\Users\khjtony\AppData\Local\Temp\ccV9NdEC.s 			page 18


 634 0064 8D000000 		.4byte	.LASF6
 635 0068 04       		.uleb128 0x4
 636 0069 08       		.byte	0x8
 637 006a 05       		.byte	0x5
 638 006b CE010000 		.4byte	.LASF7
 639 006f 04       		.uleb128 0x4
 640 0070 08       		.byte	0x8
 641 0071 07       		.byte	0x7
 642 0072 25010000 		.4byte	.LASF8
 643 0076 04       		.uleb128 0x4
 644 0077 04       		.byte	0x4
 645 0078 07       		.byte	0x7
 646 0079 C5010000 		.4byte	.LASF9
 647 007d 05       		.uleb128 0x5
 648 007e 04       		.byte	0x4
 649 007f 04       		.uleb128 0x4
 650 0080 01       		.byte	0x1
 651 0081 08       		.byte	0x8
 652 0082 6A020000 		.4byte	.LASF10
 653 0086 03       		.uleb128 0x3
 654 0087 9F000000 		.4byte	.LASF12
 655 008b 03       		.byte	0x3
 656 008c A1       		.byte	0xa1
 657 008d 45000000 		.4byte	0x45
 658 0091 03       		.uleb128 0x3
 659 0092 F8000000 		.4byte	.LASF13
 660 0096 03       		.byte	0x3
 661 0097 A2       		.byte	0xa2
 662 0098 53000000 		.4byte	0x53
 663 009c 03       		.uleb128 0x3
 664 009d 09010000 		.4byte	.LASF14
 665 00a1 03       		.byte	0x3
 666 00a2 A3       		.byte	0xa3
 667 00a3 61000000 		.4byte	0x61
 668 00a7 04       		.uleb128 0x4
 669 00a8 04       		.byte	0x4
 670 00a9 04       		.byte	0x4
 671 00aa 64000000 		.4byte	.LASF15
 672 00ae 04       		.uleb128 0x4
 673 00af 08       		.byte	0x8
 674 00b0 04       		.byte	0x4
 675 00b1 E4000000 		.4byte	.LASF16
 676 00b5 06       		.uleb128 0x6
 677 00b6 88000000 		.4byte	.LASF17
 678 00ba 03       		.byte	0x3
 679 00bb 4B01     		.2byte	0x14b
 680 00bd C1000000 		.4byte	0xc1
 681 00c1 07       		.uleb128 0x7
 682 00c2 86000000 		.4byte	0x86
 683 00c6 06       		.uleb128 0x6
 684 00c7 00000000 		.4byte	.LASF18
 685 00cb 03       		.byte	0x3
 686 00cc 4C01     		.2byte	0x14c
 687 00ce D2000000 		.4byte	0xd2
 688 00d2 07       		.uleb128 0x7
 689 00d3 91000000 		.4byte	0x91
 690 00d7 08       		.uleb128 0x8
ARM GAS  C:\Users\khjtony\AppData\Local\Temp\ccV9NdEC.s 			page 19


 691 00d8 A5000000 		.4byte	.LASF19
 692 00dc 01       		.byte	0x1
 693 00dd 3B       		.byte	0x3b
 694 00de 00000000 		.4byte	.LFB0
 695 00e2 1A000000 		.4byte	.LFE0-.LFB0
 696 00e6 01       		.uleb128 0x1
 697 00e7 9C       		.byte	0x9c
 698 00e8 05010000 		.4byte	0x105
 699 00ec 09       		.uleb128 0x9
 700 00ed 7300     		.ascii	"s\000"
 701 00ef 01       		.byte	0x1
 702 00f0 3B       		.byte	0x3b
 703 00f1 7D000000 		.4byte	0x7d
 704 00f5 02       		.uleb128 0x2
 705 00f6 91       		.byte	0x91
 706 00f7 74       		.sleb128 -12
 707 00f8 09       		.uleb128 0x9
 708 00f9 6E00     		.ascii	"n\000"
 709 00fb 01       		.byte	0x1
 710 00fc 3B       		.byte	0x3b
 711 00fd 2C000000 		.4byte	0x2c
 712 0101 02       		.uleb128 0x2
 713 0102 91       		.byte	0x91
 714 0103 70       		.sleb128 -16
 715 0104 00       		.byte	0
 716 0105 08       		.uleb128 0x8
 717 0106 96020000 		.4byte	.LASF20
 718 010a 01       		.byte	0x1
 719 010b 42       		.byte	0x42
 720 010c 00000000 		.4byte	.LFB1
 721 0110 1C000000 		.4byte	.LFE1-.LFB1
 722 0114 01       		.uleb128 0x1
 723 0115 9C       		.byte	0x9c
 724 0116 43010000 		.4byte	0x143
 725 011a 0A       		.uleb128 0xa
 726 011b 7E000000 		.4byte	.LASF21
 727 011f 01       		.byte	0x1
 728 0120 42       		.byte	0x42
 729 0121 7D000000 		.4byte	0x7d
 730 0125 02       		.uleb128 0x2
 731 0126 91       		.byte	0x91
 732 0127 74       		.sleb128 -12
 733 0128 09       		.uleb128 0x9
 734 0129 73726300 		.ascii	"src\000"
 735 012d 01       		.byte	0x1
 736 012e 42       		.byte	0x42
 737 012f 43010000 		.4byte	0x143
 738 0133 02       		.uleb128 0x2
 739 0134 91       		.byte	0x91
 740 0135 70       		.sleb128 -16
 741 0136 09       		.uleb128 0x9
 742 0137 6E00     		.ascii	"n\000"
 743 0139 01       		.byte	0x1
 744 013a 42       		.byte	0x42
 745 013b 2C000000 		.4byte	0x2c
 746 013f 02       		.uleb128 0x2
 747 0140 91       		.byte	0x91
ARM GAS  C:\Users\khjtony\AppData\Local\Temp\ccV9NdEC.s 			page 20


 748 0141 6C       		.sleb128 -20
 749 0142 00       		.byte	0
 750 0143 0B       		.uleb128 0xb
 751 0144 04       		.byte	0x4
 752 0145 49010000 		.4byte	0x149
 753 0149 0C       		.uleb128 0xc
 754 014a 08       		.uleb128 0x8
 755 014b 2E000000 		.4byte	.LASF22
 756 014f 01       		.byte	0x1
 757 0150 49       		.byte	0x49
 758 0151 00000000 		.4byte	.LFB2
 759 0155 1C000000 		.4byte	.LFE2-.LFB2
 760 0159 01       		.uleb128 0x1
 761 015a 9C       		.byte	0x9c
 762 015b 88010000 		.4byte	0x188
 763 015f 0A       		.uleb128 0xa
 764 0160 7E000000 		.4byte	.LASF21
 765 0164 01       		.byte	0x1
 766 0165 49       		.byte	0x49
 767 0166 7D000000 		.4byte	0x7d
 768 016a 02       		.uleb128 0x2
 769 016b 91       		.byte	0x91
 770 016c 74       		.sleb128 -12
 771 016d 09       		.uleb128 0x9
 772 016e 73726300 		.ascii	"src\000"
 773 0172 01       		.byte	0x1
 774 0173 49       		.byte	0x49
 775 0174 43010000 		.4byte	0x143
 776 0178 02       		.uleb128 0x2
 777 0179 91       		.byte	0x91
 778 017a 70       		.sleb128 -16
 779 017b 09       		.uleb128 0x9
 780 017c 6E00     		.ascii	"n\000"
 781 017e 01       		.byte	0x1
 782 017f 49       		.byte	0x49
 783 0180 2C000000 		.4byte	0x2c
 784 0184 02       		.uleb128 0x2
 785 0185 91       		.byte	0x91
 786 0186 6C       		.sleb128 -20
 787 0187 00       		.byte	0
 788 0188 0D       		.uleb128 0xd
 789 0189 6A000000 		.4byte	.LASF23
 790 018d 01       		.byte	0x1
 791 018e 69       		.byte	0x69
 792 018f 00000000 		.4byte	.LFB3
 793 0193 0C000000 		.4byte	.LFE3-.LFB3
 794 0197 01       		.uleb128 0x1
 795 0198 9C       		.byte	0x9c
 796 0199 AC010000 		.4byte	0x1ac
 797 019d 0A       		.uleb128 0xa
 798 019e FF000000 		.4byte	.LASF24
 799 01a2 01       		.byte	0x1
 800 01a3 69       		.byte	0x69
 801 01a4 86000000 		.4byte	0x86
 802 01a8 02       		.uleb128 0x2
 803 01a9 91       		.byte	0x91
 804 01aa 77       		.sleb128 -9
ARM GAS  C:\Users\khjtony\AppData\Local\Temp\ccV9NdEC.s 			page 21


 805 01ab 00       		.byte	0
 806 01ac 08       		.uleb128 0x8
 807 01ad 3E000000 		.4byte	.LASF25
 808 01b1 01       		.byte	0x1
 809 01b2 8E       		.byte	0x8e
 810 01b3 00000000 		.4byte	.LFB4
 811 01b7 D8000000 		.4byte	.LFE4-.LFB4
 812 01bb 01       		.uleb128 0x1
 813 01bc 9C       		.byte	0x9c
 814 01bd DE010000 		.4byte	0x1de
 815 01c1 0E       		.uleb128 0xe
 816 01c2 DC010000 		.4byte	.LASF26
 817 01c6 01       		.byte	0x1
 818 01c7 90       		.byte	0x90
 819 01c8 9C000000 		.4byte	0x9c
 820 01cc 02       		.uleb128 0x2
 821 01cd 91       		.byte	0x91
 822 01ce 74       		.sleb128 -12
 823 01cf 0E       		.uleb128 0xe
 824 01d0 5C000000 		.4byte	.LASF27
 825 01d4 01       		.byte	0x1
 826 01d5 91       		.byte	0x91
 827 01d6 86000000 		.4byte	0x86
 828 01da 02       		.uleb128 0x2
 829 01db 91       		.byte	0x91
 830 01dc 73       		.sleb128 -13
 831 01dd 00       		.byte	0
 832 01de 0D       		.uleb128 0xd
 833 01df 0D000000 		.4byte	.LASF28
 834 01e3 01       		.byte	0x1
 835 01e4 C9       		.byte	0xc9
 836 01e5 00000000 		.4byte	.LFB5
 837 01e9 44000000 		.4byte	.LFE5-.LFB5
 838 01ed 01       		.uleb128 0x1
 839 01ee 9C       		.byte	0x9c
 840 01ef 02020000 		.4byte	0x202
 841 01f3 0E       		.uleb128 0xe
 842 01f4 6F020000 		.4byte	.LASF29
 843 01f8 01       		.byte	0x1
 844 01f9 CB       		.byte	0xcb
 845 01fa 86000000 		.4byte	0x86
 846 01fe 02       		.uleb128 0x2
 847 01ff 91       		.byte	0x91
 848 0200 77       		.sleb128 -9
 849 0201 00       		.byte	0
 850 0202 0F       		.uleb128 0xf
 851 0203 C0000000 		.4byte	.LASF32
 852 0207 01       		.byte	0x1
 853 0208 E3       		.byte	0xe3
 854 0209 00000000 		.4byte	.LFB6
 855 020d 28000000 		.4byte	.LFE6-.LFB6
 856 0211 01       		.uleb128 0x1
 857 0212 9C       		.byte	0x9c
 858 0213 34020000 		.4byte	0x234
 859 0217 0A       		.uleb128 0xa
 860 0218 59020000 		.4byte	.LASF30
 861 021c 01       		.byte	0x1
ARM GAS  C:\Users\khjtony\AppData\Local\Temp\ccV9NdEC.s 			page 22


 862 021d E3       		.byte	0xe3
 863 021e 86000000 		.4byte	0x86
 864 0222 02       		.uleb128 0x2
 865 0223 91       		.byte	0x91
 866 0224 6F       		.sleb128 -17
 867 0225 0E       		.uleb128 0xe
 868 0226 8D020000 		.4byte	.LASF31
 869 022a 01       		.byte	0x1
 870 022b E5       		.byte	0xe5
 871 022c 86000000 		.4byte	0x86
 872 0230 02       		.uleb128 0x2
 873 0231 91       		.byte	0x91
 874 0232 77       		.sleb128 -9
 875 0233 00       		.byte	0
 876 0234 10       		.uleb128 0x10
 877 0235 EB000000 		.4byte	.LASF33
 878 0239 01       		.byte	0x1
 879 023a 0501     		.2byte	0x105
 880 023c 00000000 		.4byte	.LFB7
 881 0240 00010000 		.4byte	.LFE7-.LFB7
 882 0244 01       		.uleb128 0x1
 883 0245 9C       		.byte	0x9c
 884 0246 EE020000 		.4byte	0x2ee
 885 024a 11       		.uleb128 0x11
 886 024b AF000000 		.4byte	.LASF34
 887 024f 01       		.byte	0x1
 888 0250 0801     		.2byte	0x108
 889 0252 FE020000 		.4byte	0x2fe
 890 0256 05       		.uleb128 0x5
 891 0257 03       		.byte	0x3
 892 0258 38000000 		.4byte	BS_IOPINS0_2_VAL.4858
 893 025c 12       		.uleb128 0x12
 894 025d 18000000 		.4byte	.LBB2
 895 0261 74000000 		.4byte	.LBE2-.LBB2
 896 0265 13       		.uleb128 0x13
 897 0266 06       		.byte	0x6
 898 0267 01       		.byte	0x1
 899 0268 1501     		.2byte	0x115
 900 026a 89020000 		.4byte	0x289
 901 026e 14       		.uleb128 0x14
 902 026f 1D010000 		.4byte	.LASF35
 903 0273 01       		.byte	0x1
 904 0274 1601     		.2byte	0x116
 905 0276 7D000000 		.4byte	0x7d
 906 027a 00       		.byte	0
 907 027b 14       		.uleb128 0x14
 908 027c 83000000 		.4byte	.LASF36
 909 0280 01       		.byte	0x1
 910 0281 1701     		.2byte	0x117
 911 0283 91000000 		.4byte	0x91
 912 0287 04       		.byte	0x4
 913 0288 00       		.byte	0
 914 0289 06       		.uleb128 0x6
 915 028a B8010000 		.4byte	.LASF37
 916 028e 01       		.byte	0x1
 917 028f 1801     		.2byte	0x118
 918 0291 65020000 		.4byte	0x265
ARM GAS  C:\Users\khjtony\AppData\Local\Temp\ccV9NdEC.s 			page 23


 919 0295 15       		.uleb128 0x15
 920 0296 89020000 		.4byte	0x289
 921 029a A5020000 		.4byte	0x2a5
 922 029e 16       		.uleb128 0x16
 923 029f 76000000 		.4byte	0x76
 924 02a3 08       		.byte	0x8
 925 02a4 00       		.byte	0
 926 02a5 11       		.uleb128 0x11
 927 02a6 1E000000 		.4byte	.LASF38
 928 02aa 01       		.byte	0x1
 929 02ab 1A01     		.2byte	0x11a
 930 02ad B7020000 		.4byte	0x2b7
 931 02b1 05       		.uleb128 0x5
 932 02b2 03       		.byte	0x3
 933 02b3 00000000 		.4byte	cfg_memset_list.4863
 934 02b7 17       		.uleb128 0x17
 935 02b8 95020000 		.4byte	0x295
 936 02bc 18       		.uleb128 0x18
 937 02bd 6900     		.ascii	"i\000"
 938 02bf 01       		.byte	0x1
 939 02c0 2701     		.2byte	0x127
 940 02c2 86000000 		.4byte	0x86
 941 02c6 02       		.uleb128 0x2
 942 02c7 91       		.byte	0x91
 943 02c8 77       		.sleb128 -9
 944 02c9 12       		.uleb128 0x12
 945 02ca 1E000000 		.4byte	.LBB3
 946 02ce 22000000 		.4byte	.LBE3-.LBB3
 947 02d2 18       		.uleb128 0x18
 948 02d3 6D7300   		.ascii	"ms\000"
 949 02d6 01       		.byte	0x1
 950 02d7 2C01     		.2byte	0x12c
 951 02d9 E0020000 		.4byte	0x2e0
 952 02dd 02       		.uleb128 0x2
 953 02de 91       		.byte	0x91
 954 02df 70       		.sleb128 -16
 955 02e0 0B       		.uleb128 0xb
 956 02e1 04       		.byte	0x4
 957 02e2 E6020000 		.4byte	0x2e6
 958 02e6 17       		.uleb128 0x17
 959 02e7 89020000 		.4byte	0x289
 960 02eb 00       		.byte	0
 961 02ec 00       		.byte	0
 962 02ed 00       		.byte	0
 963 02ee 15       		.uleb128 0x15
 964 02ef 86000000 		.4byte	0x86
 965 02f3 FE020000 		.4byte	0x2fe
 966 02f7 16       		.uleb128 0x16
 967 02f8 76000000 		.4byte	0x76
 968 02fc 07       		.byte	0x7
 969 02fd 00       		.byte	0
 970 02fe 17       		.uleb128 0x17
 971 02ff EE020000 		.4byte	0x2ee
 972 0303 00       		.byte	0
 973              		.section	.debug_abbrev,"",%progbits
 974              	.Ldebug_abbrev0:
 975 0000 01       		.uleb128 0x1
ARM GAS  C:\Users\khjtony\AppData\Local\Temp\ccV9NdEC.s 			page 24


 976 0001 11       		.uleb128 0x11
 977 0002 01       		.byte	0x1
 978 0003 25       		.uleb128 0x25
 979 0004 0E       		.uleb128 0xe
 980 0005 13       		.uleb128 0x13
 981 0006 0B       		.uleb128 0xb
 982 0007 03       		.uleb128 0x3
 983 0008 0E       		.uleb128 0xe
 984 0009 1B       		.uleb128 0x1b
 985 000a 0E       		.uleb128 0xe
 986 000b 55       		.uleb128 0x55
 987 000c 17       		.uleb128 0x17
 988 000d 11       		.uleb128 0x11
 989 000e 01       		.uleb128 0x1
 990 000f 10       		.uleb128 0x10
 991 0010 17       		.uleb128 0x17
 992 0011 00       		.byte	0
 993 0012 00       		.byte	0
 994 0013 02       		.uleb128 0x2
 995 0014 24       		.uleb128 0x24
 996 0015 00       		.byte	0
 997 0016 0B       		.uleb128 0xb
 998 0017 0B       		.uleb128 0xb
 999 0018 3E       		.uleb128 0x3e
 1000 0019 0B       		.uleb128 0xb
 1001 001a 03       		.uleb128 0x3
 1002 001b 08       		.uleb128 0x8
 1003 001c 00       		.byte	0
 1004 001d 00       		.byte	0
 1005 001e 03       		.uleb128 0x3
 1006 001f 16       		.uleb128 0x16
 1007 0020 00       		.byte	0
 1008 0021 03       		.uleb128 0x3
 1009 0022 0E       		.uleb128 0xe
 1010 0023 3A       		.uleb128 0x3a
 1011 0024 0B       		.uleb128 0xb
 1012 0025 3B       		.uleb128 0x3b
 1013 0026 0B       		.uleb128 0xb
 1014 0027 49       		.uleb128 0x49
 1015 0028 13       		.uleb128 0x13
 1016 0029 00       		.byte	0
 1017 002a 00       		.byte	0
 1018 002b 04       		.uleb128 0x4
 1019 002c 24       		.uleb128 0x24
 1020 002d 00       		.byte	0
 1021 002e 0B       		.uleb128 0xb
 1022 002f 0B       		.uleb128 0xb
 1023 0030 3E       		.uleb128 0x3e
 1024 0031 0B       		.uleb128 0xb
 1025 0032 03       		.uleb128 0x3
 1026 0033 0E       		.uleb128 0xe
 1027 0034 00       		.byte	0
 1028 0035 00       		.byte	0
 1029 0036 05       		.uleb128 0x5
 1030 0037 0F       		.uleb128 0xf
 1031 0038 00       		.byte	0
 1032 0039 0B       		.uleb128 0xb
ARM GAS  C:\Users\khjtony\AppData\Local\Temp\ccV9NdEC.s 			page 25


 1033 003a 0B       		.uleb128 0xb
 1034 003b 00       		.byte	0
 1035 003c 00       		.byte	0
 1036 003d 06       		.uleb128 0x6
 1037 003e 16       		.uleb128 0x16
 1038 003f 00       		.byte	0
 1039 0040 03       		.uleb128 0x3
 1040 0041 0E       		.uleb128 0xe
 1041 0042 3A       		.uleb128 0x3a
 1042 0043 0B       		.uleb128 0xb
 1043 0044 3B       		.uleb128 0x3b
 1044 0045 05       		.uleb128 0x5
 1045 0046 49       		.uleb128 0x49
 1046 0047 13       		.uleb128 0x13
 1047 0048 00       		.byte	0
 1048 0049 00       		.byte	0
 1049 004a 07       		.uleb128 0x7
 1050 004b 35       		.uleb128 0x35
 1051 004c 00       		.byte	0
 1052 004d 49       		.uleb128 0x49
 1053 004e 13       		.uleb128 0x13
 1054 004f 00       		.byte	0
 1055 0050 00       		.byte	0
 1056 0051 08       		.uleb128 0x8
 1057 0052 2E       		.uleb128 0x2e
 1058 0053 01       		.byte	0x1
 1059 0054 03       		.uleb128 0x3
 1060 0055 0E       		.uleb128 0xe
 1061 0056 3A       		.uleb128 0x3a
 1062 0057 0B       		.uleb128 0xb
 1063 0058 3B       		.uleb128 0x3b
 1064 0059 0B       		.uleb128 0xb
 1065 005a 27       		.uleb128 0x27
 1066 005b 19       		.uleb128 0x19
 1067 005c 11       		.uleb128 0x11
 1068 005d 01       		.uleb128 0x1
 1069 005e 12       		.uleb128 0x12
 1070 005f 06       		.uleb128 0x6
 1071 0060 40       		.uleb128 0x40
 1072 0061 18       		.uleb128 0x18
 1073 0062 9642     		.uleb128 0x2116
 1074 0064 19       		.uleb128 0x19
 1075 0065 01       		.uleb128 0x1
 1076 0066 13       		.uleb128 0x13
 1077 0067 00       		.byte	0
 1078 0068 00       		.byte	0
 1079 0069 09       		.uleb128 0x9
 1080 006a 05       		.uleb128 0x5
 1081 006b 00       		.byte	0
 1082 006c 03       		.uleb128 0x3
 1083 006d 08       		.uleb128 0x8
 1084 006e 3A       		.uleb128 0x3a
 1085 006f 0B       		.uleb128 0xb
 1086 0070 3B       		.uleb128 0x3b
 1087 0071 0B       		.uleb128 0xb
 1088 0072 49       		.uleb128 0x49
 1089 0073 13       		.uleb128 0x13
ARM GAS  C:\Users\khjtony\AppData\Local\Temp\ccV9NdEC.s 			page 26


 1090 0074 02       		.uleb128 0x2
 1091 0075 18       		.uleb128 0x18
 1092 0076 00       		.byte	0
 1093 0077 00       		.byte	0
 1094 0078 0A       		.uleb128 0xa
 1095 0079 05       		.uleb128 0x5
 1096 007a 00       		.byte	0
 1097 007b 03       		.uleb128 0x3
 1098 007c 0E       		.uleb128 0xe
 1099 007d 3A       		.uleb128 0x3a
 1100 007e 0B       		.uleb128 0xb
 1101 007f 3B       		.uleb128 0x3b
 1102 0080 0B       		.uleb128 0xb
 1103 0081 49       		.uleb128 0x49
 1104 0082 13       		.uleb128 0x13
 1105 0083 02       		.uleb128 0x2
 1106 0084 18       		.uleb128 0x18
 1107 0085 00       		.byte	0
 1108 0086 00       		.byte	0
 1109 0087 0B       		.uleb128 0xb
 1110 0088 0F       		.uleb128 0xf
 1111 0089 00       		.byte	0
 1112 008a 0B       		.uleb128 0xb
 1113 008b 0B       		.uleb128 0xb
 1114 008c 49       		.uleb128 0x49
 1115 008d 13       		.uleb128 0x13
 1116 008e 00       		.byte	0
 1117 008f 00       		.byte	0
 1118 0090 0C       		.uleb128 0xc
 1119 0091 26       		.uleb128 0x26
 1120 0092 00       		.byte	0
 1121 0093 00       		.byte	0
 1122 0094 00       		.byte	0
 1123 0095 0D       		.uleb128 0xd
 1124 0096 2E       		.uleb128 0x2e
 1125 0097 01       		.byte	0x1
 1126 0098 03       		.uleb128 0x3
 1127 0099 0E       		.uleb128 0xe
 1128 009a 3A       		.uleb128 0x3a
 1129 009b 0B       		.uleb128 0xb
 1130 009c 3B       		.uleb128 0x3b
 1131 009d 0B       		.uleb128 0xb
 1132 009e 27       		.uleb128 0x27
 1133 009f 19       		.uleb128 0x19
 1134 00a0 11       		.uleb128 0x11
 1135 00a1 01       		.uleb128 0x1
 1136 00a2 12       		.uleb128 0x12
 1137 00a3 06       		.uleb128 0x6
 1138 00a4 40       		.uleb128 0x40
 1139 00a5 18       		.uleb128 0x18
 1140 00a6 9742     		.uleb128 0x2117
 1141 00a8 19       		.uleb128 0x19
 1142 00a9 01       		.uleb128 0x1
 1143 00aa 13       		.uleb128 0x13
 1144 00ab 00       		.byte	0
 1145 00ac 00       		.byte	0
 1146 00ad 0E       		.uleb128 0xe
ARM GAS  C:\Users\khjtony\AppData\Local\Temp\ccV9NdEC.s 			page 27


 1147 00ae 34       		.uleb128 0x34
 1148 00af 00       		.byte	0
 1149 00b0 03       		.uleb128 0x3
 1150 00b1 0E       		.uleb128 0xe
 1151 00b2 3A       		.uleb128 0x3a
 1152 00b3 0B       		.uleb128 0xb
 1153 00b4 3B       		.uleb128 0x3b
 1154 00b5 0B       		.uleb128 0xb
 1155 00b6 49       		.uleb128 0x49
 1156 00b7 13       		.uleb128 0x13
 1157 00b8 02       		.uleb128 0x2
 1158 00b9 18       		.uleb128 0x18
 1159 00ba 00       		.byte	0
 1160 00bb 00       		.byte	0
 1161 00bc 0F       		.uleb128 0xf
 1162 00bd 2E       		.uleb128 0x2e
 1163 00be 01       		.byte	0x1
 1164 00bf 3F       		.uleb128 0x3f
 1165 00c0 19       		.uleb128 0x19
 1166 00c1 03       		.uleb128 0x3
 1167 00c2 0E       		.uleb128 0xe
 1168 00c3 3A       		.uleb128 0x3a
 1169 00c4 0B       		.uleb128 0xb
 1170 00c5 3B       		.uleb128 0x3b
 1171 00c6 0B       		.uleb128 0xb
 1172 00c7 27       		.uleb128 0x27
 1173 00c8 19       		.uleb128 0x19
 1174 00c9 11       		.uleb128 0x11
 1175 00ca 01       		.uleb128 0x1
 1176 00cb 12       		.uleb128 0x12
 1177 00cc 06       		.uleb128 0x6
 1178 00cd 40       		.uleb128 0x40
 1179 00ce 18       		.uleb128 0x18
 1180 00cf 9742     		.uleb128 0x2117
 1181 00d1 19       		.uleb128 0x19
 1182 00d2 01       		.uleb128 0x1
 1183 00d3 13       		.uleb128 0x13
 1184 00d4 00       		.byte	0
 1185 00d5 00       		.byte	0
 1186 00d6 10       		.uleb128 0x10
 1187 00d7 2E       		.uleb128 0x2e
 1188 00d8 01       		.byte	0x1
 1189 00d9 3F       		.uleb128 0x3f
 1190 00da 19       		.uleb128 0x19
 1191 00db 03       		.uleb128 0x3
 1192 00dc 0E       		.uleb128 0xe
 1193 00dd 3A       		.uleb128 0x3a
 1194 00de 0B       		.uleb128 0xb
 1195 00df 3B       		.uleb128 0x3b
 1196 00e0 05       		.uleb128 0x5
 1197 00e1 27       		.uleb128 0x27
 1198 00e2 19       		.uleb128 0x19
 1199 00e3 11       		.uleb128 0x11
 1200 00e4 01       		.uleb128 0x1
 1201 00e5 12       		.uleb128 0x12
 1202 00e6 06       		.uleb128 0x6
 1203 00e7 40       		.uleb128 0x40
ARM GAS  C:\Users\khjtony\AppData\Local\Temp\ccV9NdEC.s 			page 28


 1204 00e8 18       		.uleb128 0x18
 1205 00e9 9642     		.uleb128 0x2116
 1206 00eb 19       		.uleb128 0x19
 1207 00ec 01       		.uleb128 0x1
 1208 00ed 13       		.uleb128 0x13
 1209 00ee 00       		.byte	0
 1210 00ef 00       		.byte	0
 1211 00f0 11       		.uleb128 0x11
 1212 00f1 34       		.uleb128 0x34
 1213 00f2 00       		.byte	0
 1214 00f3 03       		.uleb128 0x3
 1215 00f4 0E       		.uleb128 0xe
 1216 00f5 3A       		.uleb128 0x3a
 1217 00f6 0B       		.uleb128 0xb
 1218 00f7 3B       		.uleb128 0x3b
 1219 00f8 05       		.uleb128 0x5
 1220 00f9 49       		.uleb128 0x49
 1221 00fa 13       		.uleb128 0x13
 1222 00fb 02       		.uleb128 0x2
 1223 00fc 18       		.uleb128 0x18
 1224 00fd 00       		.byte	0
 1225 00fe 00       		.byte	0
 1226 00ff 12       		.uleb128 0x12
 1227 0100 0B       		.uleb128 0xb
 1228 0101 01       		.byte	0x1
 1229 0102 11       		.uleb128 0x11
 1230 0103 01       		.uleb128 0x1
 1231 0104 12       		.uleb128 0x12
 1232 0105 06       		.uleb128 0x6
 1233 0106 00       		.byte	0
 1234 0107 00       		.byte	0
 1235 0108 13       		.uleb128 0x13
 1236 0109 13       		.uleb128 0x13
 1237 010a 01       		.byte	0x1
 1238 010b 0B       		.uleb128 0xb
 1239 010c 0B       		.uleb128 0xb
 1240 010d 3A       		.uleb128 0x3a
 1241 010e 0B       		.uleb128 0xb
 1242 010f 3B       		.uleb128 0x3b
 1243 0110 05       		.uleb128 0x5
 1244 0111 01       		.uleb128 0x1
 1245 0112 13       		.uleb128 0x13
 1246 0113 00       		.byte	0
 1247 0114 00       		.byte	0
 1248 0115 14       		.uleb128 0x14
 1249 0116 0D       		.uleb128 0xd
 1250 0117 00       		.byte	0
 1251 0118 03       		.uleb128 0x3
 1252 0119 0E       		.uleb128 0xe
 1253 011a 3A       		.uleb128 0x3a
 1254 011b 0B       		.uleb128 0xb
 1255 011c 3B       		.uleb128 0x3b
 1256 011d 05       		.uleb128 0x5
 1257 011e 49       		.uleb128 0x49
 1258 011f 13       		.uleb128 0x13
 1259 0120 38       		.uleb128 0x38
 1260 0121 0B       		.uleb128 0xb
ARM GAS  C:\Users\khjtony\AppData\Local\Temp\ccV9NdEC.s 			page 29


 1261 0122 00       		.byte	0
 1262 0123 00       		.byte	0
 1263 0124 15       		.uleb128 0x15
 1264 0125 01       		.uleb128 0x1
 1265 0126 01       		.byte	0x1
 1266 0127 49       		.uleb128 0x49
 1267 0128 13       		.uleb128 0x13
 1268 0129 01       		.uleb128 0x1
 1269 012a 13       		.uleb128 0x13
 1270 012b 00       		.byte	0
 1271 012c 00       		.byte	0
 1272 012d 16       		.uleb128 0x16
 1273 012e 21       		.uleb128 0x21
 1274 012f 00       		.byte	0
 1275 0130 49       		.uleb128 0x49
 1276 0131 13       		.uleb128 0x13
 1277 0132 2F       		.uleb128 0x2f
 1278 0133 0B       		.uleb128 0xb
 1279 0134 00       		.byte	0
 1280 0135 00       		.byte	0
 1281 0136 17       		.uleb128 0x17
 1282 0137 26       		.uleb128 0x26
 1283 0138 00       		.byte	0
 1284 0139 49       		.uleb128 0x49
 1285 013a 13       		.uleb128 0x13
 1286 013b 00       		.byte	0
 1287 013c 00       		.byte	0
 1288 013d 18       		.uleb128 0x18
 1289 013e 34       		.uleb128 0x34
 1290 013f 00       		.byte	0
 1291 0140 03       		.uleb128 0x3
 1292 0141 08       		.uleb128 0x8
 1293 0142 3A       		.uleb128 0x3a
 1294 0143 0B       		.uleb128 0xb
 1295 0144 3B       		.uleb128 0x3b
 1296 0145 05       		.uleb128 0x5
 1297 0146 49       		.uleb128 0x49
 1298 0147 13       		.uleb128 0x13
 1299 0148 02       		.uleb128 0x2
 1300 0149 18       		.uleb128 0x18
 1301 014a 00       		.byte	0
 1302 014b 00       		.byte	0
 1303 014c 00       		.byte	0
 1304              		.section	.debug_aranges,"",%progbits
 1305 0000 54000000 		.4byte	0x54
 1306 0004 0200     		.2byte	0x2
 1307 0006 00000000 		.4byte	.Ldebug_info0
 1308 000a 04       		.byte	0x4
 1309 000b 00       		.byte	0
 1310 000c 0000     		.2byte	0
 1311 000e 0000     		.2byte	0
 1312 0010 00000000 		.4byte	.LFB0
 1313 0014 1A000000 		.4byte	.LFE0-.LFB0
 1314 0018 00000000 		.4byte	.LFB1
 1315 001c 1C000000 		.4byte	.LFE1-.LFB1
 1316 0020 00000000 		.4byte	.LFB2
 1317 0024 1C000000 		.4byte	.LFE2-.LFB2
ARM GAS  C:\Users\khjtony\AppData\Local\Temp\ccV9NdEC.s 			page 30


 1318 0028 00000000 		.4byte	.LFB3
 1319 002c 0C000000 		.4byte	.LFE3-.LFB3
 1320 0030 00000000 		.4byte	.LFB4
 1321 0034 D8000000 		.4byte	.LFE4-.LFB4
 1322 0038 00000000 		.4byte	.LFB5
 1323 003c 44000000 		.4byte	.LFE5-.LFB5
 1324 0040 00000000 		.4byte	.LFB6
 1325 0044 28000000 		.4byte	.LFE6-.LFB6
 1326 0048 00000000 		.4byte	.LFB7
 1327 004c 00010000 		.4byte	.LFE7-.LFB7
 1328 0050 00000000 		.4byte	0
 1329 0054 00000000 		.4byte	0
 1330              		.section	.debug_ranges,"",%progbits
 1331              	.Ldebug_ranges0:
 1332 0000 00000000 		.4byte	.LFB0
 1333 0004 1A000000 		.4byte	.LFE0
 1334 0008 00000000 		.4byte	.LFB1
 1335 000c 1C000000 		.4byte	.LFE1
 1336 0010 00000000 		.4byte	.LFB2
 1337 0014 1C000000 		.4byte	.LFE2
 1338 0018 00000000 		.4byte	.LFB3
 1339 001c 0C000000 		.4byte	.LFE3
 1340 0020 00000000 		.4byte	.LFB4
 1341 0024 D8000000 		.4byte	.LFE4
 1342 0028 00000000 		.4byte	.LFB5
 1343 002c 44000000 		.4byte	.LFE5
 1344 0030 00000000 		.4byte	.LFB6
 1345 0034 28000000 		.4byte	.LFE6
 1346 0038 00000000 		.4byte	.LFB7
 1347 003c 00010000 		.4byte	.LFE7
 1348 0040 00000000 		.4byte	0
 1349 0044 00000000 		.4byte	0
 1350              		.section	.debug_line,"",%progbits
 1351              	.Ldebug_line0:
 1352 0000 AC010000 		.section	.debug_str,"MS",%progbits,1
 1352      0200C200 
 1352      00000201 
 1352      FB0E0D00 
 1352      01010101 
 1353              	.LASF18:
 1354 0000 72656731 		.ascii	"reg16\000"
 1354      3600
 1355              	.LASF11:
 1356 0006 73697A65 		.ascii	"size_t\000"
 1356      5F7400
 1357              	.LASF28:
 1358 000d 416E616C 		.ascii	"AnalogSetDefault\000"
 1358      6F675365 
 1358      74446566 
 1358      61756C74 
 1358      00
 1359              	.LASF38:
 1360 001e 6366675F 		.ascii	"cfg_memset_list\000"
 1360      6D656D73 
 1360      65745F6C 
 1360      69737400 
 1361              	.LASF22:
ARM GAS  C:\Users\khjtony\AppData\Local\Temp\ccV9NdEC.s 			page 31


 1362 002e 4359434F 		.ascii	"CYCONFIGCPYCODE\000"
 1362      4E464947 
 1362      43505943 
 1362      4F444500 
 1363              	.LASF25:
 1364 003e 436C6F63 		.ascii	"ClockSetup\000"
 1364      6B536574 
 1364      757000
 1365              	.LASF4:
 1366 0049 73686F72 		.ascii	"short unsigned int\000"
 1366      7420756E 
 1366      7369676E 
 1366      65642069 
 1366      6E7400
 1367              	.LASF27:
 1368 005c 706C6C4C 		.ascii	"pllLock\000"
 1368      6F636B00 
 1369              	.LASF15:
 1370 0064 666C6F61 		.ascii	"float\000"
 1370      7400
 1371              	.LASF23:
 1372 006a 4379436C 		.ascii	"CyClockStartupError\000"
 1372      6F636B53 
 1372      74617274 
 1372      75704572 
 1372      726F7200 
 1373              	.LASF21:
 1374 007e 64657374 		.ascii	"dest\000"
 1374      00
 1375              	.LASF36:
 1376 0083 73697A65 		.ascii	"size\000"
 1376      00
 1377              	.LASF17:
 1378 0088 72656738 		.ascii	"reg8\000"
 1378      00
 1379              	.LASF6:
 1380 008d 6C6F6E67 		.ascii	"long unsigned int\000"
 1380      20756E73 
 1380      69676E65 
 1380      6420696E 
 1380      7400
 1381              	.LASF12:
 1382 009f 75696E74 		.ascii	"uint8\000"
 1382      3800
 1383              	.LASF19:
 1384 00a5 43594D45 		.ascii	"CYMEMZERO\000"
 1384      4D5A4552 
 1384      4F00
 1385              	.LASF34:
 1386 00af 42535F49 		.ascii	"BS_IOPINS0_2_VAL\000"
 1386      4F50494E 
 1386      53305F32 
 1386      5F56414C 
 1386      00
 1387              	.LASF32:
 1388 00c0 53657441 		.ascii	"SetAnalogRoutingPumps\000"
 1388      6E616C6F 
ARM GAS  C:\Users\khjtony\AppData\Local\Temp\ccV9NdEC.s 			page 32


 1388      67526F75 
 1388      74696E67 
 1388      50756D70 
 1389              	.LASF2:
 1390 00d6 756E7369 		.ascii	"unsigned char\000"
 1390      676E6564 
 1390      20636861 
 1390      7200
 1391              	.LASF16:
 1392 00e4 646F7562 		.ascii	"double\000"
 1392      6C6500
 1393              	.LASF33:
 1394 00eb 63796669 		.ascii	"cyfitter_cfg\000"
 1394      74746572 
 1394      5F636667 
 1394      00
 1395              	.LASF13:
 1396 00f8 75696E74 		.ascii	"uint16\000"
 1396      313600
 1397              	.LASF24:
 1398 00ff 6572726F 		.ascii	"errorCode\000"
 1398      72436F64 
 1398      6500
 1399              	.LASF14:
 1400 0109 75696E74 		.ascii	"uint32\000"
 1400      333200
 1401              	.LASF0:
 1402 0110 756E7369 		.ascii	"unsigned int\000"
 1402      676E6564 
 1402      20696E74 
 1402      00
 1403              	.LASF35:
 1404 011d 61646472 		.ascii	"address\000"
 1404      65737300 
 1405              	.LASF8:
 1406 0125 6C6F6E67 		.ascii	"long long unsigned int\000"
 1406      206C6F6E 
 1406      6720756E 
 1406      7369676E 
 1406      65642069 
 1407              	.LASF39:
 1408 013c 474E5520 		.ascii	"GNU C 4.8.4 20140526 (release) [ARM/embedded-4_8-br"
 1408      4320342E 
 1408      382E3420 
 1408      32303134 
 1408      30353236 
 1409 016f 616E6368 		.ascii	"anch revision 211358] -mcpu=cortex-m3 -mthumb -g -O"
 1409      20726576 
 1409      6973696F 
 1409      6E203231 
 1409      31333538 
 1410 01a2 30202D66 		.ascii	"0 -ffunction-sections\000"
 1410      66756E63 
 1410      74696F6E 
 1410      2D736563 
 1410      74696F6E 
 1411              	.LASF37:
ARM GAS  C:\Users\khjtony\AppData\Local\Temp\ccV9NdEC.s 			page 33


 1412 01b8 6366675F 		.ascii	"cfg_memset_t\000"
 1412      6D656D73 
 1412      65745F74 
 1412      00
 1413              	.LASF9:
 1414 01c5 73697A65 		.ascii	"sizetype\000"
 1414      74797065 
 1414      00
 1415              	.LASF7:
 1416 01ce 6C6F6E67 		.ascii	"long long int\000"
 1416      206C6F6E 
 1416      6720696E 
 1416      7400
 1417              	.LASF26:
 1418 01dc 74696D65 		.ascii	"timeout\000"
 1418      6F757400 
 1419              	.LASF41:
 1420 01e4 443A5C77 		.ascii	"D:\\workspace\\Super-Eagle\\CharLCD_CustomFont01\\C"
 1420      6F726B73 
 1420      70616365 
 1420      5C537570 
 1420      65722D45 
 1421 0213 6861724C 		.ascii	"harLCD_HBar01.cydsn\000"
 1421      43445F48 
 1421      42617230 
 1421      312E6379 
 1421      64736E00 
 1422              	.LASF3:
 1423 0227 73686F72 		.ascii	"short int\000"
 1423      7420696E 
 1423      7400
 1424              	.LASF40:
 1425 0231 2E5C4765 		.ascii	".\\Generated_Source\\PSoC5\\cyfitter_cfg.c\000"
 1425      6E657261 
 1425      7465645F 
 1425      536F7572 
 1425      63655C50 
 1426              	.LASF30:
 1427 0259 656E6162 		.ascii	"enabled\000"
 1427      6C656400 
 1428              	.LASF5:
 1429 0261 6C6F6E67 		.ascii	"long int\000"
 1429      20696E74 
 1429      00
 1430              	.LASF10:
 1431 026a 63686172 		.ascii	"char\000"
 1431      00
 1432              	.LASF29:
 1433 026f 62675F78 		.ascii	"bg_xover_inl_trim\000"
 1433      6F766572 
 1433      5F696E6C 
 1433      5F747269 
 1433      6D00
 1434              	.LASF1:
 1435 0281 7369676E 		.ascii	"signed char\000"
 1435      65642063 
 1435      68617200 
ARM GAS  C:\Users\khjtony\AppData\Local\Temp\ccV9NdEC.s 			page 34


 1436              	.LASF31:
 1437 028d 72656756 		.ascii	"regValue\000"
 1437      616C7565 
 1437      00
 1438              	.LASF20:
 1439 0296 4359434F 		.ascii	"CYCONFIGCPY\000"
 1439      4E464947 
 1439      43505900 
 1440              		.ident	"GCC: (GNU Tools for ARM Embedded Processors) 4.8.4 20140526 (release) [ARM/embedded-4_8-br
