ARM GAS  C:\Users\khjtony\AppData\Local\Temp\cc7Z5Vab.s 			page 1


   1              		.syntax unified
   2              		.cpu cortex-m3
   3              		.fpu softvfp
   4              		.eabi_attribute 20, 1
   5              		.eabi_attribute 21, 1
   6              		.eabi_attribute 23, 3
   7              		.eabi_attribute 24, 1
   8              		.eabi_attribute 25, 1
   9              		.eabi_attribute 26, 1
  10              		.eabi_attribute 30, 6
  11              		.eabi_attribute 34, 1
  12              		.eabi_attribute 18, 4
  13              		.thumb
  14              		.file	"main.c"
  15              		.text
  16              	.Ltext0:
  17              		.cfi_sections	.debug_frame
  18              		.section	.rodata
  19              		.align	2
  20              	.LC0:
  21 0000 486F7269 		.ascii	"Horizontal BG\000"
  21      7A6F6E74 
  21      616C2042 
  21      4700
  22 000e 0000     		.align	2
  23              	.LC1:
  24 0010 44656D6F 		.ascii	"Demo started\000"
  24      20737461 
  24      72746564 
  24      00
  25 001d 000000   		.align	2
  26              	.LC2:
  27 0020 44656D6F 		.ascii	"Demo complete\000"
  27      20636F6D 
  27      706C6574 
  27      6500
  28 002e 0000     		.section	.text.main,"ax",%progbits
  29              		.align	2
  30              		.global	main
  31              		.thumb
  32              		.thumb_func
  33              		.type	main, %function
  34              	main:
  35              	.LFB56:
  36              		.file 1 ".\\main.c"
   1:.\main.c      **** /*******************************************************************************
   2:.\main.c      **** * File Name: main.c
   3:.\main.c      **** *
   4:.\main.c      **** * Version: 2.0
   5:.\main.c      **** *
   6:.\main.c      **** * Description:
   7:.\main.c      **** *  Series of horizontal bar graphs are drawn, left to right. First, row 0 is 
   8:.\main.c      **** *  filled followed by a clear display. The bars move towards right, becoming 
   9:.\main.c      **** *  shorter and shorter. The same happens in row 1. Finally a text on the 
  10:.\main.c      **** *  display indicates completion of the demo. 
  11:.\main.c      **** *
  12:.\main.c      **** ********************************************************************************
ARM GAS  C:\Users\khjtony\AppData\Local\Temp\cc7Z5Vab.s 			page 2


  13:.\main.c      **** * Copyright 2012, Cypress Semiconductor Corporation. All rights reserved.
  14:.\main.c      **** * This software is owned by Cypress Semiconductor Corporation and is protected
  15:.\main.c      **** * by and subject to worldwide patent and copyright laws and treaties.
  16:.\main.c      **** * Therefore, you may use this software only as provided in the license agreement
  17:.\main.c      **** * accompanying the software package from which you obtained this software.
  18:.\main.c      **** * CYPRESS AND ITS SUPPLIERS MAKE NO WARRANTY OF ANY KIND, EXPRESS OR IMPLIED,
  19:.\main.c      **** * WITH REGARD TO THIS SOFTWARE, INCLUDING, BUT NOT LIMITED TO, NONINFRINGEMENT,
  20:.\main.c      **** * IMPLIED WARRANTIES OF MERCHANTABILITY AND FITNESS FOR A PARTICULAR PURPOSE.
  21:.\main.c      **** *******************************************************************************/
  22:.\main.c      **** 
  23:.\main.c      **** #include <device.h>
  24:.\main.c      **** 
  25:.\main.c      **** #define LCD_ROWS 2u
  26:.\main.c      **** #define LCD_COLUMNS 16u
  27:.\main.c      **** extern uint8 const CYCODE LCD_customFonts[];
  28:.\main.c      **** 
  29:.\main.c      **** 
  30:.\main.c      **** /*******************************************************************************
  31:.\main.c      **** * Function Name: main
  32:.\main.c      **** ********************************************************************************
  33:.\main.c      **** *
  34:.\main.c      **** * Summary:
  35:.\main.c      **** *  The main program does the following
  36:.\main.c      **** *  1. Initializes the LCD.
  37:.\main.c      **** *  2. Loads custom fonts. This step is required to create a bar graph.
  38:.\main.c      **** *  3. Prints start of a demo string on the LCD.
  39:.\main.c      **** *  4. For each row, displays a bar graph from left to right with the initial position 
  40:.\main.c      **** *     moving towards right. After each graph the display is cleared.
  41:.\main.c      **** *  5. Displays completion of the demo.
  42:.\main.c      **** *
  43:.\main.c      **** * Parameters:
  44:.\main.c      **** *  None.
  45:.\main.c      **** *
  46:.\main.c      **** * Return:
  47:.\main.c      **** *  None.
  48:.\main.c      **** *
  49:.\main.c      **** *******************************************************************************/
  50:.\main.c      **** void main()
  51:.\main.c      **** {
  37              		.loc 1 51 0
  38              		.cfi_startproc
  39              		@ args = 0, pretend = 0, frame = 8
  40              		@ frame_needed = 1, uses_anonymous_args = 0
  41 0000 80B5     		push	{r7, lr}
  42              		.cfi_def_cfa_offset 8
  43              		.cfi_offset 7, -8
  44              		.cfi_offset 14, -4
  45 0002 82B0     		sub	sp, sp, #8
  46              		.cfi_def_cfa_offset 16
  47 0004 00AF     		add	r7, sp, #0
  48              		.cfi_def_cfa_register 7
  52:.\main.c      ****     uint8 height;
  53:.\main.c      ****     uint8 width;
  54:.\main.c      ****     uint8 row;
  55:.\main.c      ****     
  56:.\main.c      ****     /* Start LCD */
  57:.\main.c      ****     LCD_Start();
ARM GAS  C:\Users\khjtony\AppData\Local\Temp\cc7Z5Vab.s 			page 3


  49              		.loc 1 57 0
  50 0006 FFF7FEFF 		bl	LCD_Start
  58:.\main.c      ****     
  59:.\main.c      ****     /* To load custom Fonts */
  60:.\main.c      ****     LCD_LoadCustomFonts(LCD_customFonts);
  51              		.loc 1 60 0
  52 000a 2A48     		ldr	r0, .L9
  53 000c FFF7FEFF 		bl	LCD_LoadCustomFonts
  61:.\main.c      ****     
  62:.\main.c      ****     /* Set position for string output to row - 0 column - 0 */
  63:.\main.c      ****     LCD_Position(0u, 0u);
  54              		.loc 1 63 0
  55 0010 0020     		movs	r0, #0
  56 0012 0021     		movs	r1, #0
  57 0014 FFF7FEFF 		bl	LCD_Position
  64:.\main.c      ****     
  65:.\main.c      ****     /* Output demo start message */
  66:.\main.c      ****     LCD_PrintString("Horizontal BG");
  58              		.loc 1 66 0
  59 0018 2748     		ldr	r0, .L9+4
  60 001a FFF7FEFF 		bl	LCD_PrintString
  67:.\main.c      ****     LCD_Position(1u, 0u);
  61              		.loc 1 67 0
  62 001e 0120     		movs	r0, #1
  63 0020 0021     		movs	r1, #0
  64 0022 FFF7FEFF 		bl	LCD_Position
  68:.\main.c      ****     LCD_PrintString("Demo started");
  65              		.loc 1 68 0
  66 0026 2548     		ldr	r0, .L9+8
  67 0028 FFF7FEFF 		bl	LCD_PrintString
  69:.\main.c      ****     CyDelay(1000u);
  68              		.loc 1 69 0
  69 002c 4FF47A70 		mov	r0, #1000
  70 0030 FFF7FEFF 		bl	CyDelay
  70:.\main.c      **** 
  71:.\main.c      ****     /* Clear LCD display */
  72:.\main.c      ****     LCD_ClearDisplay();
  71              		.loc 1 72 0
  72 0034 0120     		movs	r0, #1
  73 0036 FFF7FEFF 		bl	LCD_WriteControl
  73:.\main.c      ****     
  74:.\main.c      ****     /* Displays bar graph from left to right with initial position 
  75:.\main.c      ****     * moving towards right. 
  76:.\main.c      ****     */
  77:.\main.c      ****     for(row = 0u; row < LCD_ROWS; row++)
  74              		.loc 1 77 0
  75 003a 0023     		movs	r3, #0
  76 003c 7B71     		strb	r3, [r7, #5]
  77 003e 22E0     		b	.L2
  78              	.L7:
  78:.\main.c      ****     {
  79:.\main.c      ****         for(width = 0u; width < LCD_COLUMNS; width++)
  79              		.loc 1 79 0
  80 0040 0023     		movs	r3, #0
  81 0042 BB71     		strb	r3, [r7, #6]
  82 0044 19E0     		b	.L3
  83              	.L6:
ARM GAS  C:\Users\khjtony\AppData\Local\Temp\cc7Z5Vab.s 			page 4


  80:.\main.c      ****         {
  81:.\main.c      ****             for(height = 0u; height < (5u * (LCD_COLUMNS - LCD_ROWS)); height++)
  84              		.loc 1 81 0
  85 0046 0023     		movs	r3, #0
  86 0048 FB71     		strb	r3, [r7, #7]
  87 004a 0DE0     		b	.L4
  88              	.L5:
  82:.\main.c      ****             {
  83:.\main.c      ****                 LCD_DrawHorizontalBG(row, width, (LCD_COLUMNS - LCD_ROWS), height);
  89              		.loc 1 83 0 discriminator 2
  90 004c 7979     		ldrb	r1, [r7, #5]	@ zero_extendqisi2
  91 004e BA79     		ldrb	r2, [r7, #6]	@ zero_extendqisi2
  92 0050 FB79     		ldrb	r3, [r7, #7]	@ zero_extendqisi2
  93 0052 0846     		mov	r0, r1
  94 0054 1146     		mov	r1, r2
  95 0056 0E22     		movs	r2, #14
  96 0058 FFF7FEFF 		bl	LCD_DrawHorizontalBG
  84:.\main.c      ****                 CyDelay(10u);
  97              		.loc 1 84 0 discriminator 2
  98 005c 0A20     		movs	r0, #10
  99 005e FFF7FEFF 		bl	CyDelay
  81:.\main.c      ****             for(height = 0u; height < (5u * (LCD_COLUMNS - LCD_ROWS)); height++)
 100              		.loc 1 81 0 discriminator 2
 101 0062 FB79     		ldrb	r3, [r7, #7]	@ zero_extendqisi2
 102 0064 0133     		adds	r3, r3, #1
 103 0066 FB71     		strb	r3, [r7, #7]
 104              	.L4:
  81:.\main.c      ****             for(height = 0u; height < (5u * (LCD_COLUMNS - LCD_ROWS)); height++)
 105              		.loc 1 81 0 is_stmt 0 discriminator 1
 106 0068 FB79     		ldrb	r3, [r7, #7]	@ zero_extendqisi2
 107 006a 452B     		cmp	r3, #69
 108 006c EED9     		bls	.L5
  85:.\main.c      ****             }
  86:.\main.c      ****             
  87:.\main.c      ****             /* Clear display */
  88:.\main.c      ****             LCD_ClearDisplay();
 109              		.loc 1 88 0 is_stmt 1
 110 006e 0120     		movs	r0, #1
 111 0070 FFF7FEFF 		bl	LCD_WriteControl
  79:.\main.c      ****         for(width = 0u; width < LCD_COLUMNS; width++)
 112              		.loc 1 79 0
 113 0074 BB79     		ldrb	r3, [r7, #6]	@ zero_extendqisi2
 114 0076 0133     		adds	r3, r3, #1
 115 0078 BB71     		strb	r3, [r7, #6]
 116              	.L3:
  79:.\main.c      ****         for(width = 0u; width < LCD_COLUMNS; width++)
 117              		.loc 1 79 0 is_stmt 0 discriminator 1
 118 007a BB79     		ldrb	r3, [r7, #6]	@ zero_extendqisi2
 119 007c 0F2B     		cmp	r3, #15
 120 007e E2D9     		bls	.L6
  77:.\main.c      ****     for(row = 0u; row < LCD_ROWS; row++)
 121              		.loc 1 77 0 is_stmt 1
 122 0080 7B79     		ldrb	r3, [r7, #5]	@ zero_extendqisi2
 123 0082 0133     		adds	r3, r3, #1
 124 0084 7B71     		strb	r3, [r7, #5]
 125              	.L2:
  77:.\main.c      ****     for(row = 0u; row < LCD_ROWS; row++)
ARM GAS  C:\Users\khjtony\AppData\Local\Temp\cc7Z5Vab.s 			page 5


 126              		.loc 1 77 0 is_stmt 0 discriminator 1
 127 0086 7B79     		ldrb	r3, [r7, #5]	@ zero_extendqisi2
 128 0088 012B     		cmp	r3, #1
 129 008a D9D9     		bls	.L7
  89:.\main.c      ****         }
  90:.\main.c      ****     }
  91:.\main.c      ****     
  92:.\main.c      ****     /* Wait for some time */
  93:.\main.c      ****     CyDelay(500u);
 130              		.loc 1 93 0 is_stmt 1
 131 008c 4FF4FA70 		mov	r0, #500
 132 0090 FFF7FEFF 		bl	CyDelay
  94:.\main.c      ****     
  95:.\main.c      ****     /* Output demo completion message */
  96:.\main.c      ****     LCD_Position(0u, 0u);
 133              		.loc 1 96 0
 134 0094 0020     		movs	r0, #0
 135 0096 0021     		movs	r1, #0
 136 0098 FFF7FEFF 		bl	LCD_Position
  97:.\main.c      ****     LCD_PrintString("Horizontal BG");
 137              		.loc 1 97 0
 138 009c 0648     		ldr	r0, .L9+4
 139 009e FFF7FEFF 		bl	LCD_PrintString
  98:.\main.c      ****     LCD_Position(1u, 0u);
 140              		.loc 1 98 0
 141 00a2 0120     		movs	r0, #1
 142 00a4 0021     		movs	r1, #0
 143 00a6 FFF7FEFF 		bl	LCD_Position
  99:.\main.c      ****     LCD_PrintString("Demo complete");
 144              		.loc 1 99 0
 145 00aa 0548     		ldr	r0, .L9+12
 146 00ac FFF7FEFF 		bl	LCD_PrintString
 147              	.L8:
 100:.\main.c      ****     for(;;)
 101:.\main.c      ****     {
 102:.\main.c      ****     
 103:.\main.c      ****     }
 148              		.loc 1 103 0 discriminator 1
 149 00b0 FEE7     		b	.L8
 150              	.L10:
 151 00b2 00BF     		.align	2
 152              	.L9:
 153 00b4 00000000 		.word	LCD_customFonts
 154 00b8 00000000 		.word	.LC0
 155 00bc 10000000 		.word	.LC1
 156 00c0 20000000 		.word	.LC2
 157              		.cfi_endproc
 158              	.LFE56:
 159              		.size	main, .-main
 160              		.text
 161              	.Letext0:
 162              		.file 2 "d:\\software\\psoc\\psoc creator\\3.1\\psoc creator\\import\\gnu_cs\\arm\\4.8.4\\arm-none
 163              		.file 3 "d:\\software\\psoc\\psoc creator\\3.1\\psoc creator\\import\\gnu_cs\\arm\\4.8.4\\arm-none
 164              		.file 4 ".\\Generated_Source\\PSoC5/cytypes.h"
 165              		.file 5 ".\\Generated_Source\\PSoC5/core_cm3.h"
 166              		.section	.debug_info,"",%progbits
 167              	.Ldebug_info0:
ARM GAS  C:\Users\khjtony\AppData\Local\Temp\cc7Z5Vab.s 			page 6


 168 0000 16010000 		.4byte	0x116
 169 0004 0400     		.2byte	0x4
 170 0006 00000000 		.4byte	.Ldebug_abbrev0
 171 000a 04       		.byte	0x4
 172 000b 01       		.uleb128 0x1
 173 000c 25010000 		.4byte	.LASF20
 174 0010 01       		.byte	0x1
 175 0011 9E000000 		.4byte	.LASF21
 176 0015 3E000000 		.4byte	.LASF22
 177 0019 00000000 		.4byte	.Ldebug_ranges0+0
 178 001d 00000000 		.4byte	0
 179 0021 00000000 		.4byte	.Ldebug_line0
 180 0025 02       		.uleb128 0x2
 181 0026 01       		.byte	0x1
 182 0027 06       		.byte	0x6
 183 0028 FF000000 		.4byte	.LASF0
 184 002c 02       		.uleb128 0x2
 185 002d 01       		.byte	0x1
 186 002e 08       		.byte	0x8
 187 002f BE000000 		.4byte	.LASF1
 188 0033 02       		.uleb128 0x2
 189 0034 02       		.byte	0x2
 190 0035 05       		.byte	0x5
 191 0036 1B010000 		.4byte	.LASF2
 192 003a 02       		.uleb128 0x2
 193 003b 02       		.byte	0x2
 194 003c 07       		.byte	0x7
 195 003d 0E000000 		.4byte	.LASF3
 196 0041 03       		.uleb128 0x3
 197 0042 0B010000 		.4byte	.LASF9
 198 0046 02       		.byte	0x2
 199 0047 37       		.byte	0x37
 200 0048 4C000000 		.4byte	0x4c
 201 004c 02       		.uleb128 0x2
 202 004d 04       		.byte	0x4
 203 004e 05       		.byte	0x5
 204 004f D3000000 		.4byte	.LASF4
 205 0053 02       		.uleb128 0x2
 206 0054 04       		.byte	0x4
 207 0055 07       		.byte	0x7
 208 0056 8C000000 		.4byte	.LASF5
 209 005a 02       		.uleb128 0x2
 210 005b 08       		.byte	0x8
 211 005c 05       		.byte	0x5
 212 005d 00000000 		.4byte	.LASF6
 213 0061 02       		.uleb128 0x2
 214 0062 08       		.byte	0x8
 215 0063 07       		.byte	0x7
 216 0064 A7000000 		.4byte	.LASF7
 217 0068 04       		.uleb128 0x4
 218 0069 04       		.byte	0x4
 219 006a 05       		.byte	0x5
 220 006b 696E7400 		.ascii	"int\000"
 221 006f 02       		.uleb128 0x2
 222 0070 04       		.byte	0x4
 223 0071 07       		.byte	0x7
 224 0072 21000000 		.4byte	.LASF8
ARM GAS  C:\Users\khjtony\AppData\Local\Temp\cc7Z5Vab.s 			page 7


 225 0076 03       		.uleb128 0x3
 226 0077 A1010000 		.4byte	.LASF10
 227 007b 03       		.byte	0x3
 228 007c 41       		.byte	0x41
 229 007d 41000000 		.4byte	0x41
 230 0081 03       		.uleb128 0x3
 231 0082 86000000 		.4byte	.LASF11
 232 0086 04       		.byte	0x4
 233 0087 A1       		.byte	0xa1
 234 0088 2C000000 		.4byte	0x2c
 235 008c 02       		.uleb128 0x2
 236 008d 04       		.byte	0x4
 237 008e 04       		.byte	0x4
 238 008f 15010000 		.4byte	.LASF12
 239 0093 02       		.uleb128 0x2
 240 0094 08       		.byte	0x8
 241 0095 04       		.byte	0x4
 242 0096 DC000000 		.4byte	.LASF13
 243 009a 02       		.uleb128 0x2
 244 009b 01       		.byte	0x1
 245 009c 08       		.byte	0x8
 246 009d A9010000 		.4byte	.LASF14
 247 00a1 02       		.uleb128 0x2
 248 00a2 04       		.byte	0x4
 249 00a3 07       		.byte	0x7
 250 00a4 E9000000 		.4byte	.LASF15
 251 00a8 05       		.uleb128 0x5
 252 00a9 81000000 		.4byte	.LASF23
 253 00ad 01       		.byte	0x1
 254 00ae 32       		.byte	0x32
 255 00af 00000000 		.4byte	.LFB56
 256 00b3 C4000000 		.4byte	.LFE56-.LFB56
 257 00b7 01       		.uleb128 0x1
 258 00b8 9C       		.byte	0x9c
 259 00b9 E8000000 		.4byte	0xe8
 260 00bd 06       		.uleb128 0x6
 261 00be CC000000 		.4byte	.LASF16
 262 00c2 01       		.byte	0x1
 263 00c3 34       		.byte	0x34
 264 00c4 81000000 		.4byte	0x81
 265 00c8 02       		.uleb128 0x2
 266 00c9 91       		.byte	0x91
 267 00ca 77       		.sleb128 -9
 268 00cb 06       		.uleb128 0x6
 269 00cc E3000000 		.4byte	.LASF17
 270 00d0 01       		.byte	0x1
 271 00d1 35       		.byte	0x35
 272 00d2 81000000 		.4byte	0x81
 273 00d6 02       		.uleb128 0x2
 274 00d7 91       		.byte	0x91
 275 00d8 76       		.sleb128 -10
 276 00d9 07       		.uleb128 0x7
 277 00da 726F7700 		.ascii	"row\000"
 278 00de 01       		.byte	0x1
 279 00df 36       		.byte	0x36
 280 00e0 81000000 		.4byte	0x81
 281 00e4 02       		.uleb128 0x2
ARM GAS  C:\Users\khjtony\AppData\Local\Temp\cc7Z5Vab.s 			page 8


 282 00e5 91       		.byte	0x91
 283 00e6 75       		.sleb128 -11
 284 00e7 00       		.byte	0
 285 00e8 08       		.uleb128 0x8
 286 00e9 81000000 		.4byte	0x81
 287 00ed F8000000 		.4byte	0xf8
 288 00f1 09       		.uleb128 0x9
 289 00f2 A1000000 		.4byte	0xa1
 290 00f6 3F       		.byte	0x3f
 291 00f7 00       		.byte	0
 292 00f8 0A       		.uleb128 0xa
 293 00f9 2E000000 		.4byte	.LASF18
 294 00fd 01       		.byte	0x1
 295 00fe 1B       		.byte	0x1b
 296 00ff 03010000 		.4byte	0x103
 297 0103 0B       		.uleb128 0xb
 298 0104 E8000000 		.4byte	0xe8
 299 0108 0C       		.uleb128 0xc
 300 0109 F2000000 		.4byte	.LASF19
 301 010d 05       		.byte	0x5
 302 010e 1606     		.2byte	0x616
 303 0110 14010000 		.4byte	0x114
 304 0114 0D       		.uleb128 0xd
 305 0115 76000000 		.4byte	0x76
 306 0119 00       		.byte	0
 307              		.section	.debug_abbrev,"",%progbits
 308              	.Ldebug_abbrev0:
 309 0000 01       		.uleb128 0x1
 310 0001 11       		.uleb128 0x11
 311 0002 01       		.byte	0x1
 312 0003 25       		.uleb128 0x25
 313 0004 0E       		.uleb128 0xe
 314 0005 13       		.uleb128 0x13
 315 0006 0B       		.uleb128 0xb
 316 0007 03       		.uleb128 0x3
 317 0008 0E       		.uleb128 0xe
 318 0009 1B       		.uleb128 0x1b
 319 000a 0E       		.uleb128 0xe
 320 000b 55       		.uleb128 0x55
 321 000c 17       		.uleb128 0x17
 322 000d 11       		.uleb128 0x11
 323 000e 01       		.uleb128 0x1
 324 000f 10       		.uleb128 0x10
 325 0010 17       		.uleb128 0x17
 326 0011 00       		.byte	0
 327 0012 00       		.byte	0
 328 0013 02       		.uleb128 0x2
 329 0014 24       		.uleb128 0x24
 330 0015 00       		.byte	0
 331 0016 0B       		.uleb128 0xb
 332 0017 0B       		.uleb128 0xb
 333 0018 3E       		.uleb128 0x3e
 334 0019 0B       		.uleb128 0xb
 335 001a 03       		.uleb128 0x3
 336 001b 0E       		.uleb128 0xe
 337 001c 00       		.byte	0
 338 001d 00       		.byte	0
ARM GAS  C:\Users\khjtony\AppData\Local\Temp\cc7Z5Vab.s 			page 9


 339 001e 03       		.uleb128 0x3
 340 001f 16       		.uleb128 0x16
 341 0020 00       		.byte	0
 342 0021 03       		.uleb128 0x3
 343 0022 0E       		.uleb128 0xe
 344 0023 3A       		.uleb128 0x3a
 345 0024 0B       		.uleb128 0xb
 346 0025 3B       		.uleb128 0x3b
 347 0026 0B       		.uleb128 0xb
 348 0027 49       		.uleb128 0x49
 349 0028 13       		.uleb128 0x13
 350 0029 00       		.byte	0
 351 002a 00       		.byte	0
 352 002b 04       		.uleb128 0x4
 353 002c 24       		.uleb128 0x24
 354 002d 00       		.byte	0
 355 002e 0B       		.uleb128 0xb
 356 002f 0B       		.uleb128 0xb
 357 0030 3E       		.uleb128 0x3e
 358 0031 0B       		.uleb128 0xb
 359 0032 03       		.uleb128 0x3
 360 0033 08       		.uleb128 0x8
 361 0034 00       		.byte	0
 362 0035 00       		.byte	0
 363 0036 05       		.uleb128 0x5
 364 0037 2E       		.uleb128 0x2e
 365 0038 01       		.byte	0x1
 366 0039 3F       		.uleb128 0x3f
 367 003a 19       		.uleb128 0x19
 368 003b 03       		.uleb128 0x3
 369 003c 0E       		.uleb128 0xe
 370 003d 3A       		.uleb128 0x3a
 371 003e 0B       		.uleb128 0xb
 372 003f 3B       		.uleb128 0x3b
 373 0040 0B       		.uleb128 0xb
 374 0041 11       		.uleb128 0x11
 375 0042 01       		.uleb128 0x1
 376 0043 12       		.uleb128 0x12
 377 0044 06       		.uleb128 0x6
 378 0045 40       		.uleb128 0x40
 379 0046 18       		.uleb128 0x18
 380 0047 9642     		.uleb128 0x2116
 381 0049 19       		.uleb128 0x19
 382 004a 01       		.uleb128 0x1
 383 004b 13       		.uleb128 0x13
 384 004c 00       		.byte	0
 385 004d 00       		.byte	0
 386 004e 06       		.uleb128 0x6
 387 004f 34       		.uleb128 0x34
 388 0050 00       		.byte	0
 389 0051 03       		.uleb128 0x3
 390 0052 0E       		.uleb128 0xe
 391 0053 3A       		.uleb128 0x3a
 392 0054 0B       		.uleb128 0xb
 393 0055 3B       		.uleb128 0x3b
 394 0056 0B       		.uleb128 0xb
 395 0057 49       		.uleb128 0x49
ARM GAS  C:\Users\khjtony\AppData\Local\Temp\cc7Z5Vab.s 			page 10


 396 0058 13       		.uleb128 0x13
 397 0059 02       		.uleb128 0x2
 398 005a 18       		.uleb128 0x18
 399 005b 00       		.byte	0
 400 005c 00       		.byte	0
 401 005d 07       		.uleb128 0x7
 402 005e 34       		.uleb128 0x34
 403 005f 00       		.byte	0
 404 0060 03       		.uleb128 0x3
 405 0061 08       		.uleb128 0x8
 406 0062 3A       		.uleb128 0x3a
 407 0063 0B       		.uleb128 0xb
 408 0064 3B       		.uleb128 0x3b
 409 0065 0B       		.uleb128 0xb
 410 0066 49       		.uleb128 0x49
 411 0067 13       		.uleb128 0x13
 412 0068 02       		.uleb128 0x2
 413 0069 18       		.uleb128 0x18
 414 006a 00       		.byte	0
 415 006b 00       		.byte	0
 416 006c 08       		.uleb128 0x8
 417 006d 01       		.uleb128 0x1
 418 006e 01       		.byte	0x1
 419 006f 49       		.uleb128 0x49
 420 0070 13       		.uleb128 0x13
 421 0071 01       		.uleb128 0x1
 422 0072 13       		.uleb128 0x13
 423 0073 00       		.byte	0
 424 0074 00       		.byte	0
 425 0075 09       		.uleb128 0x9
 426 0076 21       		.uleb128 0x21
 427 0077 00       		.byte	0
 428 0078 49       		.uleb128 0x49
 429 0079 13       		.uleb128 0x13
 430 007a 2F       		.uleb128 0x2f
 431 007b 0B       		.uleb128 0xb
 432 007c 00       		.byte	0
 433 007d 00       		.byte	0
 434 007e 0A       		.uleb128 0xa
 435 007f 34       		.uleb128 0x34
 436 0080 00       		.byte	0
 437 0081 03       		.uleb128 0x3
 438 0082 0E       		.uleb128 0xe
 439 0083 3A       		.uleb128 0x3a
 440 0084 0B       		.uleb128 0xb
 441 0085 3B       		.uleb128 0x3b
 442 0086 0B       		.uleb128 0xb
 443 0087 49       		.uleb128 0x49
 444 0088 13       		.uleb128 0x13
 445 0089 3F       		.uleb128 0x3f
 446 008a 19       		.uleb128 0x19
 447 008b 3C       		.uleb128 0x3c
 448 008c 19       		.uleb128 0x19
 449 008d 00       		.byte	0
 450 008e 00       		.byte	0
 451 008f 0B       		.uleb128 0xb
 452 0090 26       		.uleb128 0x26
ARM GAS  C:\Users\khjtony\AppData\Local\Temp\cc7Z5Vab.s 			page 11


 453 0091 00       		.byte	0
 454 0092 49       		.uleb128 0x49
 455 0093 13       		.uleb128 0x13
 456 0094 00       		.byte	0
 457 0095 00       		.byte	0
 458 0096 0C       		.uleb128 0xc
 459 0097 34       		.uleb128 0x34
 460 0098 00       		.byte	0
 461 0099 03       		.uleb128 0x3
 462 009a 0E       		.uleb128 0xe
 463 009b 3A       		.uleb128 0x3a
 464 009c 0B       		.uleb128 0xb
 465 009d 3B       		.uleb128 0x3b
 466 009e 05       		.uleb128 0x5
 467 009f 49       		.uleb128 0x49
 468 00a0 13       		.uleb128 0x13
 469 00a1 3F       		.uleb128 0x3f
 470 00a2 19       		.uleb128 0x19
 471 00a3 3C       		.uleb128 0x3c
 472 00a4 19       		.uleb128 0x19
 473 00a5 00       		.byte	0
 474 00a6 00       		.byte	0
 475 00a7 0D       		.uleb128 0xd
 476 00a8 35       		.uleb128 0x35
 477 00a9 00       		.byte	0
 478 00aa 49       		.uleb128 0x49
 479 00ab 13       		.uleb128 0x13
 480 00ac 00       		.byte	0
 481 00ad 00       		.byte	0
 482 00ae 00       		.byte	0
 483              		.section	.debug_aranges,"",%progbits
 484 0000 1C000000 		.4byte	0x1c
 485 0004 0200     		.2byte	0x2
 486 0006 00000000 		.4byte	.Ldebug_info0
 487 000a 04       		.byte	0x4
 488 000b 00       		.byte	0
 489 000c 0000     		.2byte	0
 490 000e 0000     		.2byte	0
 491 0010 00000000 		.4byte	.LFB56
 492 0014 C4000000 		.4byte	.LFE56-.LFB56
 493 0018 00000000 		.4byte	0
 494 001c 00000000 		.4byte	0
 495              		.section	.debug_ranges,"",%progbits
 496              	.Ldebug_ranges0:
 497 0000 00000000 		.4byte	.LFB56
 498 0004 C4000000 		.4byte	.LFE56
 499 0008 00000000 		.4byte	0
 500 000c 00000000 		.4byte	0
 501              		.section	.debug_line,"",%progbits
 502              	.Ldebug_line0:
 503 0000 8A010000 		.section	.debug_str,"MS",%progbits,1
 503      02003501 
 503      00000201 
 503      FB0E0D00 
 503      01010101 
 504              	.LASF6:
 505 0000 6C6F6E67 		.ascii	"long long int\000"
ARM GAS  C:\Users\khjtony\AppData\Local\Temp\cc7Z5Vab.s 			page 12


 505      206C6F6E 
 505      6720696E 
 505      7400
 506              	.LASF3:
 507 000e 73686F72 		.ascii	"short unsigned int\000"
 507      7420756E 
 507      7369676E 
 507      65642069 
 507      6E7400
 508              	.LASF8:
 509 0021 756E7369 		.ascii	"unsigned int\000"
 509      676E6564 
 509      20696E74 
 509      00
 510              	.LASF18:
 511 002e 4C43445F 		.ascii	"LCD_customFonts\000"
 511      63757374 
 511      6F6D466F 
 511      6E747300 
 512              	.LASF22:
 513 003e 443A5C77 		.ascii	"D:\\workspace\\Super-Eagle\\CharLCD_CustomFont01\\C"
 513      6F726B73 
 513      70616365 
 513      5C537570 
 513      65722D45 
 514 006d 6861724C 		.ascii	"harLCD_HBar01.cydsn\000"
 514      43445F48 
 514      42617230 
 514      312E6379 
 514      64736E00 
 515              	.LASF23:
 516 0081 6D61696E 		.ascii	"main\000"
 516      00
 517              	.LASF11:
 518 0086 75696E74 		.ascii	"uint8\000"
 518      3800
 519              	.LASF5:
 520 008c 6C6F6E67 		.ascii	"long unsigned int\000"
 520      20756E73 
 520      69676E65 
 520      6420696E 
 520      7400
 521              	.LASF21:
 522 009e 2E5C6D61 		.ascii	".\\main.c\000"
 522      696E2E63 
 522      00
 523              	.LASF7:
 524 00a7 6C6F6E67 		.ascii	"long long unsigned int\000"
 524      206C6F6E 
 524      6720756E 
 524      7369676E 
 524      65642069 
 525              	.LASF1:
 526 00be 756E7369 		.ascii	"unsigned char\000"
 526      676E6564 
 526      20636861 
 526      7200
ARM GAS  C:\Users\khjtony\AppData\Local\Temp\cc7Z5Vab.s 			page 13


 527              	.LASF16:
 528 00cc 68656967 		.ascii	"height\000"
 528      687400
 529              	.LASF4:
 530 00d3 6C6F6E67 		.ascii	"long int\000"
 530      20696E74 
 530      00
 531              	.LASF13:
 532 00dc 646F7562 		.ascii	"double\000"
 532      6C6500
 533              	.LASF17:
 534 00e3 77696474 		.ascii	"width\000"
 534      6800
 535              	.LASF15:
 536 00e9 73697A65 		.ascii	"sizetype\000"
 536      74797065 
 536      00
 537              	.LASF19:
 538 00f2 49544D5F 		.ascii	"ITM_RxBuffer\000"
 538      52784275 
 538      66666572 
 538      00
 539              	.LASF0:
 540 00ff 7369676E 		.ascii	"signed char\000"
 540      65642063 
 540      68617200 
 541              	.LASF9:
 542 010b 5F5F696E 		.ascii	"__int32_t\000"
 542      7433325F 
 542      7400
 543              	.LASF12:
 544 0115 666C6F61 		.ascii	"float\000"
 544      7400
 545              	.LASF2:
 546 011b 73686F72 		.ascii	"short int\000"
 546      7420696E 
 546      7400
 547              	.LASF20:
 548 0125 474E5520 		.ascii	"GNU C 4.8.4 20140526 (release) [ARM/embedded-4_8-br"
 548      4320342E 
 548      382E3420 
 548      32303134 
 548      30353236 
 549 0158 616E6368 		.ascii	"anch revision 211358] -mcpu=cortex-m3 -mthumb -g -O"
 549      20726576 
 549      6973696F 
 549      6E203231 
 549      31333538 
 550 018b 30202D66 		.ascii	"0 -ffunction-sections\000"
 550      66756E63 
 550      74696F6E 
 550      2D736563 
 550      74696F6E 
 551              	.LASF10:
 552 01a1 696E7433 		.ascii	"int32_t\000"
 552      325F7400 
 553              	.LASF14:
ARM GAS  C:\Users\khjtony\AppData\Local\Temp\cc7Z5Vab.s 			page 14


 554 01a9 63686172 		.ascii	"char\000"
 554      00
 555              		.ident	"GCC: (GNU Tools for ARM Embedded Processors) 4.8.4 20140526 (release) [ARM/embedded-4_8-br
